[2024-02-27T23:11:51.969-0500] {taskinstance.py:1159} INFO - Dependencies all met for dep_context=non-requeueable deps ti=<TaskInstance: etl_customer_dag.extract_customers manual__2024-02-28T04:09:53.320788+00:00 [queued]>
[2024-02-27T23:11:51.975-0500] {taskinstance.py:1159} INFO - Dependencies all met for dep_context=requeueable deps ti=<TaskInstance: etl_customer_dag.extract_customers manual__2024-02-28T04:09:53.320788+00:00 [queued]>
[2024-02-27T23:11:51.975-0500] {taskinstance.py:1361} INFO - Starting attempt 3 of 3
[2024-02-27T23:11:51.999-0500] {taskinstance.py:1382} INFO - Executing <Task(PostgresOperator): extract_customers> on 2024-02-28 04:09:53.320788+00:00
[2024-02-27T23:11:52.004-0500] {standard_task_runner.py:57} INFO - Started process 48928 to run task
[2024-02-27T23:11:52.009-0500] {standard_task_runner.py:84} INFO - Running: ['airflow', 'tasks', 'run', 'etl_customer_dag', 'extract_customers', 'manual__2024-02-28T04:09:53.320788+00:00', '--job-id', '83', '--raw', '--subdir', 'DAGS_FOLDER/etl_customer_dag.py', '--cfg-path', '/var/folders/0j/ct19m_4d33qfzqs3tkf7s7rm0000gq/T/tmpkw7psfrm']
[2024-02-27T23:11:52.012-0500] {standard_task_runner.py:85} INFO - Job 83: Subtask extract_customers
[2024-02-27T23:11:52.122-0500] {task_command.py:416} INFO - Running <TaskInstance: etl_customer_dag.extract_customers manual__2024-02-28T04:09:53.320788+00:00 [running]> on host venkatasaismbp.mynetworksettings.com
[2024-02-27T23:11:52.272-0500] {taskinstance.py:1662} INFO - Exporting env vars: AIRFLOW_CTX_DAG_OWNER='Venkata' AIRFLOW_CTX_DAG_ID='etl_customer_dag' AIRFLOW_CTX_TASK_ID='extract_customers' AIRFLOW_CTX_EXECUTION_DATE='2024-02-28T04:09:53.320788+00:00' AIRFLOW_CTX_TRY_NUMBER='3' AIRFLOW_CTX_DAG_RUN_ID='manual__2024-02-28T04:09:53.320788+00:00'
[2024-02-27T23:11:52.274-0500] {sql.py:274} INFO - Executing: 
            SELECT * 
            FROM customer_credit_card_details;
        
[2024-02-27T23:11:52.298-0500] {base.py:73} INFO - Using connection ID 'postgres_connection' for task execution.
[2024-02-27T23:11:52.603-0500] {base.py:73} INFO - Using connection ID 'postgres_connection' for task execution.
[2024-02-27T23:11:52.623-0500] {sql.py:418} INFO - Running statement: 
            SELECT * 
            FROM customer_credit_card_details;
        , parameters: None
[2024-02-27T23:11:52.625-0500] {sql.py:427} INFO - Rows affected: 1000
[2024-02-27T23:11:52.675-0500] {taskinstance.py:1400} INFO - Marking task as SUCCESS. dag_id=etl_customer_dag, task_id=extract_customers, execution_date=20240228T040953, start_date=20240228T041151, end_date=20240228T041152
[2024-02-27T23:11:52.719-0500] {local_task_job_runner.py:228} INFO - Task exited with return code 0
[2024-02-27T23:11:52.747-0500] {logging_mixin.py:154} WARNING - /Users/venkatasaisabbineni/Desktop/Airflow_local/airflow_env/lib/python3.11/site-packages/airflow/models/baseoperator.py:1203 AirflowProviderDeprecationWarning: Call to deprecated class PostgresOperator. (Please use `airflow.providers.common.sql.operators.sql.SQLExecuteQueryOperator`.Also, you can provide `hook_params={'schema': <database>}`.)
[2024-02-27T23:11:52.759-0500] {taskinstance.py:2778} INFO - 1 downstream tasks scheduled from follow-on schedule check
