[2024-02-26T07:07:37.188-0500] {taskinstance.py:1159} INFO - Dependencies all met for dep_context=non-requeueable deps ti=<TaskInstance: postgres_pipeline.create_table_customers manual__2024-02-26T12:07:35.313328+00:00 [queued]>
[2024-02-26T07:07:37.190-0500] {taskinstance.py:1159} INFO - Dependencies all met for dep_context=requeueable deps ti=<TaskInstance: postgres_pipeline.create_table_customers manual__2024-02-26T12:07:35.313328+00:00 [queued]>
[2024-02-26T07:07:37.195-0500] {taskinstance.py:1361} INFO - Starting attempt 1 of 1
[2024-02-26T07:07:37.201-0500] {taskinstance.py:1382} INFO - Executing <Task(PostgresOperator): create_table_customers> on 2024-02-26 12:07:35.313328+00:00
[2024-02-26T07:07:37.205-0500] {standard_task_runner.py:57} INFO - Started process 86993 to run task
[2024-02-26T07:07:37.209-0500] {standard_task_runner.py:84} INFO - Running: ['airflow', 'tasks', 'run', 'postgres_pipeline', 'create_table_customers', 'manual__2024-02-26T12:07:35.313328+00:00', '--job-id', '38', '--raw', '--subdir', 'DAGS_FOLDER/postgres_pipeline.py', '--cfg-path', '/var/folders/0j/ct19m_4d33qfzqs3tkf7s7rm0000gq/T/tmpcok23gos']
[2024-02-26T07:07:37.211-0500] {standard_task_runner.py:85} INFO - Job 38: Subtask create_table_customers
[2024-02-26T07:07:37.254-0500] {task_command.py:416} INFO - Running <TaskInstance: postgres_pipeline.create_table_customers manual__2024-02-26T12:07:35.313328+00:00 [running]> on host venkatasaismbp.mynetworksettings.com
[2024-02-26T07:07:37.294-0500] {taskinstance.py:1662} INFO - Exporting env vars: AIRFLOW_CTX_DAG_OWNER='Venkata' AIRFLOW_CTX_DAG_ID='postgres_pipeline' AIRFLOW_CTX_TASK_ID='create_table_customers' AIRFLOW_CTX_EXECUTION_DATE='2024-02-26T12:07:35.313328+00:00' AIRFLOW_CTX_TRY_NUMBER='1' AIRFLOW_CTX_DAG_RUN_ID='manual__2024-02-26T12:07:35.313328+00:00'
[2024-02-26T07:07:37.295-0500] {sql.py:274} INFO - Executing: CREATE TABLE IF NOT EXISTS customers(
            id INTEGER PRIMARY KEY,
            name VARCHAR(50) NOT NULL
        );
[2024-02-26T07:07:37.300-0500] {base.py:73} INFO - Using connection ID 'postgres_connection' for task execution.
[2024-02-26T07:07:37.502-0500] {base.py:73} INFO - Using connection ID 'postgres_connection' for task execution.
[2024-02-26T07:07:37.545-0500] {sql.py:418} INFO - Running statement: CREATE TABLE IF NOT EXISTS customers(
            id INTEGER PRIMARY KEY,
            name VARCHAR(50) NOT NULL
        );, parameters: None
[2024-02-26T07:07:37.559-0500] {taskinstance.py:1400} INFO - Marking task as SUCCESS. dag_id=postgres_pipeline, task_id=create_table_customers, execution_date=20240226T120735, start_date=20240226T120737, end_date=20240226T120737
[2024-02-26T07:07:37.610-0500] {local_task_job_runner.py:228} INFO - Task exited with return code 0
[2024-02-26T07:07:37.619-0500] {logging_mixin.py:154} WARNING - /Users/venkatasaisabbineni/Desktop/Airflow_local/airflow_env/lib/python3.11/site-packages/airflow/models/baseoperator.py:1203 AirflowProviderDeprecationWarning: Call to deprecated class PostgresOperator. (Please use `airflow.providers.common.sql.operators.sql.SQLExecuteQueryOperator`.Also, you can provide `hook_params={'schema': <database>}`.)
[2024-02-26T07:07:37.627-0500] {taskinstance.py:2778} INFO - 1 downstream tasks scheduled from follow-on schedule check
