[2024-02-26T09:44:24.745-0500] {taskinstance.py:1159} INFO - Dependencies all met for dep_context=non-requeueable deps ti=<TaskInstance: postgres_pipeline.create_table_customer_purchases manual__2024-02-26T14:44:21.317392+00:00 [queued]>
[2024-02-26T09:44:24.750-0500] {taskinstance.py:1159} INFO - Dependencies all met for dep_context=requeueable deps ti=<TaskInstance: postgres_pipeline.create_table_customer_purchases manual__2024-02-26T14:44:21.317392+00:00 [queued]>
[2024-02-26T09:44:24.750-0500] {taskinstance.py:1361} INFO - Starting attempt 1 of 1
[2024-02-26T09:44:24.757-0500] {taskinstance.py:1382} INFO - Executing <Task(PostgresOperator): create_table_customer_purchases> on 2024-02-26 14:44:21.317392+00:00
[2024-02-26T09:44:24.760-0500] {standard_task_runner.py:57} INFO - Started process 2446 to run task
[2024-02-26T09:44:24.764-0500] {standard_task_runner.py:84} INFO - Running: ['airflow', 'tasks', 'run', 'postgres_pipeline', 'create_table_customer_purchases', 'manual__2024-02-26T14:44:21.317392+00:00', '--job-id', '18', '--raw', '--subdir', 'DAGS_FOLDER/postgres_pipeline.py', '--cfg-path', '/var/folders/0j/ct19m_4d33qfzqs3tkf7s7rm0000gq/T/tmp4aai8nl_']
[2024-02-26T09:44:24.766-0500] {standard_task_runner.py:85} INFO - Job 18: Subtask create_table_customer_purchases
[2024-02-26T09:44:24.870-0500] {task_command.py:416} INFO - Running <TaskInstance: postgres_pipeline.create_table_customer_purchases manual__2024-02-26T14:44:21.317392+00:00 [running]> on host venkatasaismbp.hsd1.nj.comcast.net
[2024-02-26T09:44:24.957-0500] {taskinstance.py:1662} INFO - Exporting env vars: AIRFLOW_CTX_DAG_OWNER='Venkata' AIRFLOW_CTX_DAG_ID='postgres_pipeline' AIRFLOW_CTX_TASK_ID='create_table_customer_purchases' AIRFLOW_CTX_EXECUTION_DATE='2024-02-26T14:44:21.317392+00:00' AIRFLOW_CTX_TRY_NUMBER='1' AIRFLOW_CTX_DAG_RUN_ID='manual__2024-02-26T14:44:21.317392+00:00'
[2024-02-26T09:44:24.958-0500] {sql.py:274} INFO - Executing: CREATE TABLE IF NOT EXISTS customer_purchases(
    id INTEGER PRIMARY KEY,
    product VARCHAR(100) NOT NULL,
    price INTEGER NOT NULL,
    customer_id INTEGER NOT NULL REFERENCES customers (id)
);
[2024-02-26T09:44:24.973-0500] {base.py:73} INFO - Using connection ID 'postgres_connection' for task execution.
[2024-02-26T09:44:25.070-0500] {base.py:73} INFO - Using connection ID 'postgres_connection' for task execution.
[2024-02-26T09:44:25.083-0500] {sql.py:418} INFO - Running statement: CREATE TABLE IF NOT EXISTS customer_purchases(
    id INTEGER PRIMARY KEY,
    product VARCHAR(100) NOT NULL,
    price INTEGER NOT NULL,
    customer_id INTEGER NOT NULL REFERENCES customers (id)
);, parameters: None
[2024-02-26T09:44:25.103-0500] {taskinstance.py:1400} INFO - Marking task as SUCCESS. dag_id=postgres_pipeline, task_id=create_table_customer_purchases, execution_date=20240226T144421, start_date=20240226T144424, end_date=20240226T144425
[2024-02-26T09:44:25.145-0500] {local_task_job_runner.py:228} INFO - Task exited with return code 0
[2024-02-26T09:44:25.169-0500] {logging_mixin.py:154} WARNING - /Users/venkatasaisabbineni/Desktop/Airflow_local/airflow_env/lib/python3.11/site-packages/airflow/models/baseoperator.py:1203 AirflowProviderDeprecationWarning: Call to deprecated class PostgresOperator. (Please use `airflow.providers.common.sql.operators.sql.SQLExecuteQueryOperator`.Also, you can provide `hook_params={'schema': <database>}`.)
[2024-02-26T09:44:25.178-0500] {taskinstance.py:2778} INFO - 1 downstream tasks scheduled from follow-on schedule check
