[2024-02-26T04:26:57.604-0500] {processor.py:157} INFO - Started process (PID=62214) to work on /Users/venkatasaisabbineni/Desktop/Airflow_local/airflow_env/lib/python3.11/site-packages/airflow/example_dags/plugins/event_listener.py
[2024-02-26T04:26:57.606-0500] {processor.py:829} INFO - Processing file /Users/venkatasaisabbineni/Desktop/Airflow_local/airflow_env/lib/python3.11/site-packages/airflow/example_dags/plugins/event_listener.py for tasks to queue
[2024-02-26T04:26:57.606-0500] {logging_mixin.py:154} INFO - [2024-02-26T04:26:57.606-0500] {dagbag.py:536} INFO - Filling up the DagBag from /Users/venkatasaisabbineni/Desktop/Airflow_local/airflow_env/lib/python3.11/site-packages/airflow/example_dags/plugins/event_listener.py
[2024-02-26T04:26:57.607-0500] {processor.py:841} WARNING - No viable dags retrieved from /Users/venkatasaisabbineni/Desktop/Airflow_local/airflow_env/lib/python3.11/site-packages/airflow/example_dags/plugins/event_listener.py
[2024-02-26T04:26:57.674-0500] {processor.py:179} INFO - Processing /Users/venkatasaisabbineni/Desktop/Airflow_local/airflow_env/lib/python3.11/site-packages/airflow/example_dags/plugins/event_listener.py took 0.071 seconds
[2024-02-26T04:27:55.508-0500] {processor.py:157} INFO - Started process (PID=62382) to work on /Users/venkatasaisabbineni/Desktop/Airflow_local/airflow_env/lib/python3.11/site-packages/airflow/example_dags/plugins/event_listener.py
[2024-02-26T04:27:55.510-0500] {processor.py:829} INFO - Processing file /Users/venkatasaisabbineni/Desktop/Airflow_local/airflow_env/lib/python3.11/site-packages/airflow/example_dags/plugins/event_listener.py for tasks to queue
[2024-02-26T04:27:55.510-0500] {logging_mixin.py:154} INFO - [2024-02-26T04:27:55.510-0500] {dagbag.py:536} INFO - Filling up the DagBag from /Users/venkatasaisabbineni/Desktop/Airflow_local/airflow_env/lib/python3.11/site-packages/airflow/example_dags/plugins/event_listener.py
[2024-02-26T04:27:55.511-0500] {processor.py:841} WARNING - No viable dags retrieved from /Users/venkatasaisabbineni/Desktop/Airflow_local/airflow_env/lib/python3.11/site-packages/airflow/example_dags/plugins/event_listener.py
[2024-02-26T04:27:55.579-0500] {processor.py:179} INFO - Processing /Users/venkatasaisabbineni/Desktop/Airflow_local/airflow_env/lib/python3.11/site-packages/airflow/example_dags/plugins/event_listener.py took 0.072 seconds
[2024-02-26T04:29:17.690-0500] {processor.py:157} INFO - Started process (PID=62615) to work on /Users/venkatasaisabbineni/Desktop/Airflow_local/airflow_env/lib/python3.11/site-packages/airflow/example_dags/plugins/event_listener.py
[2024-02-26T04:29:17.692-0500] {processor.py:829} INFO - Processing file /Users/venkatasaisabbineni/Desktop/Airflow_local/airflow_env/lib/python3.11/site-packages/airflow/example_dags/plugins/event_listener.py for tasks to queue
[2024-02-26T04:29:17.693-0500] {logging_mixin.py:154} INFO - [2024-02-26T04:29:17.693-0500] {dagbag.py:536} INFO - Filling up the DagBag from /Users/venkatasaisabbineni/Desktop/Airflow_local/airflow_env/lib/python3.11/site-packages/airflow/example_dags/plugins/event_listener.py
[2024-02-26T04:29:17.693-0500] {processor.py:841} WARNING - No viable dags retrieved from /Users/venkatasaisabbineni/Desktop/Airflow_local/airflow_env/lib/python3.11/site-packages/airflow/example_dags/plugins/event_listener.py
[2024-02-26T04:29:17.761-0500] {processor.py:179} INFO - Processing /Users/venkatasaisabbineni/Desktop/Airflow_local/airflow_env/lib/python3.11/site-packages/airflow/example_dags/plugins/event_listener.py took 0.072 seconds
[2024-02-26T04:30:04.770-0500] {processor.py:157} INFO - Started process (PID=62762) to work on /Users/venkatasaisabbineni/Desktop/Airflow_local/airflow_env/lib/python3.11/site-packages/airflow/example_dags/plugins/event_listener.py
[2024-02-26T04:30:04.773-0500] {processor.py:829} INFO - Processing file /Users/venkatasaisabbineni/Desktop/Airflow_local/airflow_env/lib/python3.11/site-packages/airflow/example_dags/plugins/event_listener.py for tasks to queue
[2024-02-26T04:30:04.773-0500] {logging_mixin.py:154} INFO - [2024-02-26T04:30:04.773-0500] {dagbag.py:536} INFO - Filling up the DagBag from /Users/venkatasaisabbineni/Desktop/Airflow_local/airflow_env/lib/python3.11/site-packages/airflow/example_dags/plugins/event_listener.py
[2024-02-26T04:30:04.774-0500] {processor.py:841} WARNING - No viable dags retrieved from /Users/venkatasaisabbineni/Desktop/Airflow_local/airflow_env/lib/python3.11/site-packages/airflow/example_dags/plugins/event_listener.py
[2024-02-26T04:30:04.855-0500] {processor.py:179} INFO - Processing /Users/venkatasaisabbineni/Desktop/Airflow_local/airflow_env/lib/python3.11/site-packages/airflow/example_dags/plugins/event_listener.py took 0.086 seconds
[2024-02-26T04:30:56.338-0500] {processor.py:157} INFO - Started process (PID=62934) to work on /Users/venkatasaisabbineni/Desktop/Airflow_local/airflow_env/lib/python3.11/site-packages/airflow/example_dags/plugins/event_listener.py
[2024-02-26T04:30:56.341-0500] {processor.py:829} INFO - Processing file /Users/venkatasaisabbineni/Desktop/Airflow_local/airflow_env/lib/python3.11/site-packages/airflow/example_dags/plugins/event_listener.py for tasks to queue
[2024-02-26T04:30:56.341-0500] {logging_mixin.py:154} INFO - [2024-02-26T04:30:56.341-0500] {dagbag.py:536} INFO - Filling up the DagBag from /Users/venkatasaisabbineni/Desktop/Airflow_local/airflow_env/lib/python3.11/site-packages/airflow/example_dags/plugins/event_listener.py
[2024-02-26T04:30:56.342-0500] {processor.py:841} WARNING - No viable dags retrieved from /Users/venkatasaisabbineni/Desktop/Airflow_local/airflow_env/lib/python3.11/site-packages/airflow/example_dags/plugins/event_listener.py
[2024-02-26T04:30:56.412-0500] {processor.py:179} INFO - Processing /Users/venkatasaisabbineni/Desktop/Airflow_local/airflow_env/lib/python3.11/site-packages/airflow/example_dags/plugins/event_listener.py took 0.074 seconds
[2024-02-26T04:31:46.810-0500] {processor.py:157} INFO - Started process (PID=63081) to work on /Users/venkatasaisabbineni/Desktop/Airflow_local/airflow_env/lib/python3.11/site-packages/airflow/example_dags/plugins/event_listener.py
[2024-02-26T04:31:46.812-0500] {processor.py:829} INFO - Processing file /Users/venkatasaisabbineni/Desktop/Airflow_local/airflow_env/lib/python3.11/site-packages/airflow/example_dags/plugins/event_listener.py for tasks to queue
[2024-02-26T04:31:46.812-0500] {logging_mixin.py:154} INFO - [2024-02-26T04:31:46.812-0500] {dagbag.py:536} INFO - Filling up the DagBag from /Users/venkatasaisabbineni/Desktop/Airflow_local/airflow_env/lib/python3.11/site-packages/airflow/example_dags/plugins/event_listener.py
[2024-02-26T04:31:46.813-0500] {processor.py:841} WARNING - No viable dags retrieved from /Users/venkatasaisabbineni/Desktop/Airflow_local/airflow_env/lib/python3.11/site-packages/airflow/example_dags/plugins/event_listener.py
[2024-02-26T04:31:46.881-0500] {processor.py:179} INFO - Processing /Users/venkatasaisabbineni/Desktop/Airflow_local/airflow_env/lib/python3.11/site-packages/airflow/example_dags/plugins/event_listener.py took 0.072 seconds
[2024-02-26T04:32:38.289-0500] {processor.py:157} INFO - Started process (PID=63242) to work on /Users/venkatasaisabbineni/Desktop/Airflow_local/airflow_env/lib/python3.11/site-packages/airflow/example_dags/plugins/event_listener.py
[2024-02-26T04:32:38.292-0500] {processor.py:829} INFO - Processing file /Users/venkatasaisabbineni/Desktop/Airflow_local/airflow_env/lib/python3.11/site-packages/airflow/example_dags/plugins/event_listener.py for tasks to queue
[2024-02-26T04:32:38.292-0500] {logging_mixin.py:154} INFO - [2024-02-26T04:32:38.292-0500] {dagbag.py:536} INFO - Filling up the DagBag from /Users/venkatasaisabbineni/Desktop/Airflow_local/airflow_env/lib/python3.11/site-packages/airflow/example_dags/plugins/event_listener.py
[2024-02-26T04:32:38.293-0500] {processor.py:841} WARNING - No viable dags retrieved from /Users/venkatasaisabbineni/Desktop/Airflow_local/airflow_env/lib/python3.11/site-packages/airflow/example_dags/plugins/event_listener.py
[2024-02-26T04:32:38.360-0500] {processor.py:179} INFO - Processing /Users/venkatasaisabbineni/Desktop/Airflow_local/airflow_env/lib/python3.11/site-packages/airflow/example_dags/plugins/event_listener.py took 0.071 seconds
[2024-02-26T04:33:30.761-0500] {processor.py:157} INFO - Started process (PID=63459) to work on /Users/venkatasaisabbineni/Desktop/Airflow_local/airflow_env/lib/python3.11/site-packages/airflow/example_dags/plugins/event_listener.py
[2024-02-26T04:33:30.764-0500] {processor.py:829} INFO - Processing file /Users/venkatasaisabbineni/Desktop/Airflow_local/airflow_env/lib/python3.11/site-packages/airflow/example_dags/plugins/event_listener.py for tasks to queue
[2024-02-26T04:33:30.765-0500] {logging_mixin.py:154} INFO - [2024-02-26T04:33:30.765-0500] {dagbag.py:536} INFO - Filling up the DagBag from /Users/venkatasaisabbineni/Desktop/Airflow_local/airflow_env/lib/python3.11/site-packages/airflow/example_dags/plugins/event_listener.py
[2024-02-26T04:33:30.765-0500] {processor.py:841} WARNING - No viable dags retrieved from /Users/venkatasaisabbineni/Desktop/Airflow_local/airflow_env/lib/python3.11/site-packages/airflow/example_dags/plugins/event_listener.py
[2024-02-26T04:33:30.837-0500] {processor.py:179} INFO - Processing /Users/venkatasaisabbineni/Desktop/Airflow_local/airflow_env/lib/python3.11/site-packages/airflow/example_dags/plugins/event_listener.py took 0.076 seconds
[2024-02-26T04:37:13.995-0500] {processor.py:157} INFO - Started process (PID=64112) to work on /Users/venkatasaisabbineni/Desktop/Airflow_local/airflow_env/lib/python3.11/site-packages/airflow/example_dags/plugins/event_listener.py
[2024-02-26T04:37:14.000-0500] {processor.py:829} INFO - Processing file /Users/venkatasaisabbineni/Desktop/Airflow_local/airflow_env/lib/python3.11/site-packages/airflow/example_dags/plugins/event_listener.py for tasks to queue
[2024-02-26T04:37:14.000-0500] {logging_mixin.py:154} INFO - [2024-02-26T04:37:14.000-0500] {dagbag.py:536} INFO - Filling up the DagBag from /Users/venkatasaisabbineni/Desktop/Airflow_local/airflow_env/lib/python3.11/site-packages/airflow/example_dags/plugins/event_listener.py
[2024-02-26T04:37:14.000-0500] {processor.py:841} WARNING - No viable dags retrieved from /Users/venkatasaisabbineni/Desktop/Airflow_local/airflow_env/lib/python3.11/site-packages/airflow/example_dags/plugins/event_listener.py
[2024-02-26T04:37:14.069-0500] {processor.py:179} INFO - Processing /Users/venkatasaisabbineni/Desktop/Airflow_local/airflow_env/lib/python3.11/site-packages/airflow/example_dags/plugins/event_listener.py took 0.075 seconds
[2024-02-26T04:38:25.233-0500] {processor.py:157} INFO - Started process (PID=64349) to work on /Users/venkatasaisabbineni/Desktop/Airflow_local/airflow_env/lib/python3.11/site-packages/airflow/example_dags/plugins/event_listener.py
[2024-02-26T04:38:25.236-0500] {processor.py:829} INFO - Processing file /Users/venkatasaisabbineni/Desktop/Airflow_local/airflow_env/lib/python3.11/site-packages/airflow/example_dags/plugins/event_listener.py for tasks to queue
[2024-02-26T04:38:25.236-0500] {logging_mixin.py:154} INFO - [2024-02-26T04:38:25.236-0500] {dagbag.py:536} INFO - Filling up the DagBag from /Users/venkatasaisabbineni/Desktop/Airflow_local/airflow_env/lib/python3.11/site-packages/airflow/example_dags/plugins/event_listener.py
[2024-02-26T04:38:25.236-0500] {processor.py:841} WARNING - No viable dags retrieved from /Users/venkatasaisabbineni/Desktop/Airflow_local/airflow_env/lib/python3.11/site-packages/airflow/example_dags/plugins/event_listener.py
[2024-02-26T04:38:25.304-0500] {processor.py:179} INFO - Processing /Users/venkatasaisabbineni/Desktop/Airflow_local/airflow_env/lib/python3.11/site-packages/airflow/example_dags/plugins/event_listener.py took 0.072 seconds
[2024-02-26T04:41:08.211-0500] {processor.py:157} INFO - Started process (PID=64772) to work on /Users/venkatasaisabbineni/Desktop/Airflow_local/airflow_env/lib/python3.11/site-packages/airflow/example_dags/plugins/event_listener.py
[2024-02-26T04:41:08.215-0500] {processor.py:829} INFO - Processing file /Users/venkatasaisabbineni/Desktop/Airflow_local/airflow_env/lib/python3.11/site-packages/airflow/example_dags/plugins/event_listener.py for tasks to queue
[2024-02-26T04:41:08.215-0500] {logging_mixin.py:154} INFO - [2024-02-26T04:41:08.215-0500] {dagbag.py:536} INFO - Filling up the DagBag from /Users/venkatasaisabbineni/Desktop/Airflow_local/airflow_env/lib/python3.11/site-packages/airflow/example_dags/plugins/event_listener.py
[2024-02-26T04:41:08.216-0500] {processor.py:841} WARNING - No viable dags retrieved from /Users/venkatasaisabbineni/Desktop/Airflow_local/airflow_env/lib/python3.11/site-packages/airflow/example_dags/plugins/event_listener.py
[2024-02-26T04:41:08.283-0500] {processor.py:179} INFO - Processing /Users/venkatasaisabbineni/Desktop/Airflow_local/airflow_env/lib/python3.11/site-packages/airflow/example_dags/plugins/event_listener.py took 0.073 seconds
[2024-02-26T04:42:41.223-0500] {processor.py:157} INFO - Started process (PID=65063) to work on /Users/venkatasaisabbineni/Desktop/Airflow_local/airflow_env/lib/python3.11/site-packages/airflow/example_dags/plugins/event_listener.py
[2024-02-26T04:42:41.227-0500] {processor.py:829} INFO - Processing file /Users/venkatasaisabbineni/Desktop/Airflow_local/airflow_env/lib/python3.11/site-packages/airflow/example_dags/plugins/event_listener.py for tasks to queue
[2024-02-26T04:42:41.228-0500] {logging_mixin.py:154} INFO - [2024-02-26T04:42:41.228-0500] {dagbag.py:536} INFO - Filling up the DagBag from /Users/venkatasaisabbineni/Desktop/Airflow_local/airflow_env/lib/python3.11/site-packages/airflow/example_dags/plugins/event_listener.py
[2024-02-26T04:42:41.228-0500] {processor.py:841} WARNING - No viable dags retrieved from /Users/venkatasaisabbineni/Desktop/Airflow_local/airflow_env/lib/python3.11/site-packages/airflow/example_dags/plugins/event_listener.py
[2024-02-26T04:42:41.297-0500] {processor.py:179} INFO - Processing /Users/venkatasaisabbineni/Desktop/Airflow_local/airflow_env/lib/python3.11/site-packages/airflow/example_dags/plugins/event_listener.py took 0.074 seconds
