[2024-02-26T04:26:55.811-0500] {processor.py:157} INFO - Started process (PID=62206) to work on /Users/venkatasaisabbineni/Desktop/Airflow_local/airflow_env/lib/python3.11/site-packages/airflow/example_dags/plugins/listener_plugin.py
[2024-02-26T04:26:55.813-0500] {processor.py:829} INFO - Processing file /Users/venkatasaisabbineni/Desktop/Airflow_local/airflow_env/lib/python3.11/site-packages/airflow/example_dags/plugins/listener_plugin.py for tasks to queue
[2024-02-26T04:26:55.814-0500] {logging_mixin.py:154} INFO - [2024-02-26T04:26:55.814-0500] {dagbag.py:536} INFO - Filling up the DagBag from /Users/venkatasaisabbineni/Desktop/Airflow_local/airflow_env/lib/python3.11/site-packages/airflow/example_dags/plugins/listener_plugin.py
[2024-02-26T04:26:55.815-0500] {processor.py:841} WARNING - No viable dags retrieved from /Users/venkatasaisabbineni/Desktop/Airflow_local/airflow_env/lib/python3.11/site-packages/airflow/example_dags/plugins/listener_plugin.py
[2024-02-26T04:26:55.882-0500] {processor.py:179} INFO - Processing /Users/venkatasaisabbineni/Desktop/Airflow_local/airflow_env/lib/python3.11/site-packages/airflow/example_dags/plugins/listener_plugin.py took 0.071 seconds
[2024-02-26T04:27:53.699-0500] {processor.py:157} INFO - Started process (PID=62377) to work on /Users/venkatasaisabbineni/Desktop/Airflow_local/airflow_env/lib/python3.11/site-packages/airflow/example_dags/plugins/listener_plugin.py
[2024-02-26T04:27:53.701-0500] {processor.py:829} INFO - Processing file /Users/venkatasaisabbineni/Desktop/Airflow_local/airflow_env/lib/python3.11/site-packages/airflow/example_dags/plugins/listener_plugin.py for tasks to queue
[2024-02-26T04:27:53.701-0500] {logging_mixin.py:154} INFO - [2024-02-26T04:27:53.701-0500] {dagbag.py:536} INFO - Filling up the DagBag from /Users/venkatasaisabbineni/Desktop/Airflow_local/airflow_env/lib/python3.11/site-packages/airflow/example_dags/plugins/listener_plugin.py
[2024-02-26T04:27:53.702-0500] {processor.py:841} WARNING - No viable dags retrieved from /Users/venkatasaisabbineni/Desktop/Airflow_local/airflow_env/lib/python3.11/site-packages/airflow/example_dags/plugins/listener_plugin.py
[2024-02-26T04:27:53.769-0500] {processor.py:179} INFO - Processing /Users/venkatasaisabbineni/Desktop/Airflow_local/airflow_env/lib/python3.11/site-packages/airflow/example_dags/plugins/listener_plugin.py took 0.071 seconds
[2024-02-26T04:29:15.842-0500] {processor.py:157} INFO - Started process (PID=62607) to work on /Users/venkatasaisabbineni/Desktop/Airflow_local/airflow_env/lib/python3.11/site-packages/airflow/example_dags/plugins/listener_plugin.py
[2024-02-26T04:29:15.845-0500] {processor.py:829} INFO - Processing file /Users/venkatasaisabbineni/Desktop/Airflow_local/airflow_env/lib/python3.11/site-packages/airflow/example_dags/plugins/listener_plugin.py for tasks to queue
[2024-02-26T04:29:15.846-0500] {logging_mixin.py:154} INFO - [2024-02-26T04:29:15.845-0500] {dagbag.py:536} INFO - Filling up the DagBag from /Users/venkatasaisabbineni/Desktop/Airflow_local/airflow_env/lib/python3.11/site-packages/airflow/example_dags/plugins/listener_plugin.py
[2024-02-26T04:29:15.848-0500] {processor.py:841} WARNING - No viable dags retrieved from /Users/venkatasaisabbineni/Desktop/Airflow_local/airflow_env/lib/python3.11/site-packages/airflow/example_dags/plugins/listener_plugin.py
[2024-02-26T04:29:15.916-0500] {processor.py:179} INFO - Processing /Users/venkatasaisabbineni/Desktop/Airflow_local/airflow_env/lib/python3.11/site-packages/airflow/example_dags/plugins/listener_plugin.py took 0.074 seconds
[2024-02-26T04:30:02.719-0500] {processor.py:157} INFO - Started process (PID=62752) to work on /Users/venkatasaisabbineni/Desktop/Airflow_local/airflow_env/lib/python3.11/site-packages/airflow/example_dags/plugins/listener_plugin.py
[2024-02-26T04:30:02.722-0500] {processor.py:829} INFO - Processing file /Users/venkatasaisabbineni/Desktop/Airflow_local/airflow_env/lib/python3.11/site-packages/airflow/example_dags/plugins/listener_plugin.py for tasks to queue
[2024-02-26T04:30:02.722-0500] {logging_mixin.py:154} INFO - [2024-02-26T04:30:02.722-0500] {dagbag.py:536} INFO - Filling up the DagBag from /Users/venkatasaisabbineni/Desktop/Airflow_local/airflow_env/lib/python3.11/site-packages/airflow/example_dags/plugins/listener_plugin.py
[2024-02-26T04:30:02.725-0500] {processor.py:841} WARNING - No viable dags retrieved from /Users/venkatasaisabbineni/Desktop/Airflow_local/airflow_env/lib/python3.11/site-packages/airflow/example_dags/plugins/listener_plugin.py
[2024-02-26T04:30:02.792-0500] {processor.py:179} INFO - Processing /Users/venkatasaisabbineni/Desktop/Airflow_local/airflow_env/lib/python3.11/site-packages/airflow/example_dags/plugins/listener_plugin.py took 0.074 seconds
[2024-02-26T04:30:54.195-0500] {processor.py:157} INFO - Started process (PID=62925) to work on /Users/venkatasaisabbineni/Desktop/Airflow_local/airflow_env/lib/python3.11/site-packages/airflow/example_dags/plugins/listener_plugin.py
[2024-02-26T04:30:54.198-0500] {processor.py:829} INFO - Processing file /Users/venkatasaisabbineni/Desktop/Airflow_local/airflow_env/lib/python3.11/site-packages/airflow/example_dags/plugins/listener_plugin.py for tasks to queue
[2024-02-26T04:30:54.198-0500] {logging_mixin.py:154} INFO - [2024-02-26T04:30:54.198-0500] {dagbag.py:536} INFO - Filling up the DagBag from /Users/venkatasaisabbineni/Desktop/Airflow_local/airflow_env/lib/python3.11/site-packages/airflow/example_dags/plugins/listener_plugin.py
[2024-02-26T04:30:54.201-0500] {processor.py:841} WARNING - No viable dags retrieved from /Users/venkatasaisabbineni/Desktop/Airflow_local/airflow_env/lib/python3.11/site-packages/airflow/example_dags/plugins/listener_plugin.py
[2024-02-26T04:30:54.270-0500] {processor.py:179} INFO - Processing /Users/venkatasaisabbineni/Desktop/Airflow_local/airflow_env/lib/python3.11/site-packages/airflow/example_dags/plugins/listener_plugin.py took 0.077 seconds
[2024-02-26T04:31:44.953-0500] {processor.py:157} INFO - Started process (PID=63076) to work on /Users/venkatasaisabbineni/Desktop/Airflow_local/airflow_env/lib/python3.11/site-packages/airflow/example_dags/plugins/listener_plugin.py
[2024-02-26T04:31:44.956-0500] {processor.py:829} INFO - Processing file /Users/venkatasaisabbineni/Desktop/Airflow_local/airflow_env/lib/python3.11/site-packages/airflow/example_dags/plugins/listener_plugin.py for tasks to queue
[2024-02-26T04:31:44.956-0500] {logging_mixin.py:154} INFO - [2024-02-26T04:31:44.956-0500] {dagbag.py:536} INFO - Filling up the DagBag from /Users/venkatasaisabbineni/Desktop/Airflow_local/airflow_env/lib/python3.11/site-packages/airflow/example_dags/plugins/listener_plugin.py
[2024-02-26T04:31:44.959-0500] {processor.py:841} WARNING - No viable dags retrieved from /Users/venkatasaisabbineni/Desktop/Airflow_local/airflow_env/lib/python3.11/site-packages/airflow/example_dags/plugins/listener_plugin.py
[2024-02-26T04:31:45.026-0500] {processor.py:179} INFO - Processing /Users/venkatasaisabbineni/Desktop/Airflow_local/airflow_env/lib/python3.11/site-packages/airflow/example_dags/plugins/listener_plugin.py took 0.073 seconds
[2024-02-26T04:32:36.457-0500] {processor.py:157} INFO - Started process (PID=63237) to work on /Users/venkatasaisabbineni/Desktop/Airflow_local/airflow_env/lib/python3.11/site-packages/airflow/example_dags/plugins/listener_plugin.py
[2024-02-26T04:32:36.459-0500] {processor.py:829} INFO - Processing file /Users/venkatasaisabbineni/Desktop/Airflow_local/airflow_env/lib/python3.11/site-packages/airflow/example_dags/plugins/listener_plugin.py for tasks to queue
[2024-02-26T04:32:36.460-0500] {logging_mixin.py:154} INFO - [2024-02-26T04:32:36.460-0500] {dagbag.py:536} INFO - Filling up the DagBag from /Users/venkatasaisabbineni/Desktop/Airflow_local/airflow_env/lib/python3.11/site-packages/airflow/example_dags/plugins/listener_plugin.py
[2024-02-26T04:32:36.462-0500] {processor.py:841} WARNING - No viable dags retrieved from /Users/venkatasaisabbineni/Desktop/Airflow_local/airflow_env/lib/python3.11/site-packages/airflow/example_dags/plugins/listener_plugin.py
[2024-02-26T04:32:36.528-0500] {processor.py:179} INFO - Processing /Users/venkatasaisabbineni/Desktop/Airflow_local/airflow_env/lib/python3.11/site-packages/airflow/example_dags/plugins/listener_plugin.py took 0.072 seconds
[2024-02-26T04:33:28.936-0500] {processor.py:157} INFO - Started process (PID=63458) to work on /Users/venkatasaisabbineni/Desktop/Airflow_local/airflow_env/lib/python3.11/site-packages/airflow/example_dags/plugins/listener_plugin.py
[2024-02-26T04:33:28.939-0500] {processor.py:829} INFO - Processing file /Users/venkatasaisabbineni/Desktop/Airflow_local/airflow_env/lib/python3.11/site-packages/airflow/example_dags/plugins/listener_plugin.py for tasks to queue
[2024-02-26T04:33:28.939-0500] {logging_mixin.py:154} INFO - [2024-02-26T04:33:28.939-0500] {dagbag.py:536} INFO - Filling up the DagBag from /Users/venkatasaisabbineni/Desktop/Airflow_local/airflow_env/lib/python3.11/site-packages/airflow/example_dags/plugins/listener_plugin.py
[2024-02-26T04:33:28.940-0500] {processor.py:841} WARNING - No viable dags retrieved from /Users/venkatasaisabbineni/Desktop/Airflow_local/airflow_env/lib/python3.11/site-packages/airflow/example_dags/plugins/listener_plugin.py
[2024-02-26T04:33:29.007-0500] {processor.py:179} INFO - Processing /Users/venkatasaisabbineni/Desktop/Airflow_local/airflow_env/lib/python3.11/site-packages/airflow/example_dags/plugins/listener_plugin.py took 0.072 seconds
[2024-02-26T04:37:12.172-0500] {processor.py:157} INFO - Started process (PID=64105) to work on /Users/venkatasaisabbineni/Desktop/Airflow_local/airflow_env/lib/python3.11/site-packages/airflow/example_dags/plugins/listener_plugin.py
[2024-02-26T04:37:12.175-0500] {processor.py:829} INFO - Processing file /Users/venkatasaisabbineni/Desktop/Airflow_local/airflow_env/lib/python3.11/site-packages/airflow/example_dags/plugins/listener_plugin.py for tasks to queue
[2024-02-26T04:37:12.175-0500] {logging_mixin.py:154} INFO - [2024-02-26T04:37:12.175-0500] {dagbag.py:536} INFO - Filling up the DagBag from /Users/venkatasaisabbineni/Desktop/Airflow_local/airflow_env/lib/python3.11/site-packages/airflow/example_dags/plugins/listener_plugin.py
[2024-02-26T04:37:12.176-0500] {processor.py:841} WARNING - No viable dags retrieved from /Users/venkatasaisabbineni/Desktop/Airflow_local/airflow_env/lib/python3.11/site-packages/airflow/example_dags/plugins/listener_plugin.py
[2024-02-26T04:37:12.243-0500] {processor.py:179} INFO - Processing /Users/venkatasaisabbineni/Desktop/Airflow_local/airflow_env/lib/python3.11/site-packages/airflow/example_dags/plugins/listener_plugin.py took 0.073 seconds
[2024-02-26T04:38:23.387-0500] {processor.py:157} INFO - Started process (PID=64341) to work on /Users/venkatasaisabbineni/Desktop/Airflow_local/airflow_env/lib/python3.11/site-packages/airflow/example_dags/plugins/listener_plugin.py
[2024-02-26T04:38:23.390-0500] {processor.py:829} INFO - Processing file /Users/venkatasaisabbineni/Desktop/Airflow_local/airflow_env/lib/python3.11/site-packages/airflow/example_dags/plugins/listener_plugin.py for tasks to queue
[2024-02-26T04:38:23.390-0500] {logging_mixin.py:154} INFO - [2024-02-26T04:38:23.390-0500] {dagbag.py:536} INFO - Filling up the DagBag from /Users/venkatasaisabbineni/Desktop/Airflow_local/airflow_env/lib/python3.11/site-packages/airflow/example_dags/plugins/listener_plugin.py
[2024-02-26T04:38:23.391-0500] {processor.py:841} WARNING - No viable dags retrieved from /Users/venkatasaisabbineni/Desktop/Airflow_local/airflow_env/lib/python3.11/site-packages/airflow/example_dags/plugins/listener_plugin.py
[2024-02-26T04:38:23.460-0500] {processor.py:179} INFO - Processing /Users/venkatasaisabbineni/Desktop/Airflow_local/airflow_env/lib/python3.11/site-packages/airflow/example_dags/plugins/listener_plugin.py took 0.074 seconds
[2024-02-26T04:41:06.375-0500] {processor.py:157} INFO - Started process (PID=64766) to work on /Users/venkatasaisabbineni/Desktop/Airflow_local/airflow_env/lib/python3.11/site-packages/airflow/example_dags/plugins/listener_plugin.py
[2024-02-26T04:41:06.379-0500] {processor.py:829} INFO - Processing file /Users/venkatasaisabbineni/Desktop/Airflow_local/airflow_env/lib/python3.11/site-packages/airflow/example_dags/plugins/listener_plugin.py for tasks to queue
[2024-02-26T04:41:06.379-0500] {logging_mixin.py:154} INFO - [2024-02-26T04:41:06.379-0500] {dagbag.py:536} INFO - Filling up the DagBag from /Users/venkatasaisabbineni/Desktop/Airflow_local/airflow_env/lib/python3.11/site-packages/airflow/example_dags/plugins/listener_plugin.py
[2024-02-26T04:41:06.380-0500] {processor.py:841} WARNING - No viable dags retrieved from /Users/venkatasaisabbineni/Desktop/Airflow_local/airflow_env/lib/python3.11/site-packages/airflow/example_dags/plugins/listener_plugin.py
[2024-02-26T04:41:06.453-0500] {processor.py:179} INFO - Processing /Users/venkatasaisabbineni/Desktop/Airflow_local/airflow_env/lib/python3.11/site-packages/airflow/example_dags/plugins/listener_plugin.py took 0.078 seconds
[2024-02-26T04:42:39.425-0500] {processor.py:157} INFO - Started process (PID=65057) to work on /Users/venkatasaisabbineni/Desktop/Airflow_local/airflow_env/lib/python3.11/site-packages/airflow/example_dags/plugins/listener_plugin.py
[2024-02-26T04:42:39.430-0500] {processor.py:829} INFO - Processing file /Users/venkatasaisabbineni/Desktop/Airflow_local/airflow_env/lib/python3.11/site-packages/airflow/example_dags/plugins/listener_plugin.py for tasks to queue
[2024-02-26T04:42:39.430-0500] {logging_mixin.py:154} INFO - [2024-02-26T04:42:39.430-0500] {dagbag.py:536} INFO - Filling up the DagBag from /Users/venkatasaisabbineni/Desktop/Airflow_local/airflow_env/lib/python3.11/site-packages/airflow/example_dags/plugins/listener_plugin.py
[2024-02-26T04:42:39.432-0500] {processor.py:841} WARNING - No viable dags retrieved from /Users/venkatasaisabbineni/Desktop/Airflow_local/airflow_env/lib/python3.11/site-packages/airflow/example_dags/plugins/listener_plugin.py
[2024-02-26T04:42:39.502-0500] {processor.py:179} INFO - Processing /Users/venkatasaisabbineni/Desktop/Airflow_local/airflow_env/lib/python3.11/site-packages/airflow/example_dags/plugins/listener_plugin.py took 0.078 seconds
