[2024-02-26T04:26:54.011-0500] {processor.py:157} INFO - Started process (PID=62201) to work on /Users/venkatasaisabbineni/Desktop/Airflow_local/airflow_env/lib/python3.11/site-packages/airflow/example_dags/plugins/workday.py
[2024-02-26T04:26:54.013-0500] {processor.py:829} INFO - Processing file /Users/venkatasaisabbineni/Desktop/Airflow_local/airflow_env/lib/python3.11/site-packages/airflow/example_dags/plugins/workday.py for tasks to queue
[2024-02-26T04:26:54.013-0500] {logging_mixin.py:154} INFO - [2024-02-26T04:26:54.013-0500] {dagbag.py:536} INFO - Filling up the DagBag from /Users/venkatasaisabbineni/Desktop/Airflow_local/airflow_env/lib/python3.11/site-packages/airflow/example_dags/plugins/workday.py
[2024-02-26T04:26:54.014-0500] {logging_mixin.py:154} INFO - [2024-02-26T04:26:54.014-0500] {workday.py:36} WARNING - Could not import pandas. Holidays will not be considered.
[2024-02-26T04:26:54.014-0500] {processor.py:841} WARNING - No viable dags retrieved from /Users/venkatasaisabbineni/Desktop/Airflow_local/airflow_env/lib/python3.11/site-packages/airflow/example_dags/plugins/workday.py
[2024-02-26T04:26:54.082-0500] {processor.py:179} INFO - Processing /Users/venkatasaisabbineni/Desktop/Airflow_local/airflow_env/lib/python3.11/site-packages/airflow/example_dags/plugins/workday.py took 0.072 seconds
[2024-02-26T04:27:51.874-0500] {processor.py:157} INFO - Started process (PID=62372) to work on /Users/venkatasaisabbineni/Desktop/Airflow_local/airflow_env/lib/python3.11/site-packages/airflow/example_dags/plugins/workday.py
[2024-02-26T04:27:51.877-0500] {processor.py:829} INFO - Processing file /Users/venkatasaisabbineni/Desktop/Airflow_local/airflow_env/lib/python3.11/site-packages/airflow/example_dags/plugins/workday.py for tasks to queue
[2024-02-26T04:27:51.877-0500] {logging_mixin.py:154} INFO - [2024-02-26T04:27:51.877-0500] {dagbag.py:536} INFO - Filling up the DagBag from /Users/venkatasaisabbineni/Desktop/Airflow_local/airflow_env/lib/python3.11/site-packages/airflow/example_dags/plugins/workday.py
[2024-02-26T04:27:51.878-0500] {logging_mixin.py:154} INFO - [2024-02-26T04:27:51.878-0500] {workday.py:36} WARNING - Could not import pandas. Holidays will not be considered.
[2024-02-26T04:27:51.878-0500] {processor.py:841} WARNING - No viable dags retrieved from /Users/venkatasaisabbineni/Desktop/Airflow_local/airflow_env/lib/python3.11/site-packages/airflow/example_dags/plugins/workday.py
[2024-02-26T04:27:51.946-0500] {processor.py:179} INFO - Processing /Users/venkatasaisabbineni/Desktop/Airflow_local/airflow_env/lib/python3.11/site-packages/airflow/example_dags/plugins/workday.py took 0.072 seconds
[2024-02-26T04:29:14.022-0500] {processor.py:157} INFO - Started process (PID=62601) to work on /Users/venkatasaisabbineni/Desktop/Airflow_local/airflow_env/lib/python3.11/site-packages/airflow/example_dags/plugins/workday.py
[2024-02-26T04:29:14.025-0500] {processor.py:829} INFO - Processing file /Users/venkatasaisabbineni/Desktop/Airflow_local/airflow_env/lib/python3.11/site-packages/airflow/example_dags/plugins/workday.py for tasks to queue
[2024-02-26T04:29:14.025-0500] {logging_mixin.py:154} INFO - [2024-02-26T04:29:14.025-0500] {dagbag.py:536} INFO - Filling up the DagBag from /Users/venkatasaisabbineni/Desktop/Airflow_local/airflow_env/lib/python3.11/site-packages/airflow/example_dags/plugins/workday.py
[2024-02-26T04:29:14.026-0500] {logging_mixin.py:154} INFO - [2024-02-26T04:29:14.026-0500] {workday.py:36} WARNING - Could not import pandas. Holidays will not be considered.
[2024-02-26T04:29:14.026-0500] {processor.py:841} WARNING - No viable dags retrieved from /Users/venkatasaisabbineni/Desktop/Airflow_local/airflow_env/lib/python3.11/site-packages/airflow/example_dags/plugins/workday.py
[2024-02-26T04:29:14.094-0500] {processor.py:179} INFO - Processing /Users/venkatasaisabbineni/Desktop/Airflow_local/airflow_env/lib/python3.11/site-packages/airflow/example_dags/plugins/workday.py took 0.073 seconds
[2024-02-26T04:30:00.873-0500] {processor.py:157} INFO - Started process (PID=62747) to work on /Users/venkatasaisabbineni/Desktop/Airflow_local/airflow_env/lib/python3.11/site-packages/airflow/example_dags/plugins/workday.py
[2024-02-26T04:30:00.875-0500] {processor.py:829} INFO - Processing file /Users/venkatasaisabbineni/Desktop/Airflow_local/airflow_env/lib/python3.11/site-packages/airflow/example_dags/plugins/workday.py for tasks to queue
[2024-02-26T04:30:00.876-0500] {logging_mixin.py:154} INFO - [2024-02-26T04:30:00.875-0500] {dagbag.py:536} INFO - Filling up the DagBag from /Users/venkatasaisabbineni/Desktop/Airflow_local/airflow_env/lib/python3.11/site-packages/airflow/example_dags/plugins/workday.py
[2024-02-26T04:30:00.877-0500] {logging_mixin.py:154} INFO - [2024-02-26T04:30:00.876-0500] {workday.py:36} WARNING - Could not import pandas. Holidays will not be considered.
[2024-02-26T04:30:00.877-0500] {processor.py:841} WARNING - No viable dags retrieved from /Users/venkatasaisabbineni/Desktop/Airflow_local/airflow_env/lib/python3.11/site-packages/airflow/example_dags/plugins/workday.py
[2024-02-26T04:30:00.943-0500] {processor.py:179} INFO - Processing /Users/venkatasaisabbineni/Desktop/Airflow_local/airflow_env/lib/python3.11/site-packages/airflow/example_dags/plugins/workday.py took 0.071 seconds
[2024-02-26T04:30:52.017-0500] {processor.py:157} INFO - Started process (PID=62924) to work on /Users/venkatasaisabbineni/Desktop/Airflow_local/airflow_env/lib/python3.11/site-packages/airflow/example_dags/plugins/workday.py
[2024-02-26T04:30:52.020-0500] {processor.py:829} INFO - Processing file /Users/venkatasaisabbineni/Desktop/Airflow_local/airflow_env/lib/python3.11/site-packages/airflow/example_dags/plugins/workday.py for tasks to queue
[2024-02-26T04:30:52.020-0500] {logging_mixin.py:154} INFO - [2024-02-26T04:30:52.020-0500] {dagbag.py:536} INFO - Filling up the DagBag from /Users/venkatasaisabbineni/Desktop/Airflow_local/airflow_env/lib/python3.11/site-packages/airflow/example_dags/plugins/workday.py
[2024-02-26T04:30:52.021-0500] {logging_mixin.py:154} INFO - [2024-02-26T04:30:52.021-0500] {workday.py:36} WARNING - Could not import pandas. Holidays will not be considered.
[2024-02-26T04:30:52.021-0500] {processor.py:841} WARNING - No viable dags retrieved from /Users/venkatasaisabbineni/Desktop/Airflow_local/airflow_env/lib/python3.11/site-packages/airflow/example_dags/plugins/workday.py
[2024-02-26T04:30:52.087-0500] {processor.py:179} INFO - Processing /Users/venkatasaisabbineni/Desktop/Airflow_local/airflow_env/lib/python3.11/site-packages/airflow/example_dags/plugins/workday.py took 0.071 seconds
[2024-02-26T04:31:43.825-0500] {processor.py:157} INFO - Started process (PID=63075) to work on /Users/venkatasaisabbineni/Desktop/Airflow_local/airflow_env/lib/python3.11/site-packages/airflow/example_dags/plugins/workday.py
[2024-02-26T04:31:43.827-0500] {processor.py:829} INFO - Processing file /Users/venkatasaisabbineni/Desktop/Airflow_local/airflow_env/lib/python3.11/site-packages/airflow/example_dags/plugins/workday.py for tasks to queue
[2024-02-26T04:31:43.828-0500] {logging_mixin.py:154} INFO - [2024-02-26T04:31:43.828-0500] {dagbag.py:536} INFO - Filling up the DagBag from /Users/venkatasaisabbineni/Desktop/Airflow_local/airflow_env/lib/python3.11/site-packages/airflow/example_dags/plugins/workday.py
[2024-02-26T04:31:43.829-0500] {logging_mixin.py:154} INFO - [2024-02-26T04:31:43.829-0500] {workday.py:36} WARNING - Could not import pandas. Holidays will not be considered.
[2024-02-26T04:31:43.829-0500] {processor.py:841} WARNING - No viable dags retrieved from /Users/venkatasaisabbineni/Desktop/Airflow_local/airflow_env/lib/python3.11/site-packages/airflow/example_dags/plugins/workday.py
[2024-02-26T04:31:43.896-0500] {processor.py:179} INFO - Processing /Users/venkatasaisabbineni/Desktop/Airflow_local/airflow_env/lib/python3.11/site-packages/airflow/example_dags/plugins/workday.py took 0.071 seconds
[2024-02-26T04:32:34.647-0500] {processor.py:157} INFO - Started process (PID=63231) to work on /Users/venkatasaisabbineni/Desktop/Airflow_local/airflow_env/lib/python3.11/site-packages/airflow/example_dags/plugins/workday.py
[2024-02-26T04:32:34.650-0500] {processor.py:829} INFO - Processing file /Users/venkatasaisabbineni/Desktop/Airflow_local/airflow_env/lib/python3.11/site-packages/airflow/example_dags/plugins/workday.py for tasks to queue
[2024-02-26T04:32:34.650-0500] {logging_mixin.py:154} INFO - [2024-02-26T04:32:34.650-0500] {dagbag.py:536} INFO - Filling up the DagBag from /Users/venkatasaisabbineni/Desktop/Airflow_local/airflow_env/lib/python3.11/site-packages/airflow/example_dags/plugins/workday.py
[2024-02-26T04:32:34.651-0500] {logging_mixin.py:154} INFO - [2024-02-26T04:32:34.651-0500] {workday.py:36} WARNING - Could not import pandas. Holidays will not be considered.
[2024-02-26T04:32:34.651-0500] {processor.py:841} WARNING - No viable dags retrieved from /Users/venkatasaisabbineni/Desktop/Airflow_local/airflow_env/lib/python3.11/site-packages/airflow/example_dags/plugins/workday.py
[2024-02-26T04:32:34.721-0500] {processor.py:179} INFO - Processing /Users/venkatasaisabbineni/Desktop/Airflow_local/airflow_env/lib/python3.11/site-packages/airflow/example_dags/plugins/workday.py took 0.075 seconds
[2024-02-26T04:33:27.137-0500] {processor.py:157} INFO - Started process (PID=63451) to work on /Users/venkatasaisabbineni/Desktop/Airflow_local/airflow_env/lib/python3.11/site-packages/airflow/example_dags/plugins/workday.py
[2024-02-26T04:33:27.141-0500] {processor.py:829} INFO - Processing file /Users/venkatasaisabbineni/Desktop/Airflow_local/airflow_env/lib/python3.11/site-packages/airflow/example_dags/plugins/workday.py for tasks to queue
[2024-02-26T04:33:27.141-0500] {logging_mixin.py:154} INFO - [2024-02-26T04:33:27.141-0500] {dagbag.py:536} INFO - Filling up the DagBag from /Users/venkatasaisabbineni/Desktop/Airflow_local/airflow_env/lib/python3.11/site-packages/airflow/example_dags/plugins/workday.py
[2024-02-26T04:33:27.142-0500] {logging_mixin.py:154} INFO - [2024-02-26T04:33:27.142-0500] {workday.py:36} WARNING - Could not import pandas. Holidays will not be considered.
[2024-02-26T04:33:27.142-0500] {processor.py:841} WARNING - No viable dags retrieved from /Users/venkatasaisabbineni/Desktop/Airflow_local/airflow_env/lib/python3.11/site-packages/airflow/example_dags/plugins/workday.py
[2024-02-26T04:33:27.210-0500] {processor.py:179} INFO - Processing /Users/venkatasaisabbineni/Desktop/Airflow_local/airflow_env/lib/python3.11/site-packages/airflow/example_dags/plugins/workday.py took 0.073 seconds
[2024-02-26T04:37:10.365-0500] {processor.py:157} INFO - Started process (PID=64099) to work on /Users/venkatasaisabbineni/Desktop/Airflow_local/airflow_env/lib/python3.11/site-packages/airflow/example_dags/plugins/workday.py
[2024-02-26T04:37:10.369-0500] {processor.py:829} INFO - Processing file /Users/venkatasaisabbineni/Desktop/Airflow_local/airflow_env/lib/python3.11/site-packages/airflow/example_dags/plugins/workday.py for tasks to queue
[2024-02-26T04:37:10.369-0500] {logging_mixin.py:154} INFO - [2024-02-26T04:37:10.369-0500] {dagbag.py:536} INFO - Filling up the DagBag from /Users/venkatasaisabbineni/Desktop/Airflow_local/airflow_env/lib/python3.11/site-packages/airflow/example_dags/plugins/workday.py
[2024-02-26T04:37:10.370-0500] {logging_mixin.py:154} INFO - [2024-02-26T04:37:10.370-0500] {workday.py:36} WARNING - Could not import pandas. Holidays will not be considered.
[2024-02-26T04:37:10.370-0500] {processor.py:841} WARNING - No viable dags retrieved from /Users/venkatasaisabbineni/Desktop/Airflow_local/airflow_env/lib/python3.11/site-packages/airflow/example_dags/plugins/workday.py
[2024-02-26T04:37:10.438-0500] {processor.py:179} INFO - Processing /Users/venkatasaisabbineni/Desktop/Airflow_local/airflow_env/lib/python3.11/site-packages/airflow/example_dags/plugins/workday.py took 0.074 seconds
[2024-02-26T04:38:21.570-0500] {processor.py:157} INFO - Started process (PID=64335) to work on /Users/venkatasaisabbineni/Desktop/Airflow_local/airflow_env/lib/python3.11/site-packages/airflow/example_dags/plugins/workday.py
[2024-02-26T04:38:21.573-0500] {processor.py:829} INFO - Processing file /Users/venkatasaisabbineni/Desktop/Airflow_local/airflow_env/lib/python3.11/site-packages/airflow/example_dags/plugins/workday.py for tasks to queue
[2024-02-26T04:38:21.574-0500] {logging_mixin.py:154} INFO - [2024-02-26T04:38:21.574-0500] {dagbag.py:536} INFO - Filling up the DagBag from /Users/venkatasaisabbineni/Desktop/Airflow_local/airflow_env/lib/python3.11/site-packages/airflow/example_dags/plugins/workday.py
[2024-02-26T04:38:21.574-0500] {logging_mixin.py:154} INFO - [2024-02-26T04:38:21.574-0500] {workday.py:36} WARNING - Could not import pandas. Holidays will not be considered.
[2024-02-26T04:38:21.575-0500] {processor.py:841} WARNING - No viable dags retrieved from /Users/venkatasaisabbineni/Desktop/Airflow_local/airflow_env/lib/python3.11/site-packages/airflow/example_dags/plugins/workday.py
[2024-02-26T04:38:21.642-0500] {processor.py:179} INFO - Processing /Users/venkatasaisabbineni/Desktop/Airflow_local/airflow_env/lib/python3.11/site-packages/airflow/example_dags/plugins/workday.py took 0.073 seconds
[2024-02-26T04:41:04.560-0500] {processor.py:157} INFO - Started process (PID=64764) to work on /Users/venkatasaisabbineni/Desktop/Airflow_local/airflow_env/lib/python3.11/site-packages/airflow/example_dags/plugins/workday.py
[2024-02-26T04:41:04.564-0500] {processor.py:829} INFO - Processing file /Users/venkatasaisabbineni/Desktop/Airflow_local/airflow_env/lib/python3.11/site-packages/airflow/example_dags/plugins/workday.py for tasks to queue
[2024-02-26T04:41:04.565-0500] {logging_mixin.py:154} INFO - [2024-02-26T04:41:04.565-0500] {dagbag.py:536} INFO - Filling up the DagBag from /Users/venkatasaisabbineni/Desktop/Airflow_local/airflow_env/lib/python3.11/site-packages/airflow/example_dags/plugins/workday.py
[2024-02-26T04:41:04.565-0500] {logging_mixin.py:154} INFO - [2024-02-26T04:41:04.565-0500] {workday.py:36} WARNING - Could not import pandas. Holidays will not be considered.
[2024-02-26T04:41:04.565-0500] {processor.py:841} WARNING - No viable dags retrieved from /Users/venkatasaisabbineni/Desktop/Airflow_local/airflow_env/lib/python3.11/site-packages/airflow/example_dags/plugins/workday.py
[2024-02-26T04:41:04.634-0500] {processor.py:179} INFO - Processing /Users/venkatasaisabbineni/Desktop/Airflow_local/airflow_env/lib/python3.11/site-packages/airflow/example_dags/plugins/workday.py took 0.075 seconds
[2024-02-26T04:42:38.493-0500] {processor.py:157} INFO - Started process (PID=65050) to work on /Users/venkatasaisabbineni/Desktop/Airflow_local/airflow_env/lib/python3.11/site-packages/airflow/example_dags/plugins/workday.py
[2024-02-26T04:42:38.497-0500] {processor.py:829} INFO - Processing file /Users/venkatasaisabbineni/Desktop/Airflow_local/airflow_env/lib/python3.11/site-packages/airflow/example_dags/plugins/workday.py for tasks to queue
[2024-02-26T04:42:38.498-0500] {logging_mixin.py:154} INFO - [2024-02-26T04:42:38.497-0500] {dagbag.py:536} INFO - Filling up the DagBag from /Users/venkatasaisabbineni/Desktop/Airflow_local/airflow_env/lib/python3.11/site-packages/airflow/example_dags/plugins/workday.py
[2024-02-26T04:42:38.498-0500] {logging_mixin.py:154} INFO - [2024-02-26T04:42:38.498-0500] {workday.py:36} WARNING - Could not import pandas. Holidays will not be considered.
[2024-02-26T04:42:38.499-0500] {processor.py:841} WARNING - No viable dags retrieved from /Users/venkatasaisabbineni/Desktop/Airflow_local/airflow_env/lib/python3.11/site-packages/airflow/example_dags/plugins/workday.py
[2024-02-26T04:42:38.570-0500] {processor.py:179} INFO - Processing /Users/venkatasaisabbineni/Desktop/Airflow_local/airflow_env/lib/python3.11/site-packages/airflow/example_dags/plugins/workday.py took 0.078 seconds
