[2024-02-27T09:43:17.086-0500] {taskinstance.py:1159} INFO - Dependencies all met for dep_context=non-requeueable deps ti=<TaskInstance: etl_customer_dag.extract_customers manual__2024-02-27T14:43:15.404695+00:00 [queued]>
[2024-02-27T09:43:17.090-0500] {taskinstance.py:1159} INFO - Dependencies all met for dep_context=requeueable deps ti=<TaskInstance: etl_customer_dag.extract_customers manual__2024-02-27T14:43:15.404695+00:00 [queued]>
[2024-02-27T09:43:17.090-0500] {taskinstance.py:1361} INFO - Starting attempt 1 of 1
[2024-02-27T09:43:17.095-0500] {taskinstance.py:1382} INFO - Executing <Task(PostgresOperator): extract_customers> on 2024-02-27 14:43:15.404695+00:00
[2024-02-27T09:43:17.098-0500] {standard_task_runner.py:57} INFO - Started process 73931 to run task
[2024-02-27T09:43:17.101-0500] {standard_task_runner.py:84} INFO - Running: ['airflow', 'tasks', 'run', 'etl_customer_dag', 'extract_customers', 'manual__2024-02-27T14:43:15.404695+00:00', '--job-id', '66', '--raw', '--subdir', 'DAGS_FOLDER/etl_customer_dag.py', '--cfg-path', '/var/folders/0j/ct19m_4d33qfzqs3tkf7s7rm0000gq/T/tmpe59p4iz5']
[2024-02-27T09:43:17.103-0500] {standard_task_runner.py:85} INFO - Job 66: Subtask extract_customers
[2024-02-27T09:43:17.154-0500] {task_command.py:416} INFO - Running <TaskInstance: etl_customer_dag.extract_customers manual__2024-02-27T14:43:15.404695+00:00 [running]> on host venkatasaismbp.hsd1.nj.comcast.net
[2024-02-27T09:43:17.237-0500] {taskinstance.py:1662} INFO - Exporting env vars: AIRFLOW_CTX_DAG_OWNER='Venkata' AIRFLOW_CTX_DAG_ID='etl_customer_dag' AIRFLOW_CTX_TASK_ID='extract_customers' AIRFLOW_CTX_EXECUTION_DATE='2024-02-27T14:43:15.404695+00:00' AIRFLOW_CTX_TRY_NUMBER='1' AIRFLOW_CTX_DAG_RUN_ID='manual__2024-02-27T14:43:15.404695+00:00'
[2024-02-27T09:43:17.238-0500] {sql.py:274} INFO - Executing: 
            SELECT * 
            FROM customer_credit_card_details;
        
[2024-02-27T09:43:17.252-0500] {base.py:73} INFO - Using connection ID 'postgres_connection' for task execution.
[2024-02-27T09:43:17.445-0500] {base.py:73} INFO - Using connection ID 'postgres_connection' for task execution.
[2024-02-27T09:43:17.461-0500] {sql.py:418} INFO - Running statement: 
            SELECT * 
            FROM customer_credit_card_details;
        , parameters: None
[2024-02-27T09:43:17.464-0500] {sql.py:427} INFO - Rows affected: 1000
[2024-02-27T09:43:17.518-0500] {taskinstance.py:1400} INFO - Marking task as SUCCESS. dag_id=etl_customer_dag, task_id=extract_customers, execution_date=20240227T144315, start_date=20240227T144317, end_date=20240227T144317
[2024-02-27T09:43:17.564-0500] {local_task_job_runner.py:228} INFO - Task exited with return code 0
[2024-02-27T09:43:17.657-0500] {logging_mixin.py:154} WARNING - /Users/venkatasaisabbineni/Desktop/Airflow_local/airflow_env/lib/python3.11/site-packages/airflow/models/baseoperator.py:1203 AirflowProviderDeprecationWarning: Call to deprecated class PostgresOperator. (Please use `airflow.providers.common.sql.operators.sql.SQLExecuteQueryOperator`.Also, you can provide `hook_params={'schema': <database>}`.)
[2024-02-27T09:43:17.665-0500] {taskinstance.py:2778} INFO - 1 downstream tasks scheduled from follow-on schedule check
