[2024-02-26T10:02:12.317-0500] {taskinstance.py:1159} INFO - Dependencies all met for dep_context=non-requeueable deps ti=<TaskInstance: postgres_pipeline.filtering_customers scheduled__2024-02-26T00:00:00+00:00 [queued]>
[2024-02-26T10:02:12.322-0500] {taskinstance.py:1159} INFO - Dependencies all met for dep_context=requeueable deps ti=<TaskInstance: postgres_pipeline.filtering_customers scheduled__2024-02-26T00:00:00+00:00 [queued]>
[2024-02-26T10:02:12.322-0500] {taskinstance.py:1361} INFO - Starting attempt 1 of 1
[2024-02-26T10:02:12.328-0500] {taskinstance.py:1382} INFO - Executing <Task(PostgresOperator): filtering_customers> on 2024-02-26 00:00:00+00:00
[2024-02-26T10:02:12.330-0500] {standard_task_runner.py:57} INFO - Started process 5894 to run task
[2024-02-26T10:02:12.333-0500] {standard_task_runner.py:84} INFO - Running: ['airflow', 'tasks', 'run', 'postgres_pipeline', 'filtering_customers', 'scheduled__2024-02-26T00:00:00+00:00', '--job-id', '9', '--raw', '--subdir', 'DAGS_FOLDER/postgres_pipeline.py', '--cfg-path', '/var/folders/0j/ct19m_4d33qfzqs3tkf7s7rm0000gq/T/tmpm9edms1f']
[2024-02-26T10:02:12.335-0500] {standard_task_runner.py:85} INFO - Job 9: Subtask filtering_customers
[2024-02-26T10:02:12.409-0500] {task_command.py:416} INFO - Running <TaskInstance: postgres_pipeline.filtering_customers scheduled__2024-02-26T00:00:00+00:00 [running]> on host venkatasaismbp.hsd1.nj.comcast.net
[2024-02-26T10:02:12.495-0500] {taskinstance.py:1662} INFO - Exporting env vars: AIRFLOW_CTX_DAG_OWNER='Venkata' AIRFLOW_CTX_DAG_ID='postgres_pipeline' AIRFLOW_CTX_TASK_ID='filtering_customers' AIRFLOW_CTX_EXECUTION_DATE='2024-02-26T00:00:00+00:00' AIRFLOW_CTX_TRY_NUMBER='1' AIRFLOW_CTX_DAG_RUN_ID='scheduled__2024-02-26T00:00:00+00:00'
[2024-02-26T10:02:12.495-0500] {sql.py:274} INFO - Executing: 
            SELECT name, product, price
            FROM complete_customer_details
            WHERE name = ANY(%(names)s)
        
[2024-02-26T10:02:12.510-0500] {base.py:73} INFO - Using connection ID 'postgres_connection' for task execution.
[2024-02-26T10:02:12.595-0500] {base.py:73} INFO - Using connection ID 'postgres_connection' for task execution.
[2024-02-26T10:02:12.608-0500] {sql.py:418} INFO - Running statement: 
            SELECT name, product, price
            FROM complete_customer_details
            WHERE name = ANY(%(names)s)
        , parameters: {'names': ['Kiele West', 'Koma Day-Lewis']}
[2024-02-26T10:02:12.611-0500] {sql.py:427} INFO - Rows affected: 5
[2024-02-26T10:02:12.644-0500] {taskinstance.py:1400} INFO - Marking task as SUCCESS. dag_id=postgres_pipeline, task_id=filtering_customers, execution_date=20240226T000000, start_date=20240226T150212, end_date=20240226T150212
[2024-02-26T10:02:12.674-0500] {local_task_job_runner.py:228} INFO - Task exited with return code 0
[2024-02-26T10:02:12.698-0500] {logging_mixin.py:154} WARNING - /Users/venkatasaisabbineni/Desktop/Airflow_local/airflow_env/lib/python3.11/site-packages/airflow/models/baseoperator.py:1203 AirflowProviderDeprecationWarning: Call to deprecated class PostgresOperator. (Please use `airflow.providers.common.sql.operators.sql.SQLExecuteQueryOperator`.Also, you can provide `hook_params={'schema': <database>}`.)
[2024-02-26T10:02:12.704-0500] {taskinstance.py:2778} INFO - 1 downstream tasks scheduled from follow-on schedule check
