[2024-02-26T05:54:24.977-0500] {taskinstance.py:1159} INFO - Dependencies all met for dep_context=non-requeueable deps ti=<TaskInstance: postgres_pipeline.create_table_customer_purchases manual__2024-02-26T10:54:19.354669+00:00 [queued]>
[2024-02-26T05:54:24.981-0500] {taskinstance.py:1159} INFO - Dependencies all met for dep_context=requeueable deps ti=<TaskInstance: postgres_pipeline.create_table_customer_purchases manual__2024-02-26T10:54:19.354669+00:00 [queued]>
[2024-02-26T05:54:24.981-0500] {taskinstance.py:1361} INFO - Starting attempt 1 of 1
[2024-02-26T05:54:24.987-0500] {taskinstance.py:1382} INFO - Executing <Task(PostgresOperator): create_table_customer_purchases> on 2024-02-26 10:54:19.354669+00:00
[2024-02-26T05:54:24.990-0500] {standard_task_runner.py:57} INFO - Started process 76536 to run task
[2024-02-26T05:54:24.993-0500] {standard_task_runner.py:84} INFO - Running: ['airflow', 'tasks', 'run', 'postgres_pipeline', 'create_table_customer_purchases', 'manual__2024-02-26T10:54:19.354669+00:00', '--job-id', '15', '--raw', '--subdir', 'DAGS_FOLDER/postgres_pipeline.py', '--cfg-path', '/var/folders/0j/ct19m_4d33qfzqs3tkf7s7rm0000gq/T/tmpb17fe7oh']
[2024-02-26T05:54:24.994-0500] {standard_task_runner.py:85} INFO - Job 15: Subtask create_table_customer_purchases
[2024-02-26T05:54:25.015-0500] {task_command.py:416} INFO - Running <TaskInstance: postgres_pipeline.create_table_customer_purchases manual__2024-02-26T10:54:19.354669+00:00 [running]> on host venkatasaismbp.mynetworksettings.com
[2024-02-26T05:54:25.038-0500] {taskinstance.py:1662} INFO - Exporting env vars: AIRFLOW_CTX_DAG_OWNER='Venkata' AIRFLOW_CTX_DAG_ID='postgres_pipeline' AIRFLOW_CTX_TASK_ID='create_table_customer_purchases' AIRFLOW_CTX_EXECUTION_DATE='2024-02-26T10:54:19.354669+00:00' AIRFLOW_CTX_TRY_NUMBER='1' AIRFLOW_CTX_DAG_RUN_ID='manual__2024-02-26T10:54:19.354669+00:00'
[2024-02-26T05:54:25.039-0500] {sql.py:274} INFO - Executing: CREATE TABLE IF NOT EXISTS customer_purchases(
    id INTEGER PRIMARY KEY,
    product VARCHAR(100) NOT NULL,
    price INTEGER NOT NULL,
    customer_id INTEGER NOT NULL REFERENCES customers (id)
);
[2024-02-26T05:54:25.041-0500] {base.py:73} INFO - Using connection ID 'postgres_connection' for task execution.
[2024-02-26T05:54:25.121-0500] {base.py:73} INFO - Using connection ID 'postgres_connection' for task execution.
[2024-02-26T05:54:25.160-0500] {sql.py:418} INFO - Running statement: CREATE TABLE IF NOT EXISTS customer_purchases(
    id INTEGER PRIMARY KEY,
    product VARCHAR(100) NOT NULL,
    price INTEGER NOT NULL,
    customer_id INTEGER NOT NULL REFERENCES customers (id)
);, parameters: None
[2024-02-26T05:54:25.164-0500] {taskinstance.py:1400} INFO - Marking task as SUCCESS. dag_id=postgres_pipeline, task_id=create_table_customer_purchases, execution_date=20240226T105419, start_date=20240226T105424, end_date=20240226T105425
[2024-02-26T05:54:25.185-0500] {local_task_job_runner.py:228} INFO - Task exited with return code 0
[2024-02-26T05:54:25.192-0500] {taskinstance.py:2778} INFO - 0 downstream tasks scheduled from follow-on schedule check
