[2024-02-26T06:04:22.935-0500] {taskinstance.py:1159} INFO - Dependencies all met for dep_context=non-requeueable deps ti=<TaskInstance: postgres_pipeline.insert_customers manual__2024-02-26T11:04:18.881162+00:00 [queued]>
[2024-02-26T06:04:22.939-0500] {taskinstance.py:1159} INFO - Dependencies all met for dep_context=requeueable deps ti=<TaskInstance: postgres_pipeline.insert_customers manual__2024-02-26T11:04:18.881162+00:00 [queued]>
[2024-02-26T06:04:22.939-0500] {taskinstance.py:1361} INFO - Starting attempt 1 of 1
[2024-02-26T06:04:22.944-0500] {taskinstance.py:1382} INFO - Executing <Task(PostgresOperator): insert_customers> on 2024-02-26 11:04:18.881162+00:00
[2024-02-26T06:04:22.947-0500] {standard_task_runner.py:57} INFO - Started process 78163 to run task
[2024-02-26T06:04:22.950-0500] {standard_task_runner.py:84} INFO - Running: ['airflow', 'tasks', 'run', 'postgres_pipeline', 'insert_customers', 'manual__2024-02-26T11:04:18.881162+00:00', '--job-id', '18', '--raw', '--subdir', 'DAGS_FOLDER/postgres_pipeline.py', '--cfg-path', '/var/folders/0j/ct19m_4d33qfzqs3tkf7s7rm0000gq/T/tmp08yueb4_']
[2024-02-26T06:04:22.952-0500] {standard_task_runner.py:85} INFO - Job 18: Subtask insert_customers
[2024-02-26T06:04:22.971-0500] {task_command.py:416} INFO - Running <TaskInstance: postgres_pipeline.insert_customers manual__2024-02-26T11:04:18.881162+00:00 [running]> on host venkatasaismbp.mynetworksettings.com
[2024-02-26T06:04:22.996-0500] {taskinstance.py:1662} INFO - Exporting env vars: AIRFLOW_CTX_DAG_OWNER='Venkata' AIRFLOW_CTX_DAG_ID='postgres_pipeline' AIRFLOW_CTX_TASK_ID='insert_customers' AIRFLOW_CTX_EXECUTION_DATE='2024-02-26T11:04:18.881162+00:00' AIRFLOW_CTX_TRY_NUMBER='1' AIRFLOW_CTX_DAG_RUN_ID='manual__2024-02-26T11:04:18.881162+00:00'
[2024-02-26T06:04:22.997-0500] {sql.py:274} INFO - Executing: INSERT INTO customers (id, name) VALUES (1, 'Janice Smith');
INSERT INTO customers (id, name) VALUES (2, 'Ronald Jones');
INSERT INTO customers (id, name) VALUES (3, 'Kiele West');
INSERT INTO customers (id, name) VALUES (4, 'Leonard Cruise');
INSERT INTO customers (id, name) VALUES (5, 'Rihanna Luis');
INSERT INTO customers (id, name) VALUES (6, 'Koma Day-Lewis');
[2024-02-26T06:04:22.999-0500] {base.py:73} INFO - Using connection ID 'postgres_connection' for task execution.
[2024-02-26T06:04:23.080-0500] {base.py:73} INFO - Using connection ID 'postgres_connection' for task execution.
[2024-02-26T06:04:23.112-0500] {sql.py:418} INFO - Running statement: INSERT INTO customers (id, name) VALUES (1, 'Janice Smith');
INSERT INTO customers (id, name) VALUES (2, 'Ronald Jones');
INSERT INTO customers (id, name) VALUES (3, 'Kiele West');
INSERT INTO customers (id, name) VALUES (4, 'Leonard Cruise');
INSERT INTO customers (id, name) VALUES (5, 'Rihanna Luis');
INSERT INTO customers (id, name) VALUES (6, 'Koma Day-Lewis');, parameters: None
[2024-02-26T06:04:23.113-0500] {sql.py:427} INFO - Rows affected: 1
[2024-02-26T06:04:23.117-0500] {taskinstance.py:1400} INFO - Marking task as SUCCESS. dag_id=postgres_pipeline, task_id=insert_customers, execution_date=20240226T110418, start_date=20240226T110422, end_date=20240226T110423
[2024-02-26T06:04:23.147-0500] {local_task_job_runner.py:228} INFO - Task exited with return code 0
[2024-02-26T06:04:23.154-0500] {logging_mixin.py:154} WARNING - /Users/venkatasaisabbineni/Desktop/Airflow_local/airflow_env/lib/python3.11/site-packages/airflow/models/baseoperator.py:1203 AirflowProviderDeprecationWarning: Call to deprecated class PostgresOperator. (Please use `airflow.providers.common.sql.operators.sql.SQLExecuteQueryOperator`.Also, you can provide `hook_params={'schema': <database>}`.)
[2024-02-26T06:04:23.159-0500] {taskinstance.py:2778} INFO - 1 downstream tasks scheduled from follow-on schedule check
