[2024-02-26T04:29:08.437-0500] {processor.py:157} INFO - Started process (PID=62586) to work on /Users/venkatasaisabbineni/Desktop/Airflow_local/airflow_env/lib/python3.11/site-packages/airflow/example_dags/example_branch_datetime_operator.py
[2024-02-26T04:29:08.441-0500] {processor.py:829} INFO - Processing file /Users/venkatasaisabbineni/Desktop/Airflow_local/airflow_env/lib/python3.11/site-packages/airflow/example_dags/example_branch_datetime_operator.py for tasks to queue
[2024-02-26T04:29:08.441-0500] {logging_mixin.py:154} INFO - [2024-02-26T04:29:08.441-0500] {dagbag.py:536} INFO - Filling up the DagBag from /Users/venkatasaisabbineni/Desktop/Airflow_local/airflow_env/lib/python3.11/site-packages/airflow/example_dags/example_branch_datetime_operator.py
[2024-02-26T04:29:08.466-0500] {processor.py:839} INFO - DAG(s) dict_keys(['example_branch_datetime_operator', 'example_branch_datetime_operator_2', 'example_branch_datetime_operator_3']) retrieved from /Users/venkatasaisabbineni/Desktop/Airflow_local/airflow_env/lib/python3.11/site-packages/airflow/example_dags/example_branch_datetime_operator.py
[2024-02-26T04:29:08.573-0500] {logging_mixin.py:154} INFO - [2024-02-26T04:29:08.573-0500] {dag.py:2941} INFO - Sync 3 DAGs
[2024-02-26T04:29:08.584-0500] {logging_mixin.py:154} INFO - [2024-02-26T04:29:08.584-0500] {dag.py:3722} INFO - Setting next_dagrun for example_branch_datetime_operator to 2024-02-25T00:00:00+00:00, run_after=2024-02-26T00:00:00+00:00
[2024-02-26T04:29:08.587-0500] {logging_mixin.py:154} INFO - [2024-02-26T04:29:08.587-0500] {dag.py:3722} INFO - Setting next_dagrun for example_branch_datetime_operator_2 to 2024-02-25T00:00:00+00:00, run_after=2024-02-26T00:00:00+00:00
[2024-02-26T04:29:08.588-0500] {logging_mixin.py:154} INFO - [2024-02-26T04:29:08.588-0500] {dag.py:3722} INFO - Setting next_dagrun for example_branch_datetime_operator_3 to 2024-02-25T00:00:00+00:00, run_after=2024-02-26T00:00:00+00:00
[2024-02-26T04:29:08.599-0500] {processor.py:179} INFO - Processing /Users/venkatasaisabbineni/Desktop/Airflow_local/airflow_env/lib/python3.11/site-packages/airflow/example_dags/example_branch_datetime_operator.py took 0.164 seconds
[2024-02-26T04:30:46.575-0500] {processor.py:157} INFO - Started process (PID=62907) to work on /Users/venkatasaisabbineni/Desktop/Airflow_local/airflow_env/lib/python3.11/site-packages/airflow/example_dags/example_branch_datetime_operator.py
[2024-02-26T04:30:46.577-0500] {processor.py:829} INFO - Processing file /Users/venkatasaisabbineni/Desktop/Airflow_local/airflow_env/lib/python3.11/site-packages/airflow/example_dags/example_branch_datetime_operator.py for tasks to queue
[2024-02-26T04:30:46.578-0500] {logging_mixin.py:154} INFO - [2024-02-26T04:30:46.577-0500] {dagbag.py:536} INFO - Filling up the DagBag from /Users/venkatasaisabbineni/Desktop/Airflow_local/airflow_env/lib/python3.11/site-packages/airflow/example_dags/example_branch_datetime_operator.py
[2024-02-26T04:30:46.596-0500] {processor.py:839} INFO - DAG(s) dict_keys(['example_branch_datetime_operator_2', 'example_branch_datetime_operator_3', 'example_branch_datetime_operator']) retrieved from /Users/venkatasaisabbineni/Desktop/Airflow_local/airflow_env/lib/python3.11/site-packages/airflow/example_dags/example_branch_datetime_operator.py
[2024-02-26T04:30:46.689-0500] {logging_mixin.py:154} INFO - [2024-02-26T04:30:46.688-0500] {dag.py:2941} INFO - Sync 3 DAGs
[2024-02-26T04:30:46.698-0500] {logging_mixin.py:154} INFO - [2024-02-26T04:30:46.698-0500] {dag.py:3722} INFO - Setting next_dagrun for example_branch_datetime_operator to 2024-02-25T00:00:00+00:00, run_after=2024-02-26T00:00:00+00:00
[2024-02-26T04:30:46.700-0500] {logging_mixin.py:154} INFO - [2024-02-26T04:30:46.700-0500] {dag.py:3722} INFO - Setting next_dagrun for example_branch_datetime_operator_2 to 2024-02-25T00:00:00+00:00, run_after=2024-02-26T00:00:00+00:00
[2024-02-26T04:30:46.701-0500] {logging_mixin.py:154} INFO - [2024-02-26T04:30:46.701-0500] {dag.py:3722} INFO - Setting next_dagrun for example_branch_datetime_operator_3 to 2024-02-25T00:00:00+00:00, run_after=2024-02-26T00:00:00+00:00
[2024-02-26T04:30:46.711-0500] {processor.py:179} INFO - Processing /Users/venkatasaisabbineni/Desktop/Airflow_local/airflow_env/lib/python3.11/site-packages/airflow/example_dags/example_branch_datetime_operator.py took 0.137 seconds
[2024-02-26T04:32:29.029-0500] {processor.py:157} INFO - Started process (PID=63208) to work on /Users/venkatasaisabbineni/Desktop/Airflow_local/airflow_env/lib/python3.11/site-packages/airflow/example_dags/example_branch_datetime_operator.py
[2024-02-26T04:32:29.033-0500] {processor.py:829} INFO - Processing file /Users/venkatasaisabbineni/Desktop/Airflow_local/airflow_env/lib/python3.11/site-packages/airflow/example_dags/example_branch_datetime_operator.py for tasks to queue
[2024-02-26T04:32:29.033-0500] {logging_mixin.py:154} INFO - [2024-02-26T04:32:29.033-0500] {dagbag.py:536} INFO - Filling up the DagBag from /Users/venkatasaisabbineni/Desktop/Airflow_local/airflow_env/lib/python3.11/site-packages/airflow/example_dags/example_branch_datetime_operator.py
[2024-02-26T04:32:29.050-0500] {processor.py:839} INFO - DAG(s) dict_keys(['example_branch_datetime_operator', 'example_branch_datetime_operator_3', 'example_branch_datetime_operator_2']) retrieved from /Users/venkatasaisabbineni/Desktop/Airflow_local/airflow_env/lib/python3.11/site-packages/airflow/example_dags/example_branch_datetime_operator.py
[2024-02-26T04:32:29.143-0500] {logging_mixin.py:154} INFO - [2024-02-26T04:32:29.143-0500] {dag.py:2941} INFO - Sync 3 DAGs
[2024-02-26T04:32:29.153-0500] {logging_mixin.py:154} INFO - [2024-02-26T04:32:29.153-0500] {dag.py:3722} INFO - Setting next_dagrun for example_branch_datetime_operator to 2024-02-25T00:00:00+00:00, run_after=2024-02-26T00:00:00+00:00
[2024-02-26T04:32:29.155-0500] {logging_mixin.py:154} INFO - [2024-02-26T04:32:29.155-0500] {dag.py:3722} INFO - Setting next_dagrun for example_branch_datetime_operator_2 to 2024-02-25T00:00:00+00:00, run_after=2024-02-26T00:00:00+00:00
[2024-02-26T04:32:29.156-0500] {logging_mixin.py:154} INFO - [2024-02-26T04:32:29.156-0500] {dag.py:3722} INFO - Setting next_dagrun for example_branch_datetime_operator_3 to 2024-02-25T00:00:00+00:00, run_after=2024-02-26T00:00:00+00:00
[2024-02-26T04:32:29.166-0500] {processor.py:179} INFO - Processing /Users/venkatasaisabbineni/Desktop/Airflow_local/airflow_env/lib/python3.11/site-packages/airflow/example_dags/example_branch_datetime_operator.py took 0.137 seconds
[2024-02-26T04:42:32.144-0500] {processor.py:157} INFO - Started process (PID=65034) to work on /Users/venkatasaisabbineni/Desktop/Airflow_local/airflow_env/lib/python3.11/site-packages/airflow/example_dags/example_branch_datetime_operator.py
[2024-02-26T04:42:32.149-0500] {processor.py:829} INFO - Processing file /Users/venkatasaisabbineni/Desktop/Airflow_local/airflow_env/lib/python3.11/site-packages/airflow/example_dags/example_branch_datetime_operator.py for tasks to queue
[2024-02-26T04:42:32.149-0500] {logging_mixin.py:154} INFO - [2024-02-26T04:42:32.149-0500] {dagbag.py:536} INFO - Filling up the DagBag from /Users/venkatasaisabbineni/Desktop/Airflow_local/airflow_env/lib/python3.11/site-packages/airflow/example_dags/example_branch_datetime_operator.py
[2024-02-26T04:42:32.166-0500] {processor.py:839} INFO - DAG(s) dict_keys(['example_branch_datetime_operator', 'example_branch_datetime_operator_3', 'example_branch_datetime_operator_2']) retrieved from /Users/venkatasaisabbineni/Desktop/Airflow_local/airflow_env/lib/python3.11/site-packages/airflow/example_dags/example_branch_datetime_operator.py
[2024-02-26T04:42:32.592-0500] {logging_mixin.py:154} INFO - [2024-02-26T04:42:32.592-0500] {manager.py:499} INFO - Created Permission View: %s
[2024-02-26T04:42:32.597-0500] {logging_mixin.py:154} INFO - [2024-02-26T04:42:32.597-0500] {manager.py:499} INFO - Created Permission View: %s
[2024-02-26T04:42:32.600-0500] {logging_mixin.py:154} INFO - [2024-02-26T04:42:32.599-0500] {manager.py:499} INFO - Created Permission View: %s
[2024-02-26T04:42:32.606-0500] {logging_mixin.py:154} INFO - [2024-02-26T04:42:32.605-0500] {manager.py:499} INFO - Created Permission View: %s
[2024-02-26T04:42:32.608-0500] {logging_mixin.py:154} INFO - [2024-02-26T04:42:32.608-0500] {manager.py:499} INFO - Created Permission View: %s
[2024-02-26T04:42:32.611-0500] {logging_mixin.py:154} INFO - [2024-02-26T04:42:32.611-0500] {manager.py:499} INFO - Created Permission View: %s
[2024-02-26T04:42:32.617-0500] {logging_mixin.py:154} INFO - [2024-02-26T04:42:32.617-0500] {manager.py:499} INFO - Created Permission View: %s
[2024-02-26T04:42:32.619-0500] {logging_mixin.py:154} INFO - [2024-02-26T04:42:32.619-0500] {manager.py:499} INFO - Created Permission View: %s
[2024-02-26T04:42:32.622-0500] {logging_mixin.py:154} INFO - [2024-02-26T04:42:32.622-0500] {manager.py:499} INFO - Created Permission View: %s
[2024-02-26T04:42:32.622-0500] {logging_mixin.py:154} INFO - [2024-02-26T04:42:32.622-0500] {dag.py:2941} INFO - Sync 3 DAGs
[2024-02-26T04:42:32.627-0500] {logging_mixin.py:154} INFO - [2024-02-26T04:42:32.627-0500] {dag.py:2963} INFO - Creating ORM DAG for example_branch_datetime_operator_3
[2024-02-26T04:42:32.627-0500] {logging_mixin.py:154} INFO - [2024-02-26T04:42:32.627-0500] {dag.py:2963} INFO - Creating ORM DAG for example_branch_datetime_operator_2
[2024-02-26T04:42:32.627-0500] {logging_mixin.py:154} INFO - [2024-02-26T04:42:32.627-0500] {dag.py:2963} INFO - Creating ORM DAG for example_branch_datetime_operator
[2024-02-26T04:42:32.632-0500] {logging_mixin.py:154} INFO - [2024-02-26T04:42:32.632-0500] {dag.py:3722} INFO - Setting next_dagrun for example_branch_datetime_operator to 2024-02-25T00:00:00+00:00, run_after=2024-02-26T00:00:00+00:00
[2024-02-26T04:42:32.633-0500] {logging_mixin.py:154} INFO - [2024-02-26T04:42:32.632-0500] {dag.py:3722} INFO - Setting next_dagrun for example_branch_datetime_operator_2 to 2024-02-25T00:00:00+00:00, run_after=2024-02-26T00:00:00+00:00
[2024-02-26T04:42:32.633-0500] {logging_mixin.py:154} INFO - [2024-02-26T04:42:32.633-0500] {dag.py:3722} INFO - Setting next_dagrun for example_branch_datetime_operator_3 to 2024-02-25T00:00:00+00:00, run_after=2024-02-26T00:00:00+00:00
[2024-02-26T04:42:32.643-0500] {processor.py:179} INFO - Processing /Users/venkatasaisabbineni/Desktop/Airflow_local/airflow_env/lib/python3.11/site-packages/airflow/example_dags/example_branch_datetime_operator.py took 0.499 seconds
