[2024-02-26T04:29:00.626-0500] {processor.py:157} INFO - Started process (PID=62569) to work on /Users/venkatasaisabbineni/Desktop/Airflow_local/airflow_env/lib/python3.11/site-packages/airflow/example_dags/example_branch_python_dop_operator_3.py
[2024-02-26T04:29:00.628-0500] {processor.py:829} INFO - Processing file /Users/venkatasaisabbineni/Desktop/Airflow_local/airflow_env/lib/python3.11/site-packages/airflow/example_dags/example_branch_python_dop_operator_3.py for tasks to queue
[2024-02-26T04:29:00.629-0500] {logging_mixin.py:154} INFO - [2024-02-26T04:29:00.629-0500] {dagbag.py:536} INFO - Filling up the DagBag from /Users/venkatasaisabbineni/Desktop/Airflow_local/airflow_env/lib/python3.11/site-packages/airflow/example_dags/example_branch_python_dop_operator_3.py
[2024-02-26T04:29:00.661-0500] {processor.py:839} INFO - DAG(s) dict_keys(['example_branch_dop_operator_v3']) retrieved from /Users/venkatasaisabbineni/Desktop/Airflow_local/airflow_env/lib/python3.11/site-packages/airflow/example_dags/example_branch_python_dop_operator_3.py
[2024-02-26T04:29:00.744-0500] {logging_mixin.py:154} INFO - [2024-02-26T04:29:00.744-0500] {dag.py:2941} INFO - Sync 1 DAGs
[2024-02-26T04:29:00.757-0500] {logging_mixin.py:154} INFO - [2024-02-26T04:29:00.757-0500] {dag.py:3722} INFO - Setting next_dagrun for example_branch_dop_operator_v3 to 2024-02-26T09:28:00+00:00, run_after=2024-02-26T09:29:00+00:00
[2024-02-26T04:29:00.767-0500] {processor.py:179} INFO - Processing /Users/venkatasaisabbineni/Desktop/Airflow_local/airflow_env/lib/python3.11/site-packages/airflow/example_dags/example_branch_python_dop_operator_3.py took 0.141 seconds
[2024-02-26T04:30:38.924-0500] {processor.py:157} INFO - Started process (PID=62885) to work on /Users/venkatasaisabbineni/Desktop/Airflow_local/airflow_env/lib/python3.11/site-packages/airflow/example_dags/example_branch_python_dop_operator_3.py
[2024-02-26T04:30:38.928-0500] {processor.py:829} INFO - Processing file /Users/venkatasaisabbineni/Desktop/Airflow_local/airflow_env/lib/python3.11/site-packages/airflow/example_dags/example_branch_python_dop_operator_3.py for tasks to queue
[2024-02-26T04:30:38.928-0500] {logging_mixin.py:154} INFO - [2024-02-26T04:30:38.928-0500] {dagbag.py:536} INFO - Filling up the DagBag from /Users/venkatasaisabbineni/Desktop/Airflow_local/airflow_env/lib/python3.11/site-packages/airflow/example_dags/example_branch_python_dop_operator_3.py
[2024-02-26T04:30:39.004-0500] {processor.py:839} INFO - DAG(s) dict_keys(['example_branch_dop_operator_v3']) retrieved from /Users/venkatasaisabbineni/Desktop/Airflow_local/airflow_env/lib/python3.11/site-packages/airflow/example_dags/example_branch_python_dop_operator_3.py
[2024-02-26T04:30:39.155-0500] {logging_mixin.py:154} INFO - [2024-02-26T04:30:39.154-0500] {dag.py:2941} INFO - Sync 1 DAGs
[2024-02-26T04:30:39.169-0500] {logging_mixin.py:154} INFO - [2024-02-26T04:30:39.169-0500] {dag.py:3722} INFO - Setting next_dagrun for example_branch_dop_operator_v3 to 2024-02-26T09:29:00+00:00, run_after=2024-02-26T09:30:00+00:00
[2024-02-26T04:30:39.179-0500] {processor.py:179} INFO - Processing /Users/venkatasaisabbineni/Desktop/Airflow_local/airflow_env/lib/python3.11/site-packages/airflow/example_dags/example_branch_python_dop_operator_3.py took 0.257 seconds
[2024-02-26T04:32:20.819-0500] {processor.py:157} INFO - Started process (PID=63179) to work on /Users/venkatasaisabbineni/Desktop/Airflow_local/airflow_env/lib/python3.11/site-packages/airflow/example_dags/example_branch_python_dop_operator_3.py
[2024-02-26T04:32:20.822-0500] {processor.py:829} INFO - Processing file /Users/venkatasaisabbineni/Desktop/Airflow_local/airflow_env/lib/python3.11/site-packages/airflow/example_dags/example_branch_python_dop_operator_3.py for tasks to queue
[2024-02-26T04:32:20.822-0500] {logging_mixin.py:154} INFO - [2024-02-26T04:32:20.822-0500] {dagbag.py:536} INFO - Filling up the DagBag from /Users/venkatasaisabbineni/Desktop/Airflow_local/airflow_env/lib/python3.11/site-packages/airflow/example_dags/example_branch_python_dop_operator_3.py
[2024-02-26T04:32:20.886-0500] {processor.py:839} INFO - DAG(s) dict_keys(['example_branch_dop_operator_v3']) retrieved from /Users/venkatasaisabbineni/Desktop/Airflow_local/airflow_env/lib/python3.11/site-packages/airflow/example_dags/example_branch_python_dop_operator_3.py
[2024-02-26T04:32:21.031-0500] {logging_mixin.py:154} INFO - [2024-02-26T04:32:21.031-0500] {dag.py:2941} INFO - Sync 1 DAGs
[2024-02-26T04:32:21.052-0500] {logging_mixin.py:154} INFO - [2024-02-26T04:32:21.052-0500] {dag.py:3722} INFO - Setting next_dagrun for example_branch_dop_operator_v3 to 2024-02-26T09:31:00+00:00, run_after=2024-02-26T09:32:00+00:00
[2024-02-26T04:32:21.065-0500] {processor.py:179} INFO - Processing /Users/venkatasaisabbineni/Desktop/Airflow_local/airflow_env/lib/python3.11/site-packages/airflow/example_dags/example_branch_python_dop_operator_3.py took 0.247 seconds
[2024-02-26T04:42:21.177-0500] {processor.py:157} INFO - Started process (PID=64996) to work on /Users/venkatasaisabbineni/Desktop/Airflow_local/airflow_env/lib/python3.11/site-packages/airflow/example_dags/example_branch_python_dop_operator_3.py
[2024-02-26T04:42:21.180-0500] {processor.py:829} INFO - Processing file /Users/venkatasaisabbineni/Desktop/Airflow_local/airflow_env/lib/python3.11/site-packages/airflow/example_dags/example_branch_python_dop_operator_3.py for tasks to queue
[2024-02-26T04:42:21.180-0500] {logging_mixin.py:154} INFO - [2024-02-26T04:42:21.180-0500] {dagbag.py:536} INFO - Filling up the DagBag from /Users/venkatasaisabbineni/Desktop/Airflow_local/airflow_env/lib/python3.11/site-packages/airflow/example_dags/example_branch_python_dop_operator_3.py
[2024-02-26T04:42:21.226-0500] {processor.py:839} INFO - DAG(s) dict_keys(['example_branch_dop_operator_v3']) retrieved from /Users/venkatasaisabbineni/Desktop/Airflow_local/airflow_env/lib/python3.11/site-packages/airflow/example_dags/example_branch_python_dop_operator_3.py
[2024-02-26T04:42:21.653-0500] {logging_mixin.py:154} INFO - [2024-02-26T04:42:21.653-0500] {manager.py:499} INFO - Created Permission View: %s
[2024-02-26T04:42:21.658-0500] {logging_mixin.py:154} INFO - [2024-02-26T04:42:21.658-0500] {manager.py:499} INFO - Created Permission View: %s
[2024-02-26T04:42:21.661-0500] {logging_mixin.py:154} INFO - [2024-02-26T04:42:21.661-0500] {manager.py:499} INFO - Created Permission View: %s
[2024-02-26T04:42:21.661-0500] {logging_mixin.py:154} INFO - [2024-02-26T04:42:21.661-0500] {dag.py:2941} INFO - Sync 1 DAGs
[2024-02-26T04:42:21.666-0500] {logging_mixin.py:154} INFO - [2024-02-26T04:42:21.666-0500] {dag.py:2963} INFO - Creating ORM DAG for example_branch_dop_operator_v3
[2024-02-26T04:42:21.673-0500] {logging_mixin.py:154} INFO - [2024-02-26T04:42:21.673-0500] {dag.py:3722} INFO - Setting next_dagrun for example_branch_dop_operator_v3 to 2024-02-26T09:41:00+00:00, run_after=2024-02-26T09:42:00+00:00
[2024-02-26T04:42:21.682-0500] {processor.py:179} INFO - Processing /Users/venkatasaisabbineni/Desktop/Airflow_local/airflow_env/lib/python3.11/site-packages/airflow/example_dags/example_branch_python_dop_operator_3.py took 0.506 seconds
