[2024-02-26T04:27:09.722-0500] {processor.py:157} INFO - Started process (PID=62244) to work on /Users/venkatasaisabbineni/Desktop/Airflow_local/airflow_env/lib/python3.11/site-packages/airflow/example_dags/example_xcom.py
[2024-02-26T04:27:09.725-0500] {processor.py:829} INFO - Processing file /Users/venkatasaisabbineni/Desktop/Airflow_local/airflow_env/lib/python3.11/site-packages/airflow/example_dags/example_xcom.py for tasks to queue
[2024-02-26T04:27:09.725-0500] {logging_mixin.py:154} INFO - [2024-02-26T04:27:09.725-0500] {dagbag.py:536} INFO - Filling up the DagBag from /Users/venkatasaisabbineni/Desktop/Airflow_local/airflow_env/lib/python3.11/site-packages/airflow/example_dags/example_xcom.py
[2024-02-26T04:27:09.757-0500] {processor.py:839} INFO - DAG(s) dict_keys(['example_xcom']) retrieved from /Users/venkatasaisabbineni/Desktop/Airflow_local/airflow_env/lib/python3.11/site-packages/airflow/example_dags/example_xcom.py
[2024-02-26T04:27:10.157-0500] {logging_mixin.py:154} INFO - [2024-02-26T04:27:10.157-0500] {manager.py:499} INFO - Created Permission View: %s
[2024-02-26T04:27:10.161-0500] {logging_mixin.py:154} INFO - [2024-02-26T04:27:10.161-0500] {manager.py:499} INFO - Created Permission View: %s
[2024-02-26T04:27:10.164-0500] {logging_mixin.py:154} INFO - [2024-02-26T04:27:10.164-0500] {manager.py:499} INFO - Created Permission View: %s
[2024-02-26T04:27:10.165-0500] {logging_mixin.py:154} INFO - [2024-02-26T04:27:10.164-0500] {dag.py:2941} INFO - Sync 1 DAGs
[2024-02-26T04:27:10.169-0500] {logging_mixin.py:154} INFO - [2024-02-26T04:27:10.169-0500] {dag.py:2963} INFO - Creating ORM DAG for example_xcom
[2024-02-26T04:27:10.174-0500] {logging_mixin.py:154} INFO - [2024-02-26T04:27:10.174-0500] {dag.py:3722} INFO - Setting next_dagrun for example_xcom to 2021-01-01T00:00:00+00:00, run_after=2021-01-01T00:00:00+00:00
[2024-02-26T04:27:10.182-0500] {processor.py:179} INFO - Processing /Users/venkatasaisabbineni/Desktop/Airflow_local/airflow_env/lib/python3.11/site-packages/airflow/example_dags/example_xcom.py took 0.461 seconds
[2024-02-26T04:28:06.330-0500] {processor.py:157} INFO - Started process (PID=62413) to work on /Users/venkatasaisabbineni/Desktop/Airflow_local/airflow_env/lib/python3.11/site-packages/airflow/example_dags/example_xcom.py
[2024-02-26T04:28:06.333-0500] {processor.py:829} INFO - Processing file /Users/venkatasaisabbineni/Desktop/Airflow_local/airflow_env/lib/python3.11/site-packages/airflow/example_dags/example_xcom.py for tasks to queue
[2024-02-26T04:28:06.333-0500] {logging_mixin.py:154} INFO - [2024-02-26T04:28:06.333-0500] {dagbag.py:536} INFO - Filling up the DagBag from /Users/venkatasaisabbineni/Desktop/Airflow_local/airflow_env/lib/python3.11/site-packages/airflow/example_dags/example_xcom.py
[2024-02-26T04:28:06.365-0500] {processor.py:839} INFO - DAG(s) dict_keys(['example_xcom']) retrieved from /Users/venkatasaisabbineni/Desktop/Airflow_local/airflow_env/lib/python3.11/site-packages/airflow/example_dags/example_xcom.py
[2024-02-26T04:28:06.385-0500] {logging_mixin.py:154} INFO - [2024-02-26T04:28:06.385-0500] {dag.py:2941} INFO - Sync 1 DAGs
[2024-02-26T04:28:06.429-0500] {logging_mixin.py:154} INFO - [2024-02-26T04:28:06.429-0500] {dag.py:3722} INFO - Setting next_dagrun for example_xcom to 2021-01-01T00:00:00+00:00, run_after=2021-01-01T00:00:00+00:00
[2024-02-26T04:28:06.439-0500] {processor.py:179} INFO - Processing /Users/venkatasaisabbineni/Desktop/Airflow_local/airflow_env/lib/python3.11/site-packages/airflow/example_dags/example_xcom.py took 0.109 seconds
[2024-02-26T04:29:26.797-0500] {processor.py:157} INFO - Started process (PID=62640) to work on /Users/venkatasaisabbineni/Desktop/Airflow_local/airflow_env/lib/python3.11/site-packages/airflow/example_dags/example_xcom.py
[2024-02-26T04:29:26.803-0500] {processor.py:829} INFO - Processing file /Users/venkatasaisabbineni/Desktop/Airflow_local/airflow_env/lib/python3.11/site-packages/airflow/example_dags/example_xcom.py for tasks to queue
[2024-02-26T04:29:26.805-0500] {logging_mixin.py:154} INFO - [2024-02-26T04:29:26.805-0500] {dagbag.py:536} INFO - Filling up the DagBag from /Users/venkatasaisabbineni/Desktop/Airflow_local/airflow_env/lib/python3.11/site-packages/airflow/example_dags/example_xcom.py
[2024-02-26T04:29:26.890-0500] {processor.py:839} INFO - DAG(s) dict_keys(['example_xcom']) retrieved from /Users/venkatasaisabbineni/Desktop/Airflow_local/airflow_env/lib/python3.11/site-packages/airflow/example_dags/example_xcom.py
[2024-02-26T04:29:27.124-0500] {logging_mixin.py:154} INFO - [2024-02-26T04:29:27.124-0500] {dag.py:2941} INFO - Sync 1 DAGs
[2024-02-26T04:29:27.138-0500] {logging_mixin.py:154} INFO - [2024-02-26T04:29:27.138-0500] {dag.py:3722} INFO - Setting next_dagrun for example_xcom to 2021-01-01T00:00:00+00:00, run_after=2021-01-01T00:00:00+00:00
[2024-02-26T04:29:27.165-0500] {processor.py:179} INFO - Processing /Users/venkatasaisabbineni/Desktop/Airflow_local/airflow_env/lib/python3.11/site-packages/airflow/example_dags/example_xcom.py took 0.372 seconds
[2024-02-26T04:30:15.775-0500] {processor.py:157} INFO - Started process (PID=62796) to work on /Users/venkatasaisabbineni/Desktop/Airflow_local/airflow_env/lib/python3.11/site-packages/airflow/example_dags/example_xcom.py
[2024-02-26T04:30:15.777-0500] {processor.py:829} INFO - Processing file /Users/venkatasaisabbineni/Desktop/Airflow_local/airflow_env/lib/python3.11/site-packages/airflow/example_dags/example_xcom.py for tasks to queue
[2024-02-26T04:30:15.777-0500] {logging_mixin.py:154} INFO - [2024-02-26T04:30:15.777-0500] {dagbag.py:536} INFO - Filling up the DagBag from /Users/venkatasaisabbineni/Desktop/Airflow_local/airflow_env/lib/python3.11/site-packages/airflow/example_dags/example_xcom.py
[2024-02-26T04:30:15.823-0500] {processor.py:839} INFO - DAG(s) dict_keys(['example_xcom']) retrieved from /Users/venkatasaisabbineni/Desktop/Airflow_local/airflow_env/lib/python3.11/site-packages/airflow/example_dags/example_xcom.py
[2024-02-26T04:30:15.951-0500] {logging_mixin.py:154} INFO - [2024-02-26T04:30:15.951-0500] {dag.py:2941} INFO - Sync 1 DAGs
[2024-02-26T04:30:15.964-0500] {logging_mixin.py:154} INFO - [2024-02-26T04:30:15.963-0500] {dag.py:3722} INFO - Setting next_dagrun for example_xcom to 2021-01-01T00:00:00+00:00, run_after=2021-01-01T00:00:00+00:00
[2024-02-26T04:30:15.975-0500] {processor.py:179} INFO - Processing /Users/venkatasaisabbineni/Desktop/Airflow_local/airflow_env/lib/python3.11/site-packages/airflow/example_dags/example_xcom.py took 0.201 seconds
[2024-02-26T04:31:06.685-0500] {processor.py:157} INFO - Started process (PID=62962) to work on /Users/venkatasaisabbineni/Desktop/Airflow_local/airflow_env/lib/python3.11/site-packages/airflow/example_dags/example_xcom.py
[2024-02-26T04:31:06.687-0500] {processor.py:829} INFO - Processing file /Users/venkatasaisabbineni/Desktop/Airflow_local/airflow_env/lib/python3.11/site-packages/airflow/example_dags/example_xcom.py for tasks to queue
[2024-02-26T04:31:06.688-0500] {logging_mixin.py:154} INFO - [2024-02-26T04:31:06.688-0500] {dagbag.py:536} INFO - Filling up the DagBag from /Users/venkatasaisabbineni/Desktop/Airflow_local/airflow_env/lib/python3.11/site-packages/airflow/example_dags/example_xcom.py
[2024-02-26T04:31:06.720-0500] {processor.py:839} INFO - DAG(s) dict_keys(['example_xcom']) retrieved from /Users/venkatasaisabbineni/Desktop/Airflow_local/airflow_env/lib/python3.11/site-packages/airflow/example_dags/example_xcom.py
[2024-02-26T04:31:06.806-0500] {logging_mixin.py:154} INFO - [2024-02-26T04:31:06.806-0500] {dag.py:2941} INFO - Sync 1 DAGs
[2024-02-26T04:31:06.814-0500] {logging_mixin.py:154} INFO - [2024-02-26T04:31:06.814-0500] {dag.py:3722} INFO - Setting next_dagrun for example_xcom to 2021-01-01T00:00:00+00:00, run_after=2021-01-01T00:00:00+00:00
[2024-02-26T04:31:06.824-0500] {processor.py:179} INFO - Processing /Users/venkatasaisabbineni/Desktop/Airflow_local/airflow_env/lib/python3.11/site-packages/airflow/example_dags/example_xcom.py took 0.139 seconds
[2024-02-26T04:31:56.626-0500] {processor.py:157} INFO - Started process (PID=63112) to work on /Users/venkatasaisabbineni/Desktop/Airflow_local/airflow_env/lib/python3.11/site-packages/airflow/example_dags/example_xcom.py
[2024-02-26T04:31:56.629-0500] {processor.py:829} INFO - Processing file /Users/venkatasaisabbineni/Desktop/Airflow_local/airflow_env/lib/python3.11/site-packages/airflow/example_dags/example_xcom.py for tasks to queue
[2024-02-26T04:31:56.629-0500] {logging_mixin.py:154} INFO - [2024-02-26T04:31:56.629-0500] {dagbag.py:536} INFO - Filling up the DagBag from /Users/venkatasaisabbineni/Desktop/Airflow_local/airflow_env/lib/python3.11/site-packages/airflow/example_dags/example_xcom.py
[2024-02-26T04:31:56.666-0500] {processor.py:839} INFO - DAG(s) dict_keys(['example_xcom']) retrieved from /Users/venkatasaisabbineni/Desktop/Airflow_local/airflow_env/lib/python3.11/site-packages/airflow/example_dags/example_xcom.py
[2024-02-26T04:31:56.751-0500] {logging_mixin.py:154} INFO - [2024-02-26T04:31:56.750-0500] {dag.py:2941} INFO - Sync 1 DAGs
[2024-02-26T04:31:56.759-0500] {logging_mixin.py:154} INFO - [2024-02-26T04:31:56.759-0500] {dag.py:3722} INFO - Setting next_dagrun for example_xcom to 2021-01-01T00:00:00+00:00, run_after=2021-01-01T00:00:00+00:00
[2024-02-26T04:31:56.768-0500] {processor.py:179} INFO - Processing /Users/venkatasaisabbineni/Desktop/Airflow_local/airflow_env/lib/python3.11/site-packages/airflow/example_dags/example_xcom.py took 0.143 seconds
[2024-02-26T04:32:49.170-0500] {processor.py:157} INFO - Started process (PID=63315) to work on /Users/venkatasaisabbineni/Desktop/Airflow_local/airflow_env/lib/python3.11/site-packages/airflow/example_dags/example_xcom.py
[2024-02-26T04:32:49.174-0500] {processor.py:829} INFO - Processing file /Users/venkatasaisabbineni/Desktop/Airflow_local/airflow_env/lib/python3.11/site-packages/airflow/example_dags/example_xcom.py for tasks to queue
[2024-02-26T04:32:49.175-0500] {logging_mixin.py:154} INFO - [2024-02-26T04:32:49.175-0500] {dagbag.py:536} INFO - Filling up the DagBag from /Users/venkatasaisabbineni/Desktop/Airflow_local/airflow_env/lib/python3.11/site-packages/airflow/example_dags/example_xcom.py
[2024-02-26T04:32:49.207-0500] {processor.py:839} INFO - DAG(s) dict_keys(['example_xcom']) retrieved from /Users/venkatasaisabbineni/Desktop/Airflow_local/airflow_env/lib/python3.11/site-packages/airflow/example_dags/example_xcom.py
[2024-02-26T04:32:49.292-0500] {logging_mixin.py:154} INFO - [2024-02-26T04:32:49.291-0500] {dag.py:2941} INFO - Sync 1 DAGs
[2024-02-26T04:32:49.300-0500] {logging_mixin.py:154} INFO - [2024-02-26T04:32:49.300-0500] {dag.py:3722} INFO - Setting next_dagrun for example_xcom to 2021-01-01T00:00:00+00:00, run_after=2021-01-01T00:00:00+00:00
[2024-02-26T04:32:49.310-0500] {processor.py:179} INFO - Processing /Users/venkatasaisabbineni/Desktop/Airflow_local/airflow_env/lib/python3.11/site-packages/airflow/example_dags/example_xcom.py took 0.141 seconds
[2024-02-26T04:33:41.466-0500] {processor.py:157} INFO - Started process (PID=63490) to work on /Users/venkatasaisabbineni/Desktop/Airflow_local/airflow_env/lib/python3.11/site-packages/airflow/example_dags/example_xcom.py
[2024-02-26T04:33:41.469-0500] {processor.py:829} INFO - Processing file /Users/venkatasaisabbineni/Desktop/Airflow_local/airflow_env/lib/python3.11/site-packages/airflow/example_dags/example_xcom.py for tasks to queue
[2024-02-26T04:33:41.469-0500] {logging_mixin.py:154} INFO - [2024-02-26T04:33:41.469-0500] {dagbag.py:536} INFO - Filling up the DagBag from /Users/venkatasaisabbineni/Desktop/Airflow_local/airflow_env/lib/python3.11/site-packages/airflow/example_dags/example_xcom.py
[2024-02-26T04:33:41.502-0500] {processor.py:839} INFO - DAG(s) dict_keys(['example_xcom']) retrieved from /Users/venkatasaisabbineni/Desktop/Airflow_local/airflow_env/lib/python3.11/site-packages/airflow/example_dags/example_xcom.py
[2024-02-26T04:33:41.521-0500] {logging_mixin.py:154} INFO - [2024-02-26T04:33:41.521-0500] {dag.py:2941} INFO - Sync 1 DAGs
[2024-02-26T04:33:41.565-0500] {logging_mixin.py:154} INFO - [2024-02-26T04:33:41.565-0500] {dag.py:3722} INFO - Setting next_dagrun for example_xcom to 2021-01-01T00:00:00+00:00, run_after=2021-01-01T00:00:00+00:00
[2024-02-26T04:33:41.577-0500] {processor.py:179} INFO - Processing /Users/venkatasaisabbineni/Desktop/Airflow_local/airflow_env/lib/python3.11/site-packages/airflow/example_dags/example_xcom.py took 0.111 seconds
[2024-02-26T04:37:23.494-0500] {processor.py:157} INFO - Started process (PID=64141) to work on /Users/venkatasaisabbineni/Desktop/Airflow_local/airflow_env/lib/python3.11/site-packages/airflow/example_dags/example_xcom.py
[2024-02-26T04:37:23.497-0500] {processor.py:829} INFO - Processing file /Users/venkatasaisabbineni/Desktop/Airflow_local/airflow_env/lib/python3.11/site-packages/airflow/example_dags/example_xcom.py for tasks to queue
[2024-02-26T04:37:23.498-0500] {logging_mixin.py:154} INFO - [2024-02-26T04:37:23.497-0500] {dagbag.py:536} INFO - Filling up the DagBag from /Users/venkatasaisabbineni/Desktop/Airflow_local/airflow_env/lib/python3.11/site-packages/airflow/example_dags/example_xcom.py
[2024-02-26T04:37:23.530-0500] {processor.py:839} INFO - DAG(s) dict_keys(['example_xcom']) retrieved from /Users/venkatasaisabbineni/Desktop/Airflow_local/airflow_env/lib/python3.11/site-packages/airflow/example_dags/example_xcom.py
[2024-02-26T04:37:23.549-0500] {logging_mixin.py:154} INFO - [2024-02-26T04:37:23.549-0500] {dag.py:2941} INFO - Sync 1 DAGs
[2024-02-26T04:37:23.594-0500] {logging_mixin.py:154} INFO - [2024-02-26T04:37:23.593-0500] {dag.py:3722} INFO - Setting next_dagrun for example_xcom to 2021-01-01T00:00:00+00:00, run_after=2021-01-01T00:00:00+00:00
[2024-02-26T04:37:23.604-0500] {processor.py:179} INFO - Processing /Users/venkatasaisabbineni/Desktop/Airflow_local/airflow_env/lib/python3.11/site-packages/airflow/example_dags/example_xcom.py took 0.111 seconds
[2024-02-26T04:38:35.733-0500] {processor.py:157} INFO - Started process (PID=64376) to work on /Users/venkatasaisabbineni/Desktop/Airflow_local/airflow_env/lib/python3.11/site-packages/airflow/example_dags/example_xcom.py
[2024-02-26T04:38:35.737-0500] {processor.py:829} INFO - Processing file /Users/venkatasaisabbineni/Desktop/Airflow_local/airflow_env/lib/python3.11/site-packages/airflow/example_dags/example_xcom.py for tasks to queue
[2024-02-26T04:38:35.737-0500] {logging_mixin.py:154} INFO - [2024-02-26T04:38:35.737-0500] {dagbag.py:536} INFO - Filling up the DagBag from /Users/venkatasaisabbineni/Desktop/Airflow_local/airflow_env/lib/python3.11/site-packages/airflow/example_dags/example_xcom.py
[2024-02-26T04:38:35.769-0500] {processor.py:839} INFO - DAG(s) dict_keys(['example_xcom']) retrieved from /Users/venkatasaisabbineni/Desktop/Airflow_local/airflow_env/lib/python3.11/site-packages/airflow/example_dags/example_xcom.py
[2024-02-26T04:38:35.789-0500] {logging_mixin.py:154} INFO - [2024-02-26T04:38:35.789-0500] {dag.py:2941} INFO - Sync 1 DAGs
[2024-02-26T04:38:35.833-0500] {logging_mixin.py:154} INFO - [2024-02-26T04:38:35.833-0500] {dag.py:3722} INFO - Setting next_dagrun for example_xcom to 2021-01-01T00:00:00+00:00, run_after=2021-01-01T00:00:00+00:00
[2024-02-26T04:38:35.845-0500] {processor.py:179} INFO - Processing /Users/venkatasaisabbineni/Desktop/Airflow_local/airflow_env/lib/python3.11/site-packages/airflow/example_dags/example_xcom.py took 0.113 seconds
[2024-02-26T04:41:20.473-0500] {processor.py:157} INFO - Started process (PID=64814) to work on /Users/venkatasaisabbineni/Desktop/Airflow_local/airflow_env/lib/python3.11/site-packages/airflow/example_dags/example_xcom.py
[2024-02-26T04:41:20.476-0500] {processor.py:829} INFO - Processing file /Users/venkatasaisabbineni/Desktop/Airflow_local/airflow_env/lib/python3.11/site-packages/airflow/example_dags/example_xcom.py for tasks to queue
[2024-02-26T04:41:20.477-0500] {logging_mixin.py:154} INFO - [2024-02-26T04:41:20.477-0500] {dagbag.py:536} INFO - Filling up the DagBag from /Users/venkatasaisabbineni/Desktop/Airflow_local/airflow_env/lib/python3.11/site-packages/airflow/example_dags/example_xcom.py
[2024-02-26T04:41:20.509-0500] {processor.py:839} INFO - DAG(s) dict_keys(['example_xcom']) retrieved from /Users/venkatasaisabbineni/Desktop/Airflow_local/airflow_env/lib/python3.11/site-packages/airflow/example_dags/example_xcom.py
[2024-02-26T04:41:20.949-0500] {logging_mixin.py:154} INFO - [2024-02-26T04:41:20.949-0500] {manager.py:499} INFO - Created Permission View: %s
[2024-02-26T04:41:20.953-0500] {logging_mixin.py:154} INFO - [2024-02-26T04:41:20.953-0500] {manager.py:499} INFO - Created Permission View: %s
[2024-02-26T04:41:20.956-0500] {logging_mixin.py:154} INFO - [2024-02-26T04:41:20.956-0500] {manager.py:499} INFO - Created Permission View: %s
[2024-02-26T04:41:20.956-0500] {logging_mixin.py:154} INFO - [2024-02-26T04:41:20.956-0500] {dag.py:2941} INFO - Sync 1 DAGs
[2024-02-26T04:41:20.961-0500] {logging_mixin.py:154} INFO - [2024-02-26T04:41:20.961-0500] {dag.py:2963} INFO - Creating ORM DAG for example_xcom
[2024-02-26T04:41:20.966-0500] {logging_mixin.py:154} INFO - [2024-02-26T04:41:20.966-0500] {dag.py:3722} INFO - Setting next_dagrun for example_xcom to 2021-01-01T00:00:00+00:00, run_after=2021-01-01T00:00:00+00:00
[2024-02-26T04:41:20.975-0500] {processor.py:179} INFO - Processing /Users/venkatasaisabbineni/Desktop/Airflow_local/airflow_env/lib/python3.11/site-packages/airflow/example_dags/example_xcom.py took 0.503 seconds
[2024-02-26T04:42:52.013-0500] {processor.py:157} INFO - Started process (PID=65090) to work on /Users/venkatasaisabbineni/Desktop/Airflow_local/airflow_env/lib/python3.11/site-packages/airflow/example_dags/example_xcom.py
[2024-02-26T04:42:52.016-0500] {processor.py:829} INFO - Processing file /Users/venkatasaisabbineni/Desktop/Airflow_local/airflow_env/lib/python3.11/site-packages/airflow/example_dags/example_xcom.py for tasks to queue
[2024-02-26T04:42:52.017-0500] {logging_mixin.py:154} INFO - [2024-02-26T04:42:52.017-0500] {dagbag.py:536} INFO - Filling up the DagBag from /Users/venkatasaisabbineni/Desktop/Airflow_local/airflow_env/lib/python3.11/site-packages/airflow/example_dags/example_xcom.py
[2024-02-26T04:42:52.049-0500] {processor.py:839} INFO - DAG(s) dict_keys(['example_xcom']) retrieved from /Users/venkatasaisabbineni/Desktop/Airflow_local/airflow_env/lib/python3.11/site-packages/airflow/example_dags/example_xcom.py
[2024-02-26T04:42:52.137-0500] {logging_mixin.py:154} INFO - [2024-02-26T04:42:52.137-0500] {dag.py:2941} INFO - Sync 1 DAGs
[2024-02-26T04:42:52.146-0500] {logging_mixin.py:154} INFO - [2024-02-26T04:42:52.145-0500] {dag.py:3722} INFO - Setting next_dagrun for example_xcom to 2021-01-01T00:00:00+00:00, run_after=2021-01-01T00:00:00+00:00
[2024-02-26T04:42:52.155-0500] {processor.py:179} INFO - Processing /Users/venkatasaisabbineni/Desktop/Airflow_local/airflow_env/lib/python3.11/site-packages/airflow/example_dags/example_xcom.py took 0.143 seconds
