[2024-02-26T04:27:12.021-0500] {processor.py:157} INFO - Started process (PID=62249) to work on /Users/venkatasaisabbineni/Desktop/Airflow_local/airflow_env/lib/python3.11/site-packages/airflow/example_dags/example_trigger_target_dag.py
[2024-02-26T04:27:12.024-0500] {processor.py:829} INFO - Processing file /Users/venkatasaisabbineni/Desktop/Airflow_local/airflow_env/lib/python3.11/site-packages/airflow/example_dags/example_trigger_target_dag.py for tasks to queue
[2024-02-26T04:27:12.024-0500] {logging_mixin.py:154} INFO - [2024-02-26T04:27:12.024-0500] {dagbag.py:536} INFO - Filling up the DagBag from /Users/venkatasaisabbineni/Desktop/Airflow_local/airflow_env/lib/python3.11/site-packages/airflow/example_dags/example_trigger_target_dag.py
[2024-02-26T04:27:12.056-0500] {processor.py:839} INFO - DAG(s) dict_keys(['example_trigger_target_dag']) retrieved from /Users/venkatasaisabbineni/Desktop/Airflow_local/airflow_env/lib/python3.11/site-packages/airflow/example_dags/example_trigger_target_dag.py
[2024-02-26T04:27:12.540-0500] {logging_mixin.py:154} INFO - [2024-02-26T04:27:12.540-0500] {manager.py:499} INFO - Created Permission View: %s
[2024-02-26T04:27:12.545-0500] {logging_mixin.py:154} INFO - [2024-02-26T04:27:12.545-0500] {manager.py:499} INFO - Created Permission View: %s
[2024-02-26T04:27:12.548-0500] {logging_mixin.py:154} INFO - [2024-02-26T04:27:12.548-0500] {manager.py:499} INFO - Created Permission View: %s
[2024-02-26T04:27:12.548-0500] {logging_mixin.py:154} INFO - [2024-02-26T04:27:12.548-0500] {dag.py:2941} INFO - Sync 1 DAGs
[2024-02-26T04:27:12.553-0500] {logging_mixin.py:154} INFO - [2024-02-26T04:27:12.553-0500] {dag.py:2963} INFO - Creating ORM DAG for example_trigger_target_dag
[2024-02-26T04:27:12.554-0500] {logging_mixin.py:154} INFO - [2024-02-26T04:27:12.553-0500] {dag.py:3722} INFO - Setting next_dagrun for example_trigger_target_dag to None, run_after=None
[2024-02-26T04:27:12.564-0500] {processor.py:179} INFO - Processing /Users/venkatasaisabbineni/Desktop/Airflow_local/airflow_env/lib/python3.11/site-packages/airflow/example_dags/example_trigger_target_dag.py took 0.543 seconds
[2024-02-26T04:28:08.174-0500] {processor.py:157} INFO - Started process (PID=62418) to work on /Users/venkatasaisabbineni/Desktop/Airflow_local/airflow_env/lib/python3.11/site-packages/airflow/example_dags/example_trigger_target_dag.py
[2024-02-26T04:28:08.177-0500] {processor.py:829} INFO - Processing file /Users/venkatasaisabbineni/Desktop/Airflow_local/airflow_env/lib/python3.11/site-packages/airflow/example_dags/example_trigger_target_dag.py for tasks to queue
[2024-02-26T04:28:08.177-0500] {logging_mixin.py:154} INFO - [2024-02-26T04:28:08.177-0500] {dagbag.py:536} INFO - Filling up the DagBag from /Users/venkatasaisabbineni/Desktop/Airflow_local/airflow_env/lib/python3.11/site-packages/airflow/example_dags/example_trigger_target_dag.py
[2024-02-26T04:28:08.208-0500] {processor.py:839} INFO - DAG(s) dict_keys(['example_trigger_target_dag']) retrieved from /Users/venkatasaisabbineni/Desktop/Airflow_local/airflow_env/lib/python3.11/site-packages/airflow/example_dags/example_trigger_target_dag.py
[2024-02-26T04:28:08.227-0500] {logging_mixin.py:154} INFO - [2024-02-26T04:28:08.227-0500] {dag.py:2941} INFO - Sync 1 DAGs
[2024-02-26T04:28:08.267-0500] {logging_mixin.py:154} INFO - [2024-02-26T04:28:08.267-0500] {dag.py:3722} INFO - Setting next_dagrun for example_trigger_target_dag to None, run_after=None
[2024-02-26T04:28:08.277-0500] {processor.py:179} INFO - Processing /Users/venkatasaisabbineni/Desktop/Airflow_local/airflow_env/lib/python3.11/site-packages/airflow/example_dags/example_trigger_target_dag.py took 0.104 seconds
[2024-02-26T04:29:29.043-0500] {processor.py:157} INFO - Started process (PID=62651) to work on /Users/venkatasaisabbineni/Desktop/Airflow_local/airflow_env/lib/python3.11/site-packages/airflow/example_dags/example_trigger_target_dag.py
[2024-02-26T04:29:29.045-0500] {processor.py:829} INFO - Processing file /Users/venkatasaisabbineni/Desktop/Airflow_local/airflow_env/lib/python3.11/site-packages/airflow/example_dags/example_trigger_target_dag.py for tasks to queue
[2024-02-26T04:29:29.046-0500] {logging_mixin.py:154} INFO - [2024-02-26T04:29:29.046-0500] {dagbag.py:536} INFO - Filling up the DagBag from /Users/venkatasaisabbineni/Desktop/Airflow_local/airflow_env/lib/python3.11/site-packages/airflow/example_dags/example_trigger_target_dag.py
[2024-02-26T04:29:29.083-0500] {processor.py:839} INFO - DAG(s) dict_keys(['example_trigger_target_dag']) retrieved from /Users/venkatasaisabbineni/Desktop/Airflow_local/airflow_env/lib/python3.11/site-packages/airflow/example_dags/example_trigger_target_dag.py
[2024-02-26T04:29:29.168-0500] {logging_mixin.py:154} INFO - [2024-02-26T04:29:29.168-0500] {dag.py:2941} INFO - Sync 1 DAGs
[2024-02-26T04:29:29.173-0500] {logging_mixin.py:154} INFO - [2024-02-26T04:29:29.173-0500] {dag.py:3722} INFO - Setting next_dagrun for example_trigger_target_dag to None, run_after=None
[2024-02-26T04:29:29.183-0500] {processor.py:179} INFO - Processing /Users/venkatasaisabbineni/Desktop/Airflow_local/airflow_env/lib/python3.11/site-packages/airflow/example_dags/example_trigger_target_dag.py took 0.141 seconds
[2024-02-26T04:31:08.569-0500] {processor.py:157} INFO - Started process (PID=62967) to work on /Users/venkatasaisabbineni/Desktop/Airflow_local/airflow_env/lib/python3.11/site-packages/airflow/example_dags/example_trigger_target_dag.py
[2024-02-26T04:31:08.572-0500] {processor.py:829} INFO - Processing file /Users/venkatasaisabbineni/Desktop/Airflow_local/airflow_env/lib/python3.11/site-packages/airflow/example_dags/example_trigger_target_dag.py for tasks to queue
[2024-02-26T04:31:08.572-0500] {logging_mixin.py:154} INFO - [2024-02-26T04:31:08.572-0500] {dagbag.py:536} INFO - Filling up the DagBag from /Users/venkatasaisabbineni/Desktop/Airflow_local/airflow_env/lib/python3.11/site-packages/airflow/example_dags/example_trigger_target_dag.py
[2024-02-26T04:31:08.603-0500] {processor.py:839} INFO - DAG(s) dict_keys(['example_trigger_target_dag']) retrieved from /Users/venkatasaisabbineni/Desktop/Airflow_local/airflow_env/lib/python3.11/site-packages/airflow/example_dags/example_trigger_target_dag.py
[2024-02-26T04:31:08.692-0500] {logging_mixin.py:154} INFO - [2024-02-26T04:31:08.692-0500] {dag.py:2941} INFO - Sync 1 DAGs
[2024-02-26T04:31:08.697-0500] {logging_mixin.py:154} INFO - [2024-02-26T04:31:08.697-0500] {dag.py:3722} INFO - Setting next_dagrun for example_trigger_target_dag to None, run_after=None
[2024-02-26T04:31:08.706-0500] {processor.py:179} INFO - Processing /Users/venkatasaisabbineni/Desktop/Airflow_local/airflow_env/lib/python3.11/site-packages/airflow/example_dags/example_trigger_target_dag.py took 0.138 seconds
[2024-02-26T04:31:58.512-0500] {processor.py:157} INFO - Started process (PID=63117) to work on /Users/venkatasaisabbineni/Desktop/Airflow_local/airflow_env/lib/python3.11/site-packages/airflow/example_dags/example_trigger_target_dag.py
[2024-02-26T04:31:58.514-0500] {processor.py:829} INFO - Processing file /Users/venkatasaisabbineni/Desktop/Airflow_local/airflow_env/lib/python3.11/site-packages/airflow/example_dags/example_trigger_target_dag.py for tasks to queue
[2024-02-26T04:31:58.515-0500] {logging_mixin.py:154} INFO - [2024-02-26T04:31:58.514-0500] {dagbag.py:536} INFO - Filling up the DagBag from /Users/venkatasaisabbineni/Desktop/Airflow_local/airflow_env/lib/python3.11/site-packages/airflow/example_dags/example_trigger_target_dag.py
[2024-02-26T04:31:58.547-0500] {processor.py:839} INFO - DAG(s) dict_keys(['example_trigger_target_dag']) retrieved from /Users/venkatasaisabbineni/Desktop/Airflow_local/airflow_env/lib/python3.11/site-packages/airflow/example_dags/example_trigger_target_dag.py
[2024-02-26T04:31:58.631-0500] {logging_mixin.py:154} INFO - [2024-02-26T04:31:58.631-0500] {dag.py:2941} INFO - Sync 1 DAGs
[2024-02-26T04:31:58.636-0500] {logging_mixin.py:154} INFO - [2024-02-26T04:31:58.636-0500] {dag.py:3722} INFO - Setting next_dagrun for example_trigger_target_dag to None, run_after=None
[2024-02-26T04:31:58.646-0500] {processor.py:179} INFO - Processing /Users/venkatasaisabbineni/Desktop/Airflow_local/airflow_env/lib/python3.11/site-packages/airflow/example_dags/example_trigger_target_dag.py took 0.136 seconds
[2024-02-26T04:32:51.063-0500] {processor.py:157} INFO - Started process (PID=63322) to work on /Users/venkatasaisabbineni/Desktop/Airflow_local/airflow_env/lib/python3.11/site-packages/airflow/example_dags/example_trigger_target_dag.py
[2024-02-26T04:32:51.065-0500] {processor.py:829} INFO - Processing file /Users/venkatasaisabbineni/Desktop/Airflow_local/airflow_env/lib/python3.11/site-packages/airflow/example_dags/example_trigger_target_dag.py for tasks to queue
[2024-02-26T04:32:51.065-0500] {logging_mixin.py:154} INFO - [2024-02-26T04:32:51.065-0500] {dagbag.py:536} INFO - Filling up the DagBag from /Users/venkatasaisabbineni/Desktop/Airflow_local/airflow_env/lib/python3.11/site-packages/airflow/example_dags/example_trigger_target_dag.py
[2024-02-26T04:32:51.096-0500] {processor.py:839} INFO - DAG(s) dict_keys(['example_trigger_target_dag']) retrieved from /Users/venkatasaisabbineni/Desktop/Airflow_local/airflow_env/lib/python3.11/site-packages/airflow/example_dags/example_trigger_target_dag.py
[2024-02-26T04:32:51.181-0500] {logging_mixin.py:154} INFO - [2024-02-26T04:32:51.181-0500] {dag.py:2941} INFO - Sync 1 DAGs
[2024-02-26T04:32:51.186-0500] {logging_mixin.py:154} INFO - [2024-02-26T04:32:51.186-0500] {dag.py:3722} INFO - Setting next_dagrun for example_trigger_target_dag to None, run_after=None
[2024-02-26T04:32:51.195-0500] {processor.py:179} INFO - Processing /Users/venkatasaisabbineni/Desktop/Airflow_local/airflow_env/lib/python3.11/site-packages/airflow/example_dags/example_trigger_target_dag.py took 0.133 seconds
[2024-02-26T04:33:43.327-0500] {processor.py:157} INFO - Started process (PID=63495) to work on /Users/venkatasaisabbineni/Desktop/Airflow_local/airflow_env/lib/python3.11/site-packages/airflow/example_dags/example_trigger_target_dag.py
[2024-02-26T04:33:43.331-0500] {processor.py:829} INFO - Processing file /Users/venkatasaisabbineni/Desktop/Airflow_local/airflow_env/lib/python3.11/site-packages/airflow/example_dags/example_trigger_target_dag.py for tasks to queue
[2024-02-26T04:33:43.331-0500] {logging_mixin.py:154} INFO - [2024-02-26T04:33:43.331-0500] {dagbag.py:536} INFO - Filling up the DagBag from /Users/venkatasaisabbineni/Desktop/Airflow_local/airflow_env/lib/python3.11/site-packages/airflow/example_dags/example_trigger_target_dag.py
[2024-02-26T04:33:43.362-0500] {processor.py:839} INFO - DAG(s) dict_keys(['example_trigger_target_dag']) retrieved from /Users/venkatasaisabbineni/Desktop/Airflow_local/airflow_env/lib/python3.11/site-packages/airflow/example_dags/example_trigger_target_dag.py
[2024-02-26T04:33:43.381-0500] {logging_mixin.py:154} INFO - [2024-02-26T04:33:43.381-0500] {dag.py:2941} INFO - Sync 1 DAGs
[2024-02-26T04:33:43.422-0500] {logging_mixin.py:154} INFO - [2024-02-26T04:33:43.422-0500] {dag.py:3722} INFO - Setting next_dagrun for example_trigger_target_dag to None, run_after=None
[2024-02-26T04:33:43.434-0500] {processor.py:179} INFO - Processing /Users/venkatasaisabbineni/Desktop/Airflow_local/airflow_env/lib/python3.11/site-packages/airflow/example_dags/example_trigger_target_dag.py took 0.107 seconds
[2024-02-26T04:37:25.345-0500] {processor.py:157} INFO - Started process (PID=64146) to work on /Users/venkatasaisabbineni/Desktop/Airflow_local/airflow_env/lib/python3.11/site-packages/airflow/example_dags/example_trigger_target_dag.py
[2024-02-26T04:37:25.349-0500] {processor.py:829} INFO - Processing file /Users/venkatasaisabbineni/Desktop/Airflow_local/airflow_env/lib/python3.11/site-packages/airflow/example_dags/example_trigger_target_dag.py for tasks to queue
[2024-02-26T04:37:25.350-0500] {logging_mixin.py:154} INFO - [2024-02-26T04:37:25.350-0500] {dagbag.py:536} INFO - Filling up the DagBag from /Users/venkatasaisabbineni/Desktop/Airflow_local/airflow_env/lib/python3.11/site-packages/airflow/example_dags/example_trigger_target_dag.py
[2024-02-26T04:37:25.381-0500] {processor.py:839} INFO - DAG(s) dict_keys(['example_trigger_target_dag']) retrieved from /Users/venkatasaisabbineni/Desktop/Airflow_local/airflow_env/lib/python3.11/site-packages/airflow/example_dags/example_trigger_target_dag.py
[2024-02-26T04:37:25.400-0500] {logging_mixin.py:154} INFO - [2024-02-26T04:37:25.400-0500] {dag.py:2941} INFO - Sync 1 DAGs
[2024-02-26T04:37:25.442-0500] {logging_mixin.py:154} INFO - [2024-02-26T04:37:25.442-0500] {dag.py:3722} INFO - Setting next_dagrun for example_trigger_target_dag to None, run_after=None
[2024-02-26T04:37:25.454-0500] {processor.py:179} INFO - Processing /Users/venkatasaisabbineni/Desktop/Airflow_local/airflow_env/lib/python3.11/site-packages/airflow/example_dags/example_trigger_target_dag.py took 0.110 seconds
[2024-02-26T04:38:37.639-0500] {processor.py:157} INFO - Started process (PID=64381) to work on /Users/venkatasaisabbineni/Desktop/Airflow_local/airflow_env/lib/python3.11/site-packages/airflow/example_dags/example_trigger_target_dag.py
[2024-02-26T04:38:37.643-0500] {processor.py:829} INFO - Processing file /Users/venkatasaisabbineni/Desktop/Airflow_local/airflow_env/lib/python3.11/site-packages/airflow/example_dags/example_trigger_target_dag.py for tasks to queue
[2024-02-26T04:38:37.643-0500] {logging_mixin.py:154} INFO - [2024-02-26T04:38:37.643-0500] {dagbag.py:536} INFO - Filling up the DagBag from /Users/venkatasaisabbineni/Desktop/Airflow_local/airflow_env/lib/python3.11/site-packages/airflow/example_dags/example_trigger_target_dag.py
[2024-02-26T04:38:37.675-0500] {processor.py:839} INFO - DAG(s) dict_keys(['example_trigger_target_dag']) retrieved from /Users/venkatasaisabbineni/Desktop/Airflow_local/airflow_env/lib/python3.11/site-packages/airflow/example_dags/example_trigger_target_dag.py
[2024-02-26T04:38:37.694-0500] {logging_mixin.py:154} INFO - [2024-02-26T04:38:37.694-0500] {dag.py:2941} INFO - Sync 1 DAGs
[2024-02-26T04:38:37.735-0500] {logging_mixin.py:154} INFO - [2024-02-26T04:38:37.735-0500] {dag.py:3722} INFO - Setting next_dagrun for example_trigger_target_dag to None, run_after=None
[2024-02-26T04:38:37.746-0500] {processor.py:179} INFO - Processing /Users/venkatasaisabbineni/Desktop/Airflow_local/airflow_env/lib/python3.11/site-packages/airflow/example_dags/example_trigger_target_dag.py took 0.108 seconds
[2024-02-26T04:41:22.829-0500] {processor.py:157} INFO - Started process (PID=64820) to work on /Users/venkatasaisabbineni/Desktop/Airflow_local/airflow_env/lib/python3.11/site-packages/airflow/example_dags/example_trigger_target_dag.py
[2024-02-26T04:41:22.833-0500] {processor.py:829} INFO - Processing file /Users/venkatasaisabbineni/Desktop/Airflow_local/airflow_env/lib/python3.11/site-packages/airflow/example_dags/example_trigger_target_dag.py for tasks to queue
[2024-02-26T04:41:22.833-0500] {logging_mixin.py:154} INFO - [2024-02-26T04:41:22.833-0500] {dagbag.py:536} INFO - Filling up the DagBag from /Users/venkatasaisabbineni/Desktop/Airflow_local/airflow_env/lib/python3.11/site-packages/airflow/example_dags/example_trigger_target_dag.py
[2024-02-26T04:41:22.866-0500] {processor.py:839} INFO - DAG(s) dict_keys(['example_trigger_target_dag']) retrieved from /Users/venkatasaisabbineni/Desktop/Airflow_local/airflow_env/lib/python3.11/site-packages/airflow/example_dags/example_trigger_target_dag.py
[2024-02-26T04:41:23.285-0500] {logging_mixin.py:154} INFO - [2024-02-26T04:41:23.285-0500] {manager.py:499} INFO - Created Permission View: %s
[2024-02-26T04:41:23.290-0500] {logging_mixin.py:154} INFO - [2024-02-26T04:41:23.290-0500] {manager.py:499} INFO - Created Permission View: %s
[2024-02-26T04:41:23.293-0500] {logging_mixin.py:154} INFO - [2024-02-26T04:41:23.293-0500] {manager.py:499} INFO - Created Permission View: %s
[2024-02-26T04:41:23.293-0500] {logging_mixin.py:154} INFO - [2024-02-26T04:41:23.293-0500] {dag.py:2941} INFO - Sync 1 DAGs
[2024-02-26T04:41:23.298-0500] {logging_mixin.py:154} INFO - [2024-02-26T04:41:23.298-0500] {dag.py:2963} INFO - Creating ORM DAG for example_trigger_target_dag
[2024-02-26T04:41:23.298-0500] {logging_mixin.py:154} INFO - [2024-02-26T04:41:23.298-0500] {dag.py:3722} INFO - Setting next_dagrun for example_trigger_target_dag to None, run_after=None
[2024-02-26T04:41:23.308-0500] {processor.py:179} INFO - Processing /Users/venkatasaisabbineni/Desktop/Airflow_local/airflow_env/lib/python3.11/site-packages/airflow/example_dags/example_trigger_target_dag.py took 0.480 seconds
[2024-02-26T04:42:53.917-0500] {processor.py:157} INFO - Started process (PID=65095) to work on /Users/venkatasaisabbineni/Desktop/Airflow_local/airflow_env/lib/python3.11/site-packages/airflow/example_dags/example_trigger_target_dag.py
[2024-02-26T04:42:53.920-0500] {processor.py:829} INFO - Processing file /Users/venkatasaisabbineni/Desktop/Airflow_local/airflow_env/lib/python3.11/site-packages/airflow/example_dags/example_trigger_target_dag.py for tasks to queue
[2024-02-26T04:42:53.920-0500] {logging_mixin.py:154} INFO - [2024-02-26T04:42:53.920-0500] {dagbag.py:536} INFO - Filling up the DagBag from /Users/venkatasaisabbineni/Desktop/Airflow_local/airflow_env/lib/python3.11/site-packages/airflow/example_dags/example_trigger_target_dag.py
[2024-02-26T04:42:53.952-0500] {processor.py:839} INFO - DAG(s) dict_keys(['example_trigger_target_dag']) retrieved from /Users/venkatasaisabbineni/Desktop/Airflow_local/airflow_env/lib/python3.11/site-packages/airflow/example_dags/example_trigger_target_dag.py
[2024-02-26T04:42:54.037-0500] {logging_mixin.py:154} INFO - [2024-02-26T04:42:54.037-0500] {dag.py:2941} INFO - Sync 1 DAGs
[2024-02-26T04:42:54.041-0500] {logging_mixin.py:154} INFO - [2024-02-26T04:42:54.041-0500] {dag.py:3722} INFO - Setting next_dagrun for example_trigger_target_dag to None, run_after=None
[2024-02-26T04:42:54.051-0500] {processor.py:179} INFO - Processing /Users/venkatasaisabbineni/Desktop/Airflow_local/airflow_env/lib/python3.11/site-packages/airflow/example_dags/example_trigger_target_dag.py took 0.135 seconds
