[2024-02-26T04:28:49.017-0500] {processor.py:157} INFO - Started process (PID=62534) to work on /Users/venkatasaisabbineni/Desktop/Airflow_local/airflow_env/lib/python3.11/site-packages/airflow/example_dags/example_external_task_marker_dag.py
[2024-02-26T04:28:49.019-0500] {processor.py:829} INFO - Processing file /Users/venkatasaisabbineni/Desktop/Airflow_local/airflow_env/lib/python3.11/site-packages/airflow/example_dags/example_external_task_marker_dag.py for tasks to queue
[2024-02-26T04:28:49.019-0500] {logging_mixin.py:154} INFO - [2024-02-26T04:28:49.019-0500] {dagbag.py:536} INFO - Filling up the DagBag from /Users/venkatasaisabbineni/Desktop/Airflow_local/airflow_env/lib/python3.11/site-packages/airflow/example_dags/example_external_task_marker_dag.py
[2024-02-26T04:28:49.036-0500] {processor.py:839} INFO - DAG(s) dict_keys(['example_external_task_marker_parent', 'example_external_task_marker_child']) retrieved from /Users/venkatasaisabbineni/Desktop/Airflow_local/airflow_env/lib/python3.11/site-packages/airflow/example_dags/example_external_task_marker_dag.py
[2024-02-26T04:28:49.129-0500] {logging_mixin.py:154} INFO - [2024-02-26T04:28:49.129-0500] {dag.py:2941} INFO - Sync 2 DAGs
[2024-02-26T04:28:49.135-0500] {logging_mixin.py:154} INFO - [2024-02-26T04:28:49.134-0500] {dag.py:3722} INFO - Setting next_dagrun for example_external_task_marker_child to None, run_after=None
[2024-02-26T04:28:49.136-0500] {logging_mixin.py:154} INFO - [2024-02-26T04:28:49.136-0500] {dag.py:3722} INFO - Setting next_dagrun for example_external_task_marker_parent to None, run_after=None
[2024-02-26T04:28:49.145-0500] {processor.py:179} INFO - Processing /Users/venkatasaisabbineni/Desktop/Airflow_local/airflow_env/lib/python3.11/site-packages/airflow/example_dags/example_external_task_marker_dag.py took 0.130 seconds
[2024-02-26T04:30:27.576-0500] {processor.py:157} INFO - Started process (PID=62829) to work on /Users/venkatasaisabbineni/Desktop/Airflow_local/airflow_env/lib/python3.11/site-packages/airflow/example_dags/example_external_task_marker_dag.py
[2024-02-26T04:30:27.578-0500] {processor.py:829} INFO - Processing file /Users/venkatasaisabbineni/Desktop/Airflow_local/airflow_env/lib/python3.11/site-packages/airflow/example_dags/example_external_task_marker_dag.py for tasks to queue
[2024-02-26T04:30:27.578-0500] {logging_mixin.py:154} INFO - [2024-02-26T04:30:27.578-0500] {dagbag.py:536} INFO - Filling up the DagBag from /Users/venkatasaisabbineni/Desktop/Airflow_local/airflow_env/lib/python3.11/site-packages/airflow/example_dags/example_external_task_marker_dag.py
[2024-02-26T04:30:27.600-0500] {processor.py:839} INFO - DAG(s) dict_keys(['example_external_task_marker_child', 'example_external_task_marker_parent']) retrieved from /Users/venkatasaisabbineni/Desktop/Airflow_local/airflow_env/lib/python3.11/site-packages/airflow/example_dags/example_external_task_marker_dag.py
[2024-02-26T04:30:27.702-0500] {logging_mixin.py:154} INFO - [2024-02-26T04:30:27.702-0500] {dag.py:2941} INFO - Sync 2 DAGs
[2024-02-26T04:30:27.709-0500] {logging_mixin.py:154} INFO - [2024-02-26T04:30:27.709-0500] {dag.py:3722} INFO - Setting next_dagrun for example_external_task_marker_child to None, run_after=None
[2024-02-26T04:30:27.710-0500] {logging_mixin.py:154} INFO - [2024-02-26T04:30:27.710-0500] {dag.py:3722} INFO - Setting next_dagrun for example_external_task_marker_parent to None, run_after=None
[2024-02-26T04:30:27.720-0500] {processor.py:179} INFO - Processing /Users/venkatasaisabbineni/Desktop/Airflow_local/airflow_env/lib/python3.11/site-packages/airflow/example_dags/example_external_task_marker_dag.py took 0.145 seconds
[2024-02-26T04:32:09.308-0500] {processor.py:157} INFO - Started process (PID=63151) to work on /Users/venkatasaisabbineni/Desktop/Airflow_local/airflow_env/lib/python3.11/site-packages/airflow/example_dags/example_external_task_marker_dag.py
[2024-02-26T04:32:09.311-0500] {processor.py:829} INFO - Processing file /Users/venkatasaisabbineni/Desktop/Airflow_local/airflow_env/lib/python3.11/site-packages/airflow/example_dags/example_external_task_marker_dag.py for tasks to queue
[2024-02-26T04:32:09.311-0500] {logging_mixin.py:154} INFO - [2024-02-26T04:32:09.311-0500] {dagbag.py:536} INFO - Filling up the DagBag from /Users/venkatasaisabbineni/Desktop/Airflow_local/airflow_env/lib/python3.11/site-packages/airflow/example_dags/example_external_task_marker_dag.py
[2024-02-26T04:32:09.328-0500] {processor.py:839} INFO - DAG(s) dict_keys(['example_external_task_marker_parent', 'example_external_task_marker_child']) retrieved from /Users/venkatasaisabbineni/Desktop/Airflow_local/airflow_env/lib/python3.11/site-packages/airflow/example_dags/example_external_task_marker_dag.py
[2024-02-26T04:32:09.418-0500] {logging_mixin.py:154} INFO - [2024-02-26T04:32:09.418-0500] {dag.py:2941} INFO - Sync 2 DAGs
[2024-02-26T04:32:09.423-0500] {logging_mixin.py:154} INFO - [2024-02-26T04:32:09.423-0500] {dag.py:3722} INFO - Setting next_dagrun for example_external_task_marker_child to None, run_after=None
[2024-02-26T04:32:09.424-0500] {logging_mixin.py:154} INFO - [2024-02-26T04:32:09.424-0500] {dag.py:3722} INFO - Setting next_dagrun for example_external_task_marker_parent to None, run_after=None
[2024-02-26T04:32:09.433-0500] {processor.py:179} INFO - Processing /Users/venkatasaisabbineni/Desktop/Airflow_local/airflow_env/lib/python3.11/site-packages/airflow/example_dags/example_external_task_marker_dag.py took 0.125 seconds
[2024-02-26T04:42:09.493-0500] {processor.py:157} INFO - Started process (PID=64963) to work on /Users/venkatasaisabbineni/Desktop/Airflow_local/airflow_env/lib/python3.11/site-packages/airflow/example_dags/example_external_task_marker_dag.py
[2024-02-26T04:42:09.496-0500] {processor.py:829} INFO - Processing file /Users/venkatasaisabbineni/Desktop/Airflow_local/airflow_env/lib/python3.11/site-packages/airflow/example_dags/example_external_task_marker_dag.py for tasks to queue
[2024-02-26T04:42:09.496-0500] {logging_mixin.py:154} INFO - [2024-02-26T04:42:09.496-0500] {dagbag.py:536} INFO - Filling up the DagBag from /Users/venkatasaisabbineni/Desktop/Airflow_local/airflow_env/lib/python3.11/site-packages/airflow/example_dags/example_external_task_marker_dag.py
[2024-02-26T04:42:09.514-0500] {processor.py:839} INFO - DAG(s) dict_keys(['example_external_task_marker_child', 'example_external_task_marker_parent']) retrieved from /Users/venkatasaisabbineni/Desktop/Airflow_local/airflow_env/lib/python3.11/site-packages/airflow/example_dags/example_external_task_marker_dag.py
[2024-02-26T04:42:09.964-0500] {logging_mixin.py:154} INFO - [2024-02-26T04:42:09.964-0500] {manager.py:499} INFO - Created Permission View: %s
[2024-02-26T04:42:09.969-0500] {logging_mixin.py:154} INFO - [2024-02-26T04:42:09.969-0500] {manager.py:499} INFO - Created Permission View: %s
[2024-02-26T04:42:09.972-0500] {logging_mixin.py:154} INFO - [2024-02-26T04:42:09.972-0500] {manager.py:499} INFO - Created Permission View: %s
[2024-02-26T04:42:09.977-0500] {logging_mixin.py:154} INFO - [2024-02-26T04:42:09.977-0500] {manager.py:499} INFO - Created Permission View: %s
[2024-02-26T04:42:09.980-0500] {logging_mixin.py:154} INFO - [2024-02-26T04:42:09.980-0500] {manager.py:499} INFO - Created Permission View: %s
[2024-02-26T04:42:09.982-0500] {logging_mixin.py:154} INFO - [2024-02-26T04:42:09.982-0500] {manager.py:499} INFO - Created Permission View: %s
[2024-02-26T04:42:09.983-0500] {logging_mixin.py:154} INFO - [2024-02-26T04:42:09.982-0500] {dag.py:2941} INFO - Sync 2 DAGs
[2024-02-26T04:42:09.987-0500] {logging_mixin.py:154} INFO - [2024-02-26T04:42:09.987-0500] {dag.py:2963} INFO - Creating ORM DAG for example_external_task_marker_child
[2024-02-26T04:42:09.988-0500] {logging_mixin.py:154} INFO - [2024-02-26T04:42:09.988-0500] {dag.py:2963} INFO - Creating ORM DAG for example_external_task_marker_parent
[2024-02-26T04:42:09.988-0500] {logging_mixin.py:154} INFO - [2024-02-26T04:42:09.988-0500] {dag.py:3722} INFO - Setting next_dagrun for example_external_task_marker_child to None, run_after=None
[2024-02-26T04:42:09.988-0500] {logging_mixin.py:154} INFO - [2024-02-26T04:42:09.988-0500] {dag.py:3722} INFO - Setting next_dagrun for example_external_task_marker_parent to None, run_after=None
[2024-02-26T04:42:09.997-0500] {processor.py:179} INFO - Processing /Users/venkatasaisabbineni/Desktop/Airflow_local/airflow_env/lib/python3.11/site-packages/airflow/example_dags/example_external_task_marker_dag.py took 0.505 seconds
