[2024-02-26T04:29:02.538-0500] {processor.py:157} INFO - Started process (PID=62574) to work on /Users/venkatasaisabbineni/Desktop/Airflow_local/airflow_env/lib/python3.11/site-packages/airflow/example_dags/example_branch_operator_decorator.py
[2024-02-26T04:29:02.540-0500] {processor.py:829} INFO - Processing file /Users/venkatasaisabbineni/Desktop/Airflow_local/airflow_env/lib/python3.11/site-packages/airflow/example_dags/example_branch_operator_decorator.py for tasks to queue
[2024-02-26T04:29:02.541-0500] {logging_mixin.py:154} INFO - [2024-02-26T04:29:02.541-0500] {dagbag.py:536} INFO - Filling up the DagBag from /Users/venkatasaisabbineni/Desktop/Airflow_local/airflow_env/lib/python3.11/site-packages/airflow/example_dags/example_branch_operator_decorator.py
[2024-02-26T04:29:02.575-0500] {processor.py:839} INFO - DAG(s) dict_keys(['example_branch_python_operator_decorator']) retrieved from /Users/venkatasaisabbineni/Desktop/Airflow_local/airflow_env/lib/python3.11/site-packages/airflow/example_dags/example_branch_operator_decorator.py
[2024-02-26T04:29:02.661-0500] {logging_mixin.py:154} INFO - [2024-02-26T04:29:02.661-0500] {dag.py:2941} INFO - Sync 1 DAGs
[2024-02-26T04:29:02.671-0500] {logging_mixin.py:154} INFO - [2024-02-26T04:29:02.670-0500] {dag.py:3722} INFO - Setting next_dagrun for example_branch_python_operator_decorator to 2024-02-25T00:00:00+00:00, run_after=2024-02-26T00:00:00+00:00
[2024-02-26T04:29:02.680-0500] {processor.py:179} INFO - Processing /Users/venkatasaisabbineni/Desktop/Airflow_local/airflow_env/lib/python3.11/site-packages/airflow/example_dags/example_branch_operator_decorator.py took 0.143 seconds
[2024-02-26T04:30:40.082-0500] {processor.py:157} INFO - Started process (PID=62890) to work on /Users/venkatasaisabbineni/Desktop/Airflow_local/airflow_env/lib/python3.11/site-packages/airflow/example_dags/example_branch_operator_decorator.py
[2024-02-26T04:30:40.084-0500] {processor.py:829} INFO - Processing file /Users/venkatasaisabbineni/Desktop/Airflow_local/airflow_env/lib/python3.11/site-packages/airflow/example_dags/example_branch_operator_decorator.py for tasks to queue
[2024-02-26T04:30:40.085-0500] {logging_mixin.py:154} INFO - [2024-02-26T04:30:40.085-0500] {dagbag.py:536} INFO - Filling up the DagBag from /Users/venkatasaisabbineni/Desktop/Airflow_local/airflow_env/lib/python3.11/site-packages/airflow/example_dags/example_branch_operator_decorator.py
[2024-02-26T04:30:40.119-0500] {processor.py:839} INFO - DAG(s) dict_keys(['example_branch_python_operator_decorator']) retrieved from /Users/venkatasaisabbineni/Desktop/Airflow_local/airflow_env/lib/python3.11/site-packages/airflow/example_dags/example_branch_operator_decorator.py
[2024-02-26T04:30:40.204-0500] {logging_mixin.py:154} INFO - [2024-02-26T04:30:40.204-0500] {dag.py:2941} INFO - Sync 1 DAGs
[2024-02-26T04:30:40.214-0500] {logging_mixin.py:154} INFO - [2024-02-26T04:30:40.214-0500] {dag.py:3722} INFO - Setting next_dagrun for example_branch_python_operator_decorator to 2024-02-25T00:00:00+00:00, run_after=2024-02-26T00:00:00+00:00
[2024-02-26T04:30:40.224-0500] {processor.py:179} INFO - Processing /Users/venkatasaisabbineni/Desktop/Airflow_local/airflow_env/lib/python3.11/site-packages/airflow/example_dags/example_branch_operator_decorator.py took 0.143 seconds
[2024-02-26T04:32:23.030-0500] {processor.py:157} INFO - Started process (PID=63191) to work on /Users/venkatasaisabbineni/Desktop/Airflow_local/airflow_env/lib/python3.11/site-packages/airflow/example_dags/example_branch_operator_decorator.py
[2024-02-26T04:32:23.033-0500] {processor.py:829} INFO - Processing file /Users/venkatasaisabbineni/Desktop/Airflow_local/airflow_env/lib/python3.11/site-packages/airflow/example_dags/example_branch_operator_decorator.py for tasks to queue
[2024-02-26T04:32:23.034-0500] {logging_mixin.py:154} INFO - [2024-02-26T04:32:23.034-0500] {dagbag.py:536} INFO - Filling up the DagBag from /Users/venkatasaisabbineni/Desktop/Airflow_local/airflow_env/lib/python3.11/site-packages/airflow/example_dags/example_branch_operator_decorator.py
[2024-02-26T04:32:23.071-0500] {processor.py:839} INFO - DAG(s) dict_keys(['example_branch_python_operator_decorator']) retrieved from /Users/venkatasaisabbineni/Desktop/Airflow_local/airflow_env/lib/python3.11/site-packages/airflow/example_dags/example_branch_operator_decorator.py
[2024-02-26T04:32:23.164-0500] {logging_mixin.py:154} INFO - [2024-02-26T04:32:23.164-0500] {dag.py:2941} INFO - Sync 1 DAGs
[2024-02-26T04:32:23.176-0500] {logging_mixin.py:154} INFO - [2024-02-26T04:32:23.176-0500] {dag.py:3722} INFO - Setting next_dagrun for example_branch_python_operator_decorator to 2024-02-25T00:00:00+00:00, run_after=2024-02-26T00:00:00+00:00
[2024-02-26T04:32:23.189-0500] {processor.py:179} INFO - Processing /Users/venkatasaisabbineni/Desktop/Airflow_local/airflow_env/lib/python3.11/site-packages/airflow/example_dags/example_branch_operator_decorator.py took 0.159 seconds
[2024-02-26T04:42:23.505-0500] {processor.py:157} INFO - Started process (PID=65007) to work on /Users/venkatasaisabbineni/Desktop/Airflow_local/airflow_env/lib/python3.11/site-packages/airflow/example_dags/example_branch_operator_decorator.py
[2024-02-26T04:42:23.508-0500] {processor.py:829} INFO - Processing file /Users/venkatasaisabbineni/Desktop/Airflow_local/airflow_env/lib/python3.11/site-packages/airflow/example_dags/example_branch_operator_decorator.py for tasks to queue
[2024-02-26T04:42:23.508-0500] {logging_mixin.py:154} INFO - [2024-02-26T04:42:23.508-0500] {dagbag.py:536} INFO - Filling up the DagBag from /Users/venkatasaisabbineni/Desktop/Airflow_local/airflow_env/lib/python3.11/site-packages/airflow/example_dags/example_branch_operator_decorator.py
[2024-02-26T04:42:23.541-0500] {processor.py:839} INFO - DAG(s) dict_keys(['example_branch_python_operator_decorator']) retrieved from /Users/venkatasaisabbineni/Desktop/Airflow_local/airflow_env/lib/python3.11/site-packages/airflow/example_dags/example_branch_operator_decorator.py
[2024-02-26T04:42:23.962-0500] {logging_mixin.py:154} INFO - [2024-02-26T04:42:23.962-0500] {manager.py:499} INFO - Created Permission View: %s
[2024-02-26T04:42:23.966-0500] {logging_mixin.py:154} INFO - [2024-02-26T04:42:23.966-0500] {manager.py:499} INFO - Created Permission View: %s
[2024-02-26T04:42:23.969-0500] {logging_mixin.py:154} INFO - [2024-02-26T04:42:23.969-0500] {manager.py:499} INFO - Created Permission View: %s
[2024-02-26T04:42:23.969-0500] {logging_mixin.py:154} INFO - [2024-02-26T04:42:23.969-0500] {dag.py:2941} INFO - Sync 1 DAGs
[2024-02-26T04:42:23.974-0500] {logging_mixin.py:154} INFO - [2024-02-26T04:42:23.974-0500] {dag.py:2963} INFO - Creating ORM DAG for example_branch_python_operator_decorator
[2024-02-26T04:42:23.980-0500] {logging_mixin.py:154} INFO - [2024-02-26T04:42:23.980-0500] {dag.py:3722} INFO - Setting next_dagrun for example_branch_python_operator_decorator to 2024-02-25T00:00:00+00:00, run_after=2024-02-26T00:00:00+00:00
[2024-02-26T04:42:23.989-0500] {processor.py:179} INFO - Processing /Users/venkatasaisabbineni/Desktop/Airflow_local/airflow_env/lib/python3.11/site-packages/airflow/example_dags/example_branch_operator_decorator.py took 0.485 seconds
