[2024-02-26T04:27:16.005-0500] {processor.py:157} INFO - Started process (PID=62259) to work on /Users/venkatasaisabbineni/Desktop/Airflow_local/airflow_env/lib/python3.11/site-packages/airflow/example_dags/example_time_delta_sensor_async.py
[2024-02-26T04:27:16.007-0500] {processor.py:829} INFO - Processing file /Users/venkatasaisabbineni/Desktop/Airflow_local/airflow_env/lib/python3.11/site-packages/airflow/example_dags/example_time_delta_sensor_async.py for tasks to queue
[2024-02-26T04:27:16.007-0500] {logging_mixin.py:154} INFO - [2024-02-26T04:27:16.007-0500] {dagbag.py:536} INFO - Filling up the DagBag from /Users/venkatasaisabbineni/Desktop/Airflow_local/airflow_env/lib/python3.11/site-packages/airflow/example_dags/example_time_delta_sensor_async.py
[2024-02-26T04:27:16.022-0500] {processor.py:839} INFO - DAG(s) dict_keys(['example_time_delta_sensor_async']) retrieved from /Users/venkatasaisabbineni/Desktop/Airflow_local/airflow_env/lib/python3.11/site-packages/airflow/example_dags/example_time_delta_sensor_async.py
[2024-02-26T04:27:16.437-0500] {logging_mixin.py:154} INFO - [2024-02-26T04:27:16.437-0500] {manager.py:499} INFO - Created Permission View: %s
[2024-02-26T04:27:16.441-0500] {logging_mixin.py:154} INFO - [2024-02-26T04:27:16.441-0500] {manager.py:499} INFO - Created Permission View: %s
[2024-02-26T04:27:16.445-0500] {logging_mixin.py:154} INFO - [2024-02-26T04:27:16.444-0500] {manager.py:499} INFO - Created Permission View: %s
[2024-02-26T04:27:16.445-0500] {logging_mixin.py:154} INFO - [2024-02-26T04:27:16.445-0500] {dag.py:2941} INFO - Sync 1 DAGs
[2024-02-26T04:27:16.450-0500] {logging_mixin.py:154} INFO - [2024-02-26T04:27:16.450-0500] {dag.py:2963} INFO - Creating ORM DAG for example_time_delta_sensor_async
[2024-02-26T04:27:16.450-0500] {logging_mixin.py:154} INFO - [2024-02-26T04:27:16.450-0500] {dag.py:3722} INFO - Setting next_dagrun for example_time_delta_sensor_async to None, run_after=None
[2024-02-26T04:27:16.459-0500] {processor.py:179} INFO - Processing /Users/venkatasaisabbineni/Desktop/Airflow_local/airflow_env/lib/python3.11/site-packages/airflow/example_dags/example_time_delta_sensor_async.py took 0.455 seconds
[2024-02-26T04:28:11.934-0500] {processor.py:157} INFO - Started process (PID=62428) to work on /Users/venkatasaisabbineni/Desktop/Airflow_local/airflow_env/lib/python3.11/site-packages/airflow/example_dags/example_time_delta_sensor_async.py
[2024-02-26T04:28:11.936-0500] {processor.py:829} INFO - Processing file /Users/venkatasaisabbineni/Desktop/Airflow_local/airflow_env/lib/python3.11/site-packages/airflow/example_dags/example_time_delta_sensor_async.py for tasks to queue
[2024-02-26T04:28:11.937-0500] {logging_mixin.py:154} INFO - [2024-02-26T04:28:11.937-0500] {dagbag.py:536} INFO - Filling up the DagBag from /Users/venkatasaisabbineni/Desktop/Airflow_local/airflow_env/lib/python3.11/site-packages/airflow/example_dags/example_time_delta_sensor_async.py
[2024-02-26T04:28:11.952-0500] {processor.py:839} INFO - DAG(s) dict_keys(['example_time_delta_sensor_async']) retrieved from /Users/venkatasaisabbineni/Desktop/Airflow_local/airflow_env/lib/python3.11/site-packages/airflow/example_dags/example_time_delta_sensor_async.py
[2024-02-26T04:28:11.976-0500] {logging_mixin.py:154} INFO - [2024-02-26T04:28:11.976-0500] {dag.py:2941} INFO - Sync 1 DAGs
[2024-02-26T04:28:12.016-0500] {logging_mixin.py:154} INFO - [2024-02-26T04:28:12.016-0500] {dag.py:3722} INFO - Setting next_dagrun for example_time_delta_sensor_async to None, run_after=None
[2024-02-26T04:28:12.030-0500] {processor.py:179} INFO - Processing /Users/venkatasaisabbineni/Desktop/Airflow_local/airflow_env/lib/python3.11/site-packages/airflow/example_dags/example_time_delta_sensor_async.py took 0.097 seconds
[2024-02-26T04:29:32.845-0500] {processor.py:157} INFO - Started process (PID=62667) to work on /Users/venkatasaisabbineni/Desktop/Airflow_local/airflow_env/lib/python3.11/site-packages/airflow/example_dags/example_time_delta_sensor_async.py
[2024-02-26T04:29:32.848-0500] {processor.py:829} INFO - Processing file /Users/venkatasaisabbineni/Desktop/Airflow_local/airflow_env/lib/python3.11/site-packages/airflow/example_dags/example_time_delta_sensor_async.py for tasks to queue
[2024-02-26T04:29:32.848-0500] {logging_mixin.py:154} INFO - [2024-02-26T04:29:32.848-0500] {dagbag.py:536} INFO - Filling up the DagBag from /Users/venkatasaisabbineni/Desktop/Airflow_local/airflow_env/lib/python3.11/site-packages/airflow/example_dags/example_time_delta_sensor_async.py
[2024-02-26T04:29:32.864-0500] {processor.py:839} INFO - DAG(s) dict_keys(['example_time_delta_sensor_async']) retrieved from /Users/venkatasaisabbineni/Desktop/Airflow_local/airflow_env/lib/python3.11/site-packages/airflow/example_dags/example_time_delta_sensor_async.py
[2024-02-26T04:29:32.955-0500] {logging_mixin.py:154} INFO - [2024-02-26T04:29:32.955-0500] {dag.py:2941} INFO - Sync 1 DAGs
[2024-02-26T04:29:32.960-0500] {logging_mixin.py:154} INFO - [2024-02-26T04:29:32.960-0500] {dag.py:3722} INFO - Setting next_dagrun for example_time_delta_sensor_async to None, run_after=None
[2024-02-26T04:29:32.970-0500] {processor.py:179} INFO - Processing /Users/venkatasaisabbineni/Desktop/Airflow_local/airflow_env/lib/python3.11/site-packages/airflow/example_dags/example_time_delta_sensor_async.py took 0.126 seconds
[2024-02-26T04:31:11.932-0500] {processor.py:157} INFO - Started process (PID=62973) to work on /Users/venkatasaisabbineni/Desktop/Airflow_local/airflow_env/lib/python3.11/site-packages/airflow/example_dags/example_time_delta_sensor_async.py
[2024-02-26T04:31:11.935-0500] {processor.py:829} INFO - Processing file /Users/venkatasaisabbineni/Desktop/Airflow_local/airflow_env/lib/python3.11/site-packages/airflow/example_dags/example_time_delta_sensor_async.py for tasks to queue
[2024-02-26T04:31:11.935-0500] {logging_mixin.py:154} INFO - [2024-02-26T04:31:11.935-0500] {dagbag.py:536} INFO - Filling up the DagBag from /Users/venkatasaisabbineni/Desktop/Airflow_local/airflow_env/lib/python3.11/site-packages/airflow/example_dags/example_time_delta_sensor_async.py
[2024-02-26T04:31:11.952-0500] {processor.py:839} INFO - DAG(s) dict_keys(['example_time_delta_sensor_async']) retrieved from /Users/venkatasaisabbineni/Desktop/Airflow_local/airflow_env/lib/python3.11/site-packages/airflow/example_dags/example_time_delta_sensor_async.py
[2024-02-26T04:31:12.054-0500] {logging_mixin.py:154} INFO - [2024-02-26T04:31:12.054-0500] {dag.py:2941} INFO - Sync 1 DAGs
[2024-02-26T04:31:12.058-0500] {logging_mixin.py:154} INFO - [2024-02-26T04:31:12.058-0500] {dag.py:3722} INFO - Setting next_dagrun for example_time_delta_sensor_async to None, run_after=None
[2024-02-26T04:31:12.069-0500] {processor.py:179} INFO - Processing /Users/venkatasaisabbineni/Desktop/Airflow_local/airflow_env/lib/python3.11/site-packages/airflow/example_dags/example_time_delta_sensor_async.py took 0.137 seconds
[2024-02-26T04:32:54.779-0500] {processor.py:157} INFO - Started process (PID=63335) to work on /Users/venkatasaisabbineni/Desktop/Airflow_local/airflow_env/lib/python3.11/site-packages/airflow/example_dags/example_time_delta_sensor_async.py
[2024-02-26T04:32:54.782-0500] {processor.py:829} INFO - Processing file /Users/venkatasaisabbineni/Desktop/Airflow_local/airflow_env/lib/python3.11/site-packages/airflow/example_dags/example_time_delta_sensor_async.py for tasks to queue
[2024-02-26T04:32:54.782-0500] {logging_mixin.py:154} INFO - [2024-02-26T04:32:54.782-0500] {dagbag.py:536} INFO - Filling up the DagBag from /Users/venkatasaisabbineni/Desktop/Airflow_local/airflow_env/lib/python3.11/site-packages/airflow/example_dags/example_time_delta_sensor_async.py
[2024-02-26T04:32:54.797-0500] {processor.py:839} INFO - DAG(s) dict_keys(['example_time_delta_sensor_async']) retrieved from /Users/venkatasaisabbineni/Desktop/Airflow_local/airflow_env/lib/python3.11/site-packages/airflow/example_dags/example_time_delta_sensor_async.py
[2024-02-26T04:32:54.889-0500] {logging_mixin.py:154} INFO - [2024-02-26T04:32:54.889-0500] {dag.py:2941} INFO - Sync 1 DAGs
[2024-02-26T04:32:54.894-0500] {logging_mixin.py:154} INFO - [2024-02-26T04:32:54.894-0500] {dag.py:3722} INFO - Setting next_dagrun for example_time_delta_sensor_async to None, run_after=None
[2024-02-26T04:32:54.904-0500] {processor.py:179} INFO - Processing /Users/venkatasaisabbineni/Desktop/Airflow_local/airflow_env/lib/python3.11/site-packages/airflow/example_dags/example_time_delta_sensor_async.py took 0.126 seconds
[2024-02-26T04:33:47.059-0500] {processor.py:157} INFO - Started process (PID=63501) to work on /Users/venkatasaisabbineni/Desktop/Airflow_local/airflow_env/lib/python3.11/site-packages/airflow/example_dags/example_time_delta_sensor_async.py
[2024-02-26T04:33:47.063-0500] {processor.py:829} INFO - Processing file /Users/venkatasaisabbineni/Desktop/Airflow_local/airflow_env/lib/python3.11/site-packages/airflow/example_dags/example_time_delta_sensor_async.py for tasks to queue
[2024-02-26T04:33:47.063-0500] {logging_mixin.py:154} INFO - [2024-02-26T04:33:47.063-0500] {dagbag.py:536} INFO - Filling up the DagBag from /Users/venkatasaisabbineni/Desktop/Airflow_local/airflow_env/lib/python3.11/site-packages/airflow/example_dags/example_time_delta_sensor_async.py
[2024-02-26T04:33:47.078-0500] {processor.py:839} INFO - DAG(s) dict_keys(['example_time_delta_sensor_async']) retrieved from /Users/venkatasaisabbineni/Desktop/Airflow_local/airflow_env/lib/python3.11/site-packages/airflow/example_dags/example_time_delta_sensor_async.py
[2024-02-26T04:33:47.102-0500] {logging_mixin.py:154} INFO - [2024-02-26T04:33:47.102-0500] {dag.py:2941} INFO - Sync 1 DAGs
[2024-02-26T04:33:47.142-0500] {logging_mixin.py:154} INFO - [2024-02-26T04:33:47.142-0500] {dag.py:3722} INFO - Setting next_dagrun for example_time_delta_sensor_async to None, run_after=None
[2024-02-26T04:33:47.154-0500] {processor.py:179} INFO - Processing /Users/venkatasaisabbineni/Desktop/Airflow_local/airflow_env/lib/python3.11/site-packages/airflow/example_dags/example_time_delta_sensor_async.py took 0.096 seconds
[2024-02-26T04:37:28.509-0500] {processor.py:157} INFO - Started process (PID=64157) to work on /Users/venkatasaisabbineni/Desktop/Airflow_local/airflow_env/lib/python3.11/site-packages/airflow/example_dags/example_time_delta_sensor_async.py
[2024-02-26T04:37:28.513-0500] {processor.py:829} INFO - Processing file /Users/venkatasaisabbineni/Desktop/Airflow_local/airflow_env/lib/python3.11/site-packages/airflow/example_dags/example_time_delta_sensor_async.py for tasks to queue
[2024-02-26T04:37:28.514-0500] {logging_mixin.py:154} INFO - [2024-02-26T04:37:28.514-0500] {dagbag.py:536} INFO - Filling up the DagBag from /Users/venkatasaisabbineni/Desktop/Airflow_local/airflow_env/lib/python3.11/site-packages/airflow/example_dags/example_time_delta_sensor_async.py
[2024-02-26T04:37:28.528-0500] {processor.py:839} INFO - DAG(s) dict_keys(['example_time_delta_sensor_async']) retrieved from /Users/venkatasaisabbineni/Desktop/Airflow_local/airflow_env/lib/python3.11/site-packages/airflow/example_dags/example_time_delta_sensor_async.py
[2024-02-26T04:37:28.552-0500] {logging_mixin.py:154} INFO - [2024-02-26T04:37:28.552-0500] {dag.py:2941} INFO - Sync 1 DAGs
[2024-02-26T04:37:28.592-0500] {logging_mixin.py:154} INFO - [2024-02-26T04:37:28.592-0500] {dag.py:3722} INFO - Setting next_dagrun for example_time_delta_sensor_async to None, run_after=None
[2024-02-26T04:37:28.604-0500] {processor.py:179} INFO - Processing /Users/venkatasaisabbineni/Desktop/Airflow_local/airflow_env/lib/python3.11/site-packages/airflow/example_dags/example_time_delta_sensor_async.py took 0.096 seconds
[2024-02-26T04:38:41.379-0500] {processor.py:157} INFO - Started process (PID=64391) to work on /Users/venkatasaisabbineni/Desktop/Airflow_local/airflow_env/lib/python3.11/site-packages/airflow/example_dags/example_time_delta_sensor_async.py
[2024-02-26T04:38:41.382-0500] {processor.py:829} INFO - Processing file /Users/venkatasaisabbineni/Desktop/Airflow_local/airflow_env/lib/python3.11/site-packages/airflow/example_dags/example_time_delta_sensor_async.py for tasks to queue
[2024-02-26T04:38:41.382-0500] {logging_mixin.py:154} INFO - [2024-02-26T04:38:41.382-0500] {dagbag.py:536} INFO - Filling up the DagBag from /Users/venkatasaisabbineni/Desktop/Airflow_local/airflow_env/lib/python3.11/site-packages/airflow/example_dags/example_time_delta_sensor_async.py
[2024-02-26T04:38:41.397-0500] {processor.py:839} INFO - DAG(s) dict_keys(['example_time_delta_sensor_async']) retrieved from /Users/venkatasaisabbineni/Desktop/Airflow_local/airflow_env/lib/python3.11/site-packages/airflow/example_dags/example_time_delta_sensor_async.py
[2024-02-26T04:38:41.421-0500] {logging_mixin.py:154} INFO - [2024-02-26T04:38:41.421-0500] {dag.py:2941} INFO - Sync 1 DAGs
[2024-02-26T04:38:41.461-0500] {logging_mixin.py:154} INFO - [2024-02-26T04:38:41.461-0500] {dag.py:3722} INFO - Setting next_dagrun for example_time_delta_sensor_async to None, run_after=None
[2024-02-26T04:38:41.473-0500] {processor.py:179} INFO - Processing /Users/venkatasaisabbineni/Desktop/Airflow_local/airflow_env/lib/python3.11/site-packages/airflow/example_dags/example_time_delta_sensor_async.py took 0.095 seconds
[2024-02-26T04:41:26.747-0500] {processor.py:157} INFO - Started process (PID=64832) to work on /Users/venkatasaisabbineni/Desktop/Airflow_local/airflow_env/lib/python3.11/site-packages/airflow/example_dags/example_time_delta_sensor_async.py
[2024-02-26T04:41:26.751-0500] {processor.py:829} INFO - Processing file /Users/venkatasaisabbineni/Desktop/Airflow_local/airflow_env/lib/python3.11/site-packages/airflow/example_dags/example_time_delta_sensor_async.py for tasks to queue
[2024-02-26T04:41:26.751-0500] {logging_mixin.py:154} INFO - [2024-02-26T04:41:26.751-0500] {dagbag.py:536} INFO - Filling up the DagBag from /Users/venkatasaisabbineni/Desktop/Airflow_local/airflow_env/lib/python3.11/site-packages/airflow/example_dags/example_time_delta_sensor_async.py
[2024-02-26T04:41:26.766-0500] {processor.py:839} INFO - DAG(s) dict_keys(['example_time_delta_sensor_async']) retrieved from /Users/venkatasaisabbineni/Desktop/Airflow_local/airflow_env/lib/python3.11/site-packages/airflow/example_dags/example_time_delta_sensor_async.py
[2024-02-26T04:41:27.181-0500] {logging_mixin.py:154} INFO - [2024-02-26T04:41:27.181-0500] {manager.py:499} INFO - Created Permission View: %s
[2024-02-26T04:41:27.186-0500] {logging_mixin.py:154} INFO - [2024-02-26T04:41:27.185-0500] {manager.py:499} INFO - Created Permission View: %s
[2024-02-26T04:41:27.188-0500] {logging_mixin.py:154} INFO - [2024-02-26T04:41:27.188-0500] {manager.py:499} INFO - Created Permission View: %s
[2024-02-26T04:41:27.189-0500] {logging_mixin.py:154} INFO - [2024-02-26T04:41:27.189-0500] {dag.py:2941} INFO - Sync 1 DAGs
[2024-02-26T04:41:27.194-0500] {logging_mixin.py:154} INFO - [2024-02-26T04:41:27.194-0500] {dag.py:2963} INFO - Creating ORM DAG for example_time_delta_sensor_async
[2024-02-26T04:41:27.194-0500] {logging_mixin.py:154} INFO - [2024-02-26T04:41:27.194-0500] {dag.py:3722} INFO - Setting next_dagrun for example_time_delta_sensor_async to None, run_after=None
[2024-02-26T04:41:27.204-0500] {processor.py:179} INFO - Processing /Users/venkatasaisabbineni/Desktop/Airflow_local/airflow_env/lib/python3.11/site-packages/airflow/example_dags/example_time_delta_sensor_async.py took 0.458 seconds
[2024-02-26T04:42:57.698-0500] {processor.py:157} INFO - Started process (PID=65107) to work on /Users/venkatasaisabbineni/Desktop/Airflow_local/airflow_env/lib/python3.11/site-packages/airflow/example_dags/example_time_delta_sensor_async.py
[2024-02-26T04:42:57.702-0500] {processor.py:829} INFO - Processing file /Users/venkatasaisabbineni/Desktop/Airflow_local/airflow_env/lib/python3.11/site-packages/airflow/example_dags/example_time_delta_sensor_async.py for tasks to queue
[2024-02-26T04:42:57.702-0500] {logging_mixin.py:154} INFO - [2024-02-26T04:42:57.702-0500] {dagbag.py:536} INFO - Filling up the DagBag from /Users/venkatasaisabbineni/Desktop/Airflow_local/airflow_env/lib/python3.11/site-packages/airflow/example_dags/example_time_delta_sensor_async.py
[2024-02-26T04:42:57.717-0500] {processor.py:839} INFO - DAG(s) dict_keys(['example_time_delta_sensor_async']) retrieved from /Users/venkatasaisabbineni/Desktop/Airflow_local/airflow_env/lib/python3.11/site-packages/airflow/example_dags/example_time_delta_sensor_async.py
[2024-02-26T04:42:57.815-0500] {logging_mixin.py:154} INFO - [2024-02-26T04:42:57.815-0500] {dag.py:2941} INFO - Sync 1 DAGs
[2024-02-26T04:42:57.820-0500] {logging_mixin.py:154} INFO - [2024-02-26T04:42:57.820-0500] {dag.py:3722} INFO - Setting next_dagrun for example_time_delta_sensor_async to None, run_after=None
[2024-02-26T04:42:57.830-0500] {processor.py:179} INFO - Processing /Users/venkatasaisabbineni/Desktop/Airflow_local/airflow_env/lib/python3.11/site-packages/airflow/example_dags/example_time_delta_sensor_async.py took 0.132 seconds
