[2024-02-26T04:28:45.338-0500] {processor.py:157} INFO - Started process (PID=62524) to work on /Users/venkatasaisabbineni/Desktop/Airflow_local/airflow_env/lib/python3.11/site-packages/airflow/example_dags/example_latest_only.py
[2024-02-26T04:28:45.340-0500] {processor.py:829} INFO - Processing file /Users/venkatasaisabbineni/Desktop/Airflow_local/airflow_env/lib/python3.11/site-packages/airflow/example_dags/example_latest_only.py for tasks to queue
[2024-02-26T04:28:45.341-0500] {logging_mixin.py:154} INFO - [2024-02-26T04:28:45.340-0500] {dagbag.py:536} INFO - Filling up the DagBag from /Users/venkatasaisabbineni/Desktop/Airflow_local/airflow_env/lib/python3.11/site-packages/airflow/example_dags/example_latest_only.py
[2024-02-26T04:28:45.356-0500] {processor.py:839} INFO - DAG(s) dict_keys(['latest_only']) retrieved from /Users/venkatasaisabbineni/Desktop/Airflow_local/airflow_env/lib/python3.11/site-packages/airflow/example_dags/example_latest_only.py
[2024-02-26T04:28:45.442-0500] {logging_mixin.py:154} INFO - [2024-02-26T04:28:45.442-0500] {dag.py:2941} INFO - Sync 1 DAGs
[2024-02-26T04:28:45.450-0500] {logging_mixin.py:154} INFO - [2024-02-26T04:28:45.450-0500] {dag.py:3722} INFO - Setting next_dagrun for latest_only to 2024-02-26T05:28:45.450657+00:00, run_after=2024-02-26T09:28:45.450657+00:00
[2024-02-26T04:28:45.460-0500] {processor.py:179} INFO - Processing /Users/venkatasaisabbineni/Desktop/Airflow_local/airflow_env/lib/python3.11/site-packages/airflow/example_dags/example_latest_only.py took 0.123 seconds
[2024-02-26T04:30:23.883-0500] {processor.py:157} INFO - Started process (PID=62818) to work on /Users/venkatasaisabbineni/Desktop/Airflow_local/airflow_env/lib/python3.11/site-packages/airflow/example_dags/example_latest_only.py
[2024-02-26T04:30:23.885-0500] {processor.py:829} INFO - Processing file /Users/venkatasaisabbineni/Desktop/Airflow_local/airflow_env/lib/python3.11/site-packages/airflow/example_dags/example_latest_only.py for tasks to queue
[2024-02-26T04:30:23.886-0500] {logging_mixin.py:154} INFO - [2024-02-26T04:30:23.886-0500] {dagbag.py:536} INFO - Filling up the DagBag from /Users/venkatasaisabbineni/Desktop/Airflow_local/airflow_env/lib/python3.11/site-packages/airflow/example_dags/example_latest_only.py
[2024-02-26T04:30:23.903-0500] {processor.py:839} INFO - DAG(s) dict_keys(['latest_only']) retrieved from /Users/venkatasaisabbineni/Desktop/Airflow_local/airflow_env/lib/python3.11/site-packages/airflow/example_dags/example_latest_only.py
[2024-02-26T04:30:24.010-0500] {logging_mixin.py:154} INFO - [2024-02-26T04:30:24.008-0500] {dag.py:2941} INFO - Sync 1 DAGs
[2024-02-26T04:30:24.022-0500] {logging_mixin.py:154} INFO - [2024-02-26T04:30:24.021-0500] {dag.py:3722} INFO - Setting next_dagrun for latest_only to 2024-02-26T05:30:24.021890+00:00, run_after=2024-02-26T09:30:24.021890+00:00
[2024-02-26T04:30:24.034-0500] {processor.py:179} INFO - Processing /Users/venkatasaisabbineni/Desktop/Airflow_local/airflow_env/lib/python3.11/site-packages/airflow/example_dags/example_latest_only.py took 0.152 seconds
[2024-02-26T04:32:05.595-0500] {processor.py:157} INFO - Started process (PID=63140) to work on /Users/venkatasaisabbineni/Desktop/Airflow_local/airflow_env/lib/python3.11/site-packages/airflow/example_dags/example_latest_only.py
[2024-02-26T04:32:05.598-0500] {processor.py:829} INFO - Processing file /Users/venkatasaisabbineni/Desktop/Airflow_local/airflow_env/lib/python3.11/site-packages/airflow/example_dags/example_latest_only.py for tasks to queue
[2024-02-26T04:32:05.598-0500] {logging_mixin.py:154} INFO - [2024-02-26T04:32:05.598-0500] {dagbag.py:536} INFO - Filling up the DagBag from /Users/venkatasaisabbineni/Desktop/Airflow_local/airflow_env/lib/python3.11/site-packages/airflow/example_dags/example_latest_only.py
[2024-02-26T04:32:05.613-0500] {processor.py:839} INFO - DAG(s) dict_keys(['latest_only']) retrieved from /Users/venkatasaisabbineni/Desktop/Airflow_local/airflow_env/lib/python3.11/site-packages/airflow/example_dags/example_latest_only.py
[2024-02-26T04:32:05.700-0500] {logging_mixin.py:154} INFO - [2024-02-26T04:32:05.699-0500] {dag.py:2941} INFO - Sync 1 DAGs
[2024-02-26T04:32:05.708-0500] {logging_mixin.py:154} INFO - [2024-02-26T04:32:05.708-0500] {dag.py:3722} INFO - Setting next_dagrun for latest_only to 2024-02-26T05:32:05.708778+00:00, run_after=2024-02-26T09:32:05.708778+00:00
[2024-02-26T04:32:05.719-0500] {processor.py:179} INFO - Processing /Users/venkatasaisabbineni/Desktop/Airflow_local/airflow_env/lib/python3.11/site-packages/airflow/example_dags/example_latest_only.py took 0.124 seconds
[2024-02-26T04:42:06.282-0500] {processor.py:157} INFO - Started process (PID=64952) to work on /Users/venkatasaisabbineni/Desktop/Airflow_local/airflow_env/lib/python3.11/site-packages/airflow/example_dags/example_latest_only.py
[2024-02-26T04:42:06.285-0500] {processor.py:829} INFO - Processing file /Users/venkatasaisabbineni/Desktop/Airflow_local/airflow_env/lib/python3.11/site-packages/airflow/example_dags/example_latest_only.py for tasks to queue
[2024-02-26T04:42:06.286-0500] {logging_mixin.py:154} INFO - [2024-02-26T04:42:06.286-0500] {dagbag.py:536} INFO - Filling up the DagBag from /Users/venkatasaisabbineni/Desktop/Airflow_local/airflow_env/lib/python3.11/site-packages/airflow/example_dags/example_latest_only.py
[2024-02-26T04:42:06.301-0500] {processor.py:839} INFO - DAG(s) dict_keys(['latest_only']) retrieved from /Users/venkatasaisabbineni/Desktop/Airflow_local/airflow_env/lib/python3.11/site-packages/airflow/example_dags/example_latest_only.py
[2024-02-26T04:42:06.731-0500] {logging_mixin.py:154} INFO - [2024-02-26T04:42:06.731-0500] {manager.py:499} INFO - Created Permission View: %s
[2024-02-26T04:42:06.736-0500] {logging_mixin.py:154} INFO - [2024-02-26T04:42:06.736-0500] {manager.py:499} INFO - Created Permission View: %s
[2024-02-26T04:42:06.739-0500] {logging_mixin.py:154} INFO - [2024-02-26T04:42:06.739-0500] {manager.py:499} INFO - Created Permission View: %s
[2024-02-26T04:42:06.739-0500] {logging_mixin.py:154} INFO - [2024-02-26T04:42:06.739-0500] {dag.py:2941} INFO - Sync 1 DAGs
[2024-02-26T04:42:06.744-0500] {logging_mixin.py:154} INFO - [2024-02-26T04:42:06.744-0500] {dag.py:2963} INFO - Creating ORM DAG for latest_only
[2024-02-26T04:42:06.748-0500] {logging_mixin.py:154} INFO - [2024-02-26T04:42:06.748-0500] {dag.py:3722} INFO - Setting next_dagrun for latest_only to 2024-02-26T05:42:06.748545+00:00, run_after=2024-02-26T09:42:06.748545+00:00
[2024-02-26T04:42:06.757-0500] {processor.py:179} INFO - Processing /Users/venkatasaisabbineni/Desktop/Airflow_local/airflow_env/lib/python3.11/site-packages/airflow/example_dags/example_latest_only.py took 0.476 seconds
