[2024-02-26T04:27:21.960-0500] {processor.py:157} INFO - Started process (PID=62274) to work on /Users/venkatasaisabbineni/Desktop/Airflow_local/airflow_env/lib/python3.11/site-packages/airflow/example_dags/example_subdag_operator.py
[2024-02-26T04:27:21.962-0500] {processor.py:829} INFO - Processing file /Users/venkatasaisabbineni/Desktop/Airflow_local/airflow_env/lib/python3.11/site-packages/airflow/example_dags/example_subdag_operator.py for tasks to queue
[2024-02-26T04:27:21.963-0500] {logging_mixin.py:154} INFO - [2024-02-26T04:27:21.962-0500] {dagbag.py:536} INFO - Filling up the DagBag from /Users/venkatasaisabbineni/Desktop/Airflow_local/airflow_env/lib/python3.11/site-packages/airflow/example_dags/example_subdag_operator.py
[2024-02-26T04:27:22.039-0500] {processor.py:839} INFO - DAG(s) dict_keys(['example_subdag_operator.section-1', 'example_subdag_operator.section-2', 'example_subdag_operator']) retrieved from /Users/venkatasaisabbineni/Desktop/Airflow_local/airflow_env/lib/python3.11/site-packages/airflow/example_dags/example_subdag_operator.py
[2024-02-26T04:27:22.398-0500] {logging_mixin.py:154} INFO - [2024-02-26T04:27:22.398-0500] {manager.py:499} INFO - Created Permission View: %s
[2024-02-26T04:27:22.402-0500] {logging_mixin.py:154} INFO - [2024-02-26T04:27:22.402-0500] {manager.py:499} INFO - Created Permission View: %s
[2024-02-26T04:27:22.405-0500] {logging_mixin.py:154} INFO - [2024-02-26T04:27:22.405-0500] {manager.py:499} INFO - Created Permission View: %s
[2024-02-26T04:27:22.405-0500] {logging_mixin.py:154} INFO - [2024-02-26T04:27:22.405-0500] {dag.py:2941} INFO - Sync 3 DAGs
[2024-02-26T04:27:22.410-0500] {logging_mixin.py:154} INFO - [2024-02-26T04:27:22.410-0500] {dag.py:2963} INFO - Creating ORM DAG for example_subdag_operator.section-1
[2024-02-26T04:27:22.410-0500] {logging_mixin.py:154} INFO - [2024-02-26T04:27:22.410-0500] {dag.py:2963} INFO - Creating ORM DAG for example_subdag_operator.section-2
[2024-02-26T04:27:22.410-0500] {logging_mixin.py:154} INFO - [2024-02-26T04:27:22.410-0500] {dag.py:2963} INFO - Creating ORM DAG for example_subdag_operator
[2024-02-26T04:27:22.414-0500] {logging_mixin.py:154} INFO - [2024-02-26T04:27:22.414-0500] {dag.py:3722} INFO - Setting next_dagrun for example_subdag_operator to 2022-01-01T00:00:00+00:00, run_after=2022-01-01T00:00:00+00:00
[2024-02-26T04:27:22.414-0500] {logging_mixin.py:154} INFO - [2024-02-26T04:27:22.414-0500] {dag.py:3722} INFO - Setting next_dagrun for example_subdag_operator.section-1 to None, run_after=None
[2024-02-26T04:27:22.415-0500] {logging_mixin.py:154} INFO - [2024-02-26T04:27:22.414-0500] {dag.py:3722} INFO - Setting next_dagrun for example_subdag_operator.section-2 to None, run_after=None
[2024-02-26T04:27:22.418-0500] {logging_mixin.py:154} INFO - [2024-02-26T04:27:22.418-0500] {dag.py:2941} INFO - Sync 2 DAGs
[2024-02-26T04:27:22.420-0500] {logging_mixin.py:154} INFO - [2024-02-26T04:27:22.420-0500] {dag.py:3722} INFO - Setting next_dagrun for example_subdag_operator.section-1 to None, run_after=None
[2024-02-26T04:27:22.421-0500] {logging_mixin.py:154} INFO - [2024-02-26T04:27:22.421-0500] {dag.py:3722} INFO - Setting next_dagrun for example_subdag_operator.section-2 to None, run_after=None
[2024-02-26T04:27:22.427-0500] {processor.py:179} INFO - Processing /Users/venkatasaisabbineni/Desktop/Airflow_local/airflow_env/lib/python3.11/site-packages/airflow/example_dags/example_subdag_operator.py took 0.468 seconds
[2024-02-26T04:28:17.706-0500] {processor.py:157} INFO - Started process (PID=62445) to work on /Users/venkatasaisabbineni/Desktop/Airflow_local/airflow_env/lib/python3.11/site-packages/airflow/example_dags/example_subdag_operator.py
[2024-02-26T04:28:17.709-0500] {processor.py:829} INFO - Processing file /Users/venkatasaisabbineni/Desktop/Airflow_local/airflow_env/lib/python3.11/site-packages/airflow/example_dags/example_subdag_operator.py for tasks to queue
[2024-02-26T04:28:17.709-0500] {logging_mixin.py:154} INFO - [2024-02-26T04:28:17.709-0500] {dagbag.py:536} INFO - Filling up the DagBag from /Users/venkatasaisabbineni/Desktop/Airflow_local/airflow_env/lib/python3.11/site-packages/airflow/example_dags/example_subdag_operator.py
[2024-02-26T04:28:17.791-0500] {processor.py:839} INFO - DAG(s) dict_keys(['example_subdag_operator.section-1', 'example_subdag_operator.section-2', 'example_subdag_operator']) retrieved from /Users/venkatasaisabbineni/Desktop/Airflow_local/airflow_env/lib/python3.11/site-packages/airflow/example_dags/example_subdag_operator.py
[2024-02-26T04:28:17.838-0500] {logging_mixin.py:154} INFO - [2024-02-26T04:28:17.838-0500] {dag.py:2941} INFO - Sync 3 DAGs
[2024-02-26T04:28:17.846-0500] {logging_mixin.py:154} INFO - [2024-02-26T04:28:17.846-0500] {dag.py:3722} INFO - Setting next_dagrun for example_subdag_operator to 2022-01-01T00:00:00+00:00, run_after=2022-01-01T00:00:00+00:00
[2024-02-26T04:28:17.849-0500] {logging_mixin.py:154} INFO - [2024-02-26T04:28:17.849-0500] {dag.py:3722} INFO - Setting next_dagrun for example_subdag_operator.section-1 to None, run_after=None
[2024-02-26T04:28:17.849-0500] {logging_mixin.py:154} INFO - [2024-02-26T04:28:17.849-0500] {dag.py:3722} INFO - Setting next_dagrun for example_subdag_operator.section-2 to None, run_after=None
[2024-02-26T04:28:17.852-0500] {logging_mixin.py:154} INFO - [2024-02-26T04:28:17.852-0500] {dag.py:2941} INFO - Sync 2 DAGs
[2024-02-26T04:28:17.854-0500] {logging_mixin.py:154} INFO - [2024-02-26T04:28:17.854-0500] {dag.py:3722} INFO - Setting next_dagrun for example_subdag_operator.section-1 to None, run_after=None
[2024-02-26T04:28:17.854-0500] {logging_mixin.py:154} INFO - [2024-02-26T04:28:17.854-0500] {dag.py:3722} INFO - Setting next_dagrun for example_subdag_operator.section-2 to None, run_after=None
[2024-02-26T04:28:17.860-0500] {processor.py:179} INFO - Processing /Users/venkatasaisabbineni/Desktop/Airflow_local/airflow_env/lib/python3.11/site-packages/airflow/example_dags/example_subdag_operator.py took 0.155 seconds
[2024-02-26T04:29:37.615-0500] {processor.py:157} INFO - Started process (PID=62682) to work on /Users/venkatasaisabbineni/Desktop/Airflow_local/airflow_env/lib/python3.11/site-packages/airflow/example_dags/example_subdag_operator.py
[2024-02-26T04:29:37.619-0500] {processor.py:829} INFO - Processing file /Users/venkatasaisabbineni/Desktop/Airflow_local/airflow_env/lib/python3.11/site-packages/airflow/example_dags/example_subdag_operator.py for tasks to queue
[2024-02-26T04:29:37.619-0500] {logging_mixin.py:154} INFO - [2024-02-26T04:29:37.619-0500] {dagbag.py:536} INFO - Filling up the DagBag from /Users/venkatasaisabbineni/Desktop/Airflow_local/airflow_env/lib/python3.11/site-packages/airflow/example_dags/example_subdag_operator.py
[2024-02-26T04:29:37.695-0500] {processor.py:839} INFO - DAG(s) dict_keys(['example_subdag_operator.section-1', 'example_subdag_operator.section-2', 'example_subdag_operator']) retrieved from /Users/venkatasaisabbineni/Desktop/Airflow_local/airflow_env/lib/python3.11/site-packages/airflow/example_dags/example_subdag_operator.py
[2024-02-26T04:29:37.734-0500] {logging_mixin.py:154} INFO - [2024-02-26T04:29:37.734-0500] {dag.py:2941} INFO - Sync 3 DAGs
[2024-02-26T04:29:37.743-0500] {logging_mixin.py:154} INFO - [2024-02-26T04:29:37.743-0500] {dag.py:3722} INFO - Setting next_dagrun for example_subdag_operator to 2022-01-01T00:00:00+00:00, run_after=2022-01-01T00:00:00+00:00
[2024-02-26T04:29:37.745-0500] {logging_mixin.py:154} INFO - [2024-02-26T04:29:37.745-0500] {dag.py:3722} INFO - Setting next_dagrun for example_subdag_operator.section-1 to None, run_after=None
[2024-02-26T04:29:37.745-0500] {logging_mixin.py:154} INFO - [2024-02-26T04:29:37.745-0500] {dag.py:3722} INFO - Setting next_dagrun for example_subdag_operator.section-2 to None, run_after=None
[2024-02-26T04:29:37.748-0500] {logging_mixin.py:154} INFO - [2024-02-26T04:29:37.748-0500] {dag.py:2941} INFO - Sync 2 DAGs
[2024-02-26T04:29:37.750-0500] {logging_mixin.py:154} INFO - [2024-02-26T04:29:37.750-0500] {dag.py:3722} INFO - Setting next_dagrun for example_subdag_operator.section-1 to None, run_after=None
[2024-02-26T04:29:37.750-0500] {logging_mixin.py:154} INFO - [2024-02-26T04:29:37.750-0500] {dag.py:3722} INFO - Setting next_dagrun for example_subdag_operator.section-2 to None, run_after=None
[2024-02-26T04:29:37.756-0500] {processor.py:179} INFO - Processing /Users/venkatasaisabbineni/Desktop/Airflow_local/airflow_env/lib/python3.11/site-packages/airflow/example_dags/example_subdag_operator.py took 0.141 seconds
[2024-02-26T04:31:16.331-0500] {processor.py:157} INFO - Started process (PID=62988) to work on /Users/venkatasaisabbineni/Desktop/Airflow_local/airflow_env/lib/python3.11/site-packages/airflow/example_dags/example_subdag_operator.py
[2024-02-26T04:31:16.335-0500] {processor.py:829} INFO - Processing file /Users/venkatasaisabbineni/Desktop/Airflow_local/airflow_env/lib/python3.11/site-packages/airflow/example_dags/example_subdag_operator.py for tasks to queue
[2024-02-26T04:31:16.335-0500] {logging_mixin.py:154} INFO - [2024-02-26T04:31:16.335-0500] {dagbag.py:536} INFO - Filling up the DagBag from /Users/venkatasaisabbineni/Desktop/Airflow_local/airflow_env/lib/python3.11/site-packages/airflow/example_dags/example_subdag_operator.py
[2024-02-26T04:31:16.411-0500] {processor.py:839} INFO - DAG(s) dict_keys(['example_subdag_operator.section-1', 'example_subdag_operator.section-2', 'example_subdag_operator']) retrieved from /Users/venkatasaisabbineni/Desktop/Airflow_local/airflow_env/lib/python3.11/site-packages/airflow/example_dags/example_subdag_operator.py
[2024-02-26T04:31:16.453-0500] {logging_mixin.py:154} INFO - [2024-02-26T04:31:16.453-0500] {dag.py:2941} INFO - Sync 3 DAGs
[2024-02-26T04:31:16.462-0500] {logging_mixin.py:154} INFO - [2024-02-26T04:31:16.461-0500] {dag.py:3722} INFO - Setting next_dagrun for example_subdag_operator to 2022-01-01T00:00:00+00:00, run_after=2022-01-01T00:00:00+00:00
[2024-02-26T04:31:16.464-0500] {logging_mixin.py:154} INFO - [2024-02-26T04:31:16.464-0500] {dag.py:3722} INFO - Setting next_dagrun for example_subdag_operator.section-1 to None, run_after=None
[2024-02-26T04:31:16.464-0500] {logging_mixin.py:154} INFO - [2024-02-26T04:31:16.464-0500] {dag.py:3722} INFO - Setting next_dagrun for example_subdag_operator.section-2 to None, run_after=None
[2024-02-26T04:31:16.467-0500] {logging_mixin.py:154} INFO - [2024-02-26T04:31:16.467-0500] {dag.py:2941} INFO - Sync 2 DAGs
[2024-02-26T04:31:16.469-0500] {logging_mixin.py:154} INFO - [2024-02-26T04:31:16.469-0500] {dag.py:3722} INFO - Setting next_dagrun for example_subdag_operator.section-1 to None, run_after=None
[2024-02-26T04:31:16.469-0500] {logging_mixin.py:154} INFO - [2024-02-26T04:31:16.469-0500] {dag.py:3722} INFO - Setting next_dagrun for example_subdag_operator.section-2 to None, run_after=None
[2024-02-26T04:31:16.476-0500] {processor.py:179} INFO - Processing /Users/venkatasaisabbineni/Desktop/Airflow_local/airflow_env/lib/python3.11/site-packages/airflow/example_dags/example_subdag_operator.py took 0.145 seconds
[2024-02-26T04:33:00.023-0500] {processor.py:157} INFO - Started process (PID=63357) to work on /Users/venkatasaisabbineni/Desktop/Airflow_local/airflow_env/lib/python3.11/site-packages/airflow/example_dags/example_subdag_operator.py
[2024-02-26T04:33:00.025-0500] {processor.py:829} INFO - Processing file /Users/venkatasaisabbineni/Desktop/Airflow_local/airflow_env/lib/python3.11/site-packages/airflow/example_dags/example_subdag_operator.py for tasks to queue
[2024-02-26T04:33:00.025-0500] {logging_mixin.py:154} INFO - [2024-02-26T04:33:00.025-0500] {dagbag.py:536} INFO - Filling up the DagBag from /Users/venkatasaisabbineni/Desktop/Airflow_local/airflow_env/lib/python3.11/site-packages/airflow/example_dags/example_subdag_operator.py
[2024-02-26T04:33:00.100-0500] {processor.py:839} INFO - DAG(s) dict_keys(['example_subdag_operator.section-1', 'example_subdag_operator.section-2', 'example_subdag_operator']) retrieved from /Users/venkatasaisabbineni/Desktop/Airflow_local/airflow_env/lib/python3.11/site-packages/airflow/example_dags/example_subdag_operator.py
[2024-02-26T04:33:00.139-0500] {logging_mixin.py:154} INFO - [2024-02-26T04:33:00.139-0500] {dag.py:2941} INFO - Sync 3 DAGs
[2024-02-26T04:33:00.147-0500] {logging_mixin.py:154} INFO - [2024-02-26T04:33:00.147-0500] {dag.py:3722} INFO - Setting next_dagrun for example_subdag_operator to 2022-01-01T00:00:00+00:00, run_after=2022-01-01T00:00:00+00:00
[2024-02-26T04:33:00.149-0500] {logging_mixin.py:154} INFO - [2024-02-26T04:33:00.149-0500] {dag.py:3722} INFO - Setting next_dagrun for example_subdag_operator.section-1 to None, run_after=None
[2024-02-26T04:33:00.149-0500] {logging_mixin.py:154} INFO - [2024-02-26T04:33:00.149-0500] {dag.py:3722} INFO - Setting next_dagrun for example_subdag_operator.section-2 to None, run_after=None
[2024-02-26T04:33:00.152-0500] {logging_mixin.py:154} INFO - [2024-02-26T04:33:00.152-0500] {dag.py:2941} INFO - Sync 2 DAGs
[2024-02-26T04:33:00.154-0500] {logging_mixin.py:154} INFO - [2024-02-26T04:33:00.154-0500] {dag.py:3722} INFO - Setting next_dagrun for example_subdag_operator.section-1 to None, run_after=None
[2024-02-26T04:33:00.154-0500] {logging_mixin.py:154} INFO - [2024-02-26T04:33:00.154-0500] {dag.py:3722} INFO - Setting next_dagrun for example_subdag_operator.section-2 to None, run_after=None
[2024-02-26T04:33:00.161-0500] {processor.py:179} INFO - Processing /Users/venkatasaisabbineni/Desktop/Airflow_local/airflow_env/lib/python3.11/site-packages/airflow/example_dags/example_subdag_operator.py took 0.140 seconds
[2024-02-26T04:33:52.626-0500] {processor.py:157} INFO - Started process (PID=63516) to work on /Users/venkatasaisabbineni/Desktop/Airflow_local/airflow_env/lib/python3.11/site-packages/airflow/example_dags/example_subdag_operator.py
[2024-02-26T04:33:52.629-0500] {processor.py:829} INFO - Processing file /Users/venkatasaisabbineni/Desktop/Airflow_local/airflow_env/lib/python3.11/site-packages/airflow/example_dags/example_subdag_operator.py for tasks to queue
[2024-02-26T04:33:52.630-0500] {logging_mixin.py:154} INFO - [2024-02-26T04:33:52.629-0500] {dagbag.py:536} INFO - Filling up the DagBag from /Users/venkatasaisabbineni/Desktop/Airflow_local/airflow_env/lib/python3.11/site-packages/airflow/example_dags/example_subdag_operator.py
[2024-02-26T04:33:52.706-0500] {processor.py:839} INFO - DAG(s) dict_keys(['example_subdag_operator.section-1', 'example_subdag_operator.section-2', 'example_subdag_operator']) retrieved from /Users/venkatasaisabbineni/Desktop/Airflow_local/airflow_env/lib/python3.11/site-packages/airflow/example_dags/example_subdag_operator.py
[2024-02-26T04:33:52.754-0500] {logging_mixin.py:154} INFO - [2024-02-26T04:33:52.754-0500] {dag.py:2941} INFO - Sync 3 DAGs
[2024-02-26T04:33:52.762-0500] {logging_mixin.py:154} INFO - [2024-02-26T04:33:52.762-0500] {dag.py:3722} INFO - Setting next_dagrun for example_subdag_operator to 2022-01-01T00:00:00+00:00, run_after=2022-01-01T00:00:00+00:00
[2024-02-26T04:33:52.764-0500] {logging_mixin.py:154} INFO - [2024-02-26T04:33:52.764-0500] {dag.py:3722} INFO - Setting next_dagrun for example_subdag_operator.section-1 to None, run_after=None
[2024-02-26T04:33:52.765-0500] {logging_mixin.py:154} INFO - [2024-02-26T04:33:52.765-0500] {dag.py:3722} INFO - Setting next_dagrun for example_subdag_operator.section-2 to None, run_after=None
[2024-02-26T04:33:52.767-0500] {logging_mixin.py:154} INFO - [2024-02-26T04:33:52.767-0500] {dag.py:2941} INFO - Sync 2 DAGs
[2024-02-26T04:33:52.769-0500] {logging_mixin.py:154} INFO - [2024-02-26T04:33:52.769-0500] {dag.py:3722} INFO - Setting next_dagrun for example_subdag_operator.section-1 to None, run_after=None
[2024-02-26T04:33:52.769-0500] {logging_mixin.py:154} INFO - [2024-02-26T04:33:52.769-0500] {dag.py:3722} INFO - Setting next_dagrun for example_subdag_operator.section-2 to None, run_after=None
[2024-02-26T04:33:52.777-0500] {processor.py:179} INFO - Processing /Users/venkatasaisabbineni/Desktop/Airflow_local/airflow_env/lib/python3.11/site-packages/airflow/example_dags/example_subdag_operator.py took 0.151 seconds
[2024-02-26T04:37:33.091-0500] {processor.py:157} INFO - Started process (PID=64169) to work on /Users/venkatasaisabbineni/Desktop/Airflow_local/airflow_env/lib/python3.11/site-packages/airflow/example_dags/example_subdag_operator.py
[2024-02-26T04:37:33.096-0500] {processor.py:829} INFO - Processing file /Users/venkatasaisabbineni/Desktop/Airflow_local/airflow_env/lib/python3.11/site-packages/airflow/example_dags/example_subdag_operator.py for tasks to queue
[2024-02-26T04:37:33.096-0500] {logging_mixin.py:154} INFO - [2024-02-26T04:37:33.096-0500] {dagbag.py:536} INFO - Filling up the DagBag from /Users/venkatasaisabbineni/Desktop/Airflow_local/airflow_env/lib/python3.11/site-packages/airflow/example_dags/example_subdag_operator.py
[2024-02-26T04:37:33.172-0500] {processor.py:839} INFO - DAG(s) dict_keys(['example_subdag_operator.section-1', 'example_subdag_operator.section-2', 'example_subdag_operator']) retrieved from /Users/venkatasaisabbineni/Desktop/Airflow_local/airflow_env/lib/python3.11/site-packages/airflow/example_dags/example_subdag_operator.py
[2024-02-26T04:37:33.177-0500] {logging_mixin.py:154} INFO - [2024-02-26T04:37:33.176-0500] {dag.py:2941} INFO - Sync 3 DAGs
[2024-02-26T04:37:33.186-0500] {logging_mixin.py:154} INFO - [2024-02-26T04:37:33.185-0500] {dag.py:3722} INFO - Setting next_dagrun for example_subdag_operator to 2022-01-01T00:00:00+00:00, run_after=2022-01-01T00:00:00+00:00
[2024-02-26T04:37:33.187-0500] {logging_mixin.py:154} INFO - [2024-02-26T04:37:33.187-0500] {dag.py:3722} INFO - Setting next_dagrun for example_subdag_operator.section-1 to None, run_after=None
[2024-02-26T04:37:33.187-0500] {logging_mixin.py:154} INFO - [2024-02-26T04:37:33.187-0500] {dag.py:3722} INFO - Setting next_dagrun for example_subdag_operator.section-2 to None, run_after=None
[2024-02-26T04:37:33.190-0500] {logging_mixin.py:154} INFO - [2024-02-26T04:37:33.190-0500] {dag.py:2941} INFO - Sync 2 DAGs
[2024-02-26T04:37:33.192-0500] {logging_mixin.py:154} INFO - [2024-02-26T04:37:33.192-0500] {dag.py:3722} INFO - Setting next_dagrun for example_subdag_operator.section-1 to None, run_after=None
[2024-02-26T04:37:33.192-0500] {logging_mixin.py:154} INFO - [2024-02-26T04:37:33.192-0500] {dag.py:3722} INFO - Setting next_dagrun for example_subdag_operator.section-2 to None, run_after=None
[2024-02-26T04:37:33.200-0500] {processor.py:179} INFO - Processing /Users/venkatasaisabbineni/Desktop/Airflow_local/airflow_env/lib/python3.11/site-packages/airflow/example_dags/example_subdag_operator.py took 0.109 seconds
[2024-02-26T04:38:46.965-0500] {processor.py:157} INFO - Started process (PID=64406) to work on /Users/venkatasaisabbineni/Desktop/Airflow_local/airflow_env/lib/python3.11/site-packages/airflow/example_dags/example_subdag_operator.py
[2024-02-26T04:38:46.968-0500] {processor.py:829} INFO - Processing file /Users/venkatasaisabbineni/Desktop/Airflow_local/airflow_env/lib/python3.11/site-packages/airflow/example_dags/example_subdag_operator.py for tasks to queue
[2024-02-26T04:38:46.969-0500] {logging_mixin.py:154} INFO - [2024-02-26T04:38:46.968-0500] {dagbag.py:536} INFO - Filling up the DagBag from /Users/venkatasaisabbineni/Desktop/Airflow_local/airflow_env/lib/python3.11/site-packages/airflow/example_dags/example_subdag_operator.py
[2024-02-26T04:38:47.046-0500] {processor.py:839} INFO - DAG(s) dict_keys(['example_subdag_operator.section-1', 'example_subdag_operator.section-2', 'example_subdag_operator']) retrieved from /Users/venkatasaisabbineni/Desktop/Airflow_local/airflow_env/lib/python3.11/site-packages/airflow/example_dags/example_subdag_operator.py
[2024-02-26T04:38:47.098-0500] {logging_mixin.py:154} INFO - [2024-02-26T04:38:47.097-0500] {dag.py:2941} INFO - Sync 3 DAGs
[2024-02-26T04:38:47.106-0500] {logging_mixin.py:154} INFO - [2024-02-26T04:38:47.106-0500] {dag.py:3722} INFO - Setting next_dagrun for example_subdag_operator to 2022-01-01T00:00:00+00:00, run_after=2022-01-01T00:00:00+00:00
[2024-02-26T04:38:47.108-0500] {logging_mixin.py:154} INFO - [2024-02-26T04:38:47.108-0500] {dag.py:3722} INFO - Setting next_dagrun for example_subdag_operator.section-1 to None, run_after=None
[2024-02-26T04:38:47.109-0500] {logging_mixin.py:154} INFO - [2024-02-26T04:38:47.109-0500] {dag.py:3722} INFO - Setting next_dagrun for example_subdag_operator.section-2 to None, run_after=None
[2024-02-26T04:38:47.112-0500] {logging_mixin.py:154} INFO - [2024-02-26T04:38:47.112-0500] {dag.py:2941} INFO - Sync 2 DAGs
[2024-02-26T04:38:47.114-0500] {logging_mixin.py:154} INFO - [2024-02-26T04:38:47.114-0500] {dag.py:3722} INFO - Setting next_dagrun for example_subdag_operator.section-1 to None, run_after=None
[2024-02-26T04:38:47.114-0500] {logging_mixin.py:154} INFO - [2024-02-26T04:38:47.114-0500] {dag.py:3722} INFO - Setting next_dagrun for example_subdag_operator.section-2 to None, run_after=None
[2024-02-26T04:38:47.122-0500] {processor.py:179} INFO - Processing /Users/venkatasaisabbineni/Desktop/Airflow_local/airflow_env/lib/python3.11/site-packages/airflow/example_dags/example_subdag_operator.py took 0.158 seconds
[2024-02-26T04:41:34.182-0500] {processor.py:157} INFO - Started process (PID=64856) to work on /Users/venkatasaisabbineni/Desktop/Airflow_local/airflow_env/lib/python3.11/site-packages/airflow/example_dags/example_subdag_operator.py
[2024-02-26T04:41:34.186-0500] {processor.py:829} INFO - Processing file /Users/venkatasaisabbineni/Desktop/Airflow_local/airflow_env/lib/python3.11/site-packages/airflow/example_dags/example_subdag_operator.py for tasks to queue
[2024-02-26T04:41:34.186-0500] {logging_mixin.py:154} INFO - [2024-02-26T04:41:34.186-0500] {dagbag.py:536} INFO - Filling up the DagBag from /Users/venkatasaisabbineni/Desktop/Airflow_local/airflow_env/lib/python3.11/site-packages/airflow/example_dags/example_subdag_operator.py
[2024-02-26T04:41:34.264-0500] {processor.py:839} INFO - DAG(s) dict_keys(['example_subdag_operator.section-1', 'example_subdag_operator.section-2', 'example_subdag_operator']) retrieved from /Users/venkatasaisabbineni/Desktop/Airflow_local/airflow_env/lib/python3.11/site-packages/airflow/example_dags/example_subdag_operator.py
[2024-02-26T04:41:34.638-0500] {logging_mixin.py:154} INFO - [2024-02-26T04:41:34.638-0500] {manager.py:499} INFO - Created Permission View: %s
[2024-02-26T04:41:34.642-0500] {logging_mixin.py:154} INFO - [2024-02-26T04:41:34.642-0500] {manager.py:499} INFO - Created Permission View: %s
[2024-02-26T04:41:34.645-0500] {logging_mixin.py:154} INFO - [2024-02-26T04:41:34.645-0500] {manager.py:499} INFO - Created Permission View: %s
[2024-02-26T04:41:34.645-0500] {logging_mixin.py:154} INFO - [2024-02-26T04:41:34.645-0500] {dag.py:2941} INFO - Sync 3 DAGs
[2024-02-26T04:41:34.650-0500] {logging_mixin.py:154} INFO - [2024-02-26T04:41:34.650-0500] {dag.py:2963} INFO - Creating ORM DAG for example_subdag_operator.section-1
[2024-02-26T04:41:34.650-0500] {logging_mixin.py:154} INFO - [2024-02-26T04:41:34.650-0500] {dag.py:2963} INFO - Creating ORM DAG for example_subdag_operator.section-2
[2024-02-26T04:41:34.651-0500] {logging_mixin.py:154} INFO - [2024-02-26T04:41:34.651-0500] {dag.py:2963} INFO - Creating ORM DAG for example_subdag_operator
[2024-02-26T04:41:34.654-0500] {logging_mixin.py:154} INFO - [2024-02-26T04:41:34.654-0500] {dag.py:3722} INFO - Setting next_dagrun for example_subdag_operator to 2022-01-01T00:00:00+00:00, run_after=2022-01-01T00:00:00+00:00
[2024-02-26T04:41:34.655-0500] {logging_mixin.py:154} INFO - [2024-02-26T04:41:34.655-0500] {dag.py:3722} INFO - Setting next_dagrun for example_subdag_operator.section-1 to None, run_after=None
[2024-02-26T04:41:34.655-0500] {logging_mixin.py:154} INFO - [2024-02-26T04:41:34.655-0500] {dag.py:3722} INFO - Setting next_dagrun for example_subdag_operator.section-2 to None, run_after=None
[2024-02-26T04:41:34.658-0500] {logging_mixin.py:154} INFO - [2024-02-26T04:41:34.658-0500] {dag.py:2941} INFO - Sync 2 DAGs
[2024-02-26T04:41:34.660-0500] {logging_mixin.py:154} INFO - [2024-02-26T04:41:34.660-0500] {dag.py:3722} INFO - Setting next_dagrun for example_subdag_operator.section-1 to None, run_after=None
[2024-02-26T04:41:34.661-0500] {logging_mixin.py:154} INFO - [2024-02-26T04:41:34.661-0500] {dag.py:3722} INFO - Setting next_dagrun for example_subdag_operator.section-2 to None, run_after=None
[2024-02-26T04:41:34.668-0500] {processor.py:179} INFO - Processing /Users/venkatasaisabbineni/Desktop/Airflow_local/airflow_env/lib/python3.11/site-packages/airflow/example_dags/example_subdag_operator.py took 0.486 seconds
[2024-02-26T04:43:02.661-0500] {processor.py:157} INFO - Started process (PID=65119) to work on /Users/venkatasaisabbineni/Desktop/Airflow_local/airflow_env/lib/python3.11/site-packages/airflow/example_dags/example_subdag_operator.py
[2024-02-26T04:43:02.664-0500] {processor.py:829} INFO - Processing file /Users/venkatasaisabbineni/Desktop/Airflow_local/airflow_env/lib/python3.11/site-packages/airflow/example_dags/example_subdag_operator.py for tasks to queue
[2024-02-26T04:43:02.665-0500] {logging_mixin.py:154} INFO - [2024-02-26T04:43:02.665-0500] {dagbag.py:536} INFO - Filling up the DagBag from /Users/venkatasaisabbineni/Desktop/Airflow_local/airflow_env/lib/python3.11/site-packages/airflow/example_dags/example_subdag_operator.py
[2024-02-26T04:43:02.742-0500] {processor.py:839} INFO - DAG(s) dict_keys(['example_subdag_operator.section-1', 'example_subdag_operator.section-2', 'example_subdag_operator']) retrieved from /Users/venkatasaisabbineni/Desktop/Airflow_local/airflow_env/lib/python3.11/site-packages/airflow/example_dags/example_subdag_operator.py
[2024-02-26T04:43:02.781-0500] {logging_mixin.py:154} INFO - [2024-02-26T04:43:02.781-0500] {dag.py:2941} INFO - Sync 3 DAGs
[2024-02-26T04:43:02.790-0500] {logging_mixin.py:154} INFO - [2024-02-26T04:43:02.790-0500] {dag.py:3722} INFO - Setting next_dagrun for example_subdag_operator to 2022-01-01T00:00:00+00:00, run_after=2022-01-01T00:00:00+00:00
[2024-02-26T04:43:02.792-0500] {logging_mixin.py:154} INFO - [2024-02-26T04:43:02.792-0500] {dag.py:3722} INFO - Setting next_dagrun for example_subdag_operator.section-1 to None, run_after=None
[2024-02-26T04:43:02.792-0500] {logging_mixin.py:154} INFO - [2024-02-26T04:43:02.792-0500] {dag.py:3722} INFO - Setting next_dagrun for example_subdag_operator.section-2 to None, run_after=None
[2024-02-26T04:43:02.795-0500] {logging_mixin.py:154} INFO - [2024-02-26T04:43:02.795-0500] {dag.py:2941} INFO - Sync 2 DAGs
[2024-02-26T04:43:02.797-0500] {logging_mixin.py:154} INFO - [2024-02-26T04:43:02.797-0500] {dag.py:3722} INFO - Setting next_dagrun for example_subdag_operator.section-1 to None, run_after=None
[2024-02-26T04:43:02.797-0500] {logging_mixin.py:154} INFO - [2024-02-26T04:43:02.797-0500] {dag.py:3722} INFO - Setting next_dagrun for example_subdag_operator.section-2 to None, run_after=None
[2024-02-26T04:43:02.804-0500] {processor.py:179} INFO - Processing /Users/venkatasaisabbineni/Desktop/Airflow_local/airflow_env/lib/python3.11/site-packages/airflow/example_dags/example_subdag_operator.py took 0.144 seconds
