[2024-02-26T04:28:50.900-0500] {processor.py:157} INFO - Started process (PID=62541) to work on /Users/venkatasaisabbineni/Desktop/Airflow_local/airflow_env/lib/python3.11/site-packages/airflow/example_dags/example_dynamic_task_mapping_with_no_taskflow_operators.py
[2024-02-26T04:28:50.903-0500] {processor.py:829} INFO - Processing file /Users/venkatasaisabbineni/Desktop/Airflow_local/airflow_env/lib/python3.11/site-packages/airflow/example_dags/example_dynamic_task_mapping_with_no_taskflow_operators.py for tasks to queue
[2024-02-26T04:28:50.903-0500] {logging_mixin.py:154} INFO - [2024-02-26T04:28:50.903-0500] {dagbag.py:536} INFO - Filling up the DagBag from /Users/venkatasaisabbineni/Desktop/Airflow_local/airflow_env/lib/python3.11/site-packages/airflow/example_dags/example_dynamic_task_mapping_with_no_taskflow_operators.py
[2024-02-26T04:28:50.917-0500] {processor.py:839} INFO - DAG(s) dict_keys(['example_dynamic_task_mapping_with_no_taskflow_operators']) retrieved from /Users/venkatasaisabbineni/Desktop/Airflow_local/airflow_env/lib/python3.11/site-packages/airflow/example_dags/example_dynamic_task_mapping_with_no_taskflow_operators.py
[2024-02-26T04:28:51.004-0500] {logging_mixin.py:154} INFO - [2024-02-26T04:28:51.004-0500] {dag.py:2941} INFO - Sync 1 DAGs
[2024-02-26T04:28:51.012-0500] {logging_mixin.py:154} INFO - [2024-02-26T04:28:51.012-0500] {dag.py:3722} INFO - Setting next_dagrun for example_dynamic_task_mapping_with_no_taskflow_operators to 2024-02-25T09:28:51.012247+00:00, run_after=2024-02-26T09:28:51.012247+00:00
[2024-02-26T04:28:51.021-0500] {processor.py:179} INFO - Processing /Users/venkatasaisabbineni/Desktop/Airflow_local/airflow_env/lib/python3.11/site-packages/airflow/example_dags/example_dynamic_task_mapping_with_no_taskflow_operators.py took 0.121 seconds
[2024-02-26T04:30:29.145-0500] {processor.py:157} INFO - Started process (PID=62833) to work on /Users/venkatasaisabbineni/Desktop/Airflow_local/airflow_env/lib/python3.11/site-packages/airflow/example_dags/example_dynamic_task_mapping_with_no_taskflow_operators.py
[2024-02-26T04:30:29.147-0500] {processor.py:829} INFO - Processing file /Users/venkatasaisabbineni/Desktop/Airflow_local/airflow_env/lib/python3.11/site-packages/airflow/example_dags/example_dynamic_task_mapping_with_no_taskflow_operators.py for tasks to queue
[2024-02-26T04:30:29.148-0500] {logging_mixin.py:154} INFO - [2024-02-26T04:30:29.148-0500] {dagbag.py:536} INFO - Filling up the DagBag from /Users/venkatasaisabbineni/Desktop/Airflow_local/airflow_env/lib/python3.11/site-packages/airflow/example_dags/example_dynamic_task_mapping_with_no_taskflow_operators.py
[2024-02-26T04:30:29.162-0500] {processor.py:839} INFO - DAG(s) dict_keys(['example_dynamic_task_mapping_with_no_taskflow_operators']) retrieved from /Users/venkatasaisabbineni/Desktop/Airflow_local/airflow_env/lib/python3.11/site-packages/airflow/example_dags/example_dynamic_task_mapping_with_no_taskflow_operators.py
[2024-02-26T04:30:29.253-0500] {logging_mixin.py:154} INFO - [2024-02-26T04:30:29.252-0500] {dag.py:2941} INFO - Sync 1 DAGs
[2024-02-26T04:30:29.261-0500] {logging_mixin.py:154} INFO - [2024-02-26T04:30:29.261-0500] {dag.py:3722} INFO - Setting next_dagrun for example_dynamic_task_mapping_with_no_taskflow_operators to 2024-02-25T09:30:29.261252+00:00, run_after=2024-02-26T09:30:29.261252+00:00
[2024-02-26T04:30:29.271-0500] {processor.py:179} INFO - Processing /Users/venkatasaisabbineni/Desktop/Airflow_local/airflow_env/lib/python3.11/site-packages/airflow/example_dags/example_dynamic_task_mapping_with_no_taskflow_operators.py took 0.127 seconds
[2024-02-26T04:32:11.183-0500] {processor.py:157} INFO - Started process (PID=63156) to work on /Users/venkatasaisabbineni/Desktop/Airflow_local/airflow_env/lib/python3.11/site-packages/airflow/example_dags/example_dynamic_task_mapping_with_no_taskflow_operators.py
[2024-02-26T04:32:11.186-0500] {processor.py:829} INFO - Processing file /Users/venkatasaisabbineni/Desktop/Airflow_local/airflow_env/lib/python3.11/site-packages/airflow/example_dags/example_dynamic_task_mapping_with_no_taskflow_operators.py for tasks to queue
[2024-02-26T04:32:11.186-0500] {logging_mixin.py:154} INFO - [2024-02-26T04:32:11.186-0500] {dagbag.py:536} INFO - Filling up the DagBag from /Users/venkatasaisabbineni/Desktop/Airflow_local/airflow_env/lib/python3.11/site-packages/airflow/example_dags/example_dynamic_task_mapping_with_no_taskflow_operators.py
[2024-02-26T04:32:11.201-0500] {processor.py:839} INFO - DAG(s) dict_keys(['example_dynamic_task_mapping_with_no_taskflow_operators']) retrieved from /Users/venkatasaisabbineni/Desktop/Airflow_local/airflow_env/lib/python3.11/site-packages/airflow/example_dags/example_dynamic_task_mapping_with_no_taskflow_operators.py
[2024-02-26T04:32:11.291-0500] {logging_mixin.py:154} INFO - [2024-02-26T04:32:11.291-0500] {dag.py:2941} INFO - Sync 1 DAGs
[2024-02-26T04:32:11.300-0500] {logging_mixin.py:154} INFO - [2024-02-26T04:32:11.300-0500] {dag.py:3722} INFO - Setting next_dagrun for example_dynamic_task_mapping_with_no_taskflow_operators to 2024-02-25T09:32:11.300588+00:00, run_after=2024-02-26T09:32:11.300588+00:00
[2024-02-26T04:32:11.310-0500] {processor.py:179} INFO - Processing /Users/venkatasaisabbineni/Desktop/Airflow_local/airflow_env/lib/python3.11/site-packages/airflow/example_dags/example_dynamic_task_mapping_with_no_taskflow_operators.py took 0.128 seconds
[2024-02-26T04:42:11.824-0500] {processor.py:157} INFO - Started process (PID=64968) to work on /Users/venkatasaisabbineni/Desktop/Airflow_local/airflow_env/lib/python3.11/site-packages/airflow/example_dags/example_dynamic_task_mapping_with_no_taskflow_operators.py
[2024-02-26T04:42:11.827-0500] {processor.py:829} INFO - Processing file /Users/venkatasaisabbineni/Desktop/Airflow_local/airflow_env/lib/python3.11/site-packages/airflow/example_dags/example_dynamic_task_mapping_with_no_taskflow_operators.py for tasks to queue
[2024-02-26T04:42:11.827-0500] {logging_mixin.py:154} INFO - [2024-02-26T04:42:11.827-0500] {dagbag.py:536} INFO - Filling up the DagBag from /Users/venkatasaisabbineni/Desktop/Airflow_local/airflow_env/lib/python3.11/site-packages/airflow/example_dags/example_dynamic_task_mapping_with_no_taskflow_operators.py
[2024-02-26T04:42:11.843-0500] {processor.py:839} INFO - DAG(s) dict_keys(['example_dynamic_task_mapping_with_no_taskflow_operators']) retrieved from /Users/venkatasaisabbineni/Desktop/Airflow_local/airflow_env/lib/python3.11/site-packages/airflow/example_dags/example_dynamic_task_mapping_with_no_taskflow_operators.py
[2024-02-26T04:42:12.263-0500] {logging_mixin.py:154} INFO - [2024-02-26T04:42:12.263-0500] {manager.py:499} INFO - Created Permission View: %s
[2024-02-26T04:42:12.267-0500] {logging_mixin.py:154} INFO - [2024-02-26T04:42:12.267-0500] {manager.py:499} INFO - Created Permission View: %s
[2024-02-26T04:42:12.270-0500] {logging_mixin.py:154} INFO - [2024-02-26T04:42:12.270-0500] {manager.py:499} INFO - Created Permission View: %s
[2024-02-26T04:42:12.270-0500] {logging_mixin.py:154} INFO - [2024-02-26T04:42:12.270-0500] {dag.py:2941} INFO - Sync 1 DAGs
[2024-02-26T04:42:12.276-0500] {logging_mixin.py:154} INFO - [2024-02-26T04:42:12.275-0500] {dag.py:2963} INFO - Creating ORM DAG for example_dynamic_task_mapping_with_no_taskflow_operators
[2024-02-26T04:42:12.280-0500] {logging_mixin.py:154} INFO - [2024-02-26T04:42:12.279-0500] {dag.py:3722} INFO - Setting next_dagrun for example_dynamic_task_mapping_with_no_taskflow_operators to 2024-02-25T09:42:12.279894+00:00, run_after=2024-02-26T09:42:12.279894+00:00
[2024-02-26T04:42:12.288-0500] {processor.py:179} INFO - Processing /Users/venkatasaisabbineni/Desktop/Airflow_local/airflow_env/lib/python3.11/site-packages/airflow/example_dags/example_dynamic_task_mapping_with_no_taskflow_operators.py took 0.464 seconds
