[2024-02-26T04:27:25.633-0500] {processor.py:157} INFO - Started process (PID=62285) to work on /Users/venkatasaisabbineni/Desktop/Airflow_local/airflow_env/lib/python3.11/site-packages/airflow/example_dags/example_skip_dag.py
[2024-02-26T04:27:25.636-0500] {processor.py:829} INFO - Processing file /Users/venkatasaisabbineni/Desktop/Airflow_local/airflow_env/lib/python3.11/site-packages/airflow/example_dags/example_skip_dag.py for tasks to queue
[2024-02-26T04:27:25.636-0500] {logging_mixin.py:154} INFO - [2024-02-26T04:27:25.636-0500] {dagbag.py:536} INFO - Filling up the DagBag from /Users/venkatasaisabbineni/Desktop/Airflow_local/airflow_env/lib/python3.11/site-packages/airflow/example_dags/example_skip_dag.py
[2024-02-26T04:27:25.651-0500] {processor.py:839} INFO - DAG(s) dict_keys(['example_skip_dag']) retrieved from /Users/venkatasaisabbineni/Desktop/Airflow_local/airflow_env/lib/python3.11/site-packages/airflow/example_dags/example_skip_dag.py
[2024-02-26T04:27:26.068-0500] {logging_mixin.py:154} INFO - [2024-02-26T04:27:26.068-0500] {manager.py:499} INFO - Created Permission View: %s
[2024-02-26T04:27:26.072-0500] {logging_mixin.py:154} INFO - [2024-02-26T04:27:26.072-0500] {manager.py:499} INFO - Created Permission View: %s
[2024-02-26T04:27:26.075-0500] {logging_mixin.py:154} INFO - [2024-02-26T04:27:26.075-0500] {manager.py:499} INFO - Created Permission View: %s
[2024-02-26T04:27:26.075-0500] {logging_mixin.py:154} INFO - [2024-02-26T04:27:26.075-0500] {dag.py:2941} INFO - Sync 1 DAGs
[2024-02-26T04:27:26.080-0500] {logging_mixin.py:154} INFO - [2024-02-26T04:27:26.080-0500] {dag.py:2963} INFO - Creating ORM DAG for example_skip_dag
[2024-02-26T04:27:26.084-0500] {logging_mixin.py:154} INFO - [2024-02-26T04:27:26.084-0500] {dag.py:3722} INFO - Setting next_dagrun for example_skip_dag to 2024-02-25T09:27:26.084410+00:00, run_after=2024-02-26T09:27:26.084410+00:00
[2024-02-26T04:27:26.093-0500] {processor.py:179} INFO - Processing /Users/venkatasaisabbineni/Desktop/Airflow_local/airflow_env/lib/python3.11/site-packages/airflow/example_dags/example_skip_dag.py took 0.460 seconds
[2024-02-26T04:28:20.875-0500] {processor.py:157} INFO - Started process (PID=62451) to work on /Users/venkatasaisabbineni/Desktop/Airflow_local/airflow_env/lib/python3.11/site-packages/airflow/example_dags/example_skip_dag.py
[2024-02-26T04:28:20.877-0500] {processor.py:829} INFO - Processing file /Users/venkatasaisabbineni/Desktop/Airflow_local/airflow_env/lib/python3.11/site-packages/airflow/example_dags/example_skip_dag.py for tasks to queue
[2024-02-26T04:28:20.878-0500] {logging_mixin.py:154} INFO - [2024-02-26T04:28:20.878-0500] {dagbag.py:536} INFO - Filling up the DagBag from /Users/venkatasaisabbineni/Desktop/Airflow_local/airflow_env/lib/python3.11/site-packages/airflow/example_dags/example_skip_dag.py
[2024-02-26T04:28:20.892-0500] {processor.py:839} INFO - DAG(s) dict_keys(['example_skip_dag']) retrieved from /Users/venkatasaisabbineni/Desktop/Airflow_local/airflow_env/lib/python3.11/site-packages/airflow/example_dags/example_skip_dag.py
[2024-02-26T04:28:20.983-0500] {logging_mixin.py:154} INFO - [2024-02-26T04:28:20.982-0500] {dag.py:2941} INFO - Sync 1 DAGs
[2024-02-26T04:28:20.991-0500] {logging_mixin.py:154} INFO - [2024-02-26T04:28:20.991-0500] {dag.py:3722} INFO - Setting next_dagrun for example_skip_dag to 2024-02-25T09:28:20.991039+00:00, run_after=2024-02-26T09:28:20.991039+00:00
[2024-02-26T04:28:21.001-0500] {processor.py:179} INFO - Processing /Users/venkatasaisabbineni/Desktop/Airflow_local/airflow_env/lib/python3.11/site-packages/airflow/example_dags/example_skip_dag.py took 0.126 seconds
[2024-02-26T04:29:40.650-0500] {processor.py:157} INFO - Started process (PID=62689) to work on /Users/venkatasaisabbineni/Desktop/Airflow_local/airflow_env/lib/python3.11/site-packages/airflow/example_dags/example_skip_dag.py
[2024-02-26T04:29:40.653-0500] {processor.py:829} INFO - Processing file /Users/venkatasaisabbineni/Desktop/Airflow_local/airflow_env/lib/python3.11/site-packages/airflow/example_dags/example_skip_dag.py for tasks to queue
[2024-02-26T04:29:40.653-0500] {logging_mixin.py:154} INFO - [2024-02-26T04:29:40.653-0500] {dagbag.py:536} INFO - Filling up the DagBag from /Users/venkatasaisabbineni/Desktop/Airflow_local/airflow_env/lib/python3.11/site-packages/airflow/example_dags/example_skip_dag.py
[2024-02-26T04:29:40.668-0500] {processor.py:839} INFO - DAG(s) dict_keys(['example_skip_dag']) retrieved from /Users/venkatasaisabbineni/Desktop/Airflow_local/airflow_env/lib/python3.11/site-packages/airflow/example_dags/example_skip_dag.py
[2024-02-26T04:29:40.755-0500] {logging_mixin.py:154} INFO - [2024-02-26T04:29:40.755-0500] {dag.py:2941} INFO - Sync 1 DAGs
[2024-02-26T04:29:40.764-0500] {logging_mixin.py:154} INFO - [2024-02-26T04:29:40.764-0500] {dag.py:3722} INFO - Setting next_dagrun for example_skip_dag to 2024-02-25T09:29:40.764109+00:00, run_after=2024-02-26T09:29:40.764109+00:00
[2024-02-26T04:29:40.773-0500] {processor.py:179} INFO - Processing /Users/venkatasaisabbineni/Desktop/Airflow_local/airflow_env/lib/python3.11/site-packages/airflow/example_dags/example_skip_dag.py took 0.124 seconds
[2024-02-26T04:31:20.105-0500] {processor.py:157} INFO - Started process (PID=63002) to work on /Users/venkatasaisabbineni/Desktop/Airflow_local/airflow_env/lib/python3.11/site-packages/airflow/example_dags/example_skip_dag.py
[2024-02-26T04:31:20.108-0500] {processor.py:829} INFO - Processing file /Users/venkatasaisabbineni/Desktop/Airflow_local/airflow_env/lib/python3.11/site-packages/airflow/example_dags/example_skip_dag.py for tasks to queue
[2024-02-26T04:31:20.108-0500] {logging_mixin.py:154} INFO - [2024-02-26T04:31:20.108-0500] {dagbag.py:536} INFO - Filling up the DagBag from /Users/venkatasaisabbineni/Desktop/Airflow_local/airflow_env/lib/python3.11/site-packages/airflow/example_dags/example_skip_dag.py
[2024-02-26T04:31:20.123-0500] {processor.py:839} INFO - DAG(s) dict_keys(['example_skip_dag']) retrieved from /Users/venkatasaisabbineni/Desktop/Airflow_local/airflow_env/lib/python3.11/site-packages/airflow/example_dags/example_skip_dag.py
[2024-02-26T04:31:20.213-0500] {logging_mixin.py:154} INFO - [2024-02-26T04:31:20.212-0500] {dag.py:2941} INFO - Sync 1 DAGs
[2024-02-26T04:31:20.221-0500] {logging_mixin.py:154} INFO - [2024-02-26T04:31:20.221-0500] {dag.py:3722} INFO - Setting next_dagrun for example_skip_dag to 2024-02-25T09:31:20.221251+00:00, run_after=2024-02-26T09:31:20.221251+00:00
[2024-02-26T04:31:20.230-0500] {processor.py:179} INFO - Processing /Users/venkatasaisabbineni/Desktop/Airflow_local/airflow_env/lib/python3.11/site-packages/airflow/example_dags/example_skip_dag.py took 0.126 seconds
[2024-02-26T04:33:03.735-0500] {processor.py:157} INFO - Started process (PID=63363) to work on /Users/venkatasaisabbineni/Desktop/Airflow_local/airflow_env/lib/python3.11/site-packages/airflow/example_dags/example_skip_dag.py
[2024-02-26T04:33:03.738-0500] {processor.py:829} INFO - Processing file /Users/venkatasaisabbineni/Desktop/Airflow_local/airflow_env/lib/python3.11/site-packages/airflow/example_dags/example_skip_dag.py for tasks to queue
[2024-02-26T04:33:03.738-0500] {logging_mixin.py:154} INFO - [2024-02-26T04:33:03.738-0500] {dagbag.py:536} INFO - Filling up the DagBag from /Users/venkatasaisabbineni/Desktop/Airflow_local/airflow_env/lib/python3.11/site-packages/airflow/example_dags/example_skip_dag.py
[2024-02-26T04:33:03.752-0500] {processor.py:839} INFO - DAG(s) dict_keys(['example_skip_dag']) retrieved from /Users/venkatasaisabbineni/Desktop/Airflow_local/airflow_env/lib/python3.11/site-packages/airflow/example_dags/example_skip_dag.py
[2024-02-26T04:33:03.841-0500] {logging_mixin.py:154} INFO - [2024-02-26T04:33:03.841-0500] {dag.py:2941} INFO - Sync 1 DAGs
[2024-02-26T04:33:03.849-0500] {logging_mixin.py:154} INFO - [2024-02-26T04:33:03.849-0500] {dag.py:3722} INFO - Setting next_dagrun for example_skip_dag to 2024-02-25T09:33:03.849481+00:00, run_after=2024-02-26T09:33:03.849481+00:00
[2024-02-26T04:33:03.859-0500] {processor.py:179} INFO - Processing /Users/venkatasaisabbineni/Desktop/Airflow_local/airflow_env/lib/python3.11/site-packages/airflow/example_dags/example_skip_dag.py took 0.125 seconds
[2024-02-26T04:33:56.079-0500] {processor.py:157} INFO - Started process (PID=63527) to work on /Users/venkatasaisabbineni/Desktop/Airflow_local/airflow_env/lib/python3.11/site-packages/airflow/example_dags/example_skip_dag.py
[2024-02-26T04:33:56.082-0500] {processor.py:829} INFO - Processing file /Users/venkatasaisabbineni/Desktop/Airflow_local/airflow_env/lib/python3.11/site-packages/airflow/example_dags/example_skip_dag.py for tasks to queue
[2024-02-26T04:33:56.082-0500] {logging_mixin.py:154} INFO - [2024-02-26T04:33:56.082-0500] {dagbag.py:536} INFO - Filling up the DagBag from /Users/venkatasaisabbineni/Desktop/Airflow_local/airflow_env/lib/python3.11/site-packages/airflow/example_dags/example_skip_dag.py
[2024-02-26T04:33:56.099-0500] {processor.py:839} INFO - DAG(s) dict_keys(['example_skip_dag']) retrieved from /Users/venkatasaisabbineni/Desktop/Airflow_local/airflow_env/lib/python3.11/site-packages/airflow/example_dags/example_skip_dag.py
[2024-02-26T04:33:56.193-0500] {logging_mixin.py:154} INFO - [2024-02-26T04:33:56.192-0500] {dag.py:2941} INFO - Sync 1 DAGs
[2024-02-26T04:33:56.201-0500] {logging_mixin.py:154} INFO - [2024-02-26T04:33:56.201-0500] {dag.py:3722} INFO - Setting next_dagrun for example_skip_dag to 2024-02-25T09:33:56.201338+00:00, run_after=2024-02-26T09:33:56.201338+00:00
[2024-02-26T04:33:56.212-0500] {processor.py:179} INFO - Processing /Users/venkatasaisabbineni/Desktop/Airflow_local/airflow_env/lib/python3.11/site-packages/airflow/example_dags/example_skip_dag.py took 0.134 seconds
[2024-02-26T04:37:36.832-0500] {processor.py:157} INFO - Started process (PID=64183) to work on /Users/venkatasaisabbineni/Desktop/Airflow_local/airflow_env/lib/python3.11/site-packages/airflow/example_dags/example_skip_dag.py
[2024-02-26T04:37:36.835-0500] {processor.py:829} INFO - Processing file /Users/venkatasaisabbineni/Desktop/Airflow_local/airflow_env/lib/python3.11/site-packages/airflow/example_dags/example_skip_dag.py for tasks to queue
[2024-02-26T04:37:36.835-0500] {logging_mixin.py:154} INFO - [2024-02-26T04:37:36.835-0500] {dagbag.py:536} INFO - Filling up the DagBag from /Users/venkatasaisabbineni/Desktop/Airflow_local/airflow_env/lib/python3.11/site-packages/airflow/example_dags/example_skip_dag.py
[2024-02-26T04:37:36.850-0500] {processor.py:839} INFO - DAG(s) dict_keys(['example_skip_dag']) retrieved from /Users/venkatasaisabbineni/Desktop/Airflow_local/airflow_env/lib/python3.11/site-packages/airflow/example_dags/example_skip_dag.py
[2024-02-26T04:37:36.950-0500] {logging_mixin.py:154} INFO - [2024-02-26T04:37:36.949-0500] {dag.py:2941} INFO - Sync 1 DAGs
[2024-02-26T04:37:36.958-0500] {logging_mixin.py:154} INFO - [2024-02-26T04:37:36.958-0500] {dag.py:3722} INFO - Setting next_dagrun for example_skip_dag to 2024-02-25T09:37:36.958193+00:00, run_after=2024-02-26T09:37:36.958193+00:00
[2024-02-26T04:37:36.968-0500] {processor.py:179} INFO - Processing /Users/venkatasaisabbineni/Desktop/Airflow_local/airflow_env/lib/python3.11/site-packages/airflow/example_dags/example_skip_dag.py took 0.138 seconds
[2024-02-26T04:38:50.396-0500] {processor.py:157} INFO - Started process (PID=64412) to work on /Users/venkatasaisabbineni/Desktop/Airflow_local/airflow_env/lib/python3.11/site-packages/airflow/example_dags/example_skip_dag.py
[2024-02-26T04:38:50.400-0500] {processor.py:829} INFO - Processing file /Users/venkatasaisabbineni/Desktop/Airflow_local/airflow_env/lib/python3.11/site-packages/airflow/example_dags/example_skip_dag.py for tasks to queue
[2024-02-26T04:38:50.400-0500] {logging_mixin.py:154} INFO - [2024-02-26T04:38:50.400-0500] {dagbag.py:536} INFO - Filling up the DagBag from /Users/venkatasaisabbineni/Desktop/Airflow_local/airflow_env/lib/python3.11/site-packages/airflow/example_dags/example_skip_dag.py
[2024-02-26T04:38:50.416-0500] {processor.py:839} INFO - DAG(s) dict_keys(['example_skip_dag']) retrieved from /Users/venkatasaisabbineni/Desktop/Airflow_local/airflow_env/lib/python3.11/site-packages/airflow/example_dags/example_skip_dag.py
[2024-02-26T04:38:50.506-0500] {logging_mixin.py:154} INFO - [2024-02-26T04:38:50.506-0500] {dag.py:2941} INFO - Sync 1 DAGs
[2024-02-26T04:38:50.514-0500] {logging_mixin.py:154} INFO - [2024-02-26T04:38:50.514-0500] {dag.py:3722} INFO - Setting next_dagrun for example_skip_dag to 2024-02-25T09:38:50.514648+00:00, run_after=2024-02-26T09:38:50.514648+00:00
[2024-02-26T04:38:50.525-0500] {processor.py:179} INFO - Processing /Users/venkatasaisabbineni/Desktop/Airflow_local/airflow_env/lib/python3.11/site-packages/airflow/example_dags/example_skip_dag.py took 0.130 seconds
[2024-02-26T04:41:38.421-0500] {processor.py:157} INFO - Started process (PID=64869) to work on /Users/venkatasaisabbineni/Desktop/Airflow_local/airflow_env/lib/python3.11/site-packages/airflow/example_dags/example_skip_dag.py
[2024-02-26T04:41:38.425-0500] {processor.py:829} INFO - Processing file /Users/venkatasaisabbineni/Desktop/Airflow_local/airflow_env/lib/python3.11/site-packages/airflow/example_dags/example_skip_dag.py for tasks to queue
[2024-02-26T04:41:38.425-0500] {logging_mixin.py:154} INFO - [2024-02-26T04:41:38.425-0500] {dagbag.py:536} INFO - Filling up the DagBag from /Users/venkatasaisabbineni/Desktop/Airflow_local/airflow_env/lib/python3.11/site-packages/airflow/example_dags/example_skip_dag.py
[2024-02-26T04:41:38.440-0500] {processor.py:839} INFO - DAG(s) dict_keys(['example_skip_dag']) retrieved from /Users/venkatasaisabbineni/Desktop/Airflow_local/airflow_env/lib/python3.11/site-packages/airflow/example_dags/example_skip_dag.py
[2024-02-26T04:41:38.867-0500] {logging_mixin.py:154} INFO - [2024-02-26T04:41:38.866-0500] {manager.py:499} INFO - Created Permission View: %s
[2024-02-26T04:41:38.871-0500] {logging_mixin.py:154} INFO - [2024-02-26T04:41:38.871-0500] {manager.py:499} INFO - Created Permission View: %s
[2024-02-26T04:41:38.874-0500] {logging_mixin.py:154} INFO - [2024-02-26T04:41:38.874-0500] {manager.py:499} INFO - Created Permission View: %s
[2024-02-26T04:41:38.874-0500] {logging_mixin.py:154} INFO - [2024-02-26T04:41:38.874-0500] {dag.py:2941} INFO - Sync 1 DAGs
[2024-02-26T04:41:38.879-0500] {logging_mixin.py:154} INFO - [2024-02-26T04:41:38.879-0500] {dag.py:2963} INFO - Creating ORM DAG for example_skip_dag
[2024-02-26T04:41:38.883-0500] {logging_mixin.py:154} INFO - [2024-02-26T04:41:38.883-0500] {dag.py:3722} INFO - Setting next_dagrun for example_skip_dag to 2024-02-25T09:41:38.883357+00:00, run_after=2024-02-26T09:41:38.883357+00:00
[2024-02-26T04:41:38.892-0500] {processor.py:179} INFO - Processing /Users/venkatasaisabbineni/Desktop/Airflow_local/airflow_env/lib/python3.11/site-packages/airflow/example_dags/example_skip_dag.py took 0.472 seconds
[2024-02-26T04:43:06.474-0500] {processor.py:157} INFO - Started process (PID=65131) to work on /Users/venkatasaisabbineni/Desktop/Airflow_local/airflow_env/lib/python3.11/site-packages/airflow/example_dags/example_skip_dag.py
[2024-02-26T04:43:06.480-0500] {processor.py:829} INFO - Processing file /Users/venkatasaisabbineni/Desktop/Airflow_local/airflow_env/lib/python3.11/site-packages/airflow/example_dags/example_skip_dag.py for tasks to queue
[2024-02-26T04:43:06.480-0500] {logging_mixin.py:154} INFO - [2024-02-26T04:43:06.480-0500] {dagbag.py:536} INFO - Filling up the DagBag from /Users/venkatasaisabbineni/Desktop/Airflow_local/airflow_env/lib/python3.11/site-packages/airflow/example_dags/example_skip_dag.py
[2024-02-26T04:43:06.495-0500] {processor.py:839} INFO - DAG(s) dict_keys(['example_skip_dag']) retrieved from /Users/venkatasaisabbineni/Desktop/Airflow_local/airflow_env/lib/python3.11/site-packages/airflow/example_dags/example_skip_dag.py
[2024-02-26T04:43:06.587-0500] {logging_mixin.py:154} INFO - [2024-02-26T04:43:06.586-0500] {dag.py:2941} INFO - Sync 1 DAGs
[2024-02-26T04:43:06.595-0500] {logging_mixin.py:154} INFO - [2024-02-26T04:43:06.595-0500] {dag.py:3722} INFO - Setting next_dagrun for example_skip_dag to 2024-02-25T09:43:06.595243+00:00, run_after=2024-02-26T09:43:06.595243+00:00
[2024-02-26T04:43:06.605-0500] {processor.py:179} INFO - Processing /Users/venkatasaisabbineni/Desktop/Airflow_local/airflow_env/lib/python3.11/site-packages/airflow/example_dags/example_skip_dag.py took 0.131 seconds
