[2024-02-26T04:27:30.147-0500] {processor.py:157} INFO - Started process (PID=62295) to work on /Users/venkatasaisabbineni/Desktop/Airflow_local/airflow_env/lib/python3.11/site-packages/airflow/example_dags/example_short_circuit_decorator.py
[2024-02-26T04:27:30.149-0500] {processor.py:829} INFO - Processing file /Users/venkatasaisabbineni/Desktop/Airflow_local/airflow_env/lib/python3.11/site-packages/airflow/example_dags/example_short_circuit_decorator.py for tasks to queue
[2024-02-26T04:27:30.149-0500] {logging_mixin.py:154} INFO - [2024-02-26T04:27:30.149-0500] {dagbag.py:536} INFO - Filling up the DagBag from /Users/venkatasaisabbineni/Desktop/Airflow_local/airflow_env/lib/python3.11/site-packages/airflow/example_dags/example_short_circuit_decorator.py
[2024-02-26T04:27:30.182-0500] {processor.py:839} INFO - DAG(s) dict_keys(['example_short_circuit_decorator']) retrieved from /Users/venkatasaisabbineni/Desktop/Airflow_local/airflow_env/lib/python3.11/site-packages/airflow/example_dags/example_short_circuit_decorator.py
[2024-02-26T04:27:30.582-0500] {logging_mixin.py:154} INFO - [2024-02-26T04:27:30.582-0500] {manager.py:499} INFO - Created Permission View: %s
[2024-02-26T04:27:30.586-0500] {logging_mixin.py:154} INFO - [2024-02-26T04:27:30.586-0500] {manager.py:499} INFO - Created Permission View: %s
[2024-02-26T04:27:30.589-0500] {logging_mixin.py:154} INFO - [2024-02-26T04:27:30.589-0500] {manager.py:499} INFO - Created Permission View: %s
[2024-02-26T04:27:30.589-0500] {logging_mixin.py:154} INFO - [2024-02-26T04:27:30.589-0500] {dag.py:2941} INFO - Sync 1 DAGs
[2024-02-26T04:27:30.594-0500] {logging_mixin.py:154} INFO - [2024-02-26T04:27:30.594-0500] {dag.py:2963} INFO - Creating ORM DAG for example_short_circuit_decorator
[2024-02-26T04:27:30.598-0500] {logging_mixin.py:154} INFO - [2024-02-26T04:27:30.598-0500] {dag.py:3722} INFO - Setting next_dagrun for example_short_circuit_decorator to 2024-02-25T09:27:30.598678+00:00, run_after=2024-02-26T09:27:30.598678+00:00
[2024-02-26T04:27:30.607-0500] {processor.py:179} INFO - Processing /Users/venkatasaisabbineni/Desktop/Airflow_local/airflow_env/lib/python3.11/site-packages/airflow/example_dags/example_short_circuit_decorator.py took 0.461 seconds
[2024-02-26T04:28:24.663-0500] {processor.py:157} INFO - Started process (PID=62461) to work on /Users/venkatasaisabbineni/Desktop/Airflow_local/airflow_env/lib/python3.11/site-packages/airflow/example_dags/example_short_circuit_decorator.py
[2024-02-26T04:28:24.665-0500] {processor.py:829} INFO - Processing file /Users/venkatasaisabbineni/Desktop/Airflow_local/airflow_env/lib/python3.11/site-packages/airflow/example_dags/example_short_circuit_decorator.py for tasks to queue
[2024-02-26T04:28:24.666-0500] {logging_mixin.py:154} INFO - [2024-02-26T04:28:24.665-0500] {dagbag.py:536} INFO - Filling up the DagBag from /Users/venkatasaisabbineni/Desktop/Airflow_local/airflow_env/lib/python3.11/site-packages/airflow/example_dags/example_short_circuit_decorator.py
[2024-02-26T04:28:24.698-0500] {processor.py:839} INFO - DAG(s) dict_keys(['example_short_circuit_decorator']) retrieved from /Users/venkatasaisabbineni/Desktop/Airflow_local/airflow_env/lib/python3.11/site-packages/airflow/example_dags/example_short_circuit_decorator.py
[2024-02-26T04:28:24.783-0500] {logging_mixin.py:154} INFO - [2024-02-26T04:28:24.783-0500] {dag.py:2941} INFO - Sync 1 DAGs
[2024-02-26T04:28:24.792-0500] {logging_mixin.py:154} INFO - [2024-02-26T04:28:24.792-0500] {dag.py:3722} INFO - Setting next_dagrun for example_short_circuit_decorator to 2024-02-25T09:28:24.792806+00:00, run_after=2024-02-26T09:28:24.792806+00:00
[2024-02-26T04:28:24.802-0500] {processor.py:179} INFO - Processing /Users/venkatasaisabbineni/Desktop/Airflow_local/airflow_env/lib/python3.11/site-packages/airflow/example_dags/example_short_circuit_decorator.py took 0.140 seconds
[2024-02-26T04:29:44.404-0500] {processor.py:157} INFO - Started process (PID=62699) to work on /Users/venkatasaisabbineni/Desktop/Airflow_local/airflow_env/lib/python3.11/site-packages/airflow/example_dags/example_short_circuit_decorator.py
[2024-02-26T04:29:44.407-0500] {processor.py:829} INFO - Processing file /Users/venkatasaisabbineni/Desktop/Airflow_local/airflow_env/lib/python3.11/site-packages/airflow/example_dags/example_short_circuit_decorator.py for tasks to queue
[2024-02-26T04:29:44.407-0500] {logging_mixin.py:154} INFO - [2024-02-26T04:29:44.407-0500] {dagbag.py:536} INFO - Filling up the DagBag from /Users/venkatasaisabbineni/Desktop/Airflow_local/airflow_env/lib/python3.11/site-packages/airflow/example_dags/example_short_circuit_decorator.py
[2024-02-26T04:29:44.439-0500] {processor.py:839} INFO - DAG(s) dict_keys(['example_short_circuit_decorator']) retrieved from /Users/venkatasaisabbineni/Desktop/Airflow_local/airflow_env/lib/python3.11/site-packages/airflow/example_dags/example_short_circuit_decorator.py
[2024-02-26T04:29:44.528-0500] {logging_mixin.py:154} INFO - [2024-02-26T04:29:44.528-0500] {dag.py:2941} INFO - Sync 1 DAGs
[2024-02-26T04:29:44.536-0500] {logging_mixin.py:154} INFO - [2024-02-26T04:29:44.536-0500] {dag.py:3722} INFO - Setting next_dagrun for example_short_circuit_decorator to 2024-02-25T09:29:44.536597+00:00, run_after=2024-02-26T09:29:44.536597+00:00
[2024-02-26T04:29:44.546-0500] {processor.py:179} INFO - Processing /Users/venkatasaisabbineni/Desktop/Airflow_local/airflow_env/lib/python3.11/site-packages/airflow/example_dags/example_short_circuit_decorator.py took 0.142 seconds
[2024-02-26T04:31:23.906-0500] {processor.py:157} INFO - Started process (PID=63015) to work on /Users/venkatasaisabbineni/Desktop/Airflow_local/airflow_env/lib/python3.11/site-packages/airflow/example_dags/example_short_circuit_decorator.py
[2024-02-26T04:31:23.909-0500] {processor.py:829} INFO - Processing file /Users/venkatasaisabbineni/Desktop/Airflow_local/airflow_env/lib/python3.11/site-packages/airflow/example_dags/example_short_circuit_decorator.py for tasks to queue
[2024-02-26T04:31:23.909-0500] {logging_mixin.py:154} INFO - [2024-02-26T04:31:23.909-0500] {dagbag.py:536} INFO - Filling up the DagBag from /Users/venkatasaisabbineni/Desktop/Airflow_local/airflow_env/lib/python3.11/site-packages/airflow/example_dags/example_short_circuit_decorator.py
[2024-02-26T04:31:23.944-0500] {processor.py:839} INFO - DAG(s) dict_keys(['example_short_circuit_decorator']) retrieved from /Users/venkatasaisabbineni/Desktop/Airflow_local/airflow_env/lib/python3.11/site-packages/airflow/example_dags/example_short_circuit_decorator.py
[2024-02-26T04:31:24.032-0500] {logging_mixin.py:154} INFO - [2024-02-26T04:31:24.032-0500] {dag.py:2941} INFO - Sync 1 DAGs
[2024-02-26T04:31:24.041-0500] {logging_mixin.py:154} INFO - [2024-02-26T04:31:24.041-0500] {dag.py:3722} INFO - Setting next_dagrun for example_short_circuit_decorator to 2024-02-25T09:31:24.041181+00:00, run_after=2024-02-26T09:31:24.041181+00:00
[2024-02-26T04:31:24.051-0500] {processor.py:179} INFO - Processing /Users/venkatasaisabbineni/Desktop/Airflow_local/airflow_env/lib/python3.11/site-packages/airflow/example_dags/example_short_circuit_decorator.py took 0.145 seconds
[2024-02-26T04:33:07.611-0500] {processor.py:157} INFO - Started process (PID=63374) to work on /Users/venkatasaisabbineni/Desktop/Airflow_local/airflow_env/lib/python3.11/site-packages/airflow/example_dags/example_short_circuit_decorator.py
[2024-02-26T04:33:07.614-0500] {processor.py:829} INFO - Processing file /Users/venkatasaisabbineni/Desktop/Airflow_local/airflow_env/lib/python3.11/site-packages/airflow/example_dags/example_short_circuit_decorator.py for tasks to queue
[2024-02-26T04:33:07.614-0500] {logging_mixin.py:154} INFO - [2024-02-26T04:33:07.614-0500] {dagbag.py:536} INFO - Filling up the DagBag from /Users/venkatasaisabbineni/Desktop/Airflow_local/airflow_env/lib/python3.11/site-packages/airflow/example_dags/example_short_circuit_decorator.py
[2024-02-26T04:33:07.646-0500] {processor.py:839} INFO - DAG(s) dict_keys(['example_short_circuit_decorator']) retrieved from /Users/venkatasaisabbineni/Desktop/Airflow_local/airflow_env/lib/python3.11/site-packages/airflow/example_dags/example_short_circuit_decorator.py
[2024-02-26T04:33:07.734-0500] {logging_mixin.py:154} INFO - [2024-02-26T04:33:07.734-0500] {dag.py:2941} INFO - Sync 1 DAGs
[2024-02-26T04:33:07.743-0500] {logging_mixin.py:154} INFO - [2024-02-26T04:33:07.742-0500] {dag.py:3722} INFO - Setting next_dagrun for example_short_circuit_decorator to 2024-02-25T09:33:07.742879+00:00, run_after=2024-02-26T09:33:07.742879+00:00
[2024-02-26T04:33:07.752-0500] {processor.py:179} INFO - Processing /Users/venkatasaisabbineni/Desktop/Airflow_local/airflow_env/lib/python3.11/site-packages/airflow/example_dags/example_short_circuit_decorator.py took 0.142 seconds
[2024-02-26T04:33:59.916-0500] {processor.py:157} INFO - Started process (PID=63537) to work on /Users/venkatasaisabbineni/Desktop/Airflow_local/airflow_env/lib/python3.11/site-packages/airflow/example_dags/example_short_circuit_decorator.py
[2024-02-26T04:33:59.919-0500] {processor.py:829} INFO - Processing file /Users/venkatasaisabbineni/Desktop/Airflow_local/airflow_env/lib/python3.11/site-packages/airflow/example_dags/example_short_circuit_decorator.py for tasks to queue
[2024-02-26T04:33:59.919-0500] {logging_mixin.py:154} INFO - [2024-02-26T04:33:59.919-0500] {dagbag.py:536} INFO - Filling up the DagBag from /Users/venkatasaisabbineni/Desktop/Airflow_local/airflow_env/lib/python3.11/site-packages/airflow/example_dags/example_short_circuit_decorator.py
[2024-02-26T04:33:59.952-0500] {processor.py:839} INFO - DAG(s) dict_keys(['example_short_circuit_decorator']) retrieved from /Users/venkatasaisabbineni/Desktop/Airflow_local/airflow_env/lib/python3.11/site-packages/airflow/example_dags/example_short_circuit_decorator.py
[2024-02-26T04:34:00.038-0500] {logging_mixin.py:154} INFO - [2024-02-26T04:34:00.038-0500] {dag.py:2941} INFO - Sync 1 DAGs
[2024-02-26T04:34:00.047-0500] {logging_mixin.py:154} INFO - [2024-02-26T04:34:00.046-0500] {dag.py:3722} INFO - Setting next_dagrun for example_short_circuit_decorator to 2024-02-25T09:34:00.046829+00:00, run_after=2024-02-26T09:34:00.046829+00:00
[2024-02-26T04:34:00.058-0500] {processor.py:179} INFO - Processing /Users/venkatasaisabbineni/Desktop/Airflow_local/airflow_env/lib/python3.11/site-packages/airflow/example_dags/example_short_circuit_decorator.py took 0.142 seconds
[2024-02-26T04:37:40.388-0500] {processor.py:157} INFO - Started process (PID=64189) to work on /Users/venkatasaisabbineni/Desktop/Airflow_local/airflow_env/lib/python3.11/site-packages/airflow/example_dags/example_short_circuit_decorator.py
[2024-02-26T04:37:40.391-0500] {processor.py:829} INFO - Processing file /Users/venkatasaisabbineni/Desktop/Airflow_local/airflow_env/lib/python3.11/site-packages/airflow/example_dags/example_short_circuit_decorator.py for tasks to queue
[2024-02-26T04:37:40.392-0500] {logging_mixin.py:154} INFO - [2024-02-26T04:37:40.391-0500] {dagbag.py:536} INFO - Filling up the DagBag from /Users/venkatasaisabbineni/Desktop/Airflow_local/airflow_env/lib/python3.11/site-packages/airflow/example_dags/example_short_circuit_decorator.py
[2024-02-26T04:37:40.425-0500] {processor.py:839} INFO - DAG(s) dict_keys(['example_short_circuit_decorator']) retrieved from /Users/venkatasaisabbineni/Desktop/Airflow_local/airflow_env/lib/python3.11/site-packages/airflow/example_dags/example_short_circuit_decorator.py
[2024-02-26T04:37:40.511-0500] {logging_mixin.py:154} INFO - [2024-02-26T04:37:40.511-0500] {dag.py:2941} INFO - Sync 1 DAGs
[2024-02-26T04:37:40.520-0500] {logging_mixin.py:154} INFO - [2024-02-26T04:37:40.520-0500] {dag.py:3722} INFO - Setting next_dagrun for example_short_circuit_decorator to 2024-02-25T09:37:40.519943+00:00, run_after=2024-02-26T09:37:40.519943+00:00
[2024-02-26T04:37:40.531-0500] {processor.py:179} INFO - Processing /Users/venkatasaisabbineni/Desktop/Airflow_local/airflow_env/lib/python3.11/site-packages/airflow/example_dags/example_short_circuit_decorator.py took 0.144 seconds
[2024-02-26T04:38:54.231-0500] {processor.py:157} INFO - Started process (PID=64422) to work on /Users/venkatasaisabbineni/Desktop/Airflow_local/airflow_env/lib/python3.11/site-packages/airflow/example_dags/example_short_circuit_decorator.py
[2024-02-26T04:38:54.235-0500] {processor.py:829} INFO - Processing file /Users/venkatasaisabbineni/Desktop/Airflow_local/airflow_env/lib/python3.11/site-packages/airflow/example_dags/example_short_circuit_decorator.py for tasks to queue
[2024-02-26T04:38:54.236-0500] {logging_mixin.py:154} INFO - [2024-02-26T04:38:54.236-0500] {dagbag.py:536} INFO - Filling up the DagBag from /Users/venkatasaisabbineni/Desktop/Airflow_local/airflow_env/lib/python3.11/site-packages/airflow/example_dags/example_short_circuit_decorator.py
[2024-02-26T04:38:54.269-0500] {processor.py:839} INFO - DAG(s) dict_keys(['example_short_circuit_decorator']) retrieved from /Users/venkatasaisabbineni/Desktop/Airflow_local/airflow_env/lib/python3.11/site-packages/airflow/example_dags/example_short_circuit_decorator.py
[2024-02-26T04:38:54.356-0500] {logging_mixin.py:154} INFO - [2024-02-26T04:38:54.355-0500] {dag.py:2941} INFO - Sync 1 DAGs
[2024-02-26T04:38:54.365-0500] {logging_mixin.py:154} INFO - [2024-02-26T04:38:54.365-0500] {dag.py:3722} INFO - Setting next_dagrun for example_short_circuit_decorator to 2024-02-25T09:38:54.365702+00:00, run_after=2024-02-26T09:38:54.365702+00:00
[2024-02-26T04:38:54.376-0500] {processor.py:179} INFO - Processing /Users/venkatasaisabbineni/Desktop/Airflow_local/airflow_env/lib/python3.11/site-packages/airflow/example_dags/example_short_circuit_decorator.py took 0.147 seconds
[2024-02-26T04:41:42.414-0500] {processor.py:157} INFO - Started process (PID=64879) to work on /Users/venkatasaisabbineni/Desktop/Airflow_local/airflow_env/lib/python3.11/site-packages/airflow/example_dags/example_short_circuit_decorator.py
[2024-02-26T04:41:42.419-0500] {processor.py:829} INFO - Processing file /Users/venkatasaisabbineni/Desktop/Airflow_local/airflow_env/lib/python3.11/site-packages/airflow/example_dags/example_short_circuit_decorator.py for tasks to queue
[2024-02-26T04:41:42.419-0500] {logging_mixin.py:154} INFO - [2024-02-26T04:41:42.419-0500] {dagbag.py:536} INFO - Filling up the DagBag from /Users/venkatasaisabbineni/Desktop/Airflow_local/airflow_env/lib/python3.11/site-packages/airflow/example_dags/example_short_circuit_decorator.py
[2024-02-26T04:41:42.452-0500] {processor.py:839} INFO - DAG(s) dict_keys(['example_short_circuit_decorator']) retrieved from /Users/venkatasaisabbineni/Desktop/Airflow_local/airflow_env/lib/python3.11/site-packages/airflow/example_dags/example_short_circuit_decorator.py
[2024-02-26T04:41:42.891-0500] {logging_mixin.py:154} INFO - [2024-02-26T04:41:42.891-0500] {manager.py:499} INFO - Created Permission View: %s
[2024-02-26T04:41:42.895-0500] {logging_mixin.py:154} INFO - [2024-02-26T04:41:42.895-0500] {manager.py:499} INFO - Created Permission View: %s
[2024-02-26T04:41:42.898-0500] {logging_mixin.py:154} INFO - [2024-02-26T04:41:42.898-0500] {manager.py:499} INFO - Created Permission View: %s
[2024-02-26T04:41:42.899-0500] {logging_mixin.py:154} INFO - [2024-02-26T04:41:42.898-0500] {dag.py:2941} INFO - Sync 1 DAGs
[2024-02-26T04:41:42.904-0500] {logging_mixin.py:154} INFO - [2024-02-26T04:41:42.903-0500] {dag.py:2963} INFO - Creating ORM DAG for example_short_circuit_decorator
[2024-02-26T04:41:42.908-0500] {logging_mixin.py:154} INFO - [2024-02-26T04:41:42.908-0500] {dag.py:3722} INFO - Setting next_dagrun for example_short_circuit_decorator to 2024-02-25T09:41:42.908802+00:00, run_after=2024-02-26T09:41:42.908802+00:00
[2024-02-26T04:41:42.917-0500] {processor.py:179} INFO - Processing /Users/venkatasaisabbineni/Desktop/Airflow_local/airflow_env/lib/python3.11/site-packages/airflow/example_dags/example_short_circuit_decorator.py took 0.503 seconds
[2024-02-26T04:43:09.837-0500] {processor.py:157} INFO - Started process (PID=65138) to work on /Users/venkatasaisabbineni/Desktop/Airflow_local/airflow_env/lib/python3.11/site-packages/airflow/example_dags/example_short_circuit_decorator.py
[2024-02-26T04:43:09.841-0500] {processor.py:829} INFO - Processing file /Users/venkatasaisabbineni/Desktop/Airflow_local/airflow_env/lib/python3.11/site-packages/airflow/example_dags/example_short_circuit_decorator.py for tasks to queue
[2024-02-26T04:43:09.841-0500] {logging_mixin.py:154} INFO - [2024-02-26T04:43:09.841-0500] {dagbag.py:536} INFO - Filling up the DagBag from /Users/venkatasaisabbineni/Desktop/Airflow_local/airflow_env/lib/python3.11/site-packages/airflow/example_dags/example_short_circuit_decorator.py
[2024-02-26T04:43:09.873-0500] {processor.py:839} INFO - DAG(s) dict_keys(['example_short_circuit_decorator']) retrieved from /Users/venkatasaisabbineni/Desktop/Airflow_local/airflow_env/lib/python3.11/site-packages/airflow/example_dags/example_short_circuit_decorator.py
[2024-02-26T04:43:09.962-0500] {logging_mixin.py:154} INFO - [2024-02-26T04:43:09.962-0500] {dag.py:2941} INFO - Sync 1 DAGs
[2024-02-26T04:43:09.970-0500] {logging_mixin.py:154} INFO - [2024-02-26T04:43:09.970-0500] {dag.py:3722} INFO - Setting next_dagrun for example_short_circuit_decorator to 2024-02-25T09:43:09.970475+00:00, run_after=2024-02-26T09:43:09.970475+00:00
[2024-02-26T04:43:09.981-0500] {processor.py:179} INFO - Processing /Users/venkatasaisabbineni/Desktop/Airflow_local/airflow_env/lib/python3.11/site-packages/airflow/example_dags/example_short_circuit_decorator.py took 0.145 seconds
