[2024-02-26T04:28:52.777-0500] {processor.py:157} INFO - Started process (PID=62547) to work on /Users/venkatasaisabbineni/Desktop/Airflow_local/airflow_env/lib/python3.11/site-packages/airflow/example_dags/example_dynamic_task_mapping.py
[2024-02-26T04:28:52.779-0500] {processor.py:829} INFO - Processing file /Users/venkatasaisabbineni/Desktop/Airflow_local/airflow_env/lib/python3.11/site-packages/airflow/example_dags/example_dynamic_task_mapping.py for tasks to queue
[2024-02-26T04:28:52.780-0500] {logging_mixin.py:154} INFO - [2024-02-26T04:28:52.779-0500] {dagbag.py:536} INFO - Filling up the DagBag from /Users/venkatasaisabbineni/Desktop/Airflow_local/airflow_env/lib/python3.11/site-packages/airflow/example_dags/example_dynamic_task_mapping.py
[2024-02-26T04:28:52.810-0500] {processor.py:839} INFO - DAG(s) dict_keys(['example_dynamic_task_mapping']) retrieved from /Users/venkatasaisabbineni/Desktop/Airflow_local/airflow_env/lib/python3.11/site-packages/airflow/example_dags/example_dynamic_task_mapping.py
[2024-02-26T04:28:52.895-0500] {logging_mixin.py:154} INFO - [2024-02-26T04:28:52.895-0500] {dag.py:2941} INFO - Sync 1 DAGs
[2024-02-26T04:28:52.903-0500] {logging_mixin.py:154} INFO - [2024-02-26T04:28:52.903-0500] {dag.py:3722} INFO - Setting next_dagrun for example_dynamic_task_mapping to 2022-03-04T00:00:00+00:00, run_after=2022-03-05T00:00:00+00:00
[2024-02-26T04:28:52.913-0500] {processor.py:179} INFO - Processing /Users/venkatasaisabbineni/Desktop/Airflow_local/airflow_env/lib/python3.11/site-packages/airflow/example_dags/example_dynamic_task_mapping.py took 0.137 seconds
[2024-02-26T04:30:31.011-0500] {processor.py:157} INFO - Started process (PID=62853) to work on /Users/venkatasaisabbineni/Desktop/Airflow_local/airflow_env/lib/python3.11/site-packages/airflow/example_dags/example_dynamic_task_mapping.py
[2024-02-26T04:30:31.014-0500] {processor.py:829} INFO - Processing file /Users/venkatasaisabbineni/Desktop/Airflow_local/airflow_env/lib/python3.11/site-packages/airflow/example_dags/example_dynamic_task_mapping.py for tasks to queue
[2024-02-26T04:30:31.014-0500] {logging_mixin.py:154} INFO - [2024-02-26T04:30:31.014-0500] {dagbag.py:536} INFO - Filling up the DagBag from /Users/venkatasaisabbineni/Desktop/Airflow_local/airflow_env/lib/python3.11/site-packages/airflow/example_dags/example_dynamic_task_mapping.py
[2024-02-26T04:30:31.047-0500] {processor.py:839} INFO - DAG(s) dict_keys(['example_dynamic_task_mapping']) retrieved from /Users/venkatasaisabbineni/Desktop/Airflow_local/airflow_env/lib/python3.11/site-packages/airflow/example_dags/example_dynamic_task_mapping.py
[2024-02-26T04:30:31.131-0500] {logging_mixin.py:154} INFO - [2024-02-26T04:30:31.131-0500] {dag.py:2941} INFO - Sync 1 DAGs
[2024-02-26T04:30:31.140-0500] {logging_mixin.py:154} INFO - [2024-02-26T04:30:31.140-0500] {dag.py:3722} INFO - Setting next_dagrun for example_dynamic_task_mapping to 2022-03-04T00:00:00+00:00, run_after=2022-03-05T00:00:00+00:00
[2024-02-26T04:30:31.150-0500] {processor.py:179} INFO - Processing /Users/venkatasaisabbineni/Desktop/Airflow_local/airflow_env/lib/python3.11/site-packages/airflow/example_dags/example_dynamic_task_mapping.py took 0.139 seconds
[2024-02-26T04:32:13.069-0500] {processor.py:157} INFO - Started process (PID=63163) to work on /Users/venkatasaisabbineni/Desktop/Airflow_local/airflow_env/lib/python3.11/site-packages/airflow/example_dags/example_dynamic_task_mapping.py
[2024-02-26T04:32:13.072-0500] {processor.py:829} INFO - Processing file /Users/venkatasaisabbineni/Desktop/Airflow_local/airflow_env/lib/python3.11/site-packages/airflow/example_dags/example_dynamic_task_mapping.py for tasks to queue
[2024-02-26T04:32:13.072-0500] {logging_mixin.py:154} INFO - [2024-02-26T04:32:13.072-0500] {dagbag.py:536} INFO - Filling up the DagBag from /Users/venkatasaisabbineni/Desktop/Airflow_local/airflow_env/lib/python3.11/site-packages/airflow/example_dags/example_dynamic_task_mapping.py
[2024-02-26T04:32:13.102-0500] {processor.py:839} INFO - DAG(s) dict_keys(['example_dynamic_task_mapping']) retrieved from /Users/venkatasaisabbineni/Desktop/Airflow_local/airflow_env/lib/python3.11/site-packages/airflow/example_dags/example_dynamic_task_mapping.py
[2024-02-26T04:32:13.186-0500] {logging_mixin.py:154} INFO - [2024-02-26T04:32:13.186-0500] {dag.py:2941} INFO - Sync 1 DAGs
[2024-02-26T04:32:13.195-0500] {logging_mixin.py:154} INFO - [2024-02-26T04:32:13.195-0500] {dag.py:3722} INFO - Setting next_dagrun for example_dynamic_task_mapping to 2022-03-04T00:00:00+00:00, run_after=2022-03-05T00:00:00+00:00
[2024-02-26T04:32:13.205-0500] {processor.py:179} INFO - Processing /Users/venkatasaisabbineni/Desktop/Airflow_local/airflow_env/lib/python3.11/site-packages/airflow/example_dags/example_dynamic_task_mapping.py took 0.136 seconds
[2024-02-26T04:42:13.514-0500] {processor.py:157} INFO - Started process (PID=64973) to work on /Users/venkatasaisabbineni/Desktop/Airflow_local/airflow_env/lib/python3.11/site-packages/airflow/example_dags/example_dynamic_task_mapping.py
[2024-02-26T04:42:13.517-0500] {processor.py:829} INFO - Processing file /Users/venkatasaisabbineni/Desktop/Airflow_local/airflow_env/lib/python3.11/site-packages/airflow/example_dags/example_dynamic_task_mapping.py for tasks to queue
[2024-02-26T04:42:13.517-0500] {logging_mixin.py:154} INFO - [2024-02-26T04:42:13.517-0500] {dagbag.py:536} INFO - Filling up the DagBag from /Users/venkatasaisabbineni/Desktop/Airflow_local/airflow_env/lib/python3.11/site-packages/airflow/example_dags/example_dynamic_task_mapping.py
[2024-02-26T04:42:13.549-0500] {processor.py:839} INFO - DAG(s) dict_keys(['example_dynamic_task_mapping']) retrieved from /Users/venkatasaisabbineni/Desktop/Airflow_local/airflow_env/lib/python3.11/site-packages/airflow/example_dags/example_dynamic_task_mapping.py
[2024-02-26T04:42:13.980-0500] {logging_mixin.py:154} INFO - [2024-02-26T04:42:13.980-0500] {manager.py:499} INFO - Created Permission View: %s
[2024-02-26T04:42:13.984-0500] {logging_mixin.py:154} INFO - [2024-02-26T04:42:13.984-0500] {manager.py:499} INFO - Created Permission View: %s
[2024-02-26T04:42:13.987-0500] {logging_mixin.py:154} INFO - [2024-02-26T04:42:13.987-0500] {manager.py:499} INFO - Created Permission View: %s
[2024-02-26T04:42:13.987-0500] {logging_mixin.py:154} INFO - [2024-02-26T04:42:13.987-0500] {dag.py:2941} INFO - Sync 1 DAGs
[2024-02-26T04:42:13.992-0500] {logging_mixin.py:154} INFO - [2024-02-26T04:42:13.992-0500] {dag.py:2963} INFO - Creating ORM DAG for example_dynamic_task_mapping
[2024-02-26T04:42:13.997-0500] {logging_mixin.py:154} INFO - [2024-02-26T04:42:13.997-0500] {dag.py:3722} INFO - Setting next_dagrun for example_dynamic_task_mapping to 2022-03-04T00:00:00+00:00, run_after=2022-03-05T00:00:00+00:00
[2024-02-26T04:42:14.005-0500] {processor.py:179} INFO - Processing /Users/venkatasaisabbineni/Desktop/Airflow_local/airflow_env/lib/python3.11/site-packages/airflow/example_dags/example_dynamic_task_mapping.py took 0.492 seconds
