[2024-02-26T04:27:20.011-0500] {processor.py:157} INFO - Started process (PID=62269) to work on /Users/venkatasaisabbineni/Desktop/Airflow_local/airflow_env/lib/python3.11/site-packages/airflow/example_dags/example_task_group.py
[2024-02-26T04:27:20.013-0500] {processor.py:829} INFO - Processing file /Users/venkatasaisabbineni/Desktop/Airflow_local/airflow_env/lib/python3.11/site-packages/airflow/example_dags/example_task_group.py for tasks to queue
[2024-02-26T04:27:20.014-0500] {logging_mixin.py:154} INFO - [2024-02-26T04:27:20.014-0500] {dagbag.py:536} INFO - Filling up the DagBag from /Users/venkatasaisabbineni/Desktop/Airflow_local/airflow_env/lib/python3.11/site-packages/airflow/example_dags/example_task_group.py
[2024-02-26T04:27:20.030-0500] {processor.py:839} INFO - DAG(s) dict_keys(['example_task_group']) retrieved from /Users/venkatasaisabbineni/Desktop/Airflow_local/airflow_env/lib/python3.11/site-packages/airflow/example_dags/example_task_group.py
[2024-02-26T04:27:20.476-0500] {logging_mixin.py:154} INFO - [2024-02-26T04:27:20.476-0500] {manager.py:499} INFO - Created Permission View: %s
[2024-02-26T04:27:20.480-0500] {logging_mixin.py:154} INFO - [2024-02-26T04:27:20.480-0500] {manager.py:499} INFO - Created Permission View: %s
[2024-02-26T04:27:20.483-0500] {logging_mixin.py:154} INFO - [2024-02-26T04:27:20.483-0500] {manager.py:499} INFO - Created Permission View: %s
[2024-02-26T04:27:20.483-0500] {logging_mixin.py:154} INFO - [2024-02-26T04:27:20.483-0500] {dag.py:2941} INFO - Sync 1 DAGs
[2024-02-26T04:27:20.488-0500] {logging_mixin.py:154} INFO - [2024-02-26T04:27:20.488-0500] {dag.py:2963} INFO - Creating ORM DAG for example_task_group
[2024-02-26T04:27:20.492-0500] {logging_mixin.py:154} INFO - [2024-02-26T04:27:20.492-0500] {dag.py:3722} INFO - Setting next_dagrun for example_task_group to 2024-02-25T09:27:20.492056+00:00, run_after=2024-02-26T09:27:20.492056+00:00
[2024-02-26T04:27:20.501-0500] {processor.py:179} INFO - Processing /Users/venkatasaisabbineni/Desktop/Airflow_local/airflow_env/lib/python3.11/site-packages/airflow/example_dags/example_task_group.py took 0.490 seconds
[2024-02-26T04:28:15.834-0500] {processor.py:157} INFO - Started process (PID=62440) to work on /Users/venkatasaisabbineni/Desktop/Airflow_local/airflow_env/lib/python3.11/site-packages/airflow/example_dags/example_task_group.py
[2024-02-26T04:28:15.837-0500] {processor.py:829} INFO - Processing file /Users/venkatasaisabbineni/Desktop/Airflow_local/airflow_env/lib/python3.11/site-packages/airflow/example_dags/example_task_group.py for tasks to queue
[2024-02-26T04:28:15.837-0500] {logging_mixin.py:154} INFO - [2024-02-26T04:28:15.837-0500] {dagbag.py:536} INFO - Filling up the DagBag from /Users/venkatasaisabbineni/Desktop/Airflow_local/airflow_env/lib/python3.11/site-packages/airflow/example_dags/example_task_group.py
[2024-02-26T04:28:15.853-0500] {processor.py:839} INFO - DAG(s) dict_keys(['example_task_group']) retrieved from /Users/venkatasaisabbineni/Desktop/Airflow_local/airflow_env/lib/python3.11/site-packages/airflow/example_dags/example_task_group.py
[2024-02-26T04:28:15.877-0500] {logging_mixin.py:154} INFO - [2024-02-26T04:28:15.877-0500] {dag.py:2941} INFO - Sync 1 DAGs
[2024-02-26T04:28:15.922-0500] {logging_mixin.py:154} INFO - [2024-02-26T04:28:15.922-0500] {dag.py:3722} INFO - Setting next_dagrun for example_task_group to 2024-02-25T09:28:15.922763+00:00, run_after=2024-02-26T09:28:15.922763+00:00
[2024-02-26T04:28:15.932-0500] {processor.py:179} INFO - Processing /Users/venkatasaisabbineni/Desktop/Airflow_local/airflow_env/lib/python3.11/site-packages/airflow/example_dags/example_task_group.py took 0.099 seconds
[2024-02-26T04:29:35.701-0500] {processor.py:157} INFO - Started process (PID=62677) to work on /Users/venkatasaisabbineni/Desktop/Airflow_local/airflow_env/lib/python3.11/site-packages/airflow/example_dags/example_task_group.py
[2024-02-26T04:29:35.703-0500] {processor.py:829} INFO - Processing file /Users/venkatasaisabbineni/Desktop/Airflow_local/airflow_env/lib/python3.11/site-packages/airflow/example_dags/example_task_group.py for tasks to queue
[2024-02-26T04:29:35.704-0500] {logging_mixin.py:154} INFO - [2024-02-26T04:29:35.704-0500] {dagbag.py:536} INFO - Filling up the DagBag from /Users/venkatasaisabbineni/Desktop/Airflow_local/airflow_env/lib/python3.11/site-packages/airflow/example_dags/example_task_group.py
[2024-02-26T04:29:35.719-0500] {processor.py:839} INFO - DAG(s) dict_keys(['example_task_group']) retrieved from /Users/venkatasaisabbineni/Desktop/Airflow_local/airflow_env/lib/python3.11/site-packages/airflow/example_dags/example_task_group.py
[2024-02-26T04:29:35.807-0500] {logging_mixin.py:154} INFO - [2024-02-26T04:29:35.807-0500] {dag.py:2941} INFO - Sync 1 DAGs
[2024-02-26T04:29:35.815-0500] {logging_mixin.py:154} INFO - [2024-02-26T04:29:35.815-0500] {dag.py:3722} INFO - Setting next_dagrun for example_task_group to 2024-02-25T09:29:35.815765+00:00, run_after=2024-02-26T09:29:35.815765+00:00
[2024-02-26T04:29:35.826-0500] {processor.py:179} INFO - Processing /Users/venkatasaisabbineni/Desktop/Airflow_local/airflow_env/lib/python3.11/site-packages/airflow/example_dags/example_task_group.py took 0.126 seconds
[2024-02-26T04:31:15.069-0500] {processor.py:157} INFO - Started process (PID=62986) to work on /Users/venkatasaisabbineni/Desktop/Airflow_local/airflow_env/lib/python3.11/site-packages/airflow/example_dags/example_task_group.py
[2024-02-26T04:31:15.071-0500] {processor.py:829} INFO - Processing file /Users/venkatasaisabbineni/Desktop/Airflow_local/airflow_env/lib/python3.11/site-packages/airflow/example_dags/example_task_group.py for tasks to queue
[2024-02-26T04:31:15.072-0500] {logging_mixin.py:154} INFO - [2024-02-26T04:31:15.072-0500] {dagbag.py:536} INFO - Filling up the DagBag from /Users/venkatasaisabbineni/Desktop/Airflow_local/airflow_env/lib/python3.11/site-packages/airflow/example_dags/example_task_group.py
[2024-02-26T04:31:15.088-0500] {processor.py:839} INFO - DAG(s) dict_keys(['example_task_group']) retrieved from /Users/venkatasaisabbineni/Desktop/Airflow_local/airflow_env/lib/python3.11/site-packages/airflow/example_dags/example_task_group.py
[2024-02-26T04:31:15.180-0500] {logging_mixin.py:154} INFO - [2024-02-26T04:31:15.179-0500] {dag.py:2941} INFO - Sync 1 DAGs
[2024-02-26T04:31:15.188-0500] {logging_mixin.py:154} INFO - [2024-02-26T04:31:15.188-0500] {dag.py:3722} INFO - Setting next_dagrun for example_task_group to 2024-02-25T09:31:15.188109+00:00, run_after=2024-02-26T09:31:15.188109+00:00
[2024-02-26T04:31:15.198-0500] {processor.py:179} INFO - Processing /Users/venkatasaisabbineni/Desktop/Airflow_local/airflow_env/lib/python3.11/site-packages/airflow/example_dags/example_task_group.py took 0.130 seconds
[2024-02-26T04:32:58.523-0500] {processor.py:157} INFO - Started process (PID=63352) to work on /Users/venkatasaisabbineni/Desktop/Airflow_local/airflow_env/lib/python3.11/site-packages/airflow/example_dags/example_task_group.py
[2024-02-26T04:32:58.526-0500] {processor.py:829} INFO - Processing file /Users/venkatasaisabbineni/Desktop/Airflow_local/airflow_env/lib/python3.11/site-packages/airflow/example_dags/example_task_group.py for tasks to queue
[2024-02-26T04:32:58.526-0500] {logging_mixin.py:154} INFO - [2024-02-26T04:32:58.526-0500] {dagbag.py:536} INFO - Filling up the DagBag from /Users/venkatasaisabbineni/Desktop/Airflow_local/airflow_env/lib/python3.11/site-packages/airflow/example_dags/example_task_group.py
[2024-02-26T04:32:58.542-0500] {processor.py:839} INFO - DAG(s) dict_keys(['example_task_group']) retrieved from /Users/venkatasaisabbineni/Desktop/Airflow_local/airflow_env/lib/python3.11/site-packages/airflow/example_dags/example_task_group.py
[2024-02-26T04:32:58.633-0500] {logging_mixin.py:154} INFO - [2024-02-26T04:32:58.633-0500] {dag.py:2941} INFO - Sync 1 DAGs
[2024-02-26T04:32:58.643-0500] {logging_mixin.py:154} INFO - [2024-02-26T04:32:58.643-0500] {dag.py:3722} INFO - Setting next_dagrun for example_task_group to 2024-02-25T09:32:58.643165+00:00, run_after=2024-02-26T09:32:58.643165+00:00
[2024-02-26T04:32:58.654-0500] {processor.py:179} INFO - Processing /Users/venkatasaisabbineni/Desktop/Airflow_local/airflow_env/lib/python3.11/site-packages/airflow/example_dags/example_task_group.py took 0.132 seconds
[2024-02-26T04:33:50.749-0500] {processor.py:157} INFO - Started process (PID=63511) to work on /Users/venkatasaisabbineni/Desktop/Airflow_local/airflow_env/lib/python3.11/site-packages/airflow/example_dags/example_task_group.py
[2024-02-26T04:33:50.752-0500] {processor.py:829} INFO - Processing file /Users/venkatasaisabbineni/Desktop/Airflow_local/airflow_env/lib/python3.11/site-packages/airflow/example_dags/example_task_group.py for tasks to queue
[2024-02-26T04:33:50.753-0500] {logging_mixin.py:154} INFO - [2024-02-26T04:33:50.753-0500] {dagbag.py:536} INFO - Filling up the DagBag from /Users/venkatasaisabbineni/Desktop/Airflow_local/airflow_env/lib/python3.11/site-packages/airflow/example_dags/example_task_group.py
[2024-02-26T04:33:50.769-0500] {processor.py:839} INFO - DAG(s) dict_keys(['example_task_group']) retrieved from /Users/venkatasaisabbineni/Desktop/Airflow_local/airflow_env/lib/python3.11/site-packages/airflow/example_dags/example_task_group.py
[2024-02-26T04:33:50.795-0500] {logging_mixin.py:154} INFO - [2024-02-26T04:33:50.795-0500] {dag.py:2941} INFO - Sync 1 DAGs
[2024-02-26T04:33:50.844-0500] {logging_mixin.py:154} INFO - [2024-02-26T04:33:50.844-0500] {dag.py:3722} INFO - Setting next_dagrun for example_task_group to 2024-02-25T09:33:50.843912+00:00, run_after=2024-02-26T09:33:50.843912+00:00
[2024-02-26T04:33:50.855-0500] {processor.py:179} INFO - Processing /Users/venkatasaisabbineni/Desktop/Airflow_local/airflow_env/lib/python3.11/site-packages/airflow/example_dags/example_task_group.py took 0.107 seconds
[2024-02-26T04:37:31.255-0500] {processor.py:157} INFO - Started process (PID=64164) to work on /Users/venkatasaisabbineni/Desktop/Airflow_local/airflow_env/lib/python3.11/site-packages/airflow/example_dags/example_task_group.py
[2024-02-26T04:37:31.258-0500] {processor.py:829} INFO - Processing file /Users/venkatasaisabbineni/Desktop/Airflow_local/airflow_env/lib/python3.11/site-packages/airflow/example_dags/example_task_group.py for tasks to queue
[2024-02-26T04:37:31.258-0500] {logging_mixin.py:154} INFO - [2024-02-26T04:37:31.258-0500] {dagbag.py:536} INFO - Filling up the DagBag from /Users/venkatasaisabbineni/Desktop/Airflow_local/airflow_env/lib/python3.11/site-packages/airflow/example_dags/example_task_group.py
[2024-02-26T04:37:31.274-0500] {processor.py:839} INFO - DAG(s) dict_keys(['example_task_group']) retrieved from /Users/venkatasaisabbineni/Desktop/Airflow_local/airflow_env/lib/python3.11/site-packages/airflow/example_dags/example_task_group.py
[2024-02-26T04:37:31.299-0500] {logging_mixin.py:154} INFO - [2024-02-26T04:37:31.299-0500] {dag.py:2941} INFO - Sync 1 DAGs
[2024-02-26T04:37:31.345-0500] {logging_mixin.py:154} INFO - [2024-02-26T04:37:31.345-0500] {dag.py:3722} INFO - Setting next_dagrun for example_task_group to 2024-02-25T09:37:31.345020+00:00, run_after=2024-02-26T09:37:31.345020+00:00
[2024-02-26T04:37:31.356-0500] {processor.py:179} INFO - Processing /Users/venkatasaisabbineni/Desktop/Airflow_local/airflow_env/lib/python3.11/site-packages/airflow/example_dags/example_task_group.py took 0.101 seconds
[2024-02-26T04:38:45.100-0500] {processor.py:157} INFO - Started process (PID=64401) to work on /Users/venkatasaisabbineni/Desktop/Airflow_local/airflow_env/lib/python3.11/site-packages/airflow/example_dags/example_task_group.py
[2024-02-26T04:38:45.105-0500] {processor.py:829} INFO - Processing file /Users/venkatasaisabbineni/Desktop/Airflow_local/airflow_env/lib/python3.11/site-packages/airflow/example_dags/example_task_group.py for tasks to queue
[2024-02-26T04:38:45.105-0500] {logging_mixin.py:154} INFO - [2024-02-26T04:38:45.105-0500] {dagbag.py:536} INFO - Filling up the DagBag from /Users/venkatasaisabbineni/Desktop/Airflow_local/airflow_env/lib/python3.11/site-packages/airflow/example_dags/example_task_group.py
[2024-02-26T04:38:45.120-0500] {processor.py:839} INFO - DAG(s) dict_keys(['example_task_group']) retrieved from /Users/venkatasaisabbineni/Desktop/Airflow_local/airflow_env/lib/python3.11/site-packages/airflow/example_dags/example_task_group.py
[2024-02-26T04:38:45.144-0500] {logging_mixin.py:154} INFO - [2024-02-26T04:38:45.144-0500] {dag.py:2941} INFO - Sync 1 DAGs
[2024-02-26T04:38:45.189-0500] {logging_mixin.py:154} INFO - [2024-02-26T04:38:45.189-0500] {dag.py:3722} INFO - Setting next_dagrun for example_task_group to 2024-02-25T09:38:45.189350+00:00, run_after=2024-02-26T09:38:45.189350+00:00
[2024-02-26T04:38:45.201-0500] {processor.py:179} INFO - Processing /Users/venkatasaisabbineni/Desktop/Airflow_local/airflow_env/lib/python3.11/site-packages/airflow/example_dags/example_task_group.py took 0.102 seconds
[2024-02-26T04:41:32.064-0500] {processor.py:157} INFO - Started process (PID=64851) to work on /Users/venkatasaisabbineni/Desktop/Airflow_local/airflow_env/lib/python3.11/site-packages/airflow/example_dags/example_task_group.py
[2024-02-26T04:41:32.068-0500] {processor.py:829} INFO - Processing file /Users/venkatasaisabbineni/Desktop/Airflow_local/airflow_env/lib/python3.11/site-packages/airflow/example_dags/example_task_group.py for tasks to queue
[2024-02-26T04:41:32.068-0500] {logging_mixin.py:154} INFO - [2024-02-26T04:41:32.068-0500] {dagbag.py:536} INFO - Filling up the DagBag from /Users/venkatasaisabbineni/Desktop/Airflow_local/airflow_env/lib/python3.11/site-packages/airflow/example_dags/example_task_group.py
[2024-02-26T04:41:32.084-0500] {processor.py:839} INFO - DAG(s) dict_keys(['example_task_group']) retrieved from /Users/venkatasaisabbineni/Desktop/Airflow_local/airflow_env/lib/python3.11/site-packages/airflow/example_dags/example_task_group.py
[2024-02-26T04:41:32.595-0500] {logging_mixin.py:154} INFO - [2024-02-26T04:41:32.594-0500] {manager.py:499} INFO - Created Permission View: %s
[2024-02-26T04:41:32.599-0500] {logging_mixin.py:154} INFO - [2024-02-26T04:41:32.599-0500] {manager.py:499} INFO - Created Permission View: %s
[2024-02-26T04:41:32.602-0500] {logging_mixin.py:154} INFO - [2024-02-26T04:41:32.602-0500] {manager.py:499} INFO - Created Permission View: %s
[2024-02-26T04:41:32.602-0500] {logging_mixin.py:154} INFO - [2024-02-26T04:41:32.602-0500] {dag.py:2941} INFO - Sync 1 DAGs
[2024-02-26T04:41:32.607-0500] {logging_mixin.py:154} INFO - [2024-02-26T04:41:32.607-0500] {dag.py:2963} INFO - Creating ORM DAG for example_task_group
[2024-02-26T04:41:32.611-0500] {logging_mixin.py:154} INFO - [2024-02-26T04:41:32.611-0500] {dag.py:3722} INFO - Setting next_dagrun for example_task_group to 2024-02-25T09:41:32.611716+00:00, run_after=2024-02-26T09:41:32.611716+00:00
[2024-02-26T04:41:32.621-0500] {processor.py:179} INFO - Processing /Users/venkatasaisabbineni/Desktop/Airflow_local/airflow_env/lib/python3.11/site-packages/airflow/example_dags/example_task_group.py took 0.558 seconds
[2024-02-26T04:43:01.015-0500] {processor.py:157} INFO - Started process (PID=65114) to work on /Users/venkatasaisabbineni/Desktop/Airflow_local/airflow_env/lib/python3.11/site-packages/airflow/example_dags/example_task_group.py
[2024-02-26T04:43:01.018-0500] {processor.py:829} INFO - Processing file /Users/venkatasaisabbineni/Desktop/Airflow_local/airflow_env/lib/python3.11/site-packages/airflow/example_dags/example_task_group.py for tasks to queue
[2024-02-26T04:43:01.018-0500] {logging_mixin.py:154} INFO - [2024-02-26T04:43:01.018-0500] {dagbag.py:536} INFO - Filling up the DagBag from /Users/venkatasaisabbineni/Desktop/Airflow_local/airflow_env/lib/python3.11/site-packages/airflow/example_dags/example_task_group.py
[2024-02-26T04:43:01.033-0500] {processor.py:839} INFO - DAG(s) dict_keys(['example_task_group']) retrieved from /Users/venkatasaisabbineni/Desktop/Airflow_local/airflow_env/lib/python3.11/site-packages/airflow/example_dags/example_task_group.py
[2024-02-26T04:43:01.122-0500] {logging_mixin.py:154} INFO - [2024-02-26T04:43:01.122-0500] {dag.py:2941} INFO - Sync 1 DAGs
[2024-02-26T04:43:01.130-0500] {logging_mixin.py:154} INFO - [2024-02-26T04:43:01.130-0500] {dag.py:3722} INFO - Setting next_dagrun for example_task_group to 2024-02-25T09:43:01.130553+00:00, run_after=2024-02-26T09:43:01.130553+00:00
[2024-02-26T04:43:01.141-0500] {processor.py:179} INFO - Processing /Users/venkatasaisabbineni/Desktop/Airflow_local/airflow_env/lib/python3.11/site-packages/airflow/example_dags/example_task_group.py took 0.127 seconds
