[2024-02-26T04:27:36.386-0500] {processor.py:157} INFO - Started process (PID=62310) to work on /Users/venkatasaisabbineni/Desktop/Airflow_local/airflow_env/lib/python3.11/site-packages/airflow/example_dags/example_sensors.py
[2024-02-26T04:27:36.388-0500] {processor.py:829} INFO - Processing file /Users/venkatasaisabbineni/Desktop/Airflow_local/airflow_env/lib/python3.11/site-packages/airflow/example_dags/example_sensors.py for tasks to queue
[2024-02-26T04:27:36.389-0500] {logging_mixin.py:154} INFO - [2024-02-26T04:27:36.388-0500] {dagbag.py:536} INFO - Filling up the DagBag from /Users/venkatasaisabbineni/Desktop/Airflow_local/airflow_env/lib/python3.11/site-packages/airflow/example_dags/example_sensors.py
[2024-02-26T04:27:36.408-0500] {processor.py:839} INFO - DAG(s) dict_keys(['example_sensors']) retrieved from /Users/venkatasaisabbineni/Desktop/Airflow_local/airflow_env/lib/python3.11/site-packages/airflow/example_dags/example_sensors.py
[2024-02-26T04:27:36.821-0500] {logging_mixin.py:154} INFO - [2024-02-26T04:27:36.821-0500] {manager.py:499} INFO - Created Permission View: %s
[2024-02-26T04:27:36.826-0500] {logging_mixin.py:154} INFO - [2024-02-26T04:27:36.826-0500] {manager.py:499} INFO - Created Permission View: %s
[2024-02-26T04:27:36.828-0500] {logging_mixin.py:154} INFO - [2024-02-26T04:27:36.828-0500] {manager.py:499} INFO - Created Permission View: %s
[2024-02-26T04:27:36.829-0500] {logging_mixin.py:154} INFO - [2024-02-26T04:27:36.829-0500] {dag.py:2941} INFO - Sync 1 DAGs
[2024-02-26T04:27:36.834-0500] {logging_mixin.py:154} INFO - [2024-02-26T04:27:36.834-0500] {dag.py:2963} INFO - Creating ORM DAG for example_sensors
[2024-02-26T04:27:36.834-0500] {logging_mixin.py:154} INFO - [2024-02-26T04:27:36.834-0500] {dag.py:3722} INFO - Setting next_dagrun for example_sensors to None, run_after=None
[2024-02-26T04:27:36.843-0500] {processor.py:179} INFO - Processing /Users/venkatasaisabbineni/Desktop/Airflow_local/airflow_env/lib/python3.11/site-packages/airflow/example_dags/example_sensors.py took 0.458 seconds
[2024-02-26T04:28:30.461-0500] {processor.py:157} INFO - Started process (PID=62477) to work on /Users/venkatasaisabbineni/Desktop/Airflow_local/airflow_env/lib/python3.11/site-packages/airflow/example_dags/example_sensors.py
[2024-02-26T04:28:30.463-0500] {processor.py:829} INFO - Processing file /Users/venkatasaisabbineni/Desktop/Airflow_local/airflow_env/lib/python3.11/site-packages/airflow/example_dags/example_sensors.py for tasks to queue
[2024-02-26T04:28:30.464-0500] {logging_mixin.py:154} INFO - [2024-02-26T04:28:30.464-0500] {dagbag.py:536} INFO - Filling up the DagBag from /Users/venkatasaisabbineni/Desktop/Airflow_local/airflow_env/lib/python3.11/site-packages/airflow/example_dags/example_sensors.py
[2024-02-26T04:28:30.482-0500] {processor.py:839} INFO - DAG(s) dict_keys(['example_sensors']) retrieved from /Users/venkatasaisabbineni/Desktop/Airflow_local/airflow_env/lib/python3.11/site-packages/airflow/example_dags/example_sensors.py
[2024-02-26T04:28:30.578-0500] {logging_mixin.py:154} INFO - [2024-02-26T04:28:30.577-0500] {dag.py:2941} INFO - Sync 1 DAGs
[2024-02-26T04:28:30.582-0500] {logging_mixin.py:154} INFO - [2024-02-26T04:28:30.582-0500] {dag.py:3722} INFO - Setting next_dagrun for example_sensors to None, run_after=None
[2024-02-26T04:28:30.593-0500] {processor.py:179} INFO - Processing /Users/venkatasaisabbineni/Desktop/Airflow_local/airflow_env/lib/python3.11/site-packages/airflow/example_dags/example_sensors.py took 0.133 seconds
[2024-02-26T04:29:49.301-0500] {processor.py:157} INFO - Started process (PID=62710) to work on /Users/venkatasaisabbineni/Desktop/Airflow_local/airflow_env/lib/python3.11/site-packages/airflow/example_dags/example_sensors.py
[2024-02-26T04:29:49.303-0500] {processor.py:829} INFO - Processing file /Users/venkatasaisabbineni/Desktop/Airflow_local/airflow_env/lib/python3.11/site-packages/airflow/example_dags/example_sensors.py for tasks to queue
[2024-02-26T04:29:49.303-0500] {logging_mixin.py:154} INFO - [2024-02-26T04:29:49.303-0500] {dagbag.py:536} INFO - Filling up the DagBag from /Users/venkatasaisabbineni/Desktop/Airflow_local/airflow_env/lib/python3.11/site-packages/airflow/example_dags/example_sensors.py
[2024-02-26T04:29:49.323-0500] {processor.py:839} INFO - DAG(s) dict_keys(['example_sensors']) retrieved from /Users/venkatasaisabbineni/Desktop/Airflow_local/airflow_env/lib/python3.11/site-packages/airflow/example_dags/example_sensors.py
[2024-02-26T04:29:49.423-0500] {logging_mixin.py:154} INFO - [2024-02-26T04:29:49.422-0500] {dag.py:2941} INFO - Sync 1 DAGs
[2024-02-26T04:29:49.427-0500] {logging_mixin.py:154} INFO - [2024-02-26T04:29:49.427-0500] {dag.py:3722} INFO - Setting next_dagrun for example_sensors to None, run_after=None
[2024-02-26T04:29:49.439-0500] {processor.py:179} INFO - Processing /Users/venkatasaisabbineni/Desktop/Airflow_local/airflow_env/lib/python3.11/site-packages/airflow/example_dags/example_sensors.py took 0.139 seconds
[2024-02-26T04:31:29.058-0500] {processor.py:157} INFO - Started process (PID=63030) to work on /Users/venkatasaisabbineni/Desktop/Airflow_local/airflow_env/lib/python3.11/site-packages/airflow/example_dags/example_sensors.py
[2024-02-26T04:31:29.061-0500] {processor.py:829} INFO - Processing file /Users/venkatasaisabbineni/Desktop/Airflow_local/airflow_env/lib/python3.11/site-packages/airflow/example_dags/example_sensors.py for tasks to queue
[2024-02-26T04:31:29.061-0500] {logging_mixin.py:154} INFO - [2024-02-26T04:31:29.061-0500] {dagbag.py:536} INFO - Filling up the DagBag from /Users/venkatasaisabbineni/Desktop/Airflow_local/airflow_env/lib/python3.11/site-packages/airflow/example_dags/example_sensors.py
[2024-02-26T04:31:29.081-0500] {processor.py:839} INFO - DAG(s) dict_keys(['example_sensors']) retrieved from /Users/venkatasaisabbineni/Desktop/Airflow_local/airflow_env/lib/python3.11/site-packages/airflow/example_dags/example_sensors.py
[2024-02-26T04:31:29.174-0500] {logging_mixin.py:154} INFO - [2024-02-26T04:31:29.174-0500] {dag.py:2941} INFO - Sync 1 DAGs
[2024-02-26T04:31:29.179-0500] {logging_mixin.py:154} INFO - [2024-02-26T04:31:29.179-0500] {dag.py:3722} INFO - Setting next_dagrun for example_sensors to None, run_after=None
[2024-02-26T04:31:29.190-0500] {processor.py:179} INFO - Processing /Users/venkatasaisabbineni/Desktop/Airflow_local/airflow_env/lib/python3.11/site-packages/airflow/example_dags/example_sensors.py took 0.132 seconds
[2024-02-26T04:33:12.777-0500] {processor.py:157} INFO - Started process (PID=63389) to work on /Users/venkatasaisabbineni/Desktop/Airflow_local/airflow_env/lib/python3.11/site-packages/airflow/example_dags/example_sensors.py
[2024-02-26T04:33:12.779-0500] {processor.py:829} INFO - Processing file /Users/venkatasaisabbineni/Desktop/Airflow_local/airflow_env/lib/python3.11/site-packages/airflow/example_dags/example_sensors.py for tasks to queue
[2024-02-26T04:33:12.780-0500] {logging_mixin.py:154} INFO - [2024-02-26T04:33:12.779-0500] {dagbag.py:536} INFO - Filling up the DagBag from /Users/venkatasaisabbineni/Desktop/Airflow_local/airflow_env/lib/python3.11/site-packages/airflow/example_dags/example_sensors.py
[2024-02-26T04:33:12.800-0500] {processor.py:839} INFO - DAG(s) dict_keys(['example_sensors']) retrieved from /Users/venkatasaisabbineni/Desktop/Airflow_local/airflow_env/lib/python3.11/site-packages/airflow/example_dags/example_sensors.py
[2024-02-26T04:33:12.897-0500] {logging_mixin.py:154} INFO - [2024-02-26T04:33:12.897-0500] {dag.py:2941} INFO - Sync 1 DAGs
[2024-02-26T04:33:12.903-0500] {logging_mixin.py:154} INFO - [2024-02-26T04:33:12.903-0500] {dag.py:3722} INFO - Setting next_dagrun for example_sensors to None, run_after=None
[2024-02-26T04:33:12.915-0500] {processor.py:179} INFO - Processing /Users/venkatasaisabbineni/Desktop/Airflow_local/airflow_env/lib/python3.11/site-packages/airflow/example_dags/example_sensors.py took 0.139 seconds
[2024-02-26T04:34:05.676-0500] {processor.py:157} INFO - Started process (PID=63549) to work on /Users/venkatasaisabbineni/Desktop/Airflow_local/airflow_env/lib/python3.11/site-packages/airflow/example_dags/example_sensors.py
[2024-02-26T04:34:05.679-0500] {processor.py:829} INFO - Processing file /Users/venkatasaisabbineni/Desktop/Airflow_local/airflow_env/lib/python3.11/site-packages/airflow/example_dags/example_sensors.py for tasks to queue
[2024-02-26T04:34:05.679-0500] {logging_mixin.py:154} INFO - [2024-02-26T04:34:05.679-0500] {dagbag.py:536} INFO - Filling up the DagBag from /Users/venkatasaisabbineni/Desktop/Airflow_local/airflow_env/lib/python3.11/site-packages/airflow/example_dags/example_sensors.py
[2024-02-26T04:34:05.698-0500] {processor.py:839} INFO - DAG(s) dict_keys(['example_sensors']) retrieved from /Users/venkatasaisabbineni/Desktop/Airflow_local/airflow_env/lib/python3.11/site-packages/airflow/example_dags/example_sensors.py
[2024-02-26T04:34:05.797-0500] {logging_mixin.py:154} INFO - [2024-02-26T04:34:05.797-0500] {dag.py:2941} INFO - Sync 1 DAGs
[2024-02-26T04:34:05.802-0500] {logging_mixin.py:154} INFO - [2024-02-26T04:34:05.802-0500] {dag.py:3722} INFO - Setting next_dagrun for example_sensors to None, run_after=None
[2024-02-26T04:34:05.815-0500] {processor.py:179} INFO - Processing /Users/venkatasaisabbineni/Desktop/Airflow_local/airflow_env/lib/python3.11/site-packages/airflow/example_dags/example_sensors.py took 0.139 seconds
[2024-02-26T04:37:46.055-0500] {processor.py:157} INFO - Started process (PID=64204) to work on /Users/venkatasaisabbineni/Desktop/Airflow_local/airflow_env/lib/python3.11/site-packages/airflow/example_dags/example_sensors.py
[2024-02-26T04:37:46.058-0500] {processor.py:829} INFO - Processing file /Users/venkatasaisabbineni/Desktop/Airflow_local/airflow_env/lib/python3.11/site-packages/airflow/example_dags/example_sensors.py for tasks to queue
[2024-02-26T04:37:46.058-0500] {logging_mixin.py:154} INFO - [2024-02-26T04:37:46.058-0500] {dagbag.py:536} INFO - Filling up the DagBag from /Users/venkatasaisabbineni/Desktop/Airflow_local/airflow_env/lib/python3.11/site-packages/airflow/example_dags/example_sensors.py
[2024-02-26T04:37:46.077-0500] {processor.py:839} INFO - DAG(s) dict_keys(['example_sensors']) retrieved from /Users/venkatasaisabbineni/Desktop/Airflow_local/airflow_env/lib/python3.11/site-packages/airflow/example_dags/example_sensors.py
[2024-02-26T04:37:46.172-0500] {logging_mixin.py:154} INFO - [2024-02-26T04:37:46.172-0500] {dag.py:2941} INFO - Sync 1 DAGs
[2024-02-26T04:37:46.177-0500] {logging_mixin.py:154} INFO - [2024-02-26T04:37:46.177-0500] {dag.py:3722} INFO - Setting next_dagrun for example_sensors to None, run_after=None
[2024-02-26T04:37:46.188-0500] {processor.py:179} INFO - Processing /Users/venkatasaisabbineni/Desktop/Airflow_local/airflow_env/lib/python3.11/site-packages/airflow/example_dags/example_sensors.py took 0.135 seconds
[2024-02-26T04:38:59.929-0500] {processor.py:157} INFO - Started process (PID=64438) to work on /Users/venkatasaisabbineni/Desktop/Airflow_local/airflow_env/lib/python3.11/site-packages/airflow/example_dags/example_sensors.py
[2024-02-26T04:38:59.933-0500] {processor.py:829} INFO - Processing file /Users/venkatasaisabbineni/Desktop/Airflow_local/airflow_env/lib/python3.11/site-packages/airflow/example_dags/example_sensors.py for tasks to queue
[2024-02-26T04:38:59.933-0500] {logging_mixin.py:154} INFO - [2024-02-26T04:38:59.933-0500] {dagbag.py:536} INFO - Filling up the DagBag from /Users/venkatasaisabbineni/Desktop/Airflow_local/airflow_env/lib/python3.11/site-packages/airflow/example_dags/example_sensors.py
[2024-02-26T04:38:59.952-0500] {processor.py:839} INFO - DAG(s) dict_keys(['example_sensors']) retrieved from /Users/venkatasaisabbineni/Desktop/Airflow_local/airflow_env/lib/python3.11/site-packages/airflow/example_dags/example_sensors.py
[2024-02-26T04:39:00.056-0500] {logging_mixin.py:154} INFO - [2024-02-26T04:39:00.055-0500] {dag.py:2941} INFO - Sync 1 DAGs
[2024-02-26T04:39:00.063-0500] {logging_mixin.py:154} INFO - [2024-02-26T04:39:00.063-0500] {dag.py:3722} INFO - Setting next_dagrun for example_sensors to None, run_after=None
[2024-02-26T04:39:00.076-0500] {processor.py:179} INFO - Processing /Users/venkatasaisabbineni/Desktop/Airflow_local/airflow_env/lib/python3.11/site-packages/airflow/example_dags/example_sensors.py took 0.148 seconds
[2024-02-26T04:41:48.493-0500] {processor.py:157} INFO - Started process (PID=64896) to work on /Users/venkatasaisabbineni/Desktop/Airflow_local/airflow_env/lib/python3.11/site-packages/airflow/example_dags/example_sensors.py
[2024-02-26T04:41:48.497-0500] {processor.py:829} INFO - Processing file /Users/venkatasaisabbineni/Desktop/Airflow_local/airflow_env/lib/python3.11/site-packages/airflow/example_dags/example_sensors.py for tasks to queue
[2024-02-26T04:41:48.497-0500] {logging_mixin.py:154} INFO - [2024-02-26T04:41:48.497-0500] {dagbag.py:536} INFO - Filling up the DagBag from /Users/venkatasaisabbineni/Desktop/Airflow_local/airflow_env/lib/python3.11/site-packages/airflow/example_dags/example_sensors.py
[2024-02-26T04:41:48.516-0500] {processor.py:839} INFO - DAG(s) dict_keys(['example_sensors']) retrieved from /Users/venkatasaisabbineni/Desktop/Airflow_local/airflow_env/lib/python3.11/site-packages/airflow/example_dags/example_sensors.py
[2024-02-26T04:41:49.001-0500] {logging_mixin.py:154} INFO - [2024-02-26T04:41:49.000-0500] {manager.py:499} INFO - Created Permission View: %s
[2024-02-26T04:41:49.005-0500] {logging_mixin.py:154} INFO - [2024-02-26T04:41:49.005-0500] {manager.py:499} INFO - Created Permission View: %s
[2024-02-26T04:41:49.008-0500] {logging_mixin.py:154} INFO - [2024-02-26T04:41:49.008-0500] {manager.py:499} INFO - Created Permission View: %s
[2024-02-26T04:41:49.008-0500] {logging_mixin.py:154} INFO - [2024-02-26T04:41:49.008-0500] {dag.py:2941} INFO - Sync 1 DAGs
[2024-02-26T04:41:49.013-0500] {logging_mixin.py:154} INFO - [2024-02-26T04:41:49.013-0500] {dag.py:2963} INFO - Creating ORM DAG for example_sensors
[2024-02-26T04:41:49.013-0500] {logging_mixin.py:154} INFO - [2024-02-26T04:41:49.013-0500] {dag.py:3722} INFO - Setting next_dagrun for example_sensors to None, run_after=None
[2024-02-26T04:41:49.022-0500] {processor.py:179} INFO - Processing /Users/venkatasaisabbineni/Desktop/Airflow_local/airflow_env/lib/python3.11/site-packages/airflow/example_dags/example_sensors.py took 0.530 seconds
[2024-02-26T04:43:15.513-0500] {processor.py:157} INFO - Started process (PID=65154) to work on /Users/venkatasaisabbineni/Desktop/Airflow_local/airflow_env/lib/python3.11/site-packages/airflow/example_dags/example_sensors.py
[2024-02-26T04:43:15.517-0500] {processor.py:829} INFO - Processing file /Users/venkatasaisabbineni/Desktop/Airflow_local/airflow_env/lib/python3.11/site-packages/airflow/example_dags/example_sensors.py for tasks to queue
[2024-02-26T04:43:15.517-0500] {logging_mixin.py:154} INFO - [2024-02-26T04:43:15.517-0500] {dagbag.py:536} INFO - Filling up the DagBag from /Users/venkatasaisabbineni/Desktop/Airflow_local/airflow_env/lib/python3.11/site-packages/airflow/example_dags/example_sensors.py
[2024-02-26T04:43:15.539-0500] {processor.py:839} INFO - DAG(s) dict_keys(['example_sensors']) retrieved from /Users/venkatasaisabbineni/Desktop/Airflow_local/airflow_env/lib/python3.11/site-packages/airflow/example_dags/example_sensors.py
[2024-02-26T04:43:15.640-0500] {logging_mixin.py:154} INFO - [2024-02-26T04:43:15.639-0500] {dag.py:2941} INFO - Sync 1 DAGs
[2024-02-26T04:43:15.644-0500] {logging_mixin.py:154} INFO - [2024-02-26T04:43:15.644-0500] {dag.py:3722} INFO - Setting next_dagrun for example_sensors to None, run_after=None
[2024-02-26T04:43:15.656-0500] {processor.py:179} INFO - Processing /Users/venkatasaisabbineni/Desktop/Airflow_local/airflow_env/lib/python3.11/site-packages/airflow/example_dags/example_sensors.py took 0.144 seconds
