[2024-02-26T04:27:18.269-0500] {processor.py:157} INFO - Started process (PID=62264) to work on /Users/venkatasaisabbineni/Desktop/Airflow_local/airflow_env/lib/python3.11/site-packages/airflow/example_dags/example_task_group_decorator.py
[2024-02-26T04:27:18.271-0500] {processor.py:829} INFO - Processing file /Users/venkatasaisabbineni/Desktop/Airflow_local/airflow_env/lib/python3.11/site-packages/airflow/example_dags/example_task_group_decorator.py for tasks to queue
[2024-02-26T04:27:18.271-0500] {logging_mixin.py:154} INFO - [2024-02-26T04:27:18.271-0500] {dagbag.py:536} INFO - Filling up the DagBag from /Users/venkatasaisabbineni/Desktop/Airflow_local/airflow_env/lib/python3.11/site-packages/airflow/example_dags/example_task_group_decorator.py
[2024-02-26T04:27:18.307-0500] {processor.py:839} INFO - DAG(s) dict_keys(['example_task_group_decorator']) retrieved from /Users/venkatasaisabbineni/Desktop/Airflow_local/airflow_env/lib/python3.11/site-packages/airflow/example_dags/example_task_group_decorator.py
[2024-02-26T04:27:18.742-0500] {logging_mixin.py:154} INFO - [2024-02-26T04:27:18.742-0500] {manager.py:499} INFO - Created Permission View: %s
[2024-02-26T04:27:18.747-0500] {logging_mixin.py:154} INFO - [2024-02-26T04:27:18.747-0500] {manager.py:499} INFO - Created Permission View: %s
[2024-02-26T04:27:18.750-0500] {logging_mixin.py:154} INFO - [2024-02-26T04:27:18.750-0500] {manager.py:499} INFO - Created Permission View: %s
[2024-02-26T04:27:18.750-0500] {logging_mixin.py:154} INFO - [2024-02-26T04:27:18.750-0500] {dag.py:2941} INFO - Sync 1 DAGs
[2024-02-26T04:27:18.756-0500] {logging_mixin.py:154} INFO - [2024-02-26T04:27:18.756-0500] {dag.py:2963} INFO - Creating ORM DAG for example_task_group_decorator
[2024-02-26T04:27:18.760-0500] {logging_mixin.py:154} INFO - [2024-02-26T04:27:18.759-0500] {dag.py:3722} INFO - Setting next_dagrun for example_task_group_decorator to 2024-02-25T09:27:18.759864+00:00, run_after=2024-02-26T09:27:18.759864+00:00
[2024-02-26T04:27:18.768-0500] {processor.py:179} INFO - Processing /Users/venkatasaisabbineni/Desktop/Airflow_local/airflow_env/lib/python3.11/site-packages/airflow/example_dags/example_task_group_decorator.py took 0.500 seconds
[2024-02-26T04:28:13.922-0500] {processor.py:157} INFO - Started process (PID=62435) to work on /Users/venkatasaisabbineni/Desktop/Airflow_local/airflow_env/lib/python3.11/site-packages/airflow/example_dags/example_task_group_decorator.py
[2024-02-26T04:28:13.925-0500] {processor.py:829} INFO - Processing file /Users/venkatasaisabbineni/Desktop/Airflow_local/airflow_env/lib/python3.11/site-packages/airflow/example_dags/example_task_group_decorator.py for tasks to queue
[2024-02-26T04:28:13.926-0500] {logging_mixin.py:154} INFO - [2024-02-26T04:28:13.925-0500] {dagbag.py:536} INFO - Filling up the DagBag from /Users/venkatasaisabbineni/Desktop/Airflow_local/airflow_env/lib/python3.11/site-packages/airflow/example_dags/example_task_group_decorator.py
[2024-02-26T04:28:13.962-0500] {processor.py:839} INFO - DAG(s) dict_keys(['example_task_group_decorator']) retrieved from /Users/venkatasaisabbineni/Desktop/Airflow_local/airflow_env/lib/python3.11/site-packages/airflow/example_dags/example_task_group_decorator.py
[2024-02-26T04:28:13.983-0500] {logging_mixin.py:154} INFO - [2024-02-26T04:28:13.982-0500] {dag.py:2941} INFO - Sync 1 DAGs
[2024-02-26T04:28:14.029-0500] {logging_mixin.py:154} INFO - [2024-02-26T04:28:14.029-0500] {dag.py:3722} INFO - Setting next_dagrun for example_task_group_decorator to 2024-02-25T09:28:14.029420+00:00, run_after=2024-02-26T09:28:14.029420+00:00
[2024-02-26T04:28:14.042-0500] {processor.py:179} INFO - Processing /Users/venkatasaisabbineni/Desktop/Airflow_local/airflow_env/lib/python3.11/site-packages/airflow/example_dags/example_task_group_decorator.py took 0.120 seconds
[2024-02-26T04:29:34.732-0500] {processor.py:157} INFO - Started process (PID=62672) to work on /Users/venkatasaisabbineni/Desktop/Airflow_local/airflow_env/lib/python3.11/site-packages/airflow/example_dags/example_task_group_decorator.py
[2024-02-26T04:29:34.735-0500] {processor.py:829} INFO - Processing file /Users/venkatasaisabbineni/Desktop/Airflow_local/airflow_env/lib/python3.11/site-packages/airflow/example_dags/example_task_group_decorator.py for tasks to queue
[2024-02-26T04:29:34.735-0500] {logging_mixin.py:154} INFO - [2024-02-26T04:29:34.735-0500] {dagbag.py:536} INFO - Filling up the DagBag from /Users/venkatasaisabbineni/Desktop/Airflow_local/airflow_env/lib/python3.11/site-packages/airflow/example_dags/example_task_group_decorator.py
[2024-02-26T04:29:34.771-0500] {processor.py:839} INFO - DAG(s) dict_keys(['example_task_group_decorator']) retrieved from /Users/venkatasaisabbineni/Desktop/Airflow_local/airflow_env/lib/python3.11/site-packages/airflow/example_dags/example_task_group_decorator.py
[2024-02-26T04:29:34.857-0500] {logging_mixin.py:154} INFO - [2024-02-26T04:29:34.857-0500] {dag.py:2941} INFO - Sync 1 DAGs
[2024-02-26T04:29:34.867-0500] {logging_mixin.py:154} INFO - [2024-02-26T04:29:34.866-0500] {dag.py:3722} INFO - Setting next_dagrun for example_task_group_decorator to 2024-02-25T09:29:34.866899+00:00, run_after=2024-02-26T09:29:34.866899+00:00
[2024-02-26T04:29:34.876-0500] {processor.py:179} INFO - Processing /Users/venkatasaisabbineni/Desktop/Airflow_local/airflow_env/lib/python3.11/site-packages/airflow/example_dags/example_task_group_decorator.py took 0.145 seconds
[2024-02-26T04:31:13.180-0500] {processor.py:157} INFO - Started process (PID=62978) to work on /Users/venkatasaisabbineni/Desktop/Airflow_local/airflow_env/lib/python3.11/site-packages/airflow/example_dags/example_task_group_decorator.py
[2024-02-26T04:31:13.183-0500] {processor.py:829} INFO - Processing file /Users/venkatasaisabbineni/Desktop/Airflow_local/airflow_env/lib/python3.11/site-packages/airflow/example_dags/example_task_group_decorator.py for tasks to queue
[2024-02-26T04:31:13.183-0500] {logging_mixin.py:154} INFO - [2024-02-26T04:31:13.183-0500] {dagbag.py:536} INFO - Filling up the DagBag from /Users/venkatasaisabbineni/Desktop/Airflow_local/airflow_env/lib/python3.11/site-packages/airflow/example_dags/example_task_group_decorator.py
[2024-02-26T04:31:13.218-0500] {processor.py:839} INFO - DAG(s) dict_keys(['example_task_group_decorator']) retrieved from /Users/venkatasaisabbineni/Desktop/Airflow_local/airflow_env/lib/python3.11/site-packages/airflow/example_dags/example_task_group_decorator.py
[2024-02-26T04:31:13.306-0500] {logging_mixin.py:154} INFO - [2024-02-26T04:31:13.306-0500] {dag.py:2941} INFO - Sync 1 DAGs
[2024-02-26T04:31:13.315-0500] {logging_mixin.py:154} INFO - [2024-02-26T04:31:13.314-0500] {dag.py:3722} INFO - Setting next_dagrun for example_task_group_decorator to 2024-02-25T09:31:13.314830+00:00, run_after=2024-02-26T09:31:13.314830+00:00
[2024-02-26T04:31:13.324-0500] {processor.py:179} INFO - Processing /Users/venkatasaisabbineni/Desktop/Airflow_local/airflow_env/lib/python3.11/site-packages/airflow/example_dags/example_task_group_decorator.py took 0.144 seconds
[2024-02-26T04:32:56.631-0500] {processor.py:157} INFO - Started process (PID=63343) to work on /Users/venkatasaisabbineni/Desktop/Airflow_local/airflow_env/lib/python3.11/site-packages/airflow/example_dags/example_task_group_decorator.py
[2024-02-26T04:32:56.634-0500] {processor.py:829} INFO - Processing file /Users/venkatasaisabbineni/Desktop/Airflow_local/airflow_env/lib/python3.11/site-packages/airflow/example_dags/example_task_group_decorator.py for tasks to queue
[2024-02-26T04:32:56.634-0500] {logging_mixin.py:154} INFO - [2024-02-26T04:32:56.634-0500] {dagbag.py:536} INFO - Filling up the DagBag from /Users/venkatasaisabbineni/Desktop/Airflow_local/airflow_env/lib/python3.11/site-packages/airflow/example_dags/example_task_group_decorator.py
[2024-02-26T04:32:56.668-0500] {processor.py:839} INFO - DAG(s) dict_keys(['example_task_group_decorator']) retrieved from /Users/venkatasaisabbineni/Desktop/Airflow_local/airflow_env/lib/python3.11/site-packages/airflow/example_dags/example_task_group_decorator.py
[2024-02-26T04:32:56.756-0500] {logging_mixin.py:154} INFO - [2024-02-26T04:32:56.756-0500] {dag.py:2941} INFO - Sync 1 DAGs
[2024-02-26T04:32:56.764-0500] {logging_mixin.py:154} INFO - [2024-02-26T04:32:56.764-0500] {dag.py:3722} INFO - Setting next_dagrun for example_task_group_decorator to 2024-02-25T09:32:56.764423+00:00, run_after=2024-02-26T09:32:56.764423+00:00
[2024-02-26T04:32:56.774-0500] {processor.py:179} INFO - Processing /Users/venkatasaisabbineni/Desktop/Airflow_local/airflow_env/lib/python3.11/site-packages/airflow/example_dags/example_task_group_decorator.py took 0.143 seconds
[2024-02-26T04:33:48.899-0500] {processor.py:157} INFO - Started process (PID=63506) to work on /Users/venkatasaisabbineni/Desktop/Airflow_local/airflow_env/lib/python3.11/site-packages/airflow/example_dags/example_task_group_decorator.py
[2024-02-26T04:33:48.902-0500] {processor.py:829} INFO - Processing file /Users/venkatasaisabbineni/Desktop/Airflow_local/airflow_env/lib/python3.11/site-packages/airflow/example_dags/example_task_group_decorator.py for tasks to queue
[2024-02-26T04:33:48.902-0500] {logging_mixin.py:154} INFO - [2024-02-26T04:33:48.902-0500] {dagbag.py:536} INFO - Filling up the DagBag from /Users/venkatasaisabbineni/Desktop/Airflow_local/airflow_env/lib/python3.11/site-packages/airflow/example_dags/example_task_group_decorator.py
[2024-02-26T04:33:48.937-0500] {processor.py:839} INFO - DAG(s) dict_keys(['example_task_group_decorator']) retrieved from /Users/venkatasaisabbineni/Desktop/Airflow_local/airflow_env/lib/python3.11/site-packages/airflow/example_dags/example_task_group_decorator.py
[2024-02-26T04:33:48.959-0500] {logging_mixin.py:154} INFO - [2024-02-26T04:33:48.959-0500] {dag.py:2941} INFO - Sync 1 DAGs
[2024-02-26T04:33:49.003-0500] {logging_mixin.py:154} INFO - [2024-02-26T04:33:49.003-0500] {dag.py:3722} INFO - Setting next_dagrun for example_task_group_decorator to 2024-02-25T09:33:49.003720+00:00, run_after=2024-02-26T09:33:49.003720+00:00
[2024-02-26T04:33:49.014-0500] {processor.py:179} INFO - Processing /Users/venkatasaisabbineni/Desktop/Airflow_local/airflow_env/lib/python3.11/site-packages/airflow/example_dags/example_task_group_decorator.py took 0.116 seconds
[2024-02-26T04:37:29.320-0500] {processor.py:157} INFO - Started process (PID=64158) to work on /Users/venkatasaisabbineni/Desktop/Airflow_local/airflow_env/lib/python3.11/site-packages/airflow/example_dags/example_task_group_decorator.py
[2024-02-26T04:37:29.324-0500] {processor.py:829} INFO - Processing file /Users/venkatasaisabbineni/Desktop/Airflow_local/airflow_env/lib/python3.11/site-packages/airflow/example_dags/example_task_group_decorator.py for tasks to queue
[2024-02-26T04:37:29.325-0500] {logging_mixin.py:154} INFO - [2024-02-26T04:37:29.325-0500] {dagbag.py:536} INFO - Filling up the DagBag from /Users/venkatasaisabbineni/Desktop/Airflow_local/airflow_env/lib/python3.11/site-packages/airflow/example_dags/example_task_group_decorator.py
[2024-02-26T04:37:29.359-0500] {processor.py:839} INFO - DAG(s) dict_keys(['example_task_group_decorator']) retrieved from /Users/venkatasaisabbineni/Desktop/Airflow_local/airflow_env/lib/python3.11/site-packages/airflow/example_dags/example_task_group_decorator.py
[2024-02-26T04:37:29.379-0500] {logging_mixin.py:154} INFO - [2024-02-26T04:37:29.379-0500] {dag.py:2941} INFO - Sync 1 DAGs
[2024-02-26T04:37:29.423-0500] {logging_mixin.py:154} INFO - [2024-02-26T04:37:29.423-0500] {dag.py:3722} INFO - Setting next_dagrun for example_task_group_decorator to 2024-02-25T09:37:29.423661+00:00, run_after=2024-02-26T09:37:29.423661+00:00
[2024-02-26T04:37:29.434-0500] {processor.py:179} INFO - Processing /Users/venkatasaisabbineni/Desktop/Airflow_local/airflow_env/lib/python3.11/site-packages/airflow/example_dags/example_task_group_decorator.py took 0.115 seconds
[2024-02-26T04:38:43.231-0500] {processor.py:157} INFO - Started process (PID=64396) to work on /Users/venkatasaisabbineni/Desktop/Airflow_local/airflow_env/lib/python3.11/site-packages/airflow/example_dags/example_task_group_decorator.py
[2024-02-26T04:38:43.234-0500] {processor.py:829} INFO - Processing file /Users/venkatasaisabbineni/Desktop/Airflow_local/airflow_env/lib/python3.11/site-packages/airflow/example_dags/example_task_group_decorator.py for tasks to queue
[2024-02-26T04:38:43.234-0500] {logging_mixin.py:154} INFO - [2024-02-26T04:38:43.234-0500] {dagbag.py:536} INFO - Filling up the DagBag from /Users/venkatasaisabbineni/Desktop/Airflow_local/airflow_env/lib/python3.11/site-packages/airflow/example_dags/example_task_group_decorator.py
[2024-02-26T04:38:43.272-0500] {processor.py:839} INFO - DAG(s) dict_keys(['example_task_group_decorator']) retrieved from /Users/venkatasaisabbineni/Desktop/Airflow_local/airflow_env/lib/python3.11/site-packages/airflow/example_dags/example_task_group_decorator.py
[2024-02-26T04:38:43.293-0500] {logging_mixin.py:154} INFO - [2024-02-26T04:38:43.293-0500] {dag.py:2941} INFO - Sync 1 DAGs
[2024-02-26T04:38:43.338-0500] {logging_mixin.py:154} INFO - [2024-02-26T04:38:43.338-0500] {dag.py:3722} INFO - Setting next_dagrun for example_task_group_decorator to 2024-02-25T09:38:43.338498+00:00, run_after=2024-02-26T09:38:43.338498+00:00
[2024-02-26T04:38:43.349-0500] {processor.py:179} INFO - Processing /Users/venkatasaisabbineni/Desktop/Airflow_local/airflow_env/lib/python3.11/site-packages/airflow/example_dags/example_task_group_decorator.py took 0.119 seconds
[2024-02-26T04:41:29.078-0500] {processor.py:157} INFO - Started process (PID=64838) to work on /Users/venkatasaisabbineni/Desktop/Airflow_local/airflow_env/lib/python3.11/site-packages/airflow/example_dags/example_task_group_decorator.py
[2024-02-26T04:41:29.082-0500] {processor.py:829} INFO - Processing file /Users/venkatasaisabbineni/Desktop/Airflow_local/airflow_env/lib/python3.11/site-packages/airflow/example_dags/example_task_group_decorator.py for tasks to queue
[2024-02-26T04:41:29.083-0500] {logging_mixin.py:154} INFO - [2024-02-26T04:41:29.083-0500] {dagbag.py:536} INFO - Filling up the DagBag from /Users/venkatasaisabbineni/Desktop/Airflow_local/airflow_env/lib/python3.11/site-packages/airflow/example_dags/example_task_group_decorator.py
[2024-02-26T04:41:29.127-0500] {processor.py:839} INFO - DAG(s) dict_keys(['example_task_group_decorator']) retrieved from /Users/venkatasaisabbineni/Desktop/Airflow_local/airflow_env/lib/python3.11/site-packages/airflow/example_dags/example_task_group_decorator.py
[2024-02-26T04:41:30.118-0500] {logging_mixin.py:154} INFO - [2024-02-26T04:41:30.118-0500] {manager.py:499} INFO - Created Permission View: %s
[2024-02-26T04:41:30.124-0500] {logging_mixin.py:154} INFO - [2024-02-26T04:41:30.124-0500] {manager.py:499} INFO - Created Permission View: %s
[2024-02-26T04:41:30.128-0500] {logging_mixin.py:154} INFO - [2024-02-26T04:41:30.127-0500] {manager.py:499} INFO - Created Permission View: %s
[2024-02-26T04:41:30.128-0500] {logging_mixin.py:154} INFO - [2024-02-26T04:41:30.128-0500] {dag.py:2941} INFO - Sync 1 DAGs
[2024-02-26T04:41:30.135-0500] {logging_mixin.py:154} INFO - [2024-02-26T04:41:30.135-0500] {dag.py:2963} INFO - Creating ORM DAG for example_task_group_decorator
[2024-02-26T04:41:30.140-0500] {logging_mixin.py:154} INFO - [2024-02-26T04:41:30.140-0500] {dag.py:3722} INFO - Setting next_dagrun for example_task_group_decorator to 2024-02-25T09:41:30.140472+00:00, run_after=2024-02-26T09:41:30.140472+00:00
[2024-02-26T04:41:30.151-0500] {processor.py:179} INFO - Processing /Users/venkatasaisabbineni/Desktop/Airflow_local/airflow_env/lib/python3.11/site-packages/airflow/example_dags/example_task_group_decorator.py took 1.074 seconds
[2024-02-26T04:42:59.596-0500] {processor.py:157} INFO - Started process (PID=65109) to work on /Users/venkatasaisabbineni/Desktop/Airflow_local/airflow_env/lib/python3.11/site-packages/airflow/example_dags/example_task_group_decorator.py
[2024-02-26T04:42:59.600-0500] {processor.py:829} INFO - Processing file /Users/venkatasaisabbineni/Desktop/Airflow_local/airflow_env/lib/python3.11/site-packages/airflow/example_dags/example_task_group_decorator.py for tasks to queue
[2024-02-26T04:42:59.601-0500] {logging_mixin.py:154} INFO - [2024-02-26T04:42:59.600-0500] {dagbag.py:536} INFO - Filling up the DagBag from /Users/venkatasaisabbineni/Desktop/Airflow_local/airflow_env/lib/python3.11/site-packages/airflow/example_dags/example_task_group_decorator.py
[2024-02-26T04:42:59.636-0500] {processor.py:839} INFO - DAG(s) dict_keys(['example_task_group_decorator']) retrieved from /Users/venkatasaisabbineni/Desktop/Airflow_local/airflow_env/lib/python3.11/site-packages/airflow/example_dags/example_task_group_decorator.py
[2024-02-26T04:42:59.729-0500] {logging_mixin.py:154} INFO - [2024-02-26T04:42:59.729-0500] {dag.py:2941} INFO - Sync 1 DAGs
[2024-02-26T04:42:59.738-0500] {logging_mixin.py:154} INFO - [2024-02-26T04:42:59.737-0500] {dag.py:3722} INFO - Setting next_dagrun for example_task_group_decorator to 2024-02-25T09:42:59.737811+00:00, run_after=2024-02-26T09:42:59.737811+00:00
[2024-02-26T04:42:59.748-0500] {processor.py:179} INFO - Processing /Users/venkatasaisabbineni/Desktop/Airflow_local/airflow_env/lib/python3.11/site-packages/airflow/example_dags/example_task_group_decorator.py took 0.152 seconds
