[2024-02-26T04:27:40.658-0500] {processor.py:157} INFO - Started process (PID=62320) to work on /Users/venkatasaisabbineni/Desktop/Airflow_local/airflow_env/lib/python3.11/site-packages/airflow/example_dags/example_python_operator.py
[2024-02-26T04:27:40.662-0500] {processor.py:829} INFO - Processing file /Users/venkatasaisabbineni/Desktop/Airflow_local/airflow_env/lib/python3.11/site-packages/airflow/example_dags/example_python_operator.py for tasks to queue
[2024-02-26T04:27:40.662-0500] {logging_mixin.py:154} INFO - [2024-02-26T04:27:40.662-0500] {dagbag.py:536} INFO - Filling up the DagBag from /Users/venkatasaisabbineni/Desktop/Airflow_local/airflow_env/lib/python3.11/site-packages/airflow/example_dags/example_python_operator.py
[2024-02-26T04:27:40.722-0500] {logging_mixin.py:154} INFO - [2024-02-26T04:27:40.722-0500] {example_python_operator.py:86} WARNING - The virtalenv_python example task requires virtualenv, please install it.
[2024-02-26T04:27:40.733-0500] {processor.py:839} INFO - DAG(s) dict_keys(['example_python_operator']) retrieved from /Users/venkatasaisabbineni/Desktop/Airflow_local/airflow_env/lib/python3.11/site-packages/airflow/example_dags/example_python_operator.py
[2024-02-26T04:28:33.626-0500] {processor.py:157} INFO - Started process (PID=62487) to work on /Users/venkatasaisabbineni/Desktop/Airflow_local/airflow_env/lib/python3.11/site-packages/airflow/example_dags/example_python_operator.py
[2024-02-26T04:28:33.629-0500] {processor.py:829} INFO - Processing file /Users/venkatasaisabbineni/Desktop/Airflow_local/airflow_env/lib/python3.11/site-packages/airflow/example_dags/example_python_operator.py for tasks to queue
[2024-02-26T04:28:33.630-0500] {logging_mixin.py:154} INFO - [2024-02-26T04:28:33.630-0500] {dagbag.py:536} INFO - Filling up the DagBag from /Users/venkatasaisabbineni/Desktop/Airflow_local/airflow_env/lib/python3.11/site-packages/airflow/example_dags/example_python_operator.py
[2024-02-26T04:28:33.658-0500] {logging_mixin.py:154} INFO - [2024-02-26T04:28:33.658-0500] {example_python_operator.py:86} WARNING - The virtalenv_python example task requires virtualenv, please install it.
[2024-02-26T04:28:33.661-0500] {processor.py:839} INFO - DAG(s) dict_keys(['example_python_operator']) retrieved from /Users/venkatasaisabbineni/Desktop/Airflow_local/airflow_env/lib/python3.11/site-packages/airflow/example_dags/example_python_operator.py
[2024-02-26T04:28:33.749-0500] {logging_mixin.py:154} INFO - [2024-02-26T04:28:33.749-0500] {dag.py:2941} INFO - Sync 1 DAGs
[2024-02-26T04:28:33.754-0500] {logging_mixin.py:154} INFO - [2024-02-26T04:28:33.754-0500] {dag.py:3722} INFO - Setting next_dagrun for example_python_operator to None, run_after=None
[2024-02-26T04:28:33.764-0500] {processor.py:179} INFO - Processing /Users/venkatasaisabbineni/Desktop/Airflow_local/airflow_env/lib/python3.11/site-packages/airflow/example_dags/example_python_operator.py took 0.138 seconds
[2024-02-26T04:29:52.149-0500] {processor.py:157} INFO - Started process (PID=62722) to work on /Users/venkatasaisabbineni/Desktop/Airflow_local/airflow_env/lib/python3.11/site-packages/airflow/example_dags/example_python_operator.py
[2024-02-26T04:29:52.152-0500] {processor.py:829} INFO - Processing file /Users/venkatasaisabbineni/Desktop/Airflow_local/airflow_env/lib/python3.11/site-packages/airflow/example_dags/example_python_operator.py for tasks to queue
[2024-02-26T04:29:52.152-0500] {logging_mixin.py:154} INFO - [2024-02-26T04:29:52.152-0500] {dagbag.py:536} INFO - Filling up the DagBag from /Users/venkatasaisabbineni/Desktop/Airflow_local/airflow_env/lib/python3.11/site-packages/airflow/example_dags/example_python_operator.py
[2024-02-26T04:29:52.181-0500] {logging_mixin.py:154} INFO - [2024-02-26T04:29:52.181-0500] {example_python_operator.py:86} WARNING - The virtalenv_python example task requires virtualenv, please install it.
[2024-02-26T04:29:52.184-0500] {processor.py:839} INFO - DAG(s) dict_keys(['example_python_operator']) retrieved from /Users/venkatasaisabbineni/Desktop/Airflow_local/airflow_env/lib/python3.11/site-packages/airflow/example_dags/example_python_operator.py
[2024-02-26T04:29:52.272-0500] {logging_mixin.py:154} INFO - [2024-02-26T04:29:52.272-0500] {dag.py:2941} INFO - Sync 1 DAGs
[2024-02-26T04:29:52.277-0500] {logging_mixin.py:154} INFO - [2024-02-26T04:29:52.277-0500] {dag.py:3722} INFO - Setting next_dagrun for example_python_operator to None, run_after=None
[2024-02-26T04:29:52.287-0500] {processor.py:179} INFO - Processing /Users/venkatasaisabbineni/Desktop/Airflow_local/airflow_env/lib/python3.11/site-packages/airflow/example_dags/example_python_operator.py took 0.139 seconds
[2024-02-26T04:31:32.932-0500] {processor.py:157} INFO - Started process (PID=63038) to work on /Users/venkatasaisabbineni/Desktop/Airflow_local/airflow_env/lib/python3.11/site-packages/airflow/example_dags/example_python_operator.py
[2024-02-26T04:31:32.934-0500] {processor.py:829} INFO - Processing file /Users/venkatasaisabbineni/Desktop/Airflow_local/airflow_env/lib/python3.11/site-packages/airflow/example_dags/example_python_operator.py for tasks to queue
[2024-02-26T04:31:32.935-0500] {logging_mixin.py:154} INFO - [2024-02-26T04:31:32.935-0500] {dagbag.py:536} INFO - Filling up the DagBag from /Users/venkatasaisabbineni/Desktop/Airflow_local/airflow_env/lib/python3.11/site-packages/airflow/example_dags/example_python_operator.py
[2024-02-26T04:31:32.965-0500] {logging_mixin.py:154} INFO - [2024-02-26T04:31:32.965-0500] {example_python_operator.py:86} WARNING - The virtalenv_python example task requires virtualenv, please install it.
[2024-02-26T04:31:32.968-0500] {processor.py:839} INFO - DAG(s) dict_keys(['example_python_operator']) retrieved from /Users/venkatasaisabbineni/Desktop/Airflow_local/airflow_env/lib/python3.11/site-packages/airflow/example_dags/example_python_operator.py
[2024-02-26T04:31:33.059-0500] {logging_mixin.py:154} INFO - [2024-02-26T04:31:33.059-0500] {dag.py:2941} INFO - Sync 1 DAGs
[2024-02-26T04:31:33.064-0500] {logging_mixin.py:154} INFO - [2024-02-26T04:31:33.064-0500] {dag.py:3722} INFO - Setting next_dagrun for example_python_operator to None, run_after=None
[2024-02-26T04:31:33.074-0500] {processor.py:179} INFO - Processing /Users/venkatasaisabbineni/Desktop/Airflow_local/airflow_env/lib/python3.11/site-packages/airflow/example_dags/example_python_operator.py took 0.143 seconds
[2024-02-26T04:33:16.605-0500] {processor.py:157} INFO - Started process (PID=63399) to work on /Users/venkatasaisabbineni/Desktop/Airflow_local/airflow_env/lib/python3.11/site-packages/airflow/example_dags/example_python_operator.py
[2024-02-26T04:33:16.608-0500] {processor.py:829} INFO - Processing file /Users/venkatasaisabbineni/Desktop/Airflow_local/airflow_env/lib/python3.11/site-packages/airflow/example_dags/example_python_operator.py for tasks to queue
[2024-02-26T04:33:16.608-0500] {logging_mixin.py:154} INFO - [2024-02-26T04:33:16.608-0500] {dagbag.py:536} INFO - Filling up the DagBag from /Users/venkatasaisabbineni/Desktop/Airflow_local/airflow_env/lib/python3.11/site-packages/airflow/example_dags/example_python_operator.py
[2024-02-26T04:33:16.637-0500] {logging_mixin.py:154} INFO - [2024-02-26T04:33:16.637-0500] {example_python_operator.py:86} WARNING - The virtalenv_python example task requires virtualenv, please install it.
[2024-02-26T04:33:16.641-0500] {processor.py:839} INFO - DAG(s) dict_keys(['example_python_operator']) retrieved from /Users/venkatasaisabbineni/Desktop/Airflow_local/airflow_env/lib/python3.11/site-packages/airflow/example_dags/example_python_operator.py
[2024-02-26T04:33:16.770-0500] {logging_mixin.py:154} INFO - [2024-02-26T04:33:16.769-0500] {dag.py:2941} INFO - Sync 1 DAGs
[2024-02-26T04:33:16.777-0500] {logging_mixin.py:154} INFO - [2024-02-26T04:33:16.776-0500] {dag.py:3722} INFO - Setting next_dagrun for example_python_operator to None, run_after=None
[2024-02-26T04:33:16.795-0500] {processor.py:179} INFO - Processing /Users/venkatasaisabbineni/Desktop/Airflow_local/airflow_env/lib/python3.11/site-packages/airflow/example_dags/example_python_operator.py took 0.191 seconds
[2024-02-26T04:34:08.894-0500] {processor.py:157} INFO - Started process (PID=63559) to work on /Users/venkatasaisabbineni/Desktop/Airflow_local/airflow_env/lib/python3.11/site-packages/airflow/example_dags/example_python_operator.py
[2024-02-26T04:34:08.897-0500] {processor.py:829} INFO - Processing file /Users/venkatasaisabbineni/Desktop/Airflow_local/airflow_env/lib/python3.11/site-packages/airflow/example_dags/example_python_operator.py for tasks to queue
[2024-02-26T04:34:08.898-0500] {logging_mixin.py:154} INFO - [2024-02-26T04:34:08.898-0500] {dagbag.py:536} INFO - Filling up the DagBag from /Users/venkatasaisabbineni/Desktop/Airflow_local/airflow_env/lib/python3.11/site-packages/airflow/example_dags/example_python_operator.py
[2024-02-26T04:34:08.927-0500] {logging_mixin.py:154} INFO - [2024-02-26T04:34:08.926-0500] {example_python_operator.py:86} WARNING - The virtalenv_python example task requires virtualenv, please install it.
[2024-02-26T04:34:08.930-0500] {processor.py:839} INFO - DAG(s) dict_keys(['example_python_operator']) retrieved from /Users/venkatasaisabbineni/Desktop/Airflow_local/airflow_env/lib/python3.11/site-packages/airflow/example_dags/example_python_operator.py
[2024-02-26T04:34:09.016-0500] {logging_mixin.py:154} INFO - [2024-02-26T04:34:09.016-0500] {dag.py:2941} INFO - Sync 1 DAGs
[2024-02-26T04:34:09.020-0500] {logging_mixin.py:154} INFO - [2024-02-26T04:34:09.020-0500] {dag.py:3722} INFO - Setting next_dagrun for example_python_operator to None, run_after=None
[2024-02-26T04:34:09.031-0500] {processor.py:179} INFO - Processing /Users/venkatasaisabbineni/Desktop/Airflow_local/airflow_env/lib/python3.11/site-packages/airflow/example_dags/example_python_operator.py took 0.138 seconds
[2024-02-26T04:37:49.363-0500] {processor.py:157} INFO - Started process (PID=64214) to work on /Users/venkatasaisabbineni/Desktop/Airflow_local/airflow_env/lib/python3.11/site-packages/airflow/example_dags/example_python_operator.py
[2024-02-26T04:37:49.367-0500] {processor.py:829} INFO - Processing file /Users/venkatasaisabbineni/Desktop/Airflow_local/airflow_env/lib/python3.11/site-packages/airflow/example_dags/example_python_operator.py for tasks to queue
[2024-02-26T04:37:49.367-0500] {logging_mixin.py:154} INFO - [2024-02-26T04:37:49.367-0500] {dagbag.py:536} INFO - Filling up the DagBag from /Users/venkatasaisabbineni/Desktop/Airflow_local/airflow_env/lib/python3.11/site-packages/airflow/example_dags/example_python_operator.py
[2024-02-26T04:37:49.401-0500] {logging_mixin.py:154} INFO - [2024-02-26T04:37:49.401-0500] {example_python_operator.py:86} WARNING - The virtalenv_python example task requires virtualenv, please install it.
[2024-02-26T04:37:49.405-0500] {processor.py:839} INFO - DAG(s) dict_keys(['example_python_operator']) retrieved from /Users/venkatasaisabbineni/Desktop/Airflow_local/airflow_env/lib/python3.11/site-packages/airflow/example_dags/example_python_operator.py
[2024-02-26T04:37:49.541-0500] {logging_mixin.py:154} INFO - [2024-02-26T04:37:49.541-0500] {dag.py:2941} INFO - Sync 1 DAGs
[2024-02-26T04:37:49.551-0500] {logging_mixin.py:154} INFO - [2024-02-26T04:37:49.551-0500] {dag.py:3722} INFO - Setting next_dagrun for example_python_operator to None, run_after=None
[2024-02-26T04:37:49.570-0500] {processor.py:179} INFO - Processing /Users/venkatasaisabbineni/Desktop/Airflow_local/airflow_env/lib/python3.11/site-packages/airflow/example_dags/example_python_operator.py took 0.208 seconds
[2024-02-26T04:39:03.202-0500] {processor.py:157} INFO - Started process (PID=64448) to work on /Users/venkatasaisabbineni/Desktop/Airflow_local/airflow_env/lib/python3.11/site-packages/airflow/example_dags/example_python_operator.py
[2024-02-26T04:39:03.206-0500] {processor.py:829} INFO - Processing file /Users/venkatasaisabbineni/Desktop/Airflow_local/airflow_env/lib/python3.11/site-packages/airflow/example_dags/example_python_operator.py for tasks to queue
[2024-02-26T04:39:03.207-0500] {logging_mixin.py:154} INFO - [2024-02-26T04:39:03.207-0500] {dagbag.py:536} INFO - Filling up the DagBag from /Users/venkatasaisabbineni/Desktop/Airflow_local/airflow_env/lib/python3.11/site-packages/airflow/example_dags/example_python_operator.py
[2024-02-26T04:39:03.235-0500] {logging_mixin.py:154} INFO - [2024-02-26T04:39:03.235-0500] {example_python_operator.py:86} WARNING - The virtalenv_python example task requires virtualenv, please install it.
[2024-02-26T04:39:03.238-0500] {processor.py:839} INFO - DAG(s) dict_keys(['example_python_operator']) retrieved from /Users/venkatasaisabbineni/Desktop/Airflow_local/airflow_env/lib/python3.11/site-packages/airflow/example_dags/example_python_operator.py
[2024-02-26T04:39:03.324-0500] {logging_mixin.py:154} INFO - [2024-02-26T04:39:03.324-0500] {dag.py:2941} INFO - Sync 1 DAGs
[2024-02-26T04:39:03.328-0500] {logging_mixin.py:154} INFO - [2024-02-26T04:39:03.328-0500] {dag.py:3722} INFO - Setting next_dagrun for example_python_operator to None, run_after=None
[2024-02-26T04:39:03.339-0500] {processor.py:179} INFO - Processing /Users/venkatasaisabbineni/Desktop/Airflow_local/airflow_env/lib/python3.11/site-packages/airflow/example_dags/example_python_operator.py took 0.138 seconds
[2024-02-26T04:41:53.232-0500] {processor.py:157} INFO - Started process (PID=64910) to work on /Users/venkatasaisabbineni/Desktop/Airflow_local/airflow_env/lib/python3.11/site-packages/airflow/example_dags/example_python_operator.py
[2024-02-26T04:41:53.236-0500] {processor.py:829} INFO - Processing file /Users/venkatasaisabbineni/Desktop/Airflow_local/airflow_env/lib/python3.11/site-packages/airflow/example_dags/example_python_operator.py for tasks to queue
[2024-02-26T04:41:53.237-0500] {logging_mixin.py:154} INFO - [2024-02-26T04:41:53.236-0500] {dagbag.py:536} INFO - Filling up the DagBag from /Users/venkatasaisabbineni/Desktop/Airflow_local/airflow_env/lib/python3.11/site-packages/airflow/example_dags/example_python_operator.py
[2024-02-26T04:41:53.265-0500] {logging_mixin.py:154} INFO - [2024-02-26T04:41:53.265-0500] {example_python_operator.py:86} WARNING - The virtalenv_python example task requires virtualenv, please install it.
[2024-02-26T04:41:53.268-0500] {processor.py:839} INFO - DAG(s) dict_keys(['example_python_operator']) retrieved from /Users/venkatasaisabbineni/Desktop/Airflow_local/airflow_env/lib/python3.11/site-packages/airflow/example_dags/example_python_operator.py
[2024-02-26T04:41:53.713-0500] {logging_mixin.py:154} INFO - [2024-02-26T04:41:53.713-0500] {manager.py:499} INFO - Created Permission View: %s
[2024-02-26T04:41:53.718-0500] {logging_mixin.py:154} INFO - [2024-02-26T04:41:53.718-0500] {manager.py:499} INFO - Created Permission View: %s
[2024-02-26T04:41:53.721-0500] {logging_mixin.py:154} INFO - [2024-02-26T04:41:53.721-0500] {manager.py:499} INFO - Created Permission View: %s
[2024-02-26T04:41:53.721-0500] {logging_mixin.py:154} INFO - [2024-02-26T04:41:53.721-0500] {dag.py:2941} INFO - Sync 1 DAGs
[2024-02-26T04:41:53.726-0500] {logging_mixin.py:154} INFO - [2024-02-26T04:41:53.726-0500] {dag.py:2963} INFO - Creating ORM DAG for example_python_operator
[2024-02-26T04:41:53.726-0500] {logging_mixin.py:154} INFO - [2024-02-26T04:41:53.726-0500] {dag.py:3722} INFO - Setting next_dagrun for example_python_operator to None, run_after=None
[2024-02-26T04:41:53.737-0500] {processor.py:179} INFO - Processing /Users/venkatasaisabbineni/Desktop/Airflow_local/airflow_env/lib/python3.11/site-packages/airflow/example_dags/example_python_operator.py took 0.506 seconds
[2024-02-26T04:43:19.722-0500] {processor.py:157} INFO - Started process (PID=65166) to work on /Users/venkatasaisabbineni/Desktop/Airflow_local/airflow_env/lib/python3.11/site-packages/airflow/example_dags/example_python_operator.py
[2024-02-26T04:43:19.725-0500] {processor.py:829} INFO - Processing file /Users/venkatasaisabbineni/Desktop/Airflow_local/airflow_env/lib/python3.11/site-packages/airflow/example_dags/example_python_operator.py for tasks to queue
[2024-02-26T04:43:19.725-0500] {logging_mixin.py:154} INFO - [2024-02-26T04:43:19.725-0500] {dagbag.py:536} INFO - Filling up the DagBag from /Users/venkatasaisabbineni/Desktop/Airflow_local/airflow_env/lib/python3.11/site-packages/airflow/example_dags/example_python_operator.py
[2024-02-26T04:43:19.756-0500] {logging_mixin.py:154} INFO - [2024-02-26T04:43:19.756-0500] {example_python_operator.py:86} WARNING - The virtalenv_python example task requires virtualenv, please install it.
[2024-02-26T04:43:19.761-0500] {processor.py:839} INFO - DAG(s) dict_keys(['example_python_operator']) retrieved from /Users/venkatasaisabbineni/Desktop/Airflow_local/airflow_env/lib/python3.11/site-packages/airflow/example_dags/example_python_operator.py
[2024-02-26T04:43:19.849-0500] {logging_mixin.py:154} INFO - [2024-02-26T04:43:19.849-0500] {dag.py:2941} INFO - Sync 1 DAGs
[2024-02-26T04:43:19.854-0500] {logging_mixin.py:154} INFO - [2024-02-26T04:43:19.854-0500] {dag.py:3722} INFO - Setting next_dagrun for example_python_operator to None, run_after=None
[2024-02-26T04:43:19.864-0500] {processor.py:179} INFO - Processing /Users/venkatasaisabbineni/Desktop/Airflow_local/airflow_env/lib/python3.11/site-packages/airflow/example_dags/example_python_operator.py took 0.143 seconds
