[2024-02-26T04:28:43.469-0500] {processor.py:157} INFO - Started process (PID=62516) to work on /Users/venkatasaisabbineni/Desktop/Airflow_local/airflow_env/lib/python3.11/site-packages/airflow/example_dags/example_latest_only_with_trigger.py
[2024-02-26T04:28:43.472-0500] {processor.py:829} INFO - Processing file /Users/venkatasaisabbineni/Desktop/Airflow_local/airflow_env/lib/python3.11/site-packages/airflow/example_dags/example_latest_only_with_trigger.py for tasks to queue
[2024-02-26T04:28:43.472-0500] {logging_mixin.py:154} INFO - [2024-02-26T04:28:43.472-0500] {dagbag.py:536} INFO - Filling up the DagBag from /Users/venkatasaisabbineni/Desktop/Airflow_local/airflow_env/lib/python3.11/site-packages/airflow/example_dags/example_latest_only_with_trigger.py
[2024-02-26T04:28:43.487-0500] {processor.py:839} INFO - DAG(s) dict_keys(['latest_only_with_trigger']) retrieved from /Users/venkatasaisabbineni/Desktop/Airflow_local/airflow_env/lib/python3.11/site-packages/airflow/example_dags/example_latest_only_with_trigger.py
[2024-02-26T04:28:43.575-0500] {logging_mixin.py:154} INFO - [2024-02-26T04:28:43.575-0500] {dag.py:2941} INFO - Sync 1 DAGs
[2024-02-26T04:28:43.584-0500] {logging_mixin.py:154} INFO - [2024-02-26T04:28:43.584-0500] {dag.py:3722} INFO - Setting next_dagrun for latest_only_with_trigger to 2024-02-26T05:28:43.584812+00:00, run_after=2024-02-26T09:28:43.584812+00:00
[2024-02-26T04:28:43.594-0500] {processor.py:179} INFO - Processing /Users/venkatasaisabbineni/Desktop/Airflow_local/airflow_env/lib/python3.11/site-packages/airflow/example_dags/example_latest_only_with_trigger.py took 0.126 seconds
[2024-02-26T04:30:21.834-0500] {processor.py:157} INFO - Started process (PID=62813) to work on /Users/venkatasaisabbineni/Desktop/Airflow_local/airflow_env/lib/python3.11/site-packages/airflow/example_dags/example_latest_only_with_trigger.py
[2024-02-26T04:30:21.837-0500] {processor.py:829} INFO - Processing file /Users/venkatasaisabbineni/Desktop/Airflow_local/airflow_env/lib/python3.11/site-packages/airflow/example_dags/example_latest_only_with_trigger.py for tasks to queue
[2024-02-26T04:30:21.837-0500] {logging_mixin.py:154} INFO - [2024-02-26T04:30:21.837-0500] {dagbag.py:536} INFO - Filling up the DagBag from /Users/venkatasaisabbineni/Desktop/Airflow_local/airflow_env/lib/python3.11/site-packages/airflow/example_dags/example_latest_only_with_trigger.py
[2024-02-26T04:30:21.856-0500] {processor.py:839} INFO - DAG(s) dict_keys(['latest_only_with_trigger']) retrieved from /Users/venkatasaisabbineni/Desktop/Airflow_local/airflow_env/lib/python3.11/site-packages/airflow/example_dags/example_latest_only_with_trigger.py
[2024-02-26T04:30:21.963-0500] {logging_mixin.py:154} INFO - [2024-02-26T04:30:21.962-0500] {dag.py:2941} INFO - Sync 1 DAGs
[2024-02-26T04:30:21.973-0500] {logging_mixin.py:154} INFO - [2024-02-26T04:30:21.973-0500] {dag.py:3722} INFO - Setting next_dagrun for latest_only_with_trigger to 2024-02-26T05:30:21.973142+00:00, run_after=2024-02-26T09:30:21.973142+00:00
[2024-02-26T04:30:21.983-0500] {processor.py:179} INFO - Processing /Users/venkatasaisabbineni/Desktop/Airflow_local/airflow_env/lib/python3.11/site-packages/airflow/example_dags/example_latest_only_with_trigger.py took 0.150 seconds
[2024-02-26T04:32:04.321-0500] {processor.py:157} INFO - Started process (PID=63139) to work on /Users/venkatasaisabbineni/Desktop/Airflow_local/airflow_env/lib/python3.11/site-packages/airflow/example_dags/example_latest_only_with_trigger.py
[2024-02-26T04:32:04.324-0500] {processor.py:829} INFO - Processing file /Users/venkatasaisabbineni/Desktop/Airflow_local/airflow_env/lib/python3.11/site-packages/airflow/example_dags/example_latest_only_with_trigger.py for tasks to queue
[2024-02-26T04:32:04.325-0500] {logging_mixin.py:154} INFO - [2024-02-26T04:32:04.325-0500] {dagbag.py:536} INFO - Filling up the DagBag from /Users/venkatasaisabbineni/Desktop/Airflow_local/airflow_env/lib/python3.11/site-packages/airflow/example_dags/example_latest_only_with_trigger.py
[2024-02-26T04:32:04.340-0500] {processor.py:839} INFO - DAG(s) dict_keys(['latest_only_with_trigger']) retrieved from /Users/venkatasaisabbineni/Desktop/Airflow_local/airflow_env/lib/python3.11/site-packages/airflow/example_dags/example_latest_only_with_trigger.py
[2024-02-26T04:32:04.432-0500] {logging_mixin.py:154} INFO - [2024-02-26T04:32:04.431-0500] {dag.py:2941} INFO - Sync 1 DAGs
[2024-02-26T04:32:04.441-0500] {logging_mixin.py:154} INFO - [2024-02-26T04:32:04.441-0500] {dag.py:3722} INFO - Setting next_dagrun for latest_only_with_trigger to 2024-02-26T05:32:04.441387+00:00, run_after=2024-02-26T09:32:04.441387+00:00
[2024-02-26T04:32:04.452-0500] {processor.py:179} INFO - Processing /Users/venkatasaisabbineni/Desktop/Airflow_local/airflow_env/lib/python3.11/site-packages/airflow/example_dags/example_latest_only_with_trigger.py took 0.132 seconds
[2024-02-26T04:34:19.786-0500] {processor.py:157} INFO - Started process (PID=63585) to work on /Users/venkatasaisabbineni/Desktop/Airflow_local/airflow_env/lib/python3.11/site-packages/airflow/example_dags/example_latest_only_with_trigger.py
[2024-02-26T04:34:19.790-0500] {processor.py:829} INFO - Processing file /Users/venkatasaisabbineni/Desktop/Airflow_local/airflow_env/lib/python3.11/site-packages/airflow/example_dags/example_latest_only_with_trigger.py for tasks to queue
[2024-02-26T04:34:19.790-0500] {logging_mixin.py:154} INFO - [2024-02-26T04:34:19.790-0500] {dagbag.py:536} INFO - Filling up the DagBag from /Users/venkatasaisabbineni/Desktop/Airflow_local/airflow_env/lib/python3.11/site-packages/airflow/example_dags/example_latest_only_with_trigger.py
[2024-02-26T04:34:19.807-0500] {processor.py:839} INFO - DAG(s) dict_keys(['latest_only_with_trigger']) retrieved from /Users/venkatasaisabbineni/Desktop/Airflow_local/airflow_env/lib/python3.11/site-packages/airflow/example_dags/example_latest_only_with_trigger.py
[2024-02-26T04:34:19.904-0500] {logging_mixin.py:154} INFO - [2024-02-26T04:34:19.904-0500] {dag.py:2941} INFO - Sync 1 DAGs
[2024-02-26T04:34:19.914-0500] {logging_mixin.py:154} INFO - [2024-02-26T04:34:19.913-0500] {dag.py:3722} INFO - Setting next_dagrun for latest_only_with_trigger to 2024-02-26T05:34:19.913849+00:00, run_after=2024-02-26T09:34:19.913849+00:00
[2024-02-26T04:34:19.925-0500] {processor.py:179} INFO - Processing /Users/venkatasaisabbineni/Desktop/Airflow_local/airflow_env/lib/python3.11/site-packages/airflow/example_dags/example_latest_only_with_trigger.py took 0.140 seconds
[2024-02-26T04:42:04.866-0500] {processor.py:157} INFO - Started process (PID=64947) to work on /Users/venkatasaisabbineni/Desktop/Airflow_local/airflow_env/lib/python3.11/site-packages/airflow/example_dags/example_latest_only_with_trigger.py
[2024-02-26T04:42:04.870-0500] {processor.py:829} INFO - Processing file /Users/venkatasaisabbineni/Desktop/Airflow_local/airflow_env/lib/python3.11/site-packages/airflow/example_dags/example_latest_only_with_trigger.py for tasks to queue
[2024-02-26T04:42:04.870-0500] {logging_mixin.py:154} INFO - [2024-02-26T04:42:04.870-0500] {dagbag.py:536} INFO - Filling up the DagBag from /Users/venkatasaisabbineni/Desktop/Airflow_local/airflow_env/lib/python3.11/site-packages/airflow/example_dags/example_latest_only_with_trigger.py
[2024-02-26T04:42:04.886-0500] {processor.py:839} INFO - DAG(s) dict_keys(['latest_only_with_trigger']) retrieved from /Users/venkatasaisabbineni/Desktop/Airflow_local/airflow_env/lib/python3.11/site-packages/airflow/example_dags/example_latest_only_with_trigger.py
[2024-02-26T04:42:05.311-0500] {logging_mixin.py:154} INFO - [2024-02-26T04:42:05.311-0500] {manager.py:499} INFO - Created Permission View: %s
[2024-02-26T04:42:05.316-0500] {logging_mixin.py:154} INFO - [2024-02-26T04:42:05.316-0500] {manager.py:499} INFO - Created Permission View: %s
[2024-02-26T04:42:05.319-0500] {logging_mixin.py:154} INFO - [2024-02-26T04:42:05.319-0500] {manager.py:499} INFO - Created Permission View: %s
[2024-02-26T04:42:05.319-0500] {logging_mixin.py:154} INFO - [2024-02-26T04:42:05.319-0500] {dag.py:2941} INFO - Sync 1 DAGs
[2024-02-26T04:42:05.324-0500] {logging_mixin.py:154} INFO - [2024-02-26T04:42:05.324-0500] {dag.py:2963} INFO - Creating ORM DAG for latest_only_with_trigger
[2024-02-26T04:42:05.328-0500] {logging_mixin.py:154} INFO - [2024-02-26T04:42:05.328-0500] {dag.py:3722} INFO - Setting next_dagrun for latest_only_with_trigger to 2024-02-26T05:42:05.328260+00:00, run_after=2024-02-26T09:42:05.328260+00:00
[2024-02-26T04:42:05.338-0500] {processor.py:179} INFO - Processing /Users/venkatasaisabbineni/Desktop/Airflow_local/airflow_env/lib/python3.11/site-packages/airflow/example_dags/example_latest_only_with_trigger.py took 0.473 seconds
