[2024-02-26T04:28:37.571-0500] {processor.py:157} INFO - Started process (PID=62493) to work on /Users/venkatasaisabbineni/Desktop/Airflow_local/airflow_env/lib/python3.11/site-packages/airflow/example_dags/example_params_ui_tutorial.py
[2024-02-26T04:28:37.575-0500] {processor.py:829} INFO - Processing file /Users/venkatasaisabbineni/Desktop/Airflow_local/airflow_env/lib/python3.11/site-packages/airflow/example_dags/example_params_ui_tutorial.py for tasks to queue
[2024-02-26T04:28:37.575-0500] {logging_mixin.py:154} INFO - [2024-02-26T04:28:37.575-0500] {dagbag.py:536} INFO - Filling up the DagBag from /Users/venkatasaisabbineni/Desktop/Airflow_local/airflow_env/lib/python3.11/site-packages/airflow/example_dags/example_params_ui_tutorial.py
[2024-02-26T04:28:37.640-0500] {processor.py:839} INFO - DAG(s) dict_keys(['example_params_ui_tutorial']) retrieved from /Users/venkatasaisabbineni/Desktop/Airflow_local/airflow_env/lib/python3.11/site-packages/airflow/example_dags/example_params_ui_tutorial.py
[2024-02-26T04:28:37.715-0500] {logging_mixin.py:154} INFO - [2024-02-26T04:28:37.715-0500] {dag.py:2941} INFO - Sync 1 DAGs
[2024-02-26T04:28:37.720-0500] {logging_mixin.py:154} INFO - [2024-02-26T04:28:37.719-0500] {dag.py:3722} INFO - Setting next_dagrun for example_params_ui_tutorial to None, run_after=None
[2024-02-26T04:28:37.733-0500] {processor.py:179} INFO - Processing /Users/venkatasaisabbineni/Desktop/Airflow_local/airflow_env/lib/python3.11/site-packages/airflow/example_dags/example_params_ui_tutorial.py took 0.162 seconds
[2024-02-26T04:29:55.368-0500] {processor.py:157} INFO - Started process (PID=62731) to work on /Users/venkatasaisabbineni/Desktop/Airflow_local/airflow_env/lib/python3.11/site-packages/airflow/example_dags/example_params_ui_tutorial.py
[2024-02-26T04:29:55.371-0500] {processor.py:829} INFO - Processing file /Users/venkatasaisabbineni/Desktop/Airflow_local/airflow_env/lib/python3.11/site-packages/airflow/example_dags/example_params_ui_tutorial.py for tasks to queue
[2024-02-26T04:29:55.371-0500] {logging_mixin.py:154} INFO - [2024-02-26T04:29:55.371-0500] {dagbag.py:536} INFO - Filling up the DagBag from /Users/venkatasaisabbineni/Desktop/Airflow_local/airflow_env/lib/python3.11/site-packages/airflow/example_dags/example_params_ui_tutorial.py
[2024-02-26T04:29:55.443-0500] {processor.py:839} INFO - DAG(s) dict_keys(['example_params_ui_tutorial']) retrieved from /Users/venkatasaisabbineni/Desktop/Airflow_local/airflow_env/lib/python3.11/site-packages/airflow/example_dags/example_params_ui_tutorial.py
[2024-02-26T04:29:55.520-0500] {logging_mixin.py:154} INFO - [2024-02-26T04:29:55.520-0500] {dag.py:2941} INFO - Sync 1 DAGs
[2024-02-26T04:29:55.526-0500] {logging_mixin.py:154} INFO - [2024-02-26T04:29:55.526-0500] {dag.py:3722} INFO - Setting next_dagrun for example_params_ui_tutorial to None, run_after=None
[2024-02-26T04:29:55.536-0500] {processor.py:179} INFO - Processing /Users/venkatasaisabbineni/Desktop/Airflow_local/airflow_env/lib/python3.11/site-packages/airflow/example_dags/example_params_ui_tutorial.py took 0.169 seconds
[2024-02-26T04:31:36.750-0500] {processor.py:157} INFO - Started process (PID=63055) to work on /Users/venkatasaisabbineni/Desktop/Airflow_local/airflow_env/lib/python3.11/site-packages/airflow/example_dags/example_params_ui_tutorial.py
[2024-02-26T04:31:36.753-0500] {processor.py:829} INFO - Processing file /Users/venkatasaisabbineni/Desktop/Airflow_local/airflow_env/lib/python3.11/site-packages/airflow/example_dags/example_params_ui_tutorial.py for tasks to queue
[2024-02-26T04:31:36.753-0500] {logging_mixin.py:154} INFO - [2024-02-26T04:31:36.753-0500] {dagbag.py:536} INFO - Filling up the DagBag from /Users/venkatasaisabbineni/Desktop/Airflow_local/airflow_env/lib/python3.11/site-packages/airflow/example_dags/example_params_ui_tutorial.py
[2024-02-26T04:31:36.815-0500] {processor.py:839} INFO - DAG(s) dict_keys(['example_params_ui_tutorial']) retrieved from /Users/venkatasaisabbineni/Desktop/Airflow_local/airflow_env/lib/python3.11/site-packages/airflow/example_dags/example_params_ui_tutorial.py
[2024-02-26T04:31:36.892-0500] {logging_mixin.py:154} INFO - [2024-02-26T04:31:36.892-0500] {dag.py:2941} INFO - Sync 1 DAGs
[2024-02-26T04:31:36.897-0500] {logging_mixin.py:154} INFO - [2024-02-26T04:31:36.897-0500] {dag.py:3722} INFO - Setting next_dagrun for example_params_ui_tutorial to None, run_after=None
[2024-02-26T04:31:36.908-0500] {processor.py:179} INFO - Processing /Users/venkatasaisabbineni/Desktop/Airflow_local/airflow_env/lib/python3.11/site-packages/airflow/example_dags/example_params_ui_tutorial.py took 0.158 seconds
[2024-02-26T04:34:12.430-0500] {processor.py:157} INFO - Started process (PID=63569) to work on /Users/venkatasaisabbineni/Desktop/Airflow_local/airflow_env/lib/python3.11/site-packages/airflow/example_dags/example_params_ui_tutorial.py
[2024-02-26T04:34:12.433-0500] {processor.py:829} INFO - Processing file /Users/venkatasaisabbineni/Desktop/Airflow_local/airflow_env/lib/python3.11/site-packages/airflow/example_dags/example_params_ui_tutorial.py for tasks to queue
[2024-02-26T04:34:12.433-0500] {logging_mixin.py:154} INFO - [2024-02-26T04:34:12.433-0500] {dagbag.py:536} INFO - Filling up the DagBag from /Users/venkatasaisabbineni/Desktop/Airflow_local/airflow_env/lib/python3.11/site-packages/airflow/example_dags/example_params_ui_tutorial.py
[2024-02-26T04:34:12.497-0500] {processor.py:839} INFO - DAG(s) dict_keys(['example_params_ui_tutorial']) retrieved from /Users/venkatasaisabbineni/Desktop/Airflow_local/airflow_env/lib/python3.11/site-packages/airflow/example_dags/example_params_ui_tutorial.py
[2024-02-26T04:34:12.574-0500] {logging_mixin.py:154} INFO - [2024-02-26T04:34:12.573-0500] {dag.py:2941} INFO - Sync 1 DAGs
[2024-02-26T04:34:12.578-0500] {logging_mixin.py:154} INFO - [2024-02-26T04:34:12.578-0500] {dag.py:3722} INFO - Setting next_dagrun for example_params_ui_tutorial to None, run_after=None
[2024-02-26T04:34:12.589-0500] {processor.py:179} INFO - Processing /Users/venkatasaisabbineni/Desktop/Airflow_local/airflow_env/lib/python3.11/site-packages/airflow/example_dags/example_params_ui_tutorial.py took 0.160 seconds
[2024-02-26T04:39:06.737-0500] {processor.py:157} INFO - Started process (PID=64454) to work on /Users/venkatasaisabbineni/Desktop/Airflow_local/airflow_env/lib/python3.11/site-packages/airflow/example_dags/example_params_ui_tutorial.py
[2024-02-26T04:39:06.740-0500] {processor.py:829} INFO - Processing file /Users/venkatasaisabbineni/Desktop/Airflow_local/airflow_env/lib/python3.11/site-packages/airflow/example_dags/example_params_ui_tutorial.py for tasks to queue
[2024-02-26T04:39:06.740-0500] {logging_mixin.py:154} INFO - [2024-02-26T04:39:06.740-0500] {dagbag.py:536} INFO - Filling up the DagBag from /Users/venkatasaisabbineni/Desktop/Airflow_local/airflow_env/lib/python3.11/site-packages/airflow/example_dags/example_params_ui_tutorial.py
[2024-02-26T04:39:06.804-0500] {processor.py:839} INFO - DAG(s) dict_keys(['example_params_ui_tutorial']) retrieved from /Users/venkatasaisabbineni/Desktop/Airflow_local/airflow_env/lib/python3.11/site-packages/airflow/example_dags/example_params_ui_tutorial.py
[2024-02-26T04:39:06.879-0500] {logging_mixin.py:154} INFO - [2024-02-26T04:39:06.879-0500] {dag.py:2941} INFO - Sync 1 DAGs
[2024-02-26T04:39:06.884-0500] {logging_mixin.py:154} INFO - [2024-02-26T04:39:06.883-0500] {dag.py:3722} INFO - Setting next_dagrun for example_params_ui_tutorial to None, run_after=None
[2024-02-26T04:39:06.895-0500] {processor.py:179} INFO - Processing /Users/venkatasaisabbineni/Desktop/Airflow_local/airflow_env/lib/python3.11/site-packages/airflow/example_dags/example_params_ui_tutorial.py took 0.159 seconds
[2024-02-26T04:41:57.272-0500] {processor.py:157} INFO - Started process (PID=64924) to work on /Users/venkatasaisabbineni/Desktop/Airflow_local/airflow_env/lib/python3.11/site-packages/airflow/example_dags/example_params_ui_tutorial.py
[2024-02-26T04:41:57.276-0500] {processor.py:829} INFO - Processing file /Users/venkatasaisabbineni/Desktop/Airflow_local/airflow_env/lib/python3.11/site-packages/airflow/example_dags/example_params_ui_tutorial.py for tasks to queue
[2024-02-26T04:41:57.276-0500] {logging_mixin.py:154} INFO - [2024-02-26T04:41:57.276-0500] {dagbag.py:536} INFO - Filling up the DagBag from /Users/venkatasaisabbineni/Desktop/Airflow_local/airflow_env/lib/python3.11/site-packages/airflow/example_dags/example_params_ui_tutorial.py
[2024-02-26T04:41:57.340-0500] {processor.py:839} INFO - DAG(s) dict_keys(['example_params_ui_tutorial']) retrieved from /Users/venkatasaisabbineni/Desktop/Airflow_local/airflow_env/lib/python3.11/site-packages/airflow/example_dags/example_params_ui_tutorial.py
[2024-02-26T04:41:57.801-0500] {logging_mixin.py:154} INFO - [2024-02-26T04:41:57.801-0500] {manager.py:499} INFO - Created Permission View: %s
[2024-02-26T04:41:57.807-0500] {logging_mixin.py:154} INFO - [2024-02-26T04:41:57.806-0500] {manager.py:499} INFO - Created Permission View: %s
[2024-02-26T04:41:57.810-0500] {logging_mixin.py:154} INFO - [2024-02-26T04:41:57.810-0500] {manager.py:499} INFO - Created Permission View: %s
[2024-02-26T04:41:57.810-0500] {logging_mixin.py:154} INFO - [2024-02-26T04:41:57.810-0500] {dag.py:2941} INFO - Sync 1 DAGs
[2024-02-26T04:41:57.816-0500] {logging_mixin.py:154} INFO - [2024-02-26T04:41:57.816-0500] {dag.py:2963} INFO - Creating ORM DAG for example_params_ui_tutorial
[2024-02-26T04:41:57.816-0500] {logging_mixin.py:154} INFO - [2024-02-26T04:41:57.816-0500] {dag.py:3722} INFO - Setting next_dagrun for example_params_ui_tutorial to None, run_after=None
[2024-02-26T04:41:57.828-0500] {processor.py:179} INFO - Processing /Users/venkatasaisabbineni/Desktop/Airflow_local/airflow_env/lib/python3.11/site-packages/airflow/example_dags/example_params_ui_tutorial.py took 0.557 seconds
[2024-02-26T04:43:22.809-0500] {processor.py:157} INFO - Started process (PID=65177) to work on /Users/venkatasaisabbineni/Desktop/Airflow_local/airflow_env/lib/python3.11/site-packages/airflow/example_dags/example_params_ui_tutorial.py
[2024-02-26T04:43:22.812-0500] {processor.py:829} INFO - Processing file /Users/venkatasaisabbineni/Desktop/Airflow_local/airflow_env/lib/python3.11/site-packages/airflow/example_dags/example_params_ui_tutorial.py for tasks to queue
[2024-02-26T04:43:22.812-0500] {logging_mixin.py:154} INFO - [2024-02-26T04:43:22.812-0500] {dagbag.py:536} INFO - Filling up the DagBag from /Users/venkatasaisabbineni/Desktop/Airflow_local/airflow_env/lib/python3.11/site-packages/airflow/example_dags/example_params_ui_tutorial.py
[2024-02-26T04:43:22.895-0500] {processor.py:839} INFO - DAG(s) dict_keys(['example_params_ui_tutorial']) retrieved from /Users/venkatasaisabbineni/Desktop/Airflow_local/airflow_env/lib/python3.11/site-packages/airflow/example_dags/example_params_ui_tutorial.py
[2024-02-26T04:43:22.997-0500] {logging_mixin.py:154} INFO - [2024-02-26T04:43:22.996-0500] {dag.py:2941} INFO - Sync 1 DAGs
[2024-02-26T04:43:23.002-0500] {logging_mixin.py:154} INFO - [2024-02-26T04:43:23.002-0500] {dag.py:3722} INFO - Setting next_dagrun for example_params_ui_tutorial to None, run_after=None
[2024-02-26T04:43:23.013-0500] {processor.py:179} INFO - Processing /Users/venkatasaisabbineni/Desktop/Airflow_local/airflow_env/lib/python3.11/site-packages/airflow/example_dags/example_params_ui_tutorial.py took 0.205 seconds
