[2024-02-26T04:27:23.362-0500] {processor.py:157} INFO - Started process (PID=62279) to work on /Users/venkatasaisabbineni/Desktop/Airflow_local/airflow_env/lib/python3.11/site-packages/airflow/example_dags/example_sla_dag.py
[2024-02-26T04:27:23.364-0500] {processor.py:829} INFO - Processing file /Users/venkatasaisabbineni/Desktop/Airflow_local/airflow_env/lib/python3.11/site-packages/airflow/example_dags/example_sla_dag.py for tasks to queue
[2024-02-26T04:27:23.364-0500] {logging_mixin.py:154} INFO - [2024-02-26T04:27:23.364-0500] {dagbag.py:536} INFO - Filling up the DagBag from /Users/venkatasaisabbineni/Desktop/Airflow_local/airflow_env/lib/python3.11/site-packages/airflow/example_dags/example_sla_dag.py
[2024-02-26T04:27:23.395-0500] {processor.py:839} INFO - DAG(s) dict_keys(['example_sla_dag']) retrieved from /Users/venkatasaisabbineni/Desktop/Airflow_local/airflow_env/lib/python3.11/site-packages/airflow/example_dags/example_sla_dag.py
[2024-02-26T04:27:23.814-0500] {logging_mixin.py:154} INFO - [2024-02-26T04:27:23.814-0500] {manager.py:499} INFO - Created Permission View: %s
[2024-02-26T04:27:23.819-0500] {logging_mixin.py:154} INFO - [2024-02-26T04:27:23.818-0500] {manager.py:499} INFO - Created Permission View: %s
[2024-02-26T04:27:23.821-0500] {logging_mixin.py:154} INFO - [2024-02-26T04:27:23.821-0500] {manager.py:499} INFO - Created Permission View: %s
[2024-02-26T04:27:23.822-0500] {logging_mixin.py:154} INFO - [2024-02-26T04:27:23.821-0500] {dag.py:2941} INFO - Sync 1 DAGs
[2024-02-26T04:27:23.826-0500] {logging_mixin.py:154} INFO - [2024-02-26T04:27:23.826-0500] {dag.py:2963} INFO - Creating ORM DAG for example_sla_dag
[2024-02-26T04:27:23.833-0500] {logging_mixin.py:154} INFO - [2024-02-26T04:27:23.833-0500] {dag.py:3722} INFO - Setting next_dagrun for example_sla_dag to 2024-02-26T09:24:00+00:00, run_after=2024-02-26T09:26:00+00:00
[2024-02-26T04:27:23.841-0500] {processor.py:179} INFO - Processing /Users/venkatasaisabbineni/Desktop/Airflow_local/airflow_env/lib/python3.11/site-packages/airflow/example_dags/example_sla_dag.py took 0.480 seconds
[2024-02-26T04:28:19.653-0500] {processor.py:157} INFO - Started process (PID=62450) to work on /Users/venkatasaisabbineni/Desktop/Airflow_local/airflow_env/lib/python3.11/site-packages/airflow/example_dags/example_sla_dag.py
[2024-02-26T04:28:19.656-0500] {processor.py:829} INFO - Processing file /Users/venkatasaisabbineni/Desktop/Airflow_local/airflow_env/lib/python3.11/site-packages/airflow/example_dags/example_sla_dag.py for tasks to queue
[2024-02-26T04:28:19.656-0500] {logging_mixin.py:154} INFO - [2024-02-26T04:28:19.656-0500] {dagbag.py:536} INFO - Filling up the DagBag from /Users/venkatasaisabbineni/Desktop/Airflow_local/airflow_env/lib/python3.11/site-packages/airflow/example_dags/example_sla_dag.py
[2024-02-26T04:28:19.691-0500] {processor.py:839} INFO - DAG(s) dict_keys(['example_sla_dag']) retrieved from /Users/venkatasaisabbineni/Desktop/Airflow_local/airflow_env/lib/python3.11/site-packages/airflow/example_dags/example_sla_dag.py
[2024-02-26T04:28:19.789-0500] {logging_mixin.py:154} INFO - [2024-02-26T04:28:19.788-0500] {dag.py:2941} INFO - Sync 1 DAGs
[2024-02-26T04:28:19.799-0500] {logging_mixin.py:154} INFO - [2024-02-26T04:28:19.799-0500] {dag.py:3722} INFO - Setting next_dagrun for example_sla_dag to 2024-02-26T09:26:00+00:00, run_after=2024-02-26T09:28:00+00:00
[2024-02-26T04:28:19.809-0500] {processor.py:179} INFO - Processing /Users/venkatasaisabbineni/Desktop/Airflow_local/airflow_env/lib/python3.11/site-packages/airflow/example_dags/example_sla_dag.py took 0.157 seconds
[2024-02-26T04:29:39.526-0500] {processor.py:157} INFO - Started process (PID=62687) to work on /Users/venkatasaisabbineni/Desktop/Airflow_local/airflow_env/lib/python3.11/site-packages/airflow/example_dags/example_sla_dag.py
[2024-02-26T04:29:39.528-0500] {processor.py:829} INFO - Processing file /Users/venkatasaisabbineni/Desktop/Airflow_local/airflow_env/lib/python3.11/site-packages/airflow/example_dags/example_sla_dag.py for tasks to queue
[2024-02-26T04:29:39.529-0500] {logging_mixin.py:154} INFO - [2024-02-26T04:29:39.529-0500] {dagbag.py:536} INFO - Filling up the DagBag from /Users/venkatasaisabbineni/Desktop/Airflow_local/airflow_env/lib/python3.11/site-packages/airflow/example_dags/example_sla_dag.py
[2024-02-26T04:29:39.561-0500] {processor.py:839} INFO - DAG(s) dict_keys(['example_sla_dag']) retrieved from /Users/venkatasaisabbineni/Desktop/Airflow_local/airflow_env/lib/python3.11/site-packages/airflow/example_dags/example_sla_dag.py
[2024-02-26T04:29:39.644-0500] {logging_mixin.py:154} INFO - [2024-02-26T04:29:39.644-0500] {dag.py:2941} INFO - Sync 1 DAGs
[2024-02-26T04:29:39.654-0500] {logging_mixin.py:154} INFO - [2024-02-26T04:29:39.654-0500] {dag.py:3722} INFO - Setting next_dagrun for example_sla_dag to 2024-02-26T09:26:00+00:00, run_after=2024-02-26T09:28:00+00:00
[2024-02-26T04:29:39.664-0500] {processor.py:179} INFO - Processing /Users/venkatasaisabbineni/Desktop/Airflow_local/airflow_env/lib/python3.11/site-packages/airflow/example_dags/example_sla_dag.py took 0.139 seconds
[2024-02-26T04:31:18.218-0500] {processor.py:157} INFO - Started process (PID=62995) to work on /Users/venkatasaisabbineni/Desktop/Airflow_local/airflow_env/lib/python3.11/site-packages/airflow/example_dags/example_sla_dag.py
[2024-02-26T04:31:18.221-0500] {processor.py:829} INFO - Processing file /Users/venkatasaisabbineni/Desktop/Airflow_local/airflow_env/lib/python3.11/site-packages/airflow/example_dags/example_sla_dag.py for tasks to queue
[2024-02-26T04:31:18.221-0500] {logging_mixin.py:154} INFO - [2024-02-26T04:31:18.221-0500] {dagbag.py:536} INFO - Filling up the DagBag from /Users/venkatasaisabbineni/Desktop/Airflow_local/airflow_env/lib/python3.11/site-packages/airflow/example_dags/example_sla_dag.py
[2024-02-26T04:31:18.254-0500] {processor.py:839} INFO - DAG(s) dict_keys(['example_sla_dag']) retrieved from /Users/venkatasaisabbineni/Desktop/Airflow_local/airflow_env/lib/python3.11/site-packages/airflow/example_dags/example_sla_dag.py
[2024-02-26T04:31:18.337-0500] {logging_mixin.py:154} INFO - [2024-02-26T04:31:18.337-0500] {dag.py:2941} INFO - Sync 1 DAGs
[2024-02-26T04:31:18.347-0500] {logging_mixin.py:154} INFO - [2024-02-26T04:31:18.347-0500] {dag.py:3722} INFO - Setting next_dagrun for example_sla_dag to 2024-02-26T09:28:00+00:00, run_after=2024-02-26T09:30:00+00:00
[2024-02-26T04:31:18.356-0500] {processor.py:179} INFO - Processing /Users/venkatasaisabbineni/Desktop/Airflow_local/airflow_env/lib/python3.11/site-packages/airflow/example_dags/example_sla_dag.py took 0.139 seconds
[2024-02-26T04:33:01.881-0500] {processor.py:157} INFO - Started process (PID=63358) to work on /Users/venkatasaisabbineni/Desktop/Airflow_local/airflow_env/lib/python3.11/site-packages/airflow/example_dags/example_sla_dag.py
[2024-02-26T04:33:01.884-0500] {processor.py:829} INFO - Processing file /Users/venkatasaisabbineni/Desktop/Airflow_local/airflow_env/lib/python3.11/site-packages/airflow/example_dags/example_sla_dag.py for tasks to queue
[2024-02-26T04:33:01.884-0500] {logging_mixin.py:154} INFO - [2024-02-26T04:33:01.884-0500] {dagbag.py:536} INFO - Filling up the DagBag from /Users/venkatasaisabbineni/Desktop/Airflow_local/airflow_env/lib/python3.11/site-packages/airflow/example_dags/example_sla_dag.py
[2024-02-26T04:33:01.915-0500] {processor.py:839} INFO - DAG(s) dict_keys(['example_sla_dag']) retrieved from /Users/venkatasaisabbineni/Desktop/Airflow_local/airflow_env/lib/python3.11/site-packages/airflow/example_dags/example_sla_dag.py
[2024-02-26T04:33:01.999-0500] {logging_mixin.py:154} INFO - [2024-02-26T04:33:01.999-0500] {dag.py:2941} INFO - Sync 1 DAGs
[2024-02-26T04:33:02.010-0500] {logging_mixin.py:154} INFO - [2024-02-26T04:33:02.010-0500] {dag.py:3722} INFO - Setting next_dagrun for example_sla_dag to 2024-02-26T09:30:00+00:00, run_after=2024-02-26T09:32:00+00:00
[2024-02-26T04:33:02.020-0500] {processor.py:179} INFO - Processing /Users/venkatasaisabbineni/Desktop/Airflow_local/airflow_env/lib/python3.11/site-packages/airflow/example_dags/example_sla_dag.py took 0.139 seconds
[2024-02-26T04:33:54.547-0500] {processor.py:157} INFO - Started process (PID=63521) to work on /Users/venkatasaisabbineni/Desktop/Airflow_local/airflow_env/lib/python3.11/site-packages/airflow/example_dags/example_sla_dag.py
[2024-02-26T04:33:54.550-0500] {processor.py:829} INFO - Processing file /Users/venkatasaisabbineni/Desktop/Airflow_local/airflow_env/lib/python3.11/site-packages/airflow/example_dags/example_sla_dag.py for tasks to queue
[2024-02-26T04:33:54.550-0500] {logging_mixin.py:154} INFO - [2024-02-26T04:33:54.550-0500] {dagbag.py:536} INFO - Filling up the DagBag from /Users/venkatasaisabbineni/Desktop/Airflow_local/airflow_env/lib/python3.11/site-packages/airflow/example_dags/example_sla_dag.py
[2024-02-26T04:33:54.583-0500] {processor.py:839} INFO - DAG(s) dict_keys(['example_sla_dag']) retrieved from /Users/venkatasaisabbineni/Desktop/Airflow_local/airflow_env/lib/python3.11/site-packages/airflow/example_dags/example_sla_dag.py
[2024-02-26T04:33:54.667-0500] {logging_mixin.py:154} INFO - [2024-02-26T04:33:54.667-0500] {dag.py:2941} INFO - Sync 1 DAGs
[2024-02-26T04:33:54.678-0500] {logging_mixin.py:154} INFO - [2024-02-26T04:33:54.678-0500] {dag.py:3722} INFO - Setting next_dagrun for example_sla_dag to 2024-02-26T09:30:00+00:00, run_after=2024-02-26T09:32:00+00:00
[2024-02-26T04:33:54.689-0500] {processor.py:179} INFO - Processing /Users/venkatasaisabbineni/Desktop/Airflow_local/airflow_env/lib/python3.11/site-packages/airflow/example_dags/example_sla_dag.py took 0.142 seconds
[2024-02-26T04:37:34.954-0500] {processor.py:157} INFO - Started process (PID=64176) to work on /Users/venkatasaisabbineni/Desktop/Airflow_local/airflow_env/lib/python3.11/site-packages/airflow/example_dags/example_sla_dag.py
[2024-02-26T04:37:34.957-0500] {processor.py:829} INFO - Processing file /Users/venkatasaisabbineni/Desktop/Airflow_local/airflow_env/lib/python3.11/site-packages/airflow/example_dags/example_sla_dag.py for tasks to queue
[2024-02-26T04:37:34.958-0500] {logging_mixin.py:154} INFO - [2024-02-26T04:37:34.958-0500] {dagbag.py:536} INFO - Filling up the DagBag from /Users/venkatasaisabbineni/Desktop/Airflow_local/airflow_env/lib/python3.11/site-packages/airflow/example_dags/example_sla_dag.py
[2024-02-26T04:37:34.989-0500] {processor.py:839} INFO - DAG(s) dict_keys(['example_sla_dag']) retrieved from /Users/venkatasaisabbineni/Desktop/Airflow_local/airflow_env/lib/python3.11/site-packages/airflow/example_dags/example_sla_dag.py
[2024-02-26T04:37:35.010-0500] {logging_mixin.py:154} INFO - [2024-02-26T04:37:35.010-0500] {dag.py:2941} INFO - Sync 1 DAGs
[2024-02-26T04:37:35.056-0500] {logging_mixin.py:154} INFO - [2024-02-26T04:37:35.056-0500] {dag.py:3722} INFO - Setting next_dagrun for example_sla_dag to 2024-02-26T09:34:00+00:00, run_after=2024-02-26T09:36:00+00:00
[2024-02-26T04:37:35.067-0500] {processor.py:179} INFO - Processing /Users/venkatasaisabbineni/Desktop/Airflow_local/airflow_env/lib/python3.11/site-packages/airflow/example_dags/example_sla_dag.py took 0.114 seconds
[2024-02-26T04:38:48.903-0500] {processor.py:157} INFO - Started process (PID=64411) to work on /Users/venkatasaisabbineni/Desktop/Airflow_local/airflow_env/lib/python3.11/site-packages/airflow/example_dags/example_sla_dag.py
[2024-02-26T04:38:48.906-0500] {processor.py:829} INFO - Processing file /Users/venkatasaisabbineni/Desktop/Airflow_local/airflow_env/lib/python3.11/site-packages/airflow/example_dags/example_sla_dag.py for tasks to queue
[2024-02-26T04:38:48.907-0500] {logging_mixin.py:154} INFO - [2024-02-26T04:38:48.906-0500] {dagbag.py:536} INFO - Filling up the DagBag from /Users/venkatasaisabbineni/Desktop/Airflow_local/airflow_env/lib/python3.11/site-packages/airflow/example_dags/example_sla_dag.py
[2024-02-26T04:38:48.938-0500] {processor.py:839} INFO - DAG(s) dict_keys(['example_sla_dag']) retrieved from /Users/venkatasaisabbineni/Desktop/Airflow_local/airflow_env/lib/python3.11/site-packages/airflow/example_dags/example_sla_dag.py
[2024-02-26T04:38:49.027-0500] {logging_mixin.py:154} INFO - [2024-02-26T04:38:49.026-0500] {dag.py:2941} INFO - Sync 1 DAGs
[2024-02-26T04:38:49.040-0500] {logging_mixin.py:154} INFO - [2024-02-26T04:38:49.040-0500] {dag.py:3722} INFO - Setting next_dagrun for example_sla_dag to 2024-02-26T09:36:00+00:00, run_after=2024-02-26T09:38:00+00:00
[2024-02-26T04:38:49.051-0500] {processor.py:179} INFO - Processing /Users/venkatasaisabbineni/Desktop/Airflow_local/airflow_env/lib/python3.11/site-packages/airflow/example_dags/example_sla_dag.py took 0.149 seconds
[2024-02-26T04:41:36.055-0500] {processor.py:157} INFO - Started process (PID=64863) to work on /Users/venkatasaisabbineni/Desktop/Airflow_local/airflow_env/lib/python3.11/site-packages/airflow/example_dags/example_sla_dag.py
[2024-02-26T04:41:36.058-0500] {processor.py:829} INFO - Processing file /Users/venkatasaisabbineni/Desktop/Airflow_local/airflow_env/lib/python3.11/site-packages/airflow/example_dags/example_sla_dag.py for tasks to queue
[2024-02-26T04:41:36.058-0500] {logging_mixin.py:154} INFO - [2024-02-26T04:41:36.058-0500] {dagbag.py:536} INFO - Filling up the DagBag from /Users/venkatasaisabbineni/Desktop/Airflow_local/airflow_env/lib/python3.11/site-packages/airflow/example_dags/example_sla_dag.py
[2024-02-26T04:41:36.092-0500] {processor.py:839} INFO - DAG(s) dict_keys(['example_sla_dag']) retrieved from /Users/venkatasaisabbineni/Desktop/Airflow_local/airflow_env/lib/python3.11/site-packages/airflow/example_dags/example_sla_dag.py
[2024-02-26T04:41:36.528-0500] {logging_mixin.py:154} INFO - [2024-02-26T04:41:36.528-0500] {manager.py:499} INFO - Created Permission View: %s
[2024-02-26T04:41:36.533-0500] {logging_mixin.py:154} INFO - [2024-02-26T04:41:36.532-0500] {manager.py:499} INFO - Created Permission View: %s
[2024-02-26T04:41:36.536-0500] {logging_mixin.py:154} INFO - [2024-02-26T04:41:36.536-0500] {manager.py:499} INFO - Created Permission View: %s
[2024-02-26T04:41:36.536-0500] {logging_mixin.py:154} INFO - [2024-02-26T04:41:36.536-0500] {dag.py:2941} INFO - Sync 1 DAGs
[2024-02-26T04:41:36.541-0500] {logging_mixin.py:154} INFO - [2024-02-26T04:41:36.541-0500] {dag.py:2963} INFO - Creating ORM DAG for example_sla_dag
[2024-02-26T04:41:36.547-0500] {logging_mixin.py:154} INFO - [2024-02-26T04:41:36.547-0500] {dag.py:3722} INFO - Setting next_dagrun for example_sla_dag to 2024-02-26T09:38:00+00:00, run_after=2024-02-26T09:40:00+00:00
[2024-02-26T04:41:36.555-0500] {processor.py:179} INFO - Processing /Users/venkatasaisabbineni/Desktop/Airflow_local/airflow_env/lib/python3.11/site-packages/airflow/example_dags/example_sla_dag.py took 0.502 seconds
[2024-02-26T04:43:04.555-0500] {processor.py:157} INFO - Started process (PID=65126) to work on /Users/venkatasaisabbineni/Desktop/Airflow_local/airflow_env/lib/python3.11/site-packages/airflow/example_dags/example_sla_dag.py
[2024-02-26T04:43:04.557-0500] {processor.py:829} INFO - Processing file /Users/venkatasaisabbineni/Desktop/Airflow_local/airflow_env/lib/python3.11/site-packages/airflow/example_dags/example_sla_dag.py for tasks to queue
[2024-02-26T04:43:04.558-0500] {logging_mixin.py:154} INFO - [2024-02-26T04:43:04.558-0500] {dagbag.py:536} INFO - Filling up the DagBag from /Users/venkatasaisabbineni/Desktop/Airflow_local/airflow_env/lib/python3.11/site-packages/airflow/example_dags/example_sla_dag.py
[2024-02-26T04:43:04.589-0500] {processor.py:839} INFO - DAG(s) dict_keys(['example_sla_dag']) retrieved from /Users/venkatasaisabbineni/Desktop/Airflow_local/airflow_env/lib/python3.11/site-packages/airflow/example_dags/example_sla_dag.py
[2024-02-26T04:43:04.675-0500] {logging_mixin.py:154} INFO - [2024-02-26T04:43:04.675-0500] {dag.py:2941} INFO - Sync 1 DAGs
[2024-02-26T04:43:04.685-0500] {logging_mixin.py:154} INFO - [2024-02-26T04:43:04.685-0500] {dag.py:3722} INFO - Setting next_dagrun for example_sla_dag to 2024-02-26T09:40:00+00:00, run_after=2024-02-26T09:42:00+00:00
[2024-02-26T04:43:04.695-0500] {processor.py:179} INFO - Processing /Users/venkatasaisabbineni/Desktop/Airflow_local/airflow_env/lib/python3.11/site-packages/airflow/example_dags/example_sla_dag.py took 0.141 seconds
