[2024-02-26T04:27:27.893-0500] {processor.py:157} INFO - Started process (PID=62290) to work on /Users/venkatasaisabbineni/Desktop/Airflow_local/airflow_env/lib/python3.11/site-packages/airflow/example_dags/example_short_circuit_operator.py
[2024-02-26T04:27:27.895-0500] {processor.py:829} INFO - Processing file /Users/venkatasaisabbineni/Desktop/Airflow_local/airflow_env/lib/python3.11/site-packages/airflow/example_dags/example_short_circuit_operator.py for tasks to queue
[2024-02-26T04:27:27.896-0500] {logging_mixin.py:154} INFO - [2024-02-26T04:27:27.896-0500] {dagbag.py:536} INFO - Filling up the DagBag from /Users/venkatasaisabbineni/Desktop/Airflow_local/airflow_env/lib/python3.11/site-packages/airflow/example_dags/example_short_circuit_operator.py
[2024-02-26T04:27:27.919-0500] {processor.py:839} INFO - DAG(s) dict_keys(['example_short_circuit_operator']) retrieved from /Users/venkatasaisabbineni/Desktop/Airflow_local/airflow_env/lib/python3.11/site-packages/airflow/example_dags/example_short_circuit_operator.py
[2024-02-26T04:27:28.325-0500] {logging_mixin.py:154} INFO - [2024-02-26T04:27:28.325-0500] {manager.py:499} INFO - Created Permission View: %s
[2024-02-26T04:27:28.329-0500] {logging_mixin.py:154} INFO - [2024-02-26T04:27:28.329-0500] {manager.py:499} INFO - Created Permission View: %s
[2024-02-26T04:27:28.332-0500] {logging_mixin.py:154} INFO - [2024-02-26T04:27:28.332-0500] {manager.py:499} INFO - Created Permission View: %s
[2024-02-26T04:27:28.332-0500] {logging_mixin.py:154} INFO - [2024-02-26T04:27:28.332-0500] {dag.py:2941} INFO - Sync 1 DAGs
[2024-02-26T04:27:28.337-0500] {logging_mixin.py:154} INFO - [2024-02-26T04:27:28.337-0500] {dag.py:2963} INFO - Creating ORM DAG for example_short_circuit_operator
[2024-02-26T04:27:28.341-0500] {logging_mixin.py:154} INFO - [2024-02-26T04:27:28.341-0500] {dag.py:3722} INFO - Setting next_dagrun for example_short_circuit_operator to 2024-02-25T09:27:28.341486+00:00, run_after=2024-02-26T09:27:28.341486+00:00
[2024-02-26T04:27:28.351-0500] {processor.py:179} INFO - Processing /Users/venkatasaisabbineni/Desktop/Airflow_local/airflow_env/lib/python3.11/site-packages/airflow/example_dags/example_short_circuit_operator.py took 0.458 seconds
[2024-02-26T04:28:22.774-0500] {processor.py:157} INFO - Started process (PID=62456) to work on /Users/venkatasaisabbineni/Desktop/Airflow_local/airflow_env/lib/python3.11/site-packages/airflow/example_dags/example_short_circuit_operator.py
[2024-02-26T04:28:22.777-0500] {processor.py:829} INFO - Processing file /Users/venkatasaisabbineni/Desktop/Airflow_local/airflow_env/lib/python3.11/site-packages/airflow/example_dags/example_short_circuit_operator.py for tasks to queue
[2024-02-26T04:28:22.777-0500] {logging_mixin.py:154} INFO - [2024-02-26T04:28:22.777-0500] {dagbag.py:536} INFO - Filling up the DagBag from /Users/venkatasaisabbineni/Desktop/Airflow_local/airflow_env/lib/python3.11/site-packages/airflow/example_dags/example_short_circuit_operator.py
[2024-02-26T04:28:22.800-0500] {processor.py:839} INFO - DAG(s) dict_keys(['example_short_circuit_operator']) retrieved from /Users/venkatasaisabbineni/Desktop/Airflow_local/airflow_env/lib/python3.11/site-packages/airflow/example_dags/example_short_circuit_operator.py
[2024-02-26T04:28:22.889-0500] {logging_mixin.py:154} INFO - [2024-02-26T04:28:22.889-0500] {dag.py:2941} INFO - Sync 1 DAGs
[2024-02-26T04:28:22.898-0500] {logging_mixin.py:154} INFO - [2024-02-26T04:28:22.897-0500] {dag.py:3722} INFO - Setting next_dagrun for example_short_circuit_operator to 2024-02-25T09:28:22.897853+00:00, run_after=2024-02-26T09:28:22.897853+00:00
[2024-02-26T04:28:22.907-0500] {processor.py:179} INFO - Processing /Users/venkatasaisabbineni/Desktop/Airflow_local/airflow_env/lib/python3.11/site-packages/airflow/example_dags/example_short_circuit_operator.py took 0.134 seconds
[2024-02-26T04:29:42.521-0500] {processor.py:157} INFO - Started process (PID=62694) to work on /Users/venkatasaisabbineni/Desktop/Airflow_local/airflow_env/lib/python3.11/site-packages/airflow/example_dags/example_short_circuit_operator.py
[2024-02-26T04:29:42.523-0500] {processor.py:829} INFO - Processing file /Users/venkatasaisabbineni/Desktop/Airflow_local/airflow_env/lib/python3.11/site-packages/airflow/example_dags/example_short_circuit_operator.py for tasks to queue
[2024-02-26T04:29:42.524-0500] {logging_mixin.py:154} INFO - [2024-02-26T04:29:42.524-0500] {dagbag.py:536} INFO - Filling up the DagBag from /Users/venkatasaisabbineni/Desktop/Airflow_local/airflow_env/lib/python3.11/site-packages/airflow/example_dags/example_short_circuit_operator.py
[2024-02-26T04:29:42.547-0500] {processor.py:839} INFO - DAG(s) dict_keys(['example_short_circuit_operator']) retrieved from /Users/venkatasaisabbineni/Desktop/Airflow_local/airflow_env/lib/python3.11/site-packages/airflow/example_dags/example_short_circuit_operator.py
[2024-02-26T04:29:42.637-0500] {logging_mixin.py:154} INFO - [2024-02-26T04:29:42.636-0500] {dag.py:2941} INFO - Sync 1 DAGs
[2024-02-26T04:29:42.646-0500] {logging_mixin.py:154} INFO - [2024-02-26T04:29:42.645-0500] {dag.py:3722} INFO - Setting next_dagrun for example_short_circuit_operator to 2024-02-25T09:29:42.645874+00:00, run_after=2024-02-26T09:29:42.645874+00:00
[2024-02-26T04:29:42.655-0500] {processor.py:179} INFO - Processing /Users/venkatasaisabbineni/Desktop/Airflow_local/airflow_env/lib/python3.11/site-packages/airflow/example_dags/example_short_circuit_operator.py took 0.135 seconds
[2024-02-26T04:31:21.974-0500] {processor.py:157} INFO - Started process (PID=63010) to work on /Users/venkatasaisabbineni/Desktop/Airflow_local/airflow_env/lib/python3.11/site-packages/airflow/example_dags/example_short_circuit_operator.py
[2024-02-26T04:31:21.976-0500] {processor.py:829} INFO - Processing file /Users/venkatasaisabbineni/Desktop/Airflow_local/airflow_env/lib/python3.11/site-packages/airflow/example_dags/example_short_circuit_operator.py for tasks to queue
[2024-02-26T04:31:21.976-0500] {logging_mixin.py:154} INFO - [2024-02-26T04:31:21.976-0500] {dagbag.py:536} INFO - Filling up the DagBag from /Users/venkatasaisabbineni/Desktop/Airflow_local/airflow_env/lib/python3.11/site-packages/airflow/example_dags/example_short_circuit_operator.py
[2024-02-26T04:31:21.999-0500] {processor.py:839} INFO - DAG(s) dict_keys(['example_short_circuit_operator']) retrieved from /Users/venkatasaisabbineni/Desktop/Airflow_local/airflow_env/lib/python3.11/site-packages/airflow/example_dags/example_short_circuit_operator.py
[2024-02-26T04:31:22.099-0500] {logging_mixin.py:154} INFO - [2024-02-26T04:31:22.099-0500] {dag.py:2941} INFO - Sync 1 DAGs
[2024-02-26T04:31:22.108-0500] {logging_mixin.py:154} INFO - [2024-02-26T04:31:22.108-0500] {dag.py:3722} INFO - Setting next_dagrun for example_short_circuit_operator to 2024-02-25T09:31:22.108734+00:00, run_after=2024-02-26T09:31:22.108734+00:00
[2024-02-26T04:31:22.119-0500] {processor.py:179} INFO - Processing /Users/venkatasaisabbineni/Desktop/Airflow_local/airflow_env/lib/python3.11/site-packages/airflow/example_dags/example_short_circuit_operator.py took 0.146 seconds
[2024-02-26T04:33:05.682-0500] {processor.py:157} INFO - Started process (PID=63368) to work on /Users/venkatasaisabbineni/Desktop/Airflow_local/airflow_env/lib/python3.11/site-packages/airflow/example_dags/example_short_circuit_operator.py
[2024-02-26T04:33:05.686-0500] {processor.py:829} INFO - Processing file /Users/venkatasaisabbineni/Desktop/Airflow_local/airflow_env/lib/python3.11/site-packages/airflow/example_dags/example_short_circuit_operator.py for tasks to queue
[2024-02-26T04:33:05.686-0500] {logging_mixin.py:154} INFO - [2024-02-26T04:33:05.686-0500] {dagbag.py:536} INFO - Filling up the DagBag from /Users/venkatasaisabbineni/Desktop/Airflow_local/airflow_env/lib/python3.11/site-packages/airflow/example_dags/example_short_circuit_operator.py
[2024-02-26T04:33:05.711-0500] {processor.py:839} INFO - DAG(s) dict_keys(['example_short_circuit_operator']) retrieved from /Users/venkatasaisabbineni/Desktop/Airflow_local/airflow_env/lib/python3.11/site-packages/airflow/example_dags/example_short_circuit_operator.py
[2024-02-26T04:33:05.807-0500] {logging_mixin.py:154} INFO - [2024-02-26T04:33:05.807-0500] {dag.py:2941} INFO - Sync 1 DAGs
[2024-02-26T04:33:05.818-0500] {logging_mixin.py:154} INFO - [2024-02-26T04:33:05.818-0500] {dag.py:3722} INFO - Setting next_dagrun for example_short_circuit_operator to 2024-02-25T09:33:05.818129+00:00, run_after=2024-02-26T09:33:05.818129+00:00
[2024-02-26T04:33:05.829-0500] {processor.py:179} INFO - Processing /Users/venkatasaisabbineni/Desktop/Airflow_local/airflow_env/lib/python3.11/site-packages/airflow/example_dags/example_short_circuit_operator.py took 0.148 seconds
[2024-02-26T04:33:58.013-0500] {processor.py:157} INFO - Started process (PID=63532) to work on /Users/venkatasaisabbineni/Desktop/Airflow_local/airflow_env/lib/python3.11/site-packages/airflow/example_dags/example_short_circuit_operator.py
[2024-02-26T04:33:58.015-0500] {processor.py:829} INFO - Processing file /Users/venkatasaisabbineni/Desktop/Airflow_local/airflow_env/lib/python3.11/site-packages/airflow/example_dags/example_short_circuit_operator.py for tasks to queue
[2024-02-26T04:33:58.016-0500] {logging_mixin.py:154} INFO - [2024-02-26T04:33:58.016-0500] {dagbag.py:536} INFO - Filling up the DagBag from /Users/venkatasaisabbineni/Desktop/Airflow_local/airflow_env/lib/python3.11/site-packages/airflow/example_dags/example_short_circuit_operator.py
[2024-02-26T04:33:58.039-0500] {processor.py:839} INFO - DAG(s) dict_keys(['example_short_circuit_operator']) retrieved from /Users/venkatasaisabbineni/Desktop/Airflow_local/airflow_env/lib/python3.11/site-packages/airflow/example_dags/example_short_circuit_operator.py
[2024-02-26T04:33:58.130-0500] {logging_mixin.py:154} INFO - [2024-02-26T04:33:58.129-0500] {dag.py:2941} INFO - Sync 1 DAGs
[2024-02-26T04:33:58.138-0500] {logging_mixin.py:154} INFO - [2024-02-26T04:33:58.138-0500] {dag.py:3722} INFO - Setting next_dagrun for example_short_circuit_operator to 2024-02-25T09:33:58.138791+00:00, run_after=2024-02-26T09:33:58.138791+00:00
[2024-02-26T04:33:58.149-0500] {processor.py:179} INFO - Processing /Users/venkatasaisabbineni/Desktop/Airflow_local/airflow_env/lib/python3.11/site-packages/airflow/example_dags/example_short_circuit_operator.py took 0.137 seconds
[2024-02-26T04:37:38.460-0500] {processor.py:157} INFO - Started process (PID=64188) to work on /Users/venkatasaisabbineni/Desktop/Airflow_local/airflow_env/lib/python3.11/site-packages/airflow/example_dags/example_short_circuit_operator.py
[2024-02-26T04:37:38.464-0500] {processor.py:829} INFO - Processing file /Users/venkatasaisabbineni/Desktop/Airflow_local/airflow_env/lib/python3.11/site-packages/airflow/example_dags/example_short_circuit_operator.py for tasks to queue
[2024-02-26T04:37:38.464-0500] {logging_mixin.py:154} INFO - [2024-02-26T04:37:38.464-0500] {dagbag.py:536} INFO - Filling up the DagBag from /Users/venkatasaisabbineni/Desktop/Airflow_local/airflow_env/lib/python3.11/site-packages/airflow/example_dags/example_short_circuit_operator.py
[2024-02-26T04:37:38.489-0500] {processor.py:839} INFO - DAG(s) dict_keys(['example_short_circuit_operator']) retrieved from /Users/venkatasaisabbineni/Desktop/Airflow_local/airflow_env/lib/python3.11/site-packages/airflow/example_dags/example_short_circuit_operator.py
[2024-02-26T04:37:38.584-0500] {logging_mixin.py:154} INFO - [2024-02-26T04:37:38.584-0500] {dag.py:2941} INFO - Sync 1 DAGs
[2024-02-26T04:37:38.594-0500] {logging_mixin.py:154} INFO - [2024-02-26T04:37:38.593-0500] {dag.py:3722} INFO - Setting next_dagrun for example_short_circuit_operator to 2024-02-25T09:37:38.593821+00:00, run_after=2024-02-26T09:37:38.593821+00:00
[2024-02-26T04:37:38.609-0500] {processor.py:179} INFO - Processing /Users/venkatasaisabbineni/Desktop/Airflow_local/airflow_env/lib/python3.11/site-packages/airflow/example_dags/example_short_circuit_operator.py took 0.150 seconds
[2024-02-26T04:38:52.318-0500] {processor.py:157} INFO - Started process (PID=64417) to work on /Users/venkatasaisabbineni/Desktop/Airflow_local/airflow_env/lib/python3.11/site-packages/airflow/example_dags/example_short_circuit_operator.py
[2024-02-26T04:38:52.321-0500] {processor.py:829} INFO - Processing file /Users/venkatasaisabbineni/Desktop/Airflow_local/airflow_env/lib/python3.11/site-packages/airflow/example_dags/example_short_circuit_operator.py for tasks to queue
[2024-02-26T04:38:52.321-0500] {logging_mixin.py:154} INFO - [2024-02-26T04:38:52.321-0500] {dagbag.py:536} INFO - Filling up the DagBag from /Users/venkatasaisabbineni/Desktop/Airflow_local/airflow_env/lib/python3.11/site-packages/airflow/example_dags/example_short_circuit_operator.py
[2024-02-26T04:38:52.345-0500] {processor.py:839} INFO - DAG(s) dict_keys(['example_short_circuit_operator']) retrieved from /Users/venkatasaisabbineni/Desktop/Airflow_local/airflow_env/lib/python3.11/site-packages/airflow/example_dags/example_short_circuit_operator.py
[2024-02-26T04:38:52.438-0500] {logging_mixin.py:154} INFO - [2024-02-26T04:38:52.438-0500] {dag.py:2941} INFO - Sync 1 DAGs
[2024-02-26T04:38:52.447-0500] {logging_mixin.py:154} INFO - [2024-02-26T04:38:52.447-0500] {dag.py:3722} INFO - Setting next_dagrun for example_short_circuit_operator to 2024-02-25T09:38:52.447568+00:00, run_after=2024-02-26T09:38:52.447568+00:00
[2024-02-26T04:38:52.459-0500] {processor.py:179} INFO - Processing /Users/venkatasaisabbineni/Desktop/Airflow_local/airflow_env/lib/python3.11/site-packages/airflow/example_dags/example_short_circuit_operator.py took 0.142 seconds
[2024-02-26T04:41:40.720-0500] {processor.py:157} INFO - Started process (PID=64874) to work on /Users/venkatasaisabbineni/Desktop/Airflow_local/airflow_env/lib/python3.11/site-packages/airflow/example_dags/example_short_circuit_operator.py
[2024-02-26T04:41:40.725-0500] {processor.py:829} INFO - Processing file /Users/venkatasaisabbineni/Desktop/Airflow_local/airflow_env/lib/python3.11/site-packages/airflow/example_dags/example_short_circuit_operator.py for tasks to queue
[2024-02-26T04:41:40.725-0500] {logging_mixin.py:154} INFO - [2024-02-26T04:41:40.725-0500] {dagbag.py:536} INFO - Filling up the DagBag from /Users/venkatasaisabbineni/Desktop/Airflow_local/airflow_env/lib/python3.11/site-packages/airflow/example_dags/example_short_circuit_operator.py
[2024-02-26T04:41:40.748-0500] {processor.py:839} INFO - DAG(s) dict_keys(['example_short_circuit_operator']) retrieved from /Users/venkatasaisabbineni/Desktop/Airflow_local/airflow_env/lib/python3.11/site-packages/airflow/example_dags/example_short_circuit_operator.py
[2024-02-26T04:41:41.217-0500] {logging_mixin.py:154} INFO - [2024-02-26T04:41:41.217-0500] {manager.py:499} INFO - Created Permission View: %s
[2024-02-26T04:41:41.222-0500] {logging_mixin.py:154} INFO - [2024-02-26T04:41:41.222-0500] {manager.py:499} INFO - Created Permission View: %s
[2024-02-26T04:41:41.225-0500] {logging_mixin.py:154} INFO - [2024-02-26T04:41:41.225-0500] {manager.py:499} INFO - Created Permission View: %s
[2024-02-26T04:41:41.225-0500] {logging_mixin.py:154} INFO - [2024-02-26T04:41:41.225-0500] {dag.py:2941} INFO - Sync 1 DAGs
[2024-02-26T04:41:41.230-0500] {logging_mixin.py:154} INFO - [2024-02-26T04:41:41.230-0500] {dag.py:2963} INFO - Creating ORM DAG for example_short_circuit_operator
[2024-02-26T04:41:41.234-0500] {logging_mixin.py:154} INFO - [2024-02-26T04:41:41.234-0500] {dag.py:3722} INFO - Setting next_dagrun for example_short_circuit_operator to 2024-02-25T09:41:41.234513+00:00, run_after=2024-02-26T09:41:41.234513+00:00
[2024-02-26T04:41:41.245-0500] {processor.py:179} INFO - Processing /Users/venkatasaisabbineni/Desktop/Airflow_local/airflow_env/lib/python3.11/site-packages/airflow/example_dags/example_short_circuit_operator.py took 0.526 seconds
[2024-02-26T04:43:07.933-0500] {processor.py:157} INFO - Started process (PID=65133) to work on /Users/venkatasaisabbineni/Desktop/Airflow_local/airflow_env/lib/python3.11/site-packages/airflow/example_dags/example_short_circuit_operator.py
[2024-02-26T04:43:07.937-0500] {processor.py:829} INFO - Processing file /Users/venkatasaisabbineni/Desktop/Airflow_local/airflow_env/lib/python3.11/site-packages/airflow/example_dags/example_short_circuit_operator.py for tasks to queue
[2024-02-26T04:43:07.937-0500] {logging_mixin.py:154} INFO - [2024-02-26T04:43:07.937-0500] {dagbag.py:536} INFO - Filling up the DagBag from /Users/venkatasaisabbineni/Desktop/Airflow_local/airflow_env/lib/python3.11/site-packages/airflow/example_dags/example_short_circuit_operator.py
[2024-02-26T04:43:07.961-0500] {processor.py:839} INFO - DAG(s) dict_keys(['example_short_circuit_operator']) retrieved from /Users/venkatasaisabbineni/Desktop/Airflow_local/airflow_env/lib/python3.11/site-packages/airflow/example_dags/example_short_circuit_operator.py
[2024-02-26T04:43:08.058-0500] {logging_mixin.py:154} INFO - [2024-02-26T04:43:08.058-0500] {dag.py:2941} INFO - Sync 1 DAGs
[2024-02-26T04:43:08.067-0500] {logging_mixin.py:154} INFO - [2024-02-26T04:43:08.067-0500] {dag.py:3722} INFO - Setting next_dagrun for example_short_circuit_operator to 2024-02-25T09:43:08.067330+00:00, run_after=2024-02-26T09:43:08.067330+00:00
[2024-02-26T04:43:08.077-0500] {processor.py:179} INFO - Processing /Users/venkatasaisabbineni/Desktop/Airflow_local/airflow_env/lib/python3.11/site-packages/airflow/example_dags/example_short_circuit_operator.py took 0.145 seconds
