[2024-02-26T04:29:03.652-0500] {processor.py:157} INFO - Started process (PID=62575) to work on /Users/venkatasaisabbineni/Desktop/Airflow_local/airflow_env/lib/python3.11/site-packages/airflow/example_dags/example_branch_operator.py
[2024-02-26T04:29:03.655-0500] {processor.py:829} INFO - Processing file /Users/venkatasaisabbineni/Desktop/Airflow_local/airflow_env/lib/python3.11/site-packages/airflow/example_dags/example_branch_operator.py for tasks to queue
[2024-02-26T04:29:03.655-0500] {logging_mixin.py:154} INFO - [2024-02-26T04:29:03.655-0500] {dagbag.py:536} INFO - Filling up the DagBag from /Users/venkatasaisabbineni/Desktop/Airflow_local/airflow_env/lib/python3.11/site-packages/airflow/example_dags/example_branch_operator.py
[2024-02-26T04:29:03.679-0500] {processor.py:839} INFO - DAG(s) dict_keys(['example_branch_operator']) retrieved from /Users/venkatasaisabbineni/Desktop/Airflow_local/airflow_env/lib/python3.11/site-packages/airflow/example_dags/example_branch_operator.py
[2024-02-26T04:29:03.770-0500] {logging_mixin.py:154} INFO - [2024-02-26T04:29:03.770-0500] {dag.py:2941} INFO - Sync 1 DAGs
[2024-02-26T04:29:03.780-0500] {logging_mixin.py:154} INFO - [2024-02-26T04:29:03.780-0500] {dag.py:3722} INFO - Setting next_dagrun for example_branch_operator to 2024-02-25T00:00:00+00:00, run_after=2024-02-26T00:00:00+00:00
[2024-02-26T04:29:03.790-0500] {processor.py:179} INFO - Processing /Users/venkatasaisabbineni/Desktop/Airflow_local/airflow_env/lib/python3.11/site-packages/airflow/example_dags/example_branch_operator.py took 0.139 seconds
[2024-02-26T04:30:41.416-0500] {processor.py:157} INFO - Started process (PID=62891) to work on /Users/venkatasaisabbineni/Desktop/Airflow_local/airflow_env/lib/python3.11/site-packages/airflow/example_dags/example_branch_operator.py
[2024-02-26T04:30:41.419-0500] {processor.py:829} INFO - Processing file /Users/venkatasaisabbineni/Desktop/Airflow_local/airflow_env/lib/python3.11/site-packages/airflow/example_dags/example_branch_operator.py for tasks to queue
[2024-02-26T04:30:41.419-0500] {logging_mixin.py:154} INFO - [2024-02-26T04:30:41.419-0500] {dagbag.py:536} INFO - Filling up the DagBag from /Users/venkatasaisabbineni/Desktop/Airflow_local/airflow_env/lib/python3.11/site-packages/airflow/example_dags/example_branch_operator.py
[2024-02-26T04:30:41.447-0500] {processor.py:839} INFO - DAG(s) dict_keys(['example_branch_operator']) retrieved from /Users/venkatasaisabbineni/Desktop/Airflow_local/airflow_env/lib/python3.11/site-packages/airflow/example_dags/example_branch_operator.py
[2024-02-26T04:30:41.536-0500] {logging_mixin.py:154} INFO - [2024-02-26T04:30:41.536-0500] {dag.py:2941} INFO - Sync 1 DAGs
[2024-02-26T04:30:41.546-0500] {logging_mixin.py:154} INFO - [2024-02-26T04:30:41.546-0500] {dag.py:3722} INFO - Setting next_dagrun for example_branch_operator to 2024-02-25T00:00:00+00:00, run_after=2024-02-26T00:00:00+00:00
[2024-02-26T04:30:41.556-0500] {processor.py:179} INFO - Processing /Users/venkatasaisabbineni/Desktop/Airflow_local/airflow_env/lib/python3.11/site-packages/airflow/example_dags/example_branch_operator.py took 0.140 seconds
[2024-02-26T04:32:25.026-0500] {processor.py:157} INFO - Started process (PID=63200) to work on /Users/venkatasaisabbineni/Desktop/Airflow_local/airflow_env/lib/python3.11/site-packages/airflow/example_dags/example_branch_operator.py
[2024-02-26T04:32:25.029-0500] {processor.py:829} INFO - Processing file /Users/venkatasaisabbineni/Desktop/Airflow_local/airflow_env/lib/python3.11/site-packages/airflow/example_dags/example_branch_operator.py for tasks to queue
[2024-02-26T04:32:25.029-0500] {logging_mixin.py:154} INFO - [2024-02-26T04:32:25.029-0500] {dagbag.py:536} INFO - Filling up the DagBag from /Users/venkatasaisabbineni/Desktop/Airflow_local/airflow_env/lib/python3.11/site-packages/airflow/example_dags/example_branch_operator.py
[2024-02-26T04:32:25.054-0500] {processor.py:839} INFO - DAG(s) dict_keys(['example_branch_operator']) retrieved from /Users/venkatasaisabbineni/Desktop/Airflow_local/airflow_env/lib/python3.11/site-packages/airflow/example_dags/example_branch_operator.py
[2024-02-26T04:32:25.147-0500] {logging_mixin.py:154} INFO - [2024-02-26T04:32:25.147-0500] {dag.py:2941} INFO - Sync 1 DAGs
[2024-02-26T04:32:25.157-0500] {logging_mixin.py:154} INFO - [2024-02-26T04:32:25.156-0500] {dag.py:3722} INFO - Setting next_dagrun for example_branch_operator to 2024-02-25T00:00:00+00:00, run_after=2024-02-26T00:00:00+00:00
[2024-02-26T04:32:25.166-0500] {processor.py:179} INFO - Processing /Users/venkatasaisabbineni/Desktop/Airflow_local/airflow_env/lib/python3.11/site-packages/airflow/example_dags/example_branch_operator.py took 0.140 seconds
[2024-02-26T04:42:25.822-0500] {processor.py:157} INFO - Started process (PID=65014) to work on /Users/venkatasaisabbineni/Desktop/Airflow_local/airflow_env/lib/python3.11/site-packages/airflow/example_dags/example_branch_operator.py
[2024-02-26T04:42:25.825-0500] {processor.py:829} INFO - Processing file /Users/venkatasaisabbineni/Desktop/Airflow_local/airflow_env/lib/python3.11/site-packages/airflow/example_dags/example_branch_operator.py for tasks to queue
[2024-02-26T04:42:25.825-0500] {logging_mixin.py:154} INFO - [2024-02-26T04:42:25.825-0500] {dagbag.py:536} INFO - Filling up the DagBag from /Users/venkatasaisabbineni/Desktop/Airflow_local/airflow_env/lib/python3.11/site-packages/airflow/example_dags/example_branch_operator.py
[2024-02-26T04:42:25.849-0500] {processor.py:839} INFO - DAG(s) dict_keys(['example_branch_operator']) retrieved from /Users/venkatasaisabbineni/Desktop/Airflow_local/airflow_env/lib/python3.11/site-packages/airflow/example_dags/example_branch_operator.py
[2024-02-26T04:42:26.281-0500] {logging_mixin.py:154} INFO - [2024-02-26T04:42:26.281-0500] {manager.py:499} INFO - Created Permission View: %s
[2024-02-26T04:42:26.285-0500] {logging_mixin.py:154} INFO - [2024-02-26T04:42:26.285-0500] {manager.py:499} INFO - Created Permission View: %s
[2024-02-26T04:42:26.288-0500] {logging_mixin.py:154} INFO - [2024-02-26T04:42:26.288-0500] {manager.py:499} INFO - Created Permission View: %s
[2024-02-26T04:42:26.289-0500] {logging_mixin.py:154} INFO - [2024-02-26T04:42:26.288-0500] {dag.py:2941} INFO - Sync 1 DAGs
[2024-02-26T04:42:26.294-0500] {logging_mixin.py:154} INFO - [2024-02-26T04:42:26.294-0500] {dag.py:2963} INFO - Creating ORM DAG for example_branch_operator
[2024-02-26T04:42:26.298-0500] {logging_mixin.py:154} INFO - [2024-02-26T04:42:26.298-0500] {dag.py:3722} INFO - Setting next_dagrun for example_branch_operator to 2024-02-25T00:00:00+00:00, run_after=2024-02-26T00:00:00+00:00
[2024-02-26T04:42:26.309-0500] {processor.py:179} INFO - Processing /Users/venkatasaisabbineni/Desktop/Airflow_local/airflow_env/lib/python3.11/site-packages/airflow/example_dags/example_branch_operator.py took 0.488 seconds
