[2024-02-26T04:29:05.539-0500] {processor.py:157} INFO - Started process (PID=62580) to work on /Users/venkatasaisabbineni/Desktop/Airflow_local/airflow_env/lib/python3.11/site-packages/airflow/example_dags/example_branch_labels.py
[2024-02-26T04:29:05.541-0500] {processor.py:829} INFO - Processing file /Users/venkatasaisabbineni/Desktop/Airflow_local/airflow_env/lib/python3.11/site-packages/airflow/example_dags/example_branch_labels.py for tasks to queue
[2024-02-26T04:29:05.542-0500] {logging_mixin.py:154} INFO - [2024-02-26T04:29:05.541-0500] {dagbag.py:536} INFO - Filling up the DagBag from /Users/venkatasaisabbineni/Desktop/Airflow_local/airflow_env/lib/python3.11/site-packages/airflow/example_dags/example_branch_labels.py
[2024-02-26T04:29:05.557-0500] {processor.py:839} INFO - DAG(s) dict_keys(['example_branch_labels']) retrieved from /Users/venkatasaisabbineni/Desktop/Airflow_local/airflow_env/lib/python3.11/site-packages/airflow/example_dags/example_branch_labels.py
[2024-02-26T04:29:05.645-0500] {logging_mixin.py:154} INFO - [2024-02-26T04:29:05.645-0500] {dag.py:2941} INFO - Sync 1 DAGs
[2024-02-26T04:29:05.654-0500] {logging_mixin.py:154} INFO - [2024-02-26T04:29:05.653-0500] {dag.py:3722} INFO - Setting next_dagrun for example_branch_labels to 2024-02-25T00:00:00+00:00, run_after=2024-02-26T00:00:00+00:00
[2024-02-26T04:29:05.663-0500] {processor.py:179} INFO - Processing /Users/venkatasaisabbineni/Desktop/Airflow_local/airflow_env/lib/python3.11/site-packages/airflow/example_dags/example_branch_labels.py took 0.125 seconds
[2024-02-26T04:30:42.813-0500] {processor.py:157} INFO - Started process (PID=62897) to work on /Users/venkatasaisabbineni/Desktop/Airflow_local/airflow_env/lib/python3.11/site-packages/airflow/example_dags/example_branch_labels.py
[2024-02-26T04:30:42.816-0500] {processor.py:829} INFO - Processing file /Users/venkatasaisabbineni/Desktop/Airflow_local/airflow_env/lib/python3.11/site-packages/airflow/example_dags/example_branch_labels.py for tasks to queue
[2024-02-26T04:30:42.817-0500] {logging_mixin.py:154} INFO - [2024-02-26T04:30:42.816-0500] {dagbag.py:536} INFO - Filling up the DagBag from /Users/venkatasaisabbineni/Desktop/Airflow_local/airflow_env/lib/python3.11/site-packages/airflow/example_dags/example_branch_labels.py
[2024-02-26T04:30:42.832-0500] {processor.py:839} INFO - DAG(s) dict_keys(['example_branch_labels']) retrieved from /Users/venkatasaisabbineni/Desktop/Airflow_local/airflow_env/lib/python3.11/site-packages/airflow/example_dags/example_branch_labels.py
[2024-02-26T04:30:42.922-0500] {logging_mixin.py:154} INFO - [2024-02-26T04:30:42.922-0500] {dag.py:2941} INFO - Sync 1 DAGs
[2024-02-26T04:30:42.933-0500] {logging_mixin.py:154} INFO - [2024-02-26T04:30:42.933-0500] {dag.py:3722} INFO - Setting next_dagrun for example_branch_labels to 2024-02-25T00:00:00+00:00, run_after=2024-02-26T00:00:00+00:00
[2024-02-26T04:30:42.942-0500] {processor.py:179} INFO - Processing /Users/venkatasaisabbineni/Desktop/Airflow_local/airflow_env/lib/python3.11/site-packages/airflow/example_dags/example_branch_labels.py took 0.130 seconds
[2024-02-26T04:32:26.915-0500] {processor.py:157} INFO - Started process (PID=63202) to work on /Users/venkatasaisabbineni/Desktop/Airflow_local/airflow_env/lib/python3.11/site-packages/airflow/example_dags/example_branch_labels.py
[2024-02-26T04:32:26.917-0500] {processor.py:829} INFO - Processing file /Users/venkatasaisabbineni/Desktop/Airflow_local/airflow_env/lib/python3.11/site-packages/airflow/example_dags/example_branch_labels.py for tasks to queue
[2024-02-26T04:32:26.917-0500] {logging_mixin.py:154} INFO - [2024-02-26T04:32:26.917-0500] {dagbag.py:536} INFO - Filling up the DagBag from /Users/venkatasaisabbineni/Desktop/Airflow_local/airflow_env/lib/python3.11/site-packages/airflow/example_dags/example_branch_labels.py
[2024-02-26T04:32:26.933-0500] {processor.py:839} INFO - DAG(s) dict_keys(['example_branch_labels']) retrieved from /Users/venkatasaisabbineni/Desktop/Airflow_local/airflow_env/lib/python3.11/site-packages/airflow/example_dags/example_branch_labels.py
[2024-02-26T04:32:27.022-0500] {logging_mixin.py:154} INFO - [2024-02-26T04:32:27.022-0500] {dag.py:2941} INFO - Sync 1 DAGs
[2024-02-26T04:32:27.031-0500] {logging_mixin.py:154} INFO - [2024-02-26T04:32:27.031-0500] {dag.py:3722} INFO - Setting next_dagrun for example_branch_labels to 2024-02-25T00:00:00+00:00, run_after=2024-02-26T00:00:00+00:00
[2024-02-26T04:32:27.041-0500] {processor.py:179} INFO - Processing /Users/venkatasaisabbineni/Desktop/Airflow_local/airflow_env/lib/python3.11/site-packages/airflow/example_dags/example_branch_labels.py took 0.128 seconds
[2024-02-26T04:42:28.133-0500] {processor.py:157} INFO - Started process (PID=65024) to work on /Users/venkatasaisabbineni/Desktop/Airflow_local/airflow_env/lib/python3.11/site-packages/airflow/example_dags/example_branch_labels.py
[2024-02-26T04:42:28.136-0500] {processor.py:829} INFO - Processing file /Users/venkatasaisabbineni/Desktop/Airflow_local/airflow_env/lib/python3.11/site-packages/airflow/example_dags/example_branch_labels.py for tasks to queue
[2024-02-26T04:42:28.137-0500] {logging_mixin.py:154} INFO - [2024-02-26T04:42:28.136-0500] {dagbag.py:536} INFO - Filling up the DagBag from /Users/venkatasaisabbineni/Desktop/Airflow_local/airflow_env/lib/python3.11/site-packages/airflow/example_dags/example_branch_labels.py
[2024-02-26T04:42:28.152-0500] {processor.py:839} INFO - DAG(s) dict_keys(['example_branch_labels']) retrieved from /Users/venkatasaisabbineni/Desktop/Airflow_local/airflow_env/lib/python3.11/site-packages/airflow/example_dags/example_branch_labels.py
[2024-02-26T04:42:28.584-0500] {logging_mixin.py:154} INFO - [2024-02-26T04:42:28.584-0500] {manager.py:499} INFO - Created Permission View: %s
[2024-02-26T04:42:28.588-0500] {logging_mixin.py:154} INFO - [2024-02-26T04:42:28.588-0500] {manager.py:499} INFO - Created Permission View: %s
[2024-02-26T04:42:28.591-0500] {logging_mixin.py:154} INFO - [2024-02-26T04:42:28.591-0500] {manager.py:499} INFO - Created Permission View: %s
[2024-02-26T04:42:28.592-0500] {logging_mixin.py:154} INFO - [2024-02-26T04:42:28.591-0500] {dag.py:2941} INFO - Sync 1 DAGs
[2024-02-26T04:42:28.596-0500] {logging_mixin.py:154} INFO - [2024-02-26T04:42:28.596-0500] {dag.py:2963} INFO - Creating ORM DAG for example_branch_labels
[2024-02-26T04:42:28.601-0500] {logging_mixin.py:154} INFO - [2024-02-26T04:42:28.601-0500] {dag.py:3722} INFO - Setting next_dagrun for example_branch_labels to 2024-02-25T00:00:00+00:00, run_after=2024-02-26T00:00:00+00:00
[2024-02-26T04:42:28.609-0500] {processor.py:179} INFO - Processing /Users/venkatasaisabbineni/Desktop/Airflow_local/airflow_env/lib/python3.11/site-packages/airflow/example_dags/example_branch_labels.py took 0.477 seconds
