[2024-02-26T04:29:06.494-0500] {processor.py:157} INFO - Started process (PID=62585) to work on /Users/venkatasaisabbineni/Desktop/Airflow_local/airflow_env/lib/python3.11/site-packages/airflow/example_dags/example_branch_day_of_week_operator.py
[2024-02-26T04:29:06.496-0500] {processor.py:829} INFO - Processing file /Users/venkatasaisabbineni/Desktop/Airflow_local/airflow_env/lib/python3.11/site-packages/airflow/example_dags/example_branch_day_of_week_operator.py for tasks to queue
[2024-02-26T04:29:06.496-0500] {logging_mixin.py:154} INFO - [2024-02-26T04:29:06.496-0500] {dagbag.py:536} INFO - Filling up the DagBag from /Users/venkatasaisabbineni/Desktop/Airflow_local/airflow_env/lib/python3.11/site-packages/airflow/example_dags/example_branch_day_of_week_operator.py
[2024-02-26T04:29:06.513-0500] {processor.py:839} INFO - DAG(s) dict_keys(['example_weekday_branch_operator']) retrieved from /Users/venkatasaisabbineni/Desktop/Airflow_local/airflow_env/lib/python3.11/site-packages/airflow/example_dags/example_branch_day_of_week_operator.py
[2024-02-26T04:29:06.601-0500] {logging_mixin.py:154} INFO - [2024-02-26T04:29:06.601-0500] {dag.py:2941} INFO - Sync 1 DAGs
[2024-02-26T04:29:06.611-0500] {logging_mixin.py:154} INFO - [2024-02-26T04:29:06.611-0500] {dag.py:3722} INFO - Setting next_dagrun for example_weekday_branch_operator to 2024-02-25T00:00:00+00:00, run_after=2024-02-26T00:00:00+00:00
[2024-02-26T04:29:06.621-0500] {processor.py:179} INFO - Processing /Users/venkatasaisabbineni/Desktop/Airflow_local/airflow_env/lib/python3.11/site-packages/airflow/example_dags/example_branch_day_of_week_operator.py took 0.128 seconds
[2024-02-26T04:30:44.700-0500] {processor.py:157} INFO - Started process (PID=62902) to work on /Users/venkatasaisabbineni/Desktop/Airflow_local/airflow_env/lib/python3.11/site-packages/airflow/example_dags/example_branch_day_of_week_operator.py
[2024-02-26T04:30:44.703-0500] {processor.py:829} INFO - Processing file /Users/venkatasaisabbineni/Desktop/Airflow_local/airflow_env/lib/python3.11/site-packages/airflow/example_dags/example_branch_day_of_week_operator.py for tasks to queue
[2024-02-26T04:30:44.703-0500] {logging_mixin.py:154} INFO - [2024-02-26T04:30:44.703-0500] {dagbag.py:536} INFO - Filling up the DagBag from /Users/venkatasaisabbineni/Desktop/Airflow_local/airflow_env/lib/python3.11/site-packages/airflow/example_dags/example_branch_day_of_week_operator.py
[2024-02-26T04:30:44.721-0500] {processor.py:839} INFO - DAG(s) dict_keys(['example_weekday_branch_operator']) retrieved from /Users/venkatasaisabbineni/Desktop/Airflow_local/airflow_env/lib/python3.11/site-packages/airflow/example_dags/example_branch_day_of_week_operator.py
[2024-02-26T04:30:44.809-0500] {logging_mixin.py:154} INFO - [2024-02-26T04:30:44.809-0500] {dag.py:2941} INFO - Sync 1 DAGs
[2024-02-26T04:30:44.818-0500] {logging_mixin.py:154} INFO - [2024-02-26T04:30:44.818-0500] {dag.py:3722} INFO - Setting next_dagrun for example_weekday_branch_operator to 2024-02-25T00:00:00+00:00, run_after=2024-02-26T00:00:00+00:00
[2024-02-26T04:30:44.828-0500] {processor.py:179} INFO - Processing /Users/venkatasaisabbineni/Desktop/Airflow_local/airflow_env/lib/python3.11/site-packages/airflow/example_dags/example_branch_day_of_week_operator.py took 0.128 seconds
[2024-02-26T04:32:27.789-0500] {processor.py:157} INFO - Started process (PID=63207) to work on /Users/venkatasaisabbineni/Desktop/Airflow_local/airflow_env/lib/python3.11/site-packages/airflow/example_dags/example_branch_day_of_week_operator.py
[2024-02-26T04:32:27.792-0500] {processor.py:829} INFO - Processing file /Users/venkatasaisabbineni/Desktop/Airflow_local/airflow_env/lib/python3.11/site-packages/airflow/example_dags/example_branch_day_of_week_operator.py for tasks to queue
[2024-02-26T04:32:27.792-0500] {logging_mixin.py:154} INFO - [2024-02-26T04:32:27.792-0500] {dagbag.py:536} INFO - Filling up the DagBag from /Users/venkatasaisabbineni/Desktop/Airflow_local/airflow_env/lib/python3.11/site-packages/airflow/example_dags/example_branch_day_of_week_operator.py
[2024-02-26T04:32:27.810-0500] {processor.py:839} INFO - DAG(s) dict_keys(['example_weekday_branch_operator']) retrieved from /Users/venkatasaisabbineni/Desktop/Airflow_local/airflow_env/lib/python3.11/site-packages/airflow/example_dags/example_branch_day_of_week_operator.py
[2024-02-26T04:32:27.901-0500] {logging_mixin.py:154} INFO - [2024-02-26T04:32:27.901-0500] {dag.py:2941} INFO - Sync 1 DAGs
[2024-02-26T04:32:27.910-0500] {logging_mixin.py:154} INFO - [2024-02-26T04:32:27.910-0500] {dag.py:3722} INFO - Setting next_dagrun for example_weekday_branch_operator to 2024-02-25T00:00:00+00:00, run_after=2024-02-26T00:00:00+00:00
[2024-02-26T04:32:27.920-0500] {processor.py:179} INFO - Processing /Users/venkatasaisabbineni/Desktop/Airflow_local/airflow_env/lib/python3.11/site-packages/airflow/example_dags/example_branch_day_of_week_operator.py took 0.132 seconds
[2024-02-26T04:42:30.445-0500] {processor.py:157} INFO - Started process (PID=65029) to work on /Users/venkatasaisabbineni/Desktop/Airflow_local/airflow_env/lib/python3.11/site-packages/airflow/example_dags/example_branch_day_of_week_operator.py
[2024-02-26T04:42:30.448-0500] {processor.py:829} INFO - Processing file /Users/venkatasaisabbineni/Desktop/Airflow_local/airflow_env/lib/python3.11/site-packages/airflow/example_dags/example_branch_day_of_week_operator.py for tasks to queue
[2024-02-26T04:42:30.448-0500] {logging_mixin.py:154} INFO - [2024-02-26T04:42:30.448-0500] {dagbag.py:536} INFO - Filling up the DagBag from /Users/venkatasaisabbineni/Desktop/Airflow_local/airflow_env/lib/python3.11/site-packages/airflow/example_dags/example_branch_day_of_week_operator.py
[2024-02-26T04:42:30.465-0500] {processor.py:839} INFO - DAG(s) dict_keys(['example_weekday_branch_operator']) retrieved from /Users/venkatasaisabbineni/Desktop/Airflow_local/airflow_env/lib/python3.11/site-packages/airflow/example_dags/example_branch_day_of_week_operator.py
[2024-02-26T04:42:30.888-0500] {logging_mixin.py:154} INFO - [2024-02-26T04:42:30.888-0500] {manager.py:499} INFO - Created Permission View: %s
[2024-02-26T04:42:30.893-0500] {logging_mixin.py:154} INFO - [2024-02-26T04:42:30.893-0500] {manager.py:499} INFO - Created Permission View: %s
[2024-02-26T04:42:30.896-0500] {logging_mixin.py:154} INFO - [2024-02-26T04:42:30.896-0500] {manager.py:499} INFO - Created Permission View: %s
[2024-02-26T04:42:30.896-0500] {logging_mixin.py:154} INFO - [2024-02-26T04:42:30.896-0500] {dag.py:2941} INFO - Sync 1 DAGs
[2024-02-26T04:42:30.901-0500] {logging_mixin.py:154} INFO - [2024-02-26T04:42:30.901-0500] {dag.py:2963} INFO - Creating ORM DAG for example_weekday_branch_operator
[2024-02-26T04:42:30.906-0500] {logging_mixin.py:154} INFO - [2024-02-26T04:42:30.906-0500] {dag.py:3722} INFO - Setting next_dagrun for example_weekday_branch_operator to 2024-02-25T00:00:00+00:00, run_after=2024-02-26T00:00:00+00:00
[2024-02-26T04:42:30.915-0500] {processor.py:179} INFO - Processing /Users/venkatasaisabbineni/Desktop/Airflow_local/airflow_env/lib/python3.11/site-packages/airflow/example_dags/example_branch_day_of_week_operator.py took 0.471 seconds
