[2024-02-26T04:27:38.159-0500] {processor.py:157} INFO - Started process (PID=62315) to work on /Users/venkatasaisabbineni/Desktop/Airflow_local/airflow_env/lib/python3.11/site-packages/airflow/example_dags/example_sensor_decorator.py
[2024-02-26T04:27:38.161-0500] {processor.py:829} INFO - Processing file /Users/venkatasaisabbineni/Desktop/Airflow_local/airflow_env/lib/python3.11/site-packages/airflow/example_dags/example_sensor_decorator.py for tasks to queue
[2024-02-26T04:27:38.162-0500] {logging_mixin.py:154} INFO - [2024-02-26T04:27:38.162-0500] {dagbag.py:536} INFO - Filling up the DagBag from /Users/venkatasaisabbineni/Desktop/Airflow_local/airflow_env/lib/python3.11/site-packages/airflow/example_dags/example_sensor_decorator.py
[2024-02-26T04:27:38.193-0500] {processor.py:839} INFO - DAG(s) dict_keys(['example_sensor_decorator']) retrieved from /Users/venkatasaisabbineni/Desktop/Airflow_local/airflow_env/lib/python3.11/site-packages/airflow/example_dags/example_sensor_decorator.py
[2024-02-26T04:27:38.607-0500] {logging_mixin.py:154} INFO - [2024-02-26T04:27:38.606-0500] {manager.py:499} INFO - Created Permission View: %s
[2024-02-26T04:27:38.611-0500] {logging_mixin.py:154} INFO - [2024-02-26T04:27:38.611-0500] {manager.py:499} INFO - Created Permission View: %s
[2024-02-26T04:27:38.614-0500] {logging_mixin.py:154} INFO - [2024-02-26T04:27:38.614-0500] {manager.py:499} INFO - Created Permission View: %s
[2024-02-26T04:27:38.614-0500] {logging_mixin.py:154} INFO - [2024-02-26T04:27:38.614-0500] {dag.py:2941} INFO - Sync 1 DAGs
[2024-02-26T04:27:38.619-0500] {logging_mixin.py:154} INFO - [2024-02-26T04:27:38.619-0500] {dag.py:2963} INFO - Creating ORM DAG for example_sensor_decorator
[2024-02-26T04:27:38.619-0500] {logging_mixin.py:154} INFO - [2024-02-26T04:27:38.619-0500] {dag.py:3722} INFO - Setting next_dagrun for example_sensor_decorator to None, run_after=None
[2024-02-26T04:27:38.630-0500] {processor.py:179} INFO - Processing /Users/venkatasaisabbineni/Desktop/Airflow_local/airflow_env/lib/python3.11/site-packages/airflow/example_dags/example_sensor_decorator.py took 0.472 seconds
[2024-02-26T04:28:31.757-0500] {processor.py:157} INFO - Started process (PID=62482) to work on /Users/venkatasaisabbineni/Desktop/Airflow_local/airflow_env/lib/python3.11/site-packages/airflow/example_dags/example_sensor_decorator.py
[2024-02-26T04:28:31.759-0500] {processor.py:829} INFO - Processing file /Users/venkatasaisabbineni/Desktop/Airflow_local/airflow_env/lib/python3.11/site-packages/airflow/example_dags/example_sensor_decorator.py for tasks to queue
[2024-02-26T04:28:31.760-0500] {logging_mixin.py:154} INFO - [2024-02-26T04:28:31.760-0500] {dagbag.py:536} INFO - Filling up the DagBag from /Users/venkatasaisabbineni/Desktop/Airflow_local/airflow_env/lib/python3.11/site-packages/airflow/example_dags/example_sensor_decorator.py
[2024-02-26T04:28:31.792-0500] {processor.py:839} INFO - DAG(s) dict_keys(['example_sensor_decorator']) retrieved from /Users/venkatasaisabbineni/Desktop/Airflow_local/airflow_env/lib/python3.11/site-packages/airflow/example_dags/example_sensor_decorator.py
[2024-02-26T04:28:31.881-0500] {logging_mixin.py:154} INFO - [2024-02-26T04:28:31.881-0500] {dag.py:2941} INFO - Sync 1 DAGs
[2024-02-26T04:28:31.886-0500] {logging_mixin.py:154} INFO - [2024-02-26T04:28:31.886-0500] {dag.py:3722} INFO - Setting next_dagrun for example_sensor_decorator to None, run_after=None
[2024-02-26T04:28:31.896-0500] {processor.py:179} INFO - Processing /Users/venkatasaisabbineni/Desktop/Airflow_local/airflow_env/lib/python3.11/site-packages/airflow/example_dags/example_sensor_decorator.py took 0.140 seconds
[2024-02-26T04:29:51.206-0500] {processor.py:157} INFO - Started process (PID=62717) to work on /Users/venkatasaisabbineni/Desktop/Airflow_local/airflow_env/lib/python3.11/site-packages/airflow/example_dags/example_sensor_decorator.py
[2024-02-26T04:29:51.209-0500] {processor.py:829} INFO - Processing file /Users/venkatasaisabbineni/Desktop/Airflow_local/airflow_env/lib/python3.11/site-packages/airflow/example_dags/example_sensor_decorator.py for tasks to queue
[2024-02-26T04:29:51.209-0500] {logging_mixin.py:154} INFO - [2024-02-26T04:29:51.209-0500] {dagbag.py:536} INFO - Filling up the DagBag from /Users/venkatasaisabbineni/Desktop/Airflow_local/airflow_env/lib/python3.11/site-packages/airflow/example_dags/example_sensor_decorator.py
[2024-02-26T04:29:51.239-0500] {processor.py:839} INFO - DAG(s) dict_keys(['example_sensor_decorator']) retrieved from /Users/venkatasaisabbineni/Desktop/Airflow_local/airflow_env/lib/python3.11/site-packages/airflow/example_dags/example_sensor_decorator.py
[2024-02-26T04:29:51.326-0500] {logging_mixin.py:154} INFO - [2024-02-26T04:29:51.326-0500] {dag.py:2941} INFO - Sync 1 DAGs
[2024-02-26T04:29:51.331-0500] {logging_mixin.py:154} INFO - [2024-02-26T04:29:51.331-0500] {dag.py:3722} INFO - Setting next_dagrun for example_sensor_decorator to None, run_after=None
[2024-02-26T04:29:51.341-0500] {processor.py:179} INFO - Processing /Users/venkatasaisabbineni/Desktop/Airflow_local/airflow_env/lib/python3.11/site-packages/airflow/example_dags/example_sensor_decorator.py took 0.135 seconds
[2024-02-26T04:31:30.953-0500] {processor.py:157} INFO - Started process (PID=63032) to work on /Users/venkatasaisabbineni/Desktop/Airflow_local/airflow_env/lib/python3.11/site-packages/airflow/example_dags/example_sensor_decorator.py
[2024-02-26T04:31:30.955-0500] {processor.py:829} INFO - Processing file /Users/venkatasaisabbineni/Desktop/Airflow_local/airflow_env/lib/python3.11/site-packages/airflow/example_dags/example_sensor_decorator.py for tasks to queue
[2024-02-26T04:31:30.955-0500] {logging_mixin.py:154} INFO - [2024-02-26T04:31:30.955-0500] {dagbag.py:536} INFO - Filling up the DagBag from /Users/venkatasaisabbineni/Desktop/Airflow_local/airflow_env/lib/python3.11/site-packages/airflow/example_dags/example_sensor_decorator.py
[2024-02-26T04:31:30.986-0500] {processor.py:839} INFO - DAG(s) dict_keys(['example_sensor_decorator']) retrieved from /Users/venkatasaisabbineni/Desktop/Airflow_local/airflow_env/lib/python3.11/site-packages/airflow/example_dags/example_sensor_decorator.py
[2024-02-26T04:31:31.076-0500] {logging_mixin.py:154} INFO - [2024-02-26T04:31:31.075-0500] {dag.py:2941} INFO - Sync 1 DAGs
[2024-02-26T04:31:31.080-0500] {logging_mixin.py:154} INFO - [2024-02-26T04:31:31.080-0500] {dag.py:3722} INFO - Setting next_dagrun for example_sensor_decorator to None, run_after=None
[2024-02-26T04:31:31.090-0500] {processor.py:179} INFO - Processing /Users/venkatasaisabbineni/Desktop/Airflow_local/airflow_env/lib/python3.11/site-packages/airflow/example_dags/example_sensor_decorator.py took 0.138 seconds
[2024-02-26T04:33:14.690-0500] {processor.py:157} INFO - Started process (PID=63394) to work on /Users/venkatasaisabbineni/Desktop/Airflow_local/airflow_env/lib/python3.11/site-packages/airflow/example_dags/example_sensor_decorator.py
[2024-02-26T04:33:14.693-0500] {processor.py:829} INFO - Processing file /Users/venkatasaisabbineni/Desktop/Airflow_local/airflow_env/lib/python3.11/site-packages/airflow/example_dags/example_sensor_decorator.py for tasks to queue
[2024-02-26T04:33:14.693-0500] {logging_mixin.py:154} INFO - [2024-02-26T04:33:14.693-0500] {dagbag.py:536} INFO - Filling up the DagBag from /Users/venkatasaisabbineni/Desktop/Airflow_local/airflow_env/lib/python3.11/site-packages/airflow/example_dags/example_sensor_decorator.py
[2024-02-26T04:33:14.725-0500] {processor.py:839} INFO - DAG(s) dict_keys(['example_sensor_decorator']) retrieved from /Users/venkatasaisabbineni/Desktop/Airflow_local/airflow_env/lib/python3.11/site-packages/airflow/example_dags/example_sensor_decorator.py
[2024-02-26T04:33:14.818-0500] {logging_mixin.py:154} INFO - [2024-02-26T04:33:14.818-0500] {dag.py:2941} INFO - Sync 1 DAGs
[2024-02-26T04:33:14.823-0500] {logging_mixin.py:154} INFO - [2024-02-26T04:33:14.823-0500] {dag.py:3722} INFO - Setting next_dagrun for example_sensor_decorator to None, run_after=None
[2024-02-26T04:33:14.834-0500] {processor.py:179} INFO - Processing /Users/venkatasaisabbineni/Desktop/Airflow_local/airflow_env/lib/python3.11/site-packages/airflow/example_dags/example_sensor_decorator.py took 0.145 seconds
[2024-02-26T04:34:07.000-0500] {processor.py:157} INFO - Started process (PID=63554) to work on /Users/venkatasaisabbineni/Desktop/Airflow_local/airflow_env/lib/python3.11/site-packages/airflow/example_dags/example_sensor_decorator.py
[2024-02-26T04:34:07.003-0500] {processor.py:829} INFO - Processing file /Users/venkatasaisabbineni/Desktop/Airflow_local/airflow_env/lib/python3.11/site-packages/airflow/example_dags/example_sensor_decorator.py for tasks to queue
[2024-02-26T04:34:07.004-0500] {logging_mixin.py:154} INFO - [2024-02-26T04:34:07.004-0500] {dagbag.py:536} INFO - Filling up the DagBag from /Users/venkatasaisabbineni/Desktop/Airflow_local/airflow_env/lib/python3.11/site-packages/airflow/example_dags/example_sensor_decorator.py
[2024-02-26T04:34:07.034-0500] {processor.py:839} INFO - DAG(s) dict_keys(['example_sensor_decorator']) retrieved from /Users/venkatasaisabbineni/Desktop/Airflow_local/airflow_env/lib/python3.11/site-packages/airflow/example_dags/example_sensor_decorator.py
[2024-02-26T04:34:07.123-0500] {logging_mixin.py:154} INFO - [2024-02-26T04:34:07.123-0500] {dag.py:2941} INFO - Sync 1 DAGs
[2024-02-26T04:34:07.127-0500] {logging_mixin.py:154} INFO - [2024-02-26T04:34:07.127-0500] {dag.py:3722} INFO - Setting next_dagrun for example_sensor_decorator to None, run_after=None
[2024-02-26T04:34:07.138-0500] {processor.py:179} INFO - Processing /Users/venkatasaisabbineni/Desktop/Airflow_local/airflow_env/lib/python3.11/site-packages/airflow/example_dags/example_sensor_decorator.py took 0.139 seconds
[2024-02-26T04:37:47.937-0500] {processor.py:157} INFO - Started process (PID=64209) to work on /Users/venkatasaisabbineni/Desktop/Airflow_local/airflow_env/lib/python3.11/site-packages/airflow/example_dags/example_sensor_decorator.py
[2024-02-26T04:37:47.941-0500] {processor.py:829} INFO - Processing file /Users/venkatasaisabbineni/Desktop/Airflow_local/airflow_env/lib/python3.11/site-packages/airflow/example_dags/example_sensor_decorator.py for tasks to queue
[2024-02-26T04:37:47.941-0500] {logging_mixin.py:154} INFO - [2024-02-26T04:37:47.941-0500] {dagbag.py:536} INFO - Filling up the DagBag from /Users/venkatasaisabbineni/Desktop/Airflow_local/airflow_env/lib/python3.11/site-packages/airflow/example_dags/example_sensor_decorator.py
[2024-02-26T04:37:47.972-0500] {processor.py:839} INFO - DAG(s) dict_keys(['example_sensor_decorator']) retrieved from /Users/venkatasaisabbineni/Desktop/Airflow_local/airflow_env/lib/python3.11/site-packages/airflow/example_dags/example_sensor_decorator.py
[2024-02-26T04:37:48.067-0500] {logging_mixin.py:154} INFO - [2024-02-26T04:37:48.067-0500] {dag.py:2941} INFO - Sync 1 DAGs
[2024-02-26T04:37:48.074-0500] {logging_mixin.py:154} INFO - [2024-02-26T04:37:48.074-0500] {dag.py:3722} INFO - Setting next_dagrun for example_sensor_decorator to None, run_after=None
[2024-02-26T04:37:48.085-0500] {processor.py:179} INFO - Processing /Users/venkatasaisabbineni/Desktop/Airflow_local/airflow_env/lib/python3.11/site-packages/airflow/example_dags/example_sensor_decorator.py took 0.149 seconds
[2024-02-26T04:39:01.297-0500] {processor.py:157} INFO - Started process (PID=64443) to work on /Users/venkatasaisabbineni/Desktop/Airflow_local/airflow_env/lib/python3.11/site-packages/airflow/example_dags/example_sensor_decorator.py
[2024-02-26T04:39:01.301-0500] {processor.py:829} INFO - Processing file /Users/venkatasaisabbineni/Desktop/Airflow_local/airflow_env/lib/python3.11/site-packages/airflow/example_dags/example_sensor_decorator.py for tasks to queue
[2024-02-26T04:39:01.301-0500] {logging_mixin.py:154} INFO - [2024-02-26T04:39:01.301-0500] {dagbag.py:536} INFO - Filling up the DagBag from /Users/venkatasaisabbineni/Desktop/Airflow_local/airflow_env/lib/python3.11/site-packages/airflow/example_dags/example_sensor_decorator.py
[2024-02-26T04:39:01.332-0500] {processor.py:839} INFO - DAG(s) dict_keys(['example_sensor_decorator']) retrieved from /Users/venkatasaisabbineni/Desktop/Airflow_local/airflow_env/lib/python3.11/site-packages/airflow/example_dags/example_sensor_decorator.py
[2024-02-26T04:39:01.421-0500] {logging_mixin.py:154} INFO - [2024-02-26T04:39:01.421-0500] {dag.py:2941} INFO - Sync 1 DAGs
[2024-02-26T04:39:01.426-0500] {logging_mixin.py:154} INFO - [2024-02-26T04:39:01.426-0500] {dag.py:3722} INFO - Setting next_dagrun for example_sensor_decorator to None, run_after=None
[2024-02-26T04:39:01.437-0500] {processor.py:179} INFO - Processing /Users/venkatasaisabbineni/Desktop/Airflow_local/airflow_env/lib/python3.11/site-packages/airflow/example_dags/example_sensor_decorator.py took 0.141 seconds
[2024-02-26T04:41:50.870-0500] {processor.py:157} INFO - Started process (PID=64905) to work on /Users/venkatasaisabbineni/Desktop/Airflow_local/airflow_env/lib/python3.11/site-packages/airflow/example_dags/example_sensor_decorator.py
[2024-02-26T04:41:50.874-0500] {processor.py:829} INFO - Processing file /Users/venkatasaisabbineni/Desktop/Airflow_local/airflow_env/lib/python3.11/site-packages/airflow/example_dags/example_sensor_decorator.py for tasks to queue
[2024-02-26T04:41:50.874-0500] {logging_mixin.py:154} INFO - [2024-02-26T04:41:50.874-0500] {dagbag.py:536} INFO - Filling up the DagBag from /Users/venkatasaisabbineni/Desktop/Airflow_local/airflow_env/lib/python3.11/site-packages/airflow/example_dags/example_sensor_decorator.py
[2024-02-26T04:41:50.905-0500] {processor.py:839} INFO - DAG(s) dict_keys(['example_sensor_decorator']) retrieved from /Users/venkatasaisabbineni/Desktop/Airflow_local/airflow_env/lib/python3.11/site-packages/airflow/example_dags/example_sensor_decorator.py
[2024-02-26T04:41:51.332-0500] {logging_mixin.py:154} INFO - [2024-02-26T04:41:51.332-0500] {manager.py:499} INFO - Created Permission View: %s
[2024-02-26T04:41:51.336-0500] {logging_mixin.py:154} INFO - [2024-02-26T04:41:51.336-0500] {manager.py:499} INFO - Created Permission View: %s
[2024-02-26T04:41:51.339-0500] {logging_mixin.py:154} INFO - [2024-02-26T04:41:51.339-0500] {manager.py:499} INFO - Created Permission View: %s
[2024-02-26T04:41:51.339-0500] {logging_mixin.py:154} INFO - [2024-02-26T04:41:51.339-0500] {dag.py:2941} INFO - Sync 1 DAGs
[2024-02-26T04:41:51.344-0500] {logging_mixin.py:154} INFO - [2024-02-26T04:41:51.344-0500] {dag.py:2963} INFO - Creating ORM DAG for example_sensor_decorator
[2024-02-26T04:41:51.344-0500] {logging_mixin.py:154} INFO - [2024-02-26T04:41:51.344-0500] {dag.py:3722} INFO - Setting next_dagrun for example_sensor_decorator to None, run_after=None
[2024-02-26T04:41:51.354-0500] {processor.py:179} INFO - Processing /Users/venkatasaisabbineni/Desktop/Airflow_local/airflow_env/lib/python3.11/site-packages/airflow/example_dags/example_sensor_decorator.py took 0.485 seconds
[2024-02-26T04:43:17.555-0500] {processor.py:157} INFO - Started process (PID=65159) to work on /Users/venkatasaisabbineni/Desktop/Airflow_local/airflow_env/lib/python3.11/site-packages/airflow/example_dags/example_sensor_decorator.py
[2024-02-26T04:43:17.559-0500] {processor.py:829} INFO - Processing file /Users/venkatasaisabbineni/Desktop/Airflow_local/airflow_env/lib/python3.11/site-packages/airflow/example_dags/example_sensor_decorator.py for tasks to queue
[2024-02-26T04:43:17.560-0500] {logging_mixin.py:154} INFO - [2024-02-26T04:43:17.560-0500] {dagbag.py:536} INFO - Filling up the DagBag from /Users/venkatasaisabbineni/Desktop/Airflow_local/airflow_env/lib/python3.11/site-packages/airflow/example_dags/example_sensor_decorator.py
[2024-02-26T04:43:17.610-0500] {processor.py:839} INFO - DAG(s) dict_keys(['example_sensor_decorator']) retrieved from /Users/venkatasaisabbineni/Desktop/Airflow_local/airflow_env/lib/python3.11/site-packages/airflow/example_dags/example_sensor_decorator.py
[2024-02-26T04:43:17.793-0500] {logging_mixin.py:154} INFO - [2024-02-26T04:43:17.793-0500] {dag.py:2941} INFO - Sync 1 DAGs
[2024-02-26T04:43:17.802-0500] {logging_mixin.py:154} INFO - [2024-02-26T04:43:17.802-0500] {dag.py:3722} INFO - Setting next_dagrun for example_sensor_decorator to None, run_after=None
[2024-02-26T04:43:17.819-0500] {processor.py:179} INFO - Processing /Users/venkatasaisabbineni/Desktop/Airflow_local/airflow_env/lib/python3.11/site-packages/airflow/example_dags/example_sensor_decorator.py took 0.265 seconds
