[2024-02-26T04:27:07.460-0500] {processor.py:157} INFO - Started process (PID=62239) to work on /Users/venkatasaisabbineni/Desktop/Airflow_local/airflow_env/lib/python3.11/site-packages/airflow/example_dags/example_xcomargs.py
[2024-02-26T04:27:07.462-0500] {processor.py:829} INFO - Processing file /Users/venkatasaisabbineni/Desktop/Airflow_local/airflow_env/lib/python3.11/site-packages/airflow/example_dags/example_xcomargs.py for tasks to queue
[2024-02-26T04:27:07.463-0500] {logging_mixin.py:154} INFO - [2024-02-26T04:27:07.463-0500] {dagbag.py:536} INFO - Filling up the DagBag from /Users/venkatasaisabbineni/Desktop/Airflow_local/airflow_env/lib/python3.11/site-packages/airflow/example_dags/example_xcomargs.py
[2024-02-26T04:27:07.495-0500] {processor.py:839} INFO - DAG(s) dict_keys(['example_xcom_args', 'example_xcom_args_with_operators']) retrieved from /Users/venkatasaisabbineni/Desktop/Airflow_local/airflow_env/lib/python3.11/site-packages/airflow/example_dags/example_xcomargs.py
[2024-02-26T04:27:07.900-0500] {logging_mixin.py:154} INFO - [2024-02-26T04:27:07.900-0500] {manager.py:499} INFO - Created Permission View: %s
[2024-02-26T04:27:07.905-0500] {logging_mixin.py:154} INFO - [2024-02-26T04:27:07.905-0500] {manager.py:499} INFO - Created Permission View: %s
[2024-02-26T04:27:07.907-0500] {logging_mixin.py:154} INFO - [2024-02-26T04:27:07.907-0500] {manager.py:499} INFO - Created Permission View: %s
[2024-02-26T04:27:07.914-0500] {logging_mixin.py:154} INFO - [2024-02-26T04:27:07.914-0500] {manager.py:499} INFO - Created Permission View: %s
[2024-02-26T04:27:07.916-0500] {logging_mixin.py:154} INFO - [2024-02-26T04:27:07.916-0500] {manager.py:499} INFO - Created Permission View: %s
[2024-02-26T04:27:07.919-0500] {logging_mixin.py:154} INFO - [2024-02-26T04:27:07.919-0500] {manager.py:499} INFO - Created Permission View: %s
[2024-02-26T04:27:07.919-0500] {logging_mixin.py:154} INFO - [2024-02-26T04:27:07.919-0500] {dag.py:2941} INFO - Sync 2 DAGs
[2024-02-26T04:27:07.924-0500] {logging_mixin.py:154} INFO - [2024-02-26T04:27:07.924-0500] {dag.py:2963} INFO - Creating ORM DAG for example_xcom_args_with_operators
[2024-02-26T04:27:07.924-0500] {logging_mixin.py:154} INFO - [2024-02-26T04:27:07.924-0500] {dag.py:2963} INFO - Creating ORM DAG for example_xcom_args
[2024-02-26T04:27:07.924-0500] {logging_mixin.py:154} INFO - [2024-02-26T04:27:07.924-0500] {dag.py:3722} INFO - Setting next_dagrun for example_xcom_args to None, run_after=None
[2024-02-26T04:27:07.925-0500] {logging_mixin.py:154} INFO - [2024-02-26T04:27:07.925-0500] {dag.py:3722} INFO - Setting next_dagrun for example_xcom_args_with_operators to None, run_after=None
[2024-02-26T04:27:07.934-0500] {processor.py:179} INFO - Processing /Users/venkatasaisabbineni/Desktop/Airflow_local/airflow_env/lib/python3.11/site-packages/airflow/example_dags/example_xcomargs.py took 0.475 seconds
[2024-02-26T04:28:04.402-0500] {processor.py:157} INFO - Started process (PID=62408) to work on /Users/venkatasaisabbineni/Desktop/Airflow_local/airflow_env/lib/python3.11/site-packages/airflow/example_dags/example_xcomargs.py
[2024-02-26T04:28:04.404-0500] {processor.py:829} INFO - Processing file /Users/venkatasaisabbineni/Desktop/Airflow_local/airflow_env/lib/python3.11/site-packages/airflow/example_dags/example_xcomargs.py for tasks to queue
[2024-02-26T04:28:04.405-0500] {logging_mixin.py:154} INFO - [2024-02-26T04:28:04.405-0500] {dagbag.py:536} INFO - Filling up the DagBag from /Users/venkatasaisabbineni/Desktop/Airflow_local/airflow_env/lib/python3.11/site-packages/airflow/example_dags/example_xcomargs.py
[2024-02-26T04:28:04.449-0500] {processor.py:839} INFO - DAG(s) dict_keys(['example_xcom_args_with_operators', 'example_xcom_args']) retrieved from /Users/venkatasaisabbineni/Desktop/Airflow_local/airflow_env/lib/python3.11/site-packages/airflow/example_dags/example_xcomargs.py
[2024-02-26T04:28:04.476-0500] {logging_mixin.py:154} INFO - [2024-02-26T04:28:04.476-0500] {dag.py:2941} INFO - Sync 2 DAGs
[2024-02-26T04:28:04.542-0500] {logging_mixin.py:154} INFO - [2024-02-26T04:28:04.542-0500] {dag.py:3722} INFO - Setting next_dagrun for example_xcom_args to None, run_after=None
[2024-02-26T04:28:04.545-0500] {logging_mixin.py:154} INFO - [2024-02-26T04:28:04.544-0500] {dag.py:3722} INFO - Setting next_dagrun for example_xcom_args_with_operators to None, run_after=None
[2024-02-26T04:28:04.557-0500] {processor.py:179} INFO - Processing /Users/venkatasaisabbineni/Desktop/Airflow_local/airflow_env/lib/python3.11/site-packages/airflow/example_dags/example_xcomargs.py took 0.156 seconds
[2024-02-26T04:29:24.821-0500] {processor.py:157} INFO - Started process (PID=62634) to work on /Users/venkatasaisabbineni/Desktop/Airflow_local/airflow_env/lib/python3.11/site-packages/airflow/example_dags/example_xcomargs.py
[2024-02-26T04:29:24.823-0500] {processor.py:829} INFO - Processing file /Users/venkatasaisabbineni/Desktop/Airflow_local/airflow_env/lib/python3.11/site-packages/airflow/example_dags/example_xcomargs.py for tasks to queue
[2024-02-26T04:29:24.823-0500] {logging_mixin.py:154} INFO - [2024-02-26T04:29:24.823-0500] {dagbag.py:536} INFO - Filling up the DagBag from /Users/venkatasaisabbineni/Desktop/Airflow_local/airflow_env/lib/python3.11/site-packages/airflow/example_dags/example_xcomargs.py
[2024-02-26T04:29:24.855-0500] {processor.py:839} INFO - DAG(s) dict_keys(['example_xcom_args', 'example_xcom_args_with_operators']) retrieved from /Users/venkatasaisabbineni/Desktop/Airflow_local/airflow_env/lib/python3.11/site-packages/airflow/example_dags/example_xcomargs.py
[2024-02-26T04:29:24.940-0500] {logging_mixin.py:154} INFO - [2024-02-26T04:29:24.940-0500] {dag.py:2941} INFO - Sync 2 DAGs
[2024-02-26T04:29:24.945-0500] {logging_mixin.py:154} INFO - [2024-02-26T04:29:24.944-0500] {dag.py:3722} INFO - Setting next_dagrun for example_xcom_args to None, run_after=None
[2024-02-26T04:29:24.946-0500] {logging_mixin.py:154} INFO - [2024-02-26T04:29:24.946-0500] {dag.py:3722} INFO - Setting next_dagrun for example_xcom_args_with_operators to None, run_after=None
[2024-02-26T04:29:24.955-0500] {processor.py:179} INFO - Processing /Users/venkatasaisabbineni/Desktop/Airflow_local/airflow_env/lib/python3.11/site-packages/airflow/example_dags/example_xcomargs.py took 0.135 seconds
[2024-02-26T04:30:13.717-0500] {processor.py:157} INFO - Started process (PID=62791) to work on /Users/venkatasaisabbineni/Desktop/Airflow_local/airflow_env/lib/python3.11/site-packages/airflow/example_dags/example_xcomargs.py
[2024-02-26T04:30:13.720-0500] {processor.py:829} INFO - Processing file /Users/venkatasaisabbineni/Desktop/Airflow_local/airflow_env/lib/python3.11/site-packages/airflow/example_dags/example_xcomargs.py for tasks to queue
[2024-02-26T04:30:13.720-0500] {logging_mixin.py:154} INFO - [2024-02-26T04:30:13.720-0500] {dagbag.py:536} INFO - Filling up the DagBag from /Users/venkatasaisabbineni/Desktop/Airflow_local/airflow_env/lib/python3.11/site-packages/airflow/example_dags/example_xcomargs.py
[2024-02-26T04:30:13.759-0500] {processor.py:839} INFO - DAG(s) dict_keys(['example_xcom_args', 'example_xcom_args_with_operators']) retrieved from /Users/venkatasaisabbineni/Desktop/Airflow_local/airflow_env/lib/python3.11/site-packages/airflow/example_dags/example_xcomargs.py
[2024-02-26T04:30:13.855-0500] {logging_mixin.py:154} INFO - [2024-02-26T04:30:13.855-0500] {dag.py:2941} INFO - Sync 2 DAGs
[2024-02-26T04:30:13.861-0500] {logging_mixin.py:154} INFO - [2024-02-26T04:30:13.861-0500] {dag.py:3722} INFO - Setting next_dagrun for example_xcom_args to None, run_after=None
[2024-02-26T04:30:13.863-0500] {logging_mixin.py:154} INFO - [2024-02-26T04:30:13.863-0500] {dag.py:3722} INFO - Setting next_dagrun for example_xcom_args_with_operators to None, run_after=None
[2024-02-26T04:30:13.873-0500] {processor.py:179} INFO - Processing /Users/venkatasaisabbineni/Desktop/Airflow_local/airflow_env/lib/python3.11/site-packages/airflow/example_dags/example_xcomargs.py took 0.156 seconds
[2024-02-26T04:31:04.784-0500] {processor.py:157} INFO - Started process (PID=62957) to work on /Users/venkatasaisabbineni/Desktop/Airflow_local/airflow_env/lib/python3.11/site-packages/airflow/example_dags/example_xcomargs.py
[2024-02-26T04:31:04.786-0500] {processor.py:829} INFO - Processing file /Users/venkatasaisabbineni/Desktop/Airflow_local/airflow_env/lib/python3.11/site-packages/airflow/example_dags/example_xcomargs.py for tasks to queue
[2024-02-26T04:31:04.787-0500] {logging_mixin.py:154} INFO - [2024-02-26T04:31:04.787-0500] {dagbag.py:536} INFO - Filling up the DagBag from /Users/venkatasaisabbineni/Desktop/Airflow_local/airflow_env/lib/python3.11/site-packages/airflow/example_dags/example_xcomargs.py
[2024-02-26T04:31:04.819-0500] {processor.py:839} INFO - DAG(s) dict_keys(['example_xcom_args', 'example_xcom_args_with_operators']) retrieved from /Users/venkatasaisabbineni/Desktop/Airflow_local/airflow_env/lib/python3.11/site-packages/airflow/example_dags/example_xcomargs.py
[2024-02-26T04:31:04.906-0500] {logging_mixin.py:154} INFO - [2024-02-26T04:31:04.906-0500] {dag.py:2941} INFO - Sync 2 DAGs
[2024-02-26T04:31:04.911-0500] {logging_mixin.py:154} INFO - [2024-02-26T04:31:04.911-0500] {dag.py:3722} INFO - Setting next_dagrun for example_xcom_args to None, run_after=None
[2024-02-26T04:31:04.913-0500] {logging_mixin.py:154} INFO - [2024-02-26T04:31:04.912-0500] {dag.py:3722} INFO - Setting next_dagrun for example_xcom_args_with_operators to None, run_after=None
[2024-02-26T04:31:04.922-0500] {processor.py:179} INFO - Processing /Users/venkatasaisabbineni/Desktop/Airflow_local/airflow_env/lib/python3.11/site-packages/airflow/example_dags/example_xcomargs.py took 0.138 seconds
[2024-02-26T04:31:54.697-0500] {processor.py:157} INFO - Started process (PID=63106) to work on /Users/venkatasaisabbineni/Desktop/Airflow_local/airflow_env/lib/python3.11/site-packages/airflow/example_dags/example_xcomargs.py
[2024-02-26T04:31:54.700-0500] {processor.py:829} INFO - Processing file /Users/venkatasaisabbineni/Desktop/Airflow_local/airflow_env/lib/python3.11/site-packages/airflow/example_dags/example_xcomargs.py for tasks to queue
[2024-02-26T04:31:54.700-0500] {logging_mixin.py:154} INFO - [2024-02-26T04:31:54.700-0500] {dagbag.py:536} INFO - Filling up the DagBag from /Users/venkatasaisabbineni/Desktop/Airflow_local/airflow_env/lib/python3.11/site-packages/airflow/example_dags/example_xcomargs.py
[2024-02-26T04:31:54.740-0500] {processor.py:839} INFO - DAG(s) dict_keys(['example_xcom_args_with_operators', 'example_xcom_args']) retrieved from /Users/venkatasaisabbineni/Desktop/Airflow_local/airflow_env/lib/python3.11/site-packages/airflow/example_dags/example_xcomargs.py
[2024-02-26T04:31:54.828-0500] {logging_mixin.py:154} INFO - [2024-02-26T04:31:54.828-0500] {dag.py:2941} INFO - Sync 2 DAGs
[2024-02-26T04:31:54.833-0500] {logging_mixin.py:154} INFO - [2024-02-26T04:31:54.833-0500] {dag.py:3722} INFO - Setting next_dagrun for example_xcom_args to None, run_after=None
[2024-02-26T04:31:54.835-0500] {logging_mixin.py:154} INFO - [2024-02-26T04:31:54.835-0500] {dag.py:3722} INFO - Setting next_dagrun for example_xcom_args_with_operators to None, run_after=None
[2024-02-26T04:31:54.844-0500] {processor.py:179} INFO - Processing /Users/venkatasaisabbineni/Desktop/Airflow_local/airflow_env/lib/python3.11/site-packages/airflow/example_dags/example_xcomargs.py took 0.148 seconds
[2024-02-26T04:32:47.700-0500] {processor.py:157} INFO - Started process (PID=63311) to work on /Users/venkatasaisabbineni/Desktop/Airflow_local/airflow_env/lib/python3.11/site-packages/airflow/example_dags/example_xcomargs.py
[2024-02-26T04:32:47.702-0500] {processor.py:829} INFO - Processing file /Users/venkatasaisabbineni/Desktop/Airflow_local/airflow_env/lib/python3.11/site-packages/airflow/example_dags/example_xcomargs.py for tasks to queue
[2024-02-26T04:32:47.702-0500] {logging_mixin.py:154} INFO - [2024-02-26T04:32:47.702-0500] {dagbag.py:536} INFO - Filling up the DagBag from /Users/venkatasaisabbineni/Desktop/Airflow_local/airflow_env/lib/python3.11/site-packages/airflow/example_dags/example_xcomargs.py
[2024-02-26T04:32:47.735-0500] {processor.py:839} INFO - DAG(s) dict_keys(['example_xcom_args_with_operators', 'example_xcom_args']) retrieved from /Users/venkatasaisabbineni/Desktop/Airflow_local/airflow_env/lib/python3.11/site-packages/airflow/example_dags/example_xcomargs.py
[2024-02-26T04:32:47.822-0500] {logging_mixin.py:154} INFO - [2024-02-26T04:32:47.822-0500] {dag.py:2941} INFO - Sync 2 DAGs
[2024-02-26T04:32:47.827-0500] {logging_mixin.py:154} INFO - [2024-02-26T04:32:47.827-0500] {dag.py:3722} INFO - Setting next_dagrun for example_xcom_args to None, run_after=None
[2024-02-26T04:32:47.828-0500] {logging_mixin.py:154} INFO - [2024-02-26T04:32:47.828-0500] {dag.py:3722} INFO - Setting next_dagrun for example_xcom_args_with_operators to None, run_after=None
[2024-02-26T04:32:47.837-0500] {processor.py:179} INFO - Processing /Users/venkatasaisabbineni/Desktop/Airflow_local/airflow_env/lib/python3.11/site-packages/airflow/example_dags/example_xcomargs.py took 0.138 seconds
[2024-02-26T04:33:39.567-0500] {processor.py:157} INFO - Started process (PID=63485) to work on /Users/venkatasaisabbineni/Desktop/Airflow_local/airflow_env/lib/python3.11/site-packages/airflow/example_dags/example_xcomargs.py
[2024-02-26T04:33:39.571-0500] {processor.py:829} INFO - Processing file /Users/venkatasaisabbineni/Desktop/Airflow_local/airflow_env/lib/python3.11/site-packages/airflow/example_dags/example_xcomargs.py for tasks to queue
[2024-02-26T04:33:39.571-0500] {logging_mixin.py:154} INFO - [2024-02-26T04:33:39.571-0500] {dagbag.py:536} INFO - Filling up the DagBag from /Users/venkatasaisabbineni/Desktop/Airflow_local/airflow_env/lib/python3.11/site-packages/airflow/example_dags/example_xcomargs.py
[2024-02-26T04:33:39.606-0500] {processor.py:839} INFO - DAG(s) dict_keys(['example_xcom_args_with_operators', 'example_xcom_args']) retrieved from /Users/venkatasaisabbineni/Desktop/Airflow_local/airflow_env/lib/python3.11/site-packages/airflow/example_dags/example_xcomargs.py
[2024-02-26T04:33:39.626-0500] {logging_mixin.py:154} INFO - [2024-02-26T04:33:39.626-0500] {dag.py:2941} INFO - Sync 2 DAGs
[2024-02-26T04:33:39.668-0500] {logging_mixin.py:154} INFO - [2024-02-26T04:33:39.668-0500] {dag.py:3722} INFO - Setting next_dagrun for example_xcom_args to None, run_after=None
[2024-02-26T04:33:39.669-0500] {logging_mixin.py:154} INFO - [2024-02-26T04:33:39.669-0500] {dag.py:3722} INFO - Setting next_dagrun for example_xcom_args_with_operators to None, run_after=None
[2024-02-26T04:33:39.679-0500] {processor.py:179} INFO - Processing /Users/venkatasaisabbineni/Desktop/Airflow_local/airflow_env/lib/python3.11/site-packages/airflow/example_dags/example_xcomargs.py took 0.113 seconds
[2024-02-26T04:37:22.576-0500] {processor.py:157} INFO - Started process (PID=64139) to work on /Users/venkatasaisabbineni/Desktop/Airflow_local/airflow_env/lib/python3.11/site-packages/airflow/example_dags/example_xcomargs.py
[2024-02-26T04:37:22.581-0500] {processor.py:829} INFO - Processing file /Users/venkatasaisabbineni/Desktop/Airflow_local/airflow_env/lib/python3.11/site-packages/airflow/example_dags/example_xcomargs.py for tasks to queue
[2024-02-26T04:37:22.581-0500] {logging_mixin.py:154} INFO - [2024-02-26T04:37:22.581-0500] {dagbag.py:536} INFO - Filling up the DagBag from /Users/venkatasaisabbineni/Desktop/Airflow_local/airflow_env/lib/python3.11/site-packages/airflow/example_dags/example_xcomargs.py
[2024-02-26T04:37:22.614-0500] {processor.py:839} INFO - DAG(s) dict_keys(['example_xcom_args', 'example_xcom_args_with_operators']) retrieved from /Users/venkatasaisabbineni/Desktop/Airflow_local/airflow_env/lib/python3.11/site-packages/airflow/example_dags/example_xcomargs.py
[2024-02-26T04:37:22.634-0500] {logging_mixin.py:154} INFO - [2024-02-26T04:37:22.634-0500] {dag.py:2941} INFO - Sync 2 DAGs
[2024-02-26T04:37:22.675-0500] {logging_mixin.py:154} INFO - [2024-02-26T04:37:22.675-0500] {dag.py:3722} INFO - Setting next_dagrun for example_xcom_args to None, run_after=None
[2024-02-26T04:37:22.676-0500] {logging_mixin.py:154} INFO - [2024-02-26T04:37:22.676-0500] {dag.py:3722} INFO - Setting next_dagrun for example_xcom_args_with_operators to None, run_after=None
[2024-02-26T04:37:22.686-0500] {processor.py:179} INFO - Processing /Users/venkatasaisabbineni/Desktop/Airflow_local/airflow_env/lib/python3.11/site-packages/airflow/example_dags/example_xcomargs.py took 0.110 seconds
[2024-02-26T04:38:33.796-0500] {processor.py:157} INFO - Started process (PID=64371) to work on /Users/venkatasaisabbineni/Desktop/Airflow_local/airflow_env/lib/python3.11/site-packages/airflow/example_dags/example_xcomargs.py
[2024-02-26T04:38:33.799-0500] {processor.py:829} INFO - Processing file /Users/venkatasaisabbineni/Desktop/Airflow_local/airflow_env/lib/python3.11/site-packages/airflow/example_dags/example_xcomargs.py for tasks to queue
[2024-02-26T04:38:33.799-0500] {logging_mixin.py:154} INFO - [2024-02-26T04:38:33.799-0500] {dagbag.py:536} INFO - Filling up the DagBag from /Users/venkatasaisabbineni/Desktop/Airflow_local/airflow_env/lib/python3.11/site-packages/airflow/example_dags/example_xcomargs.py
[2024-02-26T04:38:33.835-0500] {processor.py:839} INFO - DAG(s) dict_keys(['example_xcom_args', 'example_xcom_args_with_operators']) retrieved from /Users/venkatasaisabbineni/Desktop/Airflow_local/airflow_env/lib/python3.11/site-packages/airflow/example_dags/example_xcomargs.py
[2024-02-26T04:38:33.872-0500] {logging_mixin.py:154} INFO - [2024-02-26T04:38:33.872-0500] {dag.py:2941} INFO - Sync 2 DAGs
[2024-02-26T04:38:33.923-0500] {logging_mixin.py:154} INFO - [2024-02-26T04:38:33.923-0500] {dag.py:3722} INFO - Setting next_dagrun for example_xcom_args to None, run_after=None
[2024-02-26T04:38:33.925-0500] {logging_mixin.py:154} INFO - [2024-02-26T04:38:33.925-0500] {dag.py:3722} INFO - Setting next_dagrun for example_xcom_args_with_operators to None, run_after=None
[2024-02-26T04:38:33.936-0500] {processor.py:179} INFO - Processing /Users/venkatasaisabbineni/Desktop/Airflow_local/airflow_env/lib/python3.11/site-packages/airflow/example_dags/example_xcomargs.py took 0.141 seconds
[2024-02-26T04:41:18.138-0500] {processor.py:157} INFO - Started process (PID=64805) to work on /Users/venkatasaisabbineni/Desktop/Airflow_local/airflow_env/lib/python3.11/site-packages/airflow/example_dags/example_xcomargs.py
[2024-02-26T04:41:18.143-0500] {processor.py:829} INFO - Processing file /Users/venkatasaisabbineni/Desktop/Airflow_local/airflow_env/lib/python3.11/site-packages/airflow/example_dags/example_xcomargs.py for tasks to queue
[2024-02-26T04:41:18.143-0500] {logging_mixin.py:154} INFO - [2024-02-26T04:41:18.143-0500] {dagbag.py:536} INFO - Filling up the DagBag from /Users/venkatasaisabbineni/Desktop/Airflow_local/airflow_env/lib/python3.11/site-packages/airflow/example_dags/example_xcomargs.py
[2024-02-26T04:41:18.177-0500] {processor.py:839} INFO - DAG(s) dict_keys(['example_xcom_args', 'example_xcom_args_with_operators']) retrieved from /Users/venkatasaisabbineni/Desktop/Airflow_local/airflow_env/lib/python3.11/site-packages/airflow/example_dags/example_xcomargs.py
[2024-02-26T04:41:18.606-0500] {logging_mixin.py:154} INFO - [2024-02-26T04:41:18.605-0500] {manager.py:499} INFO - Created Permission View: %s
[2024-02-26T04:41:18.610-0500] {logging_mixin.py:154} INFO - [2024-02-26T04:41:18.610-0500] {manager.py:499} INFO - Created Permission View: %s
[2024-02-26T04:41:18.613-0500] {logging_mixin.py:154} INFO - [2024-02-26T04:41:18.613-0500] {manager.py:499} INFO - Created Permission View: %s
[2024-02-26T04:41:18.620-0500] {logging_mixin.py:154} INFO - [2024-02-26T04:41:18.620-0500] {manager.py:499} INFO - Created Permission View: %s
[2024-02-26T04:41:18.622-0500] {logging_mixin.py:154} INFO - [2024-02-26T04:41:18.622-0500] {manager.py:499} INFO - Created Permission View: %s
[2024-02-26T04:41:18.625-0500] {logging_mixin.py:154} INFO - [2024-02-26T04:41:18.625-0500] {manager.py:499} INFO - Created Permission View: %s
[2024-02-26T04:41:18.625-0500] {logging_mixin.py:154} INFO - [2024-02-26T04:41:18.625-0500] {dag.py:2941} INFO - Sync 2 DAGs
[2024-02-26T04:41:18.630-0500] {logging_mixin.py:154} INFO - [2024-02-26T04:41:18.630-0500] {dag.py:2963} INFO - Creating ORM DAG for example_xcom_args_with_operators
[2024-02-26T04:41:18.630-0500] {logging_mixin.py:154} INFO - [2024-02-26T04:41:18.630-0500] {dag.py:2963} INFO - Creating ORM DAG for example_xcom_args
[2024-02-26T04:41:18.630-0500] {logging_mixin.py:154} INFO - [2024-02-26T04:41:18.630-0500] {dag.py:3722} INFO - Setting next_dagrun for example_xcom_args to None, run_after=None
[2024-02-26T04:41:18.631-0500] {logging_mixin.py:154} INFO - [2024-02-26T04:41:18.631-0500] {dag.py:3722} INFO - Setting next_dagrun for example_xcom_args_with_operators to None, run_after=None
[2024-02-26T04:41:18.642-0500] {processor.py:179} INFO - Processing /Users/venkatasaisabbineni/Desktop/Airflow_local/airflow_env/lib/python3.11/site-packages/airflow/example_dags/example_xcomargs.py took 0.504 seconds
[2024-02-26T04:42:50.108-0500] {processor.py:157} INFO - Started process (PID=65085) to work on /Users/venkatasaisabbineni/Desktop/Airflow_local/airflow_env/lib/python3.11/site-packages/airflow/example_dags/example_xcomargs.py
[2024-02-26T04:42:50.111-0500] {processor.py:829} INFO - Processing file /Users/venkatasaisabbineni/Desktop/Airflow_local/airflow_env/lib/python3.11/site-packages/airflow/example_dags/example_xcomargs.py for tasks to queue
[2024-02-26T04:42:50.112-0500] {logging_mixin.py:154} INFO - [2024-02-26T04:42:50.111-0500] {dagbag.py:536} INFO - Filling up the DagBag from /Users/venkatasaisabbineni/Desktop/Airflow_local/airflow_env/lib/python3.11/site-packages/airflow/example_dags/example_xcomargs.py
[2024-02-26T04:42:50.146-0500] {processor.py:839} INFO - DAG(s) dict_keys(['example_xcom_args_with_operators', 'example_xcom_args']) retrieved from /Users/venkatasaisabbineni/Desktop/Airflow_local/airflow_env/lib/python3.11/site-packages/airflow/example_dags/example_xcomargs.py
[2024-02-26T04:42:50.237-0500] {logging_mixin.py:154} INFO - [2024-02-26T04:42:50.237-0500] {dag.py:2941} INFO - Sync 2 DAGs
[2024-02-26T04:42:50.242-0500] {logging_mixin.py:154} INFO - [2024-02-26T04:42:50.242-0500] {dag.py:3722} INFO - Setting next_dagrun for example_xcom_args to None, run_after=None
[2024-02-26T04:42:50.244-0500] {logging_mixin.py:154} INFO - [2024-02-26T04:42:50.244-0500] {dag.py:3722} INFO - Setting next_dagrun for example_xcom_args_with_operators to None, run_after=None
[2024-02-26T04:42:50.253-0500] {processor.py:179} INFO - Processing /Users/venkatasaisabbineni/Desktop/Airflow_local/airflow_env/lib/python3.11/site-packages/airflow/example_dags/example_xcomargs.py took 0.146 seconds
