[2024-02-26T04:29:10.343-0500] {processor.py:157} INFO - Started process (PID=62591) to work on /Users/venkatasaisabbineni/Desktop/Airflow_local/airflow_env/lib/python3.11/site-packages/airflow/example_dags/example_bash_operator.py
[2024-02-26T04:29:10.345-0500] {processor.py:829} INFO - Processing file /Users/venkatasaisabbineni/Desktop/Airflow_local/airflow_env/lib/python3.11/site-packages/airflow/example_dags/example_bash_operator.py for tasks to queue
[2024-02-26T04:29:10.345-0500] {logging_mixin.py:154} INFO - [2024-02-26T04:29:10.345-0500] {dagbag.py:536} INFO - Filling up the DagBag from /Users/venkatasaisabbineni/Desktop/Airflow_local/airflow_env/lib/python3.11/site-packages/airflow/example_dags/example_bash_operator.py
[2024-02-26T04:29:10.388-0500] {processor.py:839} INFO - DAG(s) dict_keys(['example_bash_operator']) retrieved from /Users/venkatasaisabbineni/Desktop/Airflow_local/airflow_env/lib/python3.11/site-packages/airflow/example_dags/example_bash_operator.py
[2024-02-26T04:29:10.457-0500] {logging_mixin.py:154} INFO - [2024-02-26T04:29:10.456-0500] {dag.py:2941} INFO - Sync 1 DAGs
[2024-02-26T04:29:10.466-0500] {logging_mixin.py:154} INFO - [2024-02-26T04:29:10.465-0500] {dag.py:3722} INFO - Setting next_dagrun for example_bash_operator to 2024-02-25T00:00:00+00:00, run_after=2024-02-26T00:00:00+00:00
[2024-02-26T04:29:10.476-0500] {processor.py:179} INFO - Processing /Users/venkatasaisabbineni/Desktop/Airflow_local/airflow_env/lib/python3.11/site-packages/airflow/example_dags/example_bash_operator.py took 0.134 seconds
[2024-02-26T04:30:48.455-0500] {processor.py:157} INFO - Started process (PID=62912) to work on /Users/venkatasaisabbineni/Desktop/Airflow_local/airflow_env/lib/python3.11/site-packages/airflow/example_dags/example_bash_operator.py
[2024-02-26T04:30:48.458-0500] {processor.py:829} INFO - Processing file /Users/venkatasaisabbineni/Desktop/Airflow_local/airflow_env/lib/python3.11/site-packages/airflow/example_dags/example_bash_operator.py for tasks to queue
[2024-02-26T04:30:48.459-0500] {logging_mixin.py:154} INFO - [2024-02-26T04:30:48.459-0500] {dagbag.py:536} INFO - Filling up the DagBag from /Users/venkatasaisabbineni/Desktop/Airflow_local/airflow_env/lib/python3.11/site-packages/airflow/example_dags/example_bash_operator.py
[2024-02-26T04:30:48.529-0500] {processor.py:839} INFO - DAG(s) dict_keys(['example_bash_operator']) retrieved from /Users/venkatasaisabbineni/Desktop/Airflow_local/airflow_env/lib/python3.11/site-packages/airflow/example_dags/example_bash_operator.py
[2024-02-26T04:30:48.797-0500] {logging_mixin.py:154} INFO - [2024-02-26T04:30:48.796-0500] {dag.py:2941} INFO - Sync 1 DAGs
[2024-02-26T04:30:48.812-0500] {logging_mixin.py:154} INFO - [2024-02-26T04:30:48.812-0500] {dag.py:3722} INFO - Setting next_dagrun for example_bash_operator to 2024-02-25T00:00:00+00:00, run_after=2024-02-26T00:00:00+00:00
[2024-02-26T04:30:48.833-0500] {processor.py:179} INFO - Processing /Users/venkatasaisabbineni/Desktop/Airflow_local/airflow_env/lib/python3.11/site-packages/airflow/example_dags/example_bash_operator.py took 0.378 seconds
[2024-02-26T04:32:30.921-0500] {processor.py:157} INFO - Started process (PID=63213) to work on /Users/venkatasaisabbineni/Desktop/Airflow_local/airflow_env/lib/python3.11/site-packages/airflow/example_dags/example_bash_operator.py
[2024-02-26T04:32:30.923-0500] {processor.py:829} INFO - Processing file /Users/venkatasaisabbineni/Desktop/Airflow_local/airflow_env/lib/python3.11/site-packages/airflow/example_dags/example_bash_operator.py for tasks to queue
[2024-02-26T04:32:30.923-0500] {logging_mixin.py:154} INFO - [2024-02-26T04:32:30.923-0500] {dagbag.py:536} INFO - Filling up the DagBag from /Users/venkatasaisabbineni/Desktop/Airflow_local/airflow_env/lib/python3.11/site-packages/airflow/example_dags/example_bash_operator.py
[2024-02-26T04:32:30.964-0500] {processor.py:839} INFO - DAG(s) dict_keys(['example_bash_operator']) retrieved from /Users/venkatasaisabbineni/Desktop/Airflow_local/airflow_env/lib/python3.11/site-packages/airflow/example_dags/example_bash_operator.py
[2024-02-26T04:32:31.033-0500] {logging_mixin.py:154} INFO - [2024-02-26T04:32:31.033-0500] {dag.py:2941} INFO - Sync 1 DAGs
[2024-02-26T04:32:31.042-0500] {logging_mixin.py:154} INFO - [2024-02-26T04:32:31.042-0500] {dag.py:3722} INFO - Setting next_dagrun for example_bash_operator to 2024-02-25T00:00:00+00:00, run_after=2024-02-26T00:00:00+00:00
[2024-02-26T04:32:31.053-0500] {processor.py:179} INFO - Processing /Users/venkatasaisabbineni/Desktop/Airflow_local/airflow_env/lib/python3.11/site-packages/airflow/example_dags/example_bash_operator.py took 0.133 seconds
[2024-02-26T04:42:34.474-0500] {processor.py:157} INFO - Started process (PID=65039) to work on /Users/venkatasaisabbineni/Desktop/Airflow_local/airflow_env/lib/python3.11/site-packages/airflow/example_dags/example_bash_operator.py
[2024-02-26T04:42:34.477-0500] {processor.py:829} INFO - Processing file /Users/venkatasaisabbineni/Desktop/Airflow_local/airflow_env/lib/python3.11/site-packages/airflow/example_dags/example_bash_operator.py for tasks to queue
[2024-02-26T04:42:34.478-0500] {logging_mixin.py:154} INFO - [2024-02-26T04:42:34.478-0500] {dagbag.py:536} INFO - Filling up the DagBag from /Users/venkatasaisabbineni/Desktop/Airflow_local/airflow_env/lib/python3.11/site-packages/airflow/example_dags/example_bash_operator.py
[2024-02-26T04:42:34.519-0500] {processor.py:839} INFO - DAG(s) dict_keys(['example_bash_operator']) retrieved from /Users/venkatasaisabbineni/Desktop/Airflow_local/airflow_env/lib/python3.11/site-packages/airflow/example_dags/example_bash_operator.py
[2024-02-26T04:42:34.925-0500] {logging_mixin.py:154} INFO - [2024-02-26T04:42:34.925-0500] {manager.py:499} INFO - Created Permission View: %s
[2024-02-26T04:42:34.930-0500] {logging_mixin.py:154} INFO - [2024-02-26T04:42:34.930-0500] {manager.py:499} INFO - Created Permission View: %s
[2024-02-26T04:42:34.933-0500] {logging_mixin.py:154} INFO - [2024-02-26T04:42:34.933-0500] {manager.py:499} INFO - Created Permission View: %s
[2024-02-26T04:42:34.933-0500] {logging_mixin.py:154} INFO - [2024-02-26T04:42:34.933-0500] {dag.py:2941} INFO - Sync 1 DAGs
[2024-02-26T04:42:34.938-0500] {logging_mixin.py:154} INFO - [2024-02-26T04:42:34.938-0500] {dag.py:2963} INFO - Creating ORM DAG for example_bash_operator
[2024-02-26T04:42:34.943-0500] {logging_mixin.py:154} INFO - [2024-02-26T04:42:34.943-0500] {dag.py:3722} INFO - Setting next_dagrun for example_bash_operator to 2024-02-25T00:00:00+00:00, run_after=2024-02-26T00:00:00+00:00
[2024-02-26T04:42:34.952-0500] {processor.py:179} INFO - Processing /Users/venkatasaisabbineni/Desktop/Airflow_local/airflow_env/lib/python3.11/site-packages/airflow/example_dags/example_bash_operator.py took 0.479 seconds
