[2024-02-26T04:28:56.623-0500] {processor.py:157} INFO - Started process (PID=62558) to work on /Users/venkatasaisabbineni/Desktop/Airflow_local/airflow_env/lib/python3.11/site-packages/airflow/example_dags/example_dag_decorator.py
[2024-02-26T04:28:56.625-0500] {processor.py:829} INFO - Processing file /Users/venkatasaisabbineni/Desktop/Airflow_local/airflow_env/lib/python3.11/site-packages/airflow/example_dags/example_dag_decorator.py for tasks to queue
[2024-02-26T04:28:56.626-0500] {logging_mixin.py:154} INFO - [2024-02-26T04:28:56.626-0500] {dagbag.py:536} INFO - Filling up the DagBag from /Users/venkatasaisabbineni/Desktop/Airflow_local/airflow_env/lib/python3.11/site-packages/airflow/example_dags/example_dag_decorator.py
[2024-02-26T04:28:56.796-0500] {processor.py:839} INFO - DAG(s) dict_keys(['example_dag_decorator']) retrieved from /Users/venkatasaisabbineni/Desktop/Airflow_local/airflow_env/lib/python3.11/site-packages/airflow/example_dags/example_dag_decorator.py
[2024-02-26T04:28:57.315-0500] {logging_mixin.py:154} INFO - [2024-02-26T04:28:57.315-0500] {dag.py:2941} INFO - Sync 1 DAGs
[2024-02-26T04:28:57.319-0500] {logging_mixin.py:154} INFO - [2024-02-26T04:28:57.319-0500] {dag.py:3722} INFO - Setting next_dagrun for example_dag_decorator to None, run_after=None
[2024-02-26T04:28:57.329-0500] {processor.py:179} INFO - Processing /Users/venkatasaisabbineni/Desktop/Airflow_local/airflow_env/lib/python3.11/site-packages/airflow/example_dags/example_dag_decorator.py took 0.707 seconds
[2024-02-26T04:30:34.769-0500] {processor.py:157} INFO - Started process (PID=62873) to work on /Users/venkatasaisabbineni/Desktop/Airflow_local/airflow_env/lib/python3.11/site-packages/airflow/example_dags/example_dag_decorator.py
[2024-02-26T04:30:34.771-0500] {processor.py:829} INFO - Processing file /Users/venkatasaisabbineni/Desktop/Airflow_local/airflow_env/lib/python3.11/site-packages/airflow/example_dags/example_dag_decorator.py for tasks to queue
[2024-02-26T04:30:34.771-0500] {logging_mixin.py:154} INFO - [2024-02-26T04:30:34.771-0500] {dagbag.py:536} INFO - Filling up the DagBag from /Users/venkatasaisabbineni/Desktop/Airflow_local/airflow_env/lib/python3.11/site-packages/airflow/example_dags/example_dag_decorator.py
[2024-02-26T04:30:34.933-0500] {processor.py:839} INFO - DAG(s) dict_keys(['example_dag_decorator']) retrieved from /Users/venkatasaisabbineni/Desktop/Airflow_local/airflow_env/lib/python3.11/site-packages/airflow/example_dags/example_dag_decorator.py
[2024-02-26T04:30:35.441-0500] {logging_mixin.py:154} INFO - [2024-02-26T04:30:35.441-0500] {dag.py:2941} INFO - Sync 1 DAGs
[2024-02-26T04:30:35.445-0500] {logging_mixin.py:154} INFO - [2024-02-26T04:30:35.445-0500] {dag.py:3722} INFO - Setting next_dagrun for example_dag_decorator to None, run_after=None
[2024-02-26T04:30:35.455-0500] {processor.py:179} INFO - Processing /Users/venkatasaisabbineni/Desktop/Airflow_local/airflow_env/lib/python3.11/site-packages/airflow/example_dags/example_dag_decorator.py took 0.687 seconds
[2024-02-26T04:32:16.251-0500] {processor.py:157} INFO - Started process (PID=63169) to work on /Users/venkatasaisabbineni/Desktop/Airflow_local/airflow_env/lib/python3.11/site-packages/airflow/example_dags/example_dag_decorator.py
[2024-02-26T04:32:16.254-0500] {processor.py:829} INFO - Processing file /Users/venkatasaisabbineni/Desktop/Airflow_local/airflow_env/lib/python3.11/site-packages/airflow/example_dags/example_dag_decorator.py for tasks to queue
[2024-02-26T04:32:16.254-0500] {logging_mixin.py:154} INFO - [2024-02-26T04:32:16.254-0500] {dagbag.py:536} INFO - Filling up the DagBag from /Users/venkatasaisabbineni/Desktop/Airflow_local/airflow_env/lib/python3.11/site-packages/airflow/example_dags/example_dag_decorator.py
[2024-02-26T04:32:16.420-0500] {processor.py:839} INFO - DAG(s) dict_keys(['example_dag_decorator']) retrieved from /Users/venkatasaisabbineni/Desktop/Airflow_local/airflow_env/lib/python3.11/site-packages/airflow/example_dags/example_dag_decorator.py
[2024-02-26T04:32:16.980-0500] {logging_mixin.py:154} INFO - [2024-02-26T04:32:16.979-0500] {dag.py:2941} INFO - Sync 1 DAGs
[2024-02-26T04:32:16.984-0500] {logging_mixin.py:154} INFO - [2024-02-26T04:32:16.984-0500] {dag.py:3722} INFO - Setting next_dagrun for example_dag_decorator to None, run_after=None
[2024-02-26T04:32:16.994-0500] {processor.py:179} INFO - Processing /Users/venkatasaisabbineni/Desktop/Airflow_local/airflow_env/lib/python3.11/site-packages/airflow/example_dags/example_dag_decorator.py took 0.744 seconds
[2024-02-26T04:42:17.581-0500] {processor.py:157} INFO - Started process (PID=64985) to work on /Users/venkatasaisabbineni/Desktop/Airflow_local/airflow_env/lib/python3.11/site-packages/airflow/example_dags/example_dag_decorator.py
[2024-02-26T04:42:17.584-0500] {processor.py:829} INFO - Processing file /Users/venkatasaisabbineni/Desktop/Airflow_local/airflow_env/lib/python3.11/site-packages/airflow/example_dags/example_dag_decorator.py for tasks to queue
[2024-02-26T04:42:17.584-0500] {logging_mixin.py:154} INFO - [2024-02-26T04:42:17.584-0500] {dagbag.py:536} INFO - Filling up the DagBag from /Users/venkatasaisabbineni/Desktop/Airflow_local/airflow_env/lib/python3.11/site-packages/airflow/example_dags/example_dag_decorator.py
[2024-02-26T04:42:17.747-0500] {processor.py:839} INFO - DAG(s) dict_keys(['example_dag_decorator']) retrieved from /Users/venkatasaisabbineni/Desktop/Airflow_local/airflow_env/lib/python3.11/site-packages/airflow/example_dags/example_dag_decorator.py
[2024-02-26T04:42:18.146-0500] {logging_mixin.py:154} INFO - [2024-02-26T04:42:18.146-0500] {manager.py:499} INFO - Created Permission View: %s
[2024-02-26T04:42:18.151-0500] {logging_mixin.py:154} INFO - [2024-02-26T04:42:18.150-0500] {manager.py:499} INFO - Created Permission View: %s
[2024-02-26T04:42:18.153-0500] {logging_mixin.py:154} INFO - [2024-02-26T04:42:18.153-0500] {manager.py:499} INFO - Created Permission View: %s
[2024-02-26T04:42:18.154-0500] {logging_mixin.py:154} INFO - [2024-02-26T04:42:18.154-0500] {dag.py:2941} INFO - Sync 1 DAGs
[2024-02-26T04:42:18.159-0500] {logging_mixin.py:154} INFO - [2024-02-26T04:42:18.158-0500] {dag.py:2963} INFO - Creating ORM DAG for example_dag_decorator
[2024-02-26T04:42:18.159-0500] {logging_mixin.py:154} INFO - [2024-02-26T04:42:18.159-0500] {dag.py:3722} INFO - Setting next_dagrun for example_dag_decorator to None, run_after=None
[2024-02-26T04:42:18.167-0500] {processor.py:179} INFO - Processing /Users/venkatasaisabbineni/Desktop/Airflow_local/airflow_env/lib/python3.11/site-packages/airflow/example_dags/example_dag_decorator.py took 0.587 seconds
