[2024-02-26T04:27:34.138-0500] {processor.py:157} INFO - Started process (PID=62305) to work on /Users/venkatasaisabbineni/Desktop/Airflow_local/airflow_env/lib/python3.11/site-packages/airflow/example_dags/example_setup_teardown.py
[2024-02-26T04:27:34.140-0500] {processor.py:829} INFO - Processing file /Users/venkatasaisabbineni/Desktop/Airflow_local/airflow_env/lib/python3.11/site-packages/airflow/example_dags/example_setup_teardown.py for tasks to queue
[2024-02-26T04:27:34.140-0500] {logging_mixin.py:154} INFO - [2024-02-26T04:27:34.140-0500] {dagbag.py:536} INFO - Filling up the DagBag from /Users/venkatasaisabbineni/Desktop/Airflow_local/airflow_env/lib/python3.11/site-packages/airflow/example_dags/example_setup_teardown.py
[2024-02-26T04:27:34.158-0500] {processor.py:839} INFO - DAG(s) dict_keys(['example_setup_teardown']) retrieved from /Users/venkatasaisabbineni/Desktop/Airflow_local/airflow_env/lib/python3.11/site-packages/airflow/example_dags/example_setup_teardown.py
[2024-02-26T04:27:34.569-0500] {logging_mixin.py:154} INFO - [2024-02-26T04:27:34.569-0500] {manager.py:499} INFO - Created Permission View: %s
[2024-02-26T04:27:34.573-0500] {logging_mixin.py:154} INFO - [2024-02-26T04:27:34.573-0500] {manager.py:499} INFO - Created Permission View: %s
[2024-02-26T04:27:34.576-0500] {logging_mixin.py:154} INFO - [2024-02-26T04:27:34.576-0500] {manager.py:499} INFO - Created Permission View: %s
[2024-02-26T04:27:34.576-0500] {logging_mixin.py:154} INFO - [2024-02-26T04:27:34.576-0500] {dag.py:2941} INFO - Sync 1 DAGs
[2024-02-26T04:27:34.581-0500] {logging_mixin.py:154} INFO - [2024-02-26T04:27:34.581-0500] {dag.py:2963} INFO - Creating ORM DAG for example_setup_teardown
[2024-02-26T04:27:34.585-0500] {logging_mixin.py:154} INFO - [2024-02-26T04:27:34.585-0500] {dag.py:3722} INFO - Setting next_dagrun for example_setup_teardown to 2024-02-25T09:27:34.585023+00:00, run_after=2024-02-26T09:27:34.585023+00:00
[2024-02-26T04:27:34.593-0500] {processor.py:179} INFO - Processing /Users/venkatasaisabbineni/Desktop/Airflow_local/airflow_env/lib/python3.11/site-packages/airflow/example_dags/example_setup_teardown.py took 0.456 seconds
[2024-02-26T04:28:28.582-0500] {processor.py:157} INFO - Started process (PID=62472) to work on /Users/venkatasaisabbineni/Desktop/Airflow_local/airflow_env/lib/python3.11/site-packages/airflow/example_dags/example_setup_teardown.py
[2024-02-26T04:28:28.584-0500] {processor.py:829} INFO - Processing file /Users/venkatasaisabbineni/Desktop/Airflow_local/airflow_env/lib/python3.11/site-packages/airflow/example_dags/example_setup_teardown.py for tasks to queue
[2024-02-26T04:28:28.585-0500] {logging_mixin.py:154} INFO - [2024-02-26T04:28:28.585-0500] {dagbag.py:536} INFO - Filling up the DagBag from /Users/venkatasaisabbineni/Desktop/Airflow_local/airflow_env/lib/python3.11/site-packages/airflow/example_dags/example_setup_teardown.py
[2024-02-26T04:28:28.601-0500] {processor.py:839} INFO - DAG(s) dict_keys(['example_setup_teardown']) retrieved from /Users/venkatasaisabbineni/Desktop/Airflow_local/airflow_env/lib/python3.11/site-packages/airflow/example_dags/example_setup_teardown.py
[2024-02-26T04:28:28.690-0500] {logging_mixin.py:154} INFO - [2024-02-26T04:28:28.690-0500] {dag.py:2941} INFO - Sync 1 DAGs
[2024-02-26T04:28:28.699-0500] {logging_mixin.py:154} INFO - [2024-02-26T04:28:28.699-0500] {dag.py:3722} INFO - Setting next_dagrun for example_setup_teardown to 2024-02-25T09:28:28.699540+00:00, run_after=2024-02-26T09:28:28.699540+00:00
[2024-02-26T04:28:28.710-0500] {processor.py:179} INFO - Processing /Users/venkatasaisabbineni/Desktop/Airflow_local/airflow_env/lib/python3.11/site-packages/airflow/example_dags/example_setup_teardown.py took 0.129 seconds
[2024-02-26T04:29:48.172-0500] {processor.py:157} INFO - Started process (PID=62709) to work on /Users/venkatasaisabbineni/Desktop/Airflow_local/airflow_env/lib/python3.11/site-packages/airflow/example_dags/example_setup_teardown.py
[2024-02-26T04:29:48.175-0500] {processor.py:829} INFO - Processing file /Users/venkatasaisabbineni/Desktop/Airflow_local/airflow_env/lib/python3.11/site-packages/airflow/example_dags/example_setup_teardown.py for tasks to queue
[2024-02-26T04:29:48.175-0500] {logging_mixin.py:154} INFO - [2024-02-26T04:29:48.175-0500] {dagbag.py:536} INFO - Filling up the DagBag from /Users/venkatasaisabbineni/Desktop/Airflow_local/airflow_env/lib/python3.11/site-packages/airflow/example_dags/example_setup_teardown.py
[2024-02-26T04:29:48.191-0500] {processor.py:839} INFO - DAG(s) dict_keys(['example_setup_teardown']) retrieved from /Users/venkatasaisabbineni/Desktop/Airflow_local/airflow_env/lib/python3.11/site-packages/airflow/example_dags/example_setup_teardown.py
[2024-02-26T04:29:48.278-0500] {logging_mixin.py:154} INFO - [2024-02-26T04:29:48.278-0500] {dag.py:2941} INFO - Sync 1 DAGs
[2024-02-26T04:29:48.286-0500] {logging_mixin.py:154} INFO - [2024-02-26T04:29:48.286-0500] {dag.py:3722} INFO - Setting next_dagrun for example_setup_teardown to 2024-02-25T09:29:48.286439+00:00, run_after=2024-02-26T09:29:48.286439+00:00
[2024-02-26T04:29:48.296-0500] {processor.py:179} INFO - Processing /Users/venkatasaisabbineni/Desktop/Airflow_local/airflow_env/lib/python3.11/site-packages/airflow/example_dags/example_setup_teardown.py took 0.126 seconds
[2024-02-26T04:31:27.744-0500] {processor.py:157} INFO - Started process (PID=63026) to work on /Users/venkatasaisabbineni/Desktop/Airflow_local/airflow_env/lib/python3.11/site-packages/airflow/example_dags/example_setup_teardown.py
[2024-02-26T04:31:27.747-0500] {processor.py:829} INFO - Processing file /Users/venkatasaisabbineni/Desktop/Airflow_local/airflow_env/lib/python3.11/site-packages/airflow/example_dags/example_setup_teardown.py for tasks to queue
[2024-02-26T04:31:27.747-0500] {logging_mixin.py:154} INFO - [2024-02-26T04:31:27.747-0500] {dagbag.py:536} INFO - Filling up the DagBag from /Users/venkatasaisabbineni/Desktop/Airflow_local/airflow_env/lib/python3.11/site-packages/airflow/example_dags/example_setup_teardown.py
[2024-02-26T04:31:27.763-0500] {processor.py:839} INFO - DAG(s) dict_keys(['example_setup_teardown']) retrieved from /Users/venkatasaisabbineni/Desktop/Airflow_local/airflow_env/lib/python3.11/site-packages/airflow/example_dags/example_setup_teardown.py
[2024-02-26T04:31:27.858-0500] {logging_mixin.py:154} INFO - [2024-02-26T04:31:27.858-0500] {dag.py:2941} INFO - Sync 1 DAGs
[2024-02-26T04:31:27.869-0500] {logging_mixin.py:154} INFO - [2024-02-26T04:31:27.869-0500] {dag.py:3722} INFO - Setting next_dagrun for example_setup_teardown to 2024-02-25T09:31:27.869370+00:00, run_after=2024-02-26T09:31:27.869370+00:00
[2024-02-26T04:31:27.880-0500] {processor.py:179} INFO - Processing /Users/venkatasaisabbineni/Desktop/Airflow_local/airflow_env/lib/python3.11/site-packages/airflow/example_dags/example_setup_teardown.py took 0.136 seconds
[2024-02-26T04:33:10.893-0500] {processor.py:157} INFO - Started process (PID=63384) to work on /Users/venkatasaisabbineni/Desktop/Airflow_local/airflow_env/lib/python3.11/site-packages/airflow/example_dags/example_setup_teardown.py
[2024-02-26T04:33:10.895-0500] {processor.py:829} INFO - Processing file /Users/venkatasaisabbineni/Desktop/Airflow_local/airflow_env/lib/python3.11/site-packages/airflow/example_dags/example_setup_teardown.py for tasks to queue
[2024-02-26T04:33:10.896-0500] {logging_mixin.py:154} INFO - [2024-02-26T04:33:10.895-0500] {dagbag.py:536} INFO - Filling up the DagBag from /Users/venkatasaisabbineni/Desktop/Airflow_local/airflow_env/lib/python3.11/site-packages/airflow/example_dags/example_setup_teardown.py
[2024-02-26T04:33:10.911-0500] {processor.py:839} INFO - DAG(s) dict_keys(['example_setup_teardown']) retrieved from /Users/venkatasaisabbineni/Desktop/Airflow_local/airflow_env/lib/python3.11/site-packages/airflow/example_dags/example_setup_teardown.py
[2024-02-26T04:33:10.999-0500] {logging_mixin.py:154} INFO - [2024-02-26T04:33:10.999-0500] {dag.py:2941} INFO - Sync 1 DAGs
[2024-02-26T04:33:11.007-0500] {logging_mixin.py:154} INFO - [2024-02-26T04:33:11.007-0500] {dag.py:3722} INFO - Setting next_dagrun for example_setup_teardown to 2024-02-25T09:33:11.007534+00:00, run_after=2024-02-26T09:33:11.007534+00:00
[2024-02-26T04:33:11.018-0500] {processor.py:179} INFO - Processing /Users/venkatasaisabbineni/Desktop/Airflow_local/airflow_env/lib/python3.11/site-packages/airflow/example_dags/example_setup_teardown.py took 0.126 seconds
[2024-02-26T04:34:03.761-0500] {processor.py:157} INFO - Started process (PID=63543) to work on /Users/venkatasaisabbineni/Desktop/Airflow_local/airflow_env/lib/python3.11/site-packages/airflow/example_dags/example_setup_teardown.py
[2024-02-26T04:34:03.764-0500] {processor.py:829} INFO - Processing file /Users/venkatasaisabbineni/Desktop/Airflow_local/airflow_env/lib/python3.11/site-packages/airflow/example_dags/example_setup_teardown.py for tasks to queue
[2024-02-26T04:34:03.764-0500] {logging_mixin.py:154} INFO - [2024-02-26T04:34:03.764-0500] {dagbag.py:536} INFO - Filling up the DagBag from /Users/venkatasaisabbineni/Desktop/Airflow_local/airflow_env/lib/python3.11/site-packages/airflow/example_dags/example_setup_teardown.py
[2024-02-26T04:34:03.779-0500] {processor.py:839} INFO - DAG(s) dict_keys(['example_setup_teardown']) retrieved from /Users/venkatasaisabbineni/Desktop/Airflow_local/airflow_env/lib/python3.11/site-packages/airflow/example_dags/example_setup_teardown.py
[2024-02-26T04:34:03.870-0500] {logging_mixin.py:154} INFO - [2024-02-26T04:34:03.869-0500] {dag.py:2941} INFO - Sync 1 DAGs
[2024-02-26T04:34:03.878-0500] {logging_mixin.py:154} INFO - [2024-02-26T04:34:03.878-0500] {dag.py:3722} INFO - Setting next_dagrun for example_setup_teardown to 2024-02-25T09:34:03.878420+00:00, run_after=2024-02-26T09:34:03.878420+00:00
[2024-02-26T04:34:03.890-0500] {processor.py:179} INFO - Processing /Users/venkatasaisabbineni/Desktop/Airflow_local/airflow_env/lib/python3.11/site-packages/airflow/example_dags/example_setup_teardown.py took 0.130 seconds
[2024-02-26T04:37:44.178-0500] {processor.py:157} INFO - Started process (PID=64199) to work on /Users/venkatasaisabbineni/Desktop/Airflow_local/airflow_env/lib/python3.11/site-packages/airflow/example_dags/example_setup_teardown.py
[2024-02-26T04:37:44.183-0500] {processor.py:829} INFO - Processing file /Users/venkatasaisabbineni/Desktop/Airflow_local/airflow_env/lib/python3.11/site-packages/airflow/example_dags/example_setup_teardown.py for tasks to queue
[2024-02-26T04:37:44.183-0500] {logging_mixin.py:154} INFO - [2024-02-26T04:37:44.183-0500] {dagbag.py:536} INFO - Filling up the DagBag from /Users/venkatasaisabbineni/Desktop/Airflow_local/airflow_env/lib/python3.11/site-packages/airflow/example_dags/example_setup_teardown.py
[2024-02-26T04:37:44.198-0500] {processor.py:839} INFO - DAG(s) dict_keys(['example_setup_teardown']) retrieved from /Users/venkatasaisabbineni/Desktop/Airflow_local/airflow_env/lib/python3.11/site-packages/airflow/example_dags/example_setup_teardown.py
[2024-02-26T04:37:44.287-0500] {logging_mixin.py:154} INFO - [2024-02-26T04:37:44.287-0500] {dag.py:2941} INFO - Sync 1 DAGs
[2024-02-26T04:37:44.295-0500] {logging_mixin.py:154} INFO - [2024-02-26T04:37:44.295-0500] {dag.py:3722} INFO - Setting next_dagrun for example_setup_teardown to 2024-02-25T09:37:44.295593+00:00, run_after=2024-02-26T09:37:44.295593+00:00
[2024-02-26T04:37:44.307-0500] {processor.py:179} INFO - Processing /Users/venkatasaisabbineni/Desktop/Airflow_local/airflow_env/lib/python3.11/site-packages/airflow/example_dags/example_setup_teardown.py took 0.130 seconds
[2024-02-26T04:38:58.029-0500] {processor.py:157} INFO - Started process (PID=64433) to work on /Users/venkatasaisabbineni/Desktop/Airflow_local/airflow_env/lib/python3.11/site-packages/airflow/example_dags/example_setup_teardown.py
[2024-02-26T04:38:58.032-0500] {processor.py:829} INFO - Processing file /Users/venkatasaisabbineni/Desktop/Airflow_local/airflow_env/lib/python3.11/site-packages/airflow/example_dags/example_setup_teardown.py for tasks to queue
[2024-02-26T04:38:58.032-0500] {logging_mixin.py:154} INFO - [2024-02-26T04:38:58.032-0500] {dagbag.py:536} INFO - Filling up the DagBag from /Users/venkatasaisabbineni/Desktop/Airflow_local/airflow_env/lib/python3.11/site-packages/airflow/example_dags/example_setup_teardown.py
[2024-02-26T04:38:58.048-0500] {processor.py:839} INFO - DAG(s) dict_keys(['example_setup_teardown']) retrieved from /Users/venkatasaisabbineni/Desktop/Airflow_local/airflow_env/lib/python3.11/site-packages/airflow/example_dags/example_setup_teardown.py
[2024-02-26T04:38:58.138-0500] {logging_mixin.py:154} INFO - [2024-02-26T04:38:58.138-0500] {dag.py:2941} INFO - Sync 1 DAGs
[2024-02-26T04:38:58.147-0500] {logging_mixin.py:154} INFO - [2024-02-26T04:38:58.147-0500] {dag.py:3722} INFO - Setting next_dagrun for example_setup_teardown to 2024-02-25T09:38:58.147000+00:00, run_after=2024-02-26T09:38:58.147000+00:00
[2024-02-26T04:38:58.159-0500] {processor.py:179} INFO - Processing /Users/venkatasaisabbineni/Desktop/Airflow_local/airflow_env/lib/python3.11/site-packages/airflow/example_dags/example_setup_teardown.py took 0.130 seconds
[2024-02-26T04:41:47.172-0500] {processor.py:157} INFO - Started process (PID=64891) to work on /Users/venkatasaisabbineni/Desktop/Airflow_local/airflow_env/lib/python3.11/site-packages/airflow/example_dags/example_setup_teardown.py
[2024-02-26T04:41:47.178-0500] {processor.py:829} INFO - Processing file /Users/venkatasaisabbineni/Desktop/Airflow_local/airflow_env/lib/python3.11/site-packages/airflow/example_dags/example_setup_teardown.py for tasks to queue
[2024-02-26T04:41:47.178-0500] {logging_mixin.py:154} INFO - [2024-02-26T04:41:47.178-0500] {dagbag.py:536} INFO - Filling up the DagBag from /Users/venkatasaisabbineni/Desktop/Airflow_local/airflow_env/lib/python3.11/site-packages/airflow/example_dags/example_setup_teardown.py
[2024-02-26T04:41:47.199-0500] {processor.py:839} INFO - DAG(s) dict_keys(['example_setup_teardown']) retrieved from /Users/venkatasaisabbineni/Desktop/Airflow_local/airflow_env/lib/python3.11/site-packages/airflow/example_dags/example_setup_teardown.py
[2024-02-26T04:41:47.622-0500] {logging_mixin.py:154} INFO - [2024-02-26T04:41:47.622-0500] {manager.py:499} INFO - Created Permission View: %s
[2024-02-26T04:41:47.626-0500] {logging_mixin.py:154} INFO - [2024-02-26T04:41:47.626-0500] {manager.py:499} INFO - Created Permission View: %s
[2024-02-26T04:41:47.629-0500] {logging_mixin.py:154} INFO - [2024-02-26T04:41:47.629-0500] {manager.py:499} INFO - Created Permission View: %s
[2024-02-26T04:41:47.629-0500] {logging_mixin.py:154} INFO - [2024-02-26T04:41:47.629-0500] {dag.py:2941} INFO - Sync 1 DAGs
[2024-02-26T04:41:47.634-0500] {logging_mixin.py:154} INFO - [2024-02-26T04:41:47.634-0500] {dag.py:2963} INFO - Creating ORM DAG for example_setup_teardown
[2024-02-26T04:41:47.638-0500] {logging_mixin.py:154} INFO - [2024-02-26T04:41:47.638-0500] {dag.py:3722} INFO - Setting next_dagrun for example_setup_teardown to 2024-02-25T09:41:47.638406+00:00, run_after=2024-02-26T09:41:47.638406+00:00
[2024-02-26T04:41:47.647-0500] {processor.py:179} INFO - Processing /Users/venkatasaisabbineni/Desktop/Airflow_local/airflow_env/lib/python3.11/site-packages/airflow/example_dags/example_setup_teardown.py took 0.475 seconds
[2024-02-26T04:43:13.639-0500] {processor.py:157} INFO - Started process (PID=65149) to work on /Users/venkatasaisabbineni/Desktop/Airflow_local/airflow_env/lib/python3.11/site-packages/airflow/example_dags/example_setup_teardown.py
[2024-02-26T04:43:13.643-0500] {processor.py:829} INFO - Processing file /Users/venkatasaisabbineni/Desktop/Airflow_local/airflow_env/lib/python3.11/site-packages/airflow/example_dags/example_setup_teardown.py for tasks to queue
[2024-02-26T04:43:13.643-0500] {logging_mixin.py:154} INFO - [2024-02-26T04:43:13.643-0500] {dagbag.py:536} INFO - Filling up the DagBag from /Users/venkatasaisabbineni/Desktop/Airflow_local/airflow_env/lib/python3.11/site-packages/airflow/example_dags/example_setup_teardown.py
[2024-02-26T04:43:13.658-0500] {processor.py:839} INFO - DAG(s) dict_keys(['example_setup_teardown']) retrieved from /Users/venkatasaisabbineni/Desktop/Airflow_local/airflow_env/lib/python3.11/site-packages/airflow/example_dags/example_setup_teardown.py
[2024-02-26T04:43:13.749-0500] {logging_mixin.py:154} INFO - [2024-02-26T04:43:13.749-0500] {dag.py:2941} INFO - Sync 1 DAGs
[2024-02-26T04:43:13.757-0500] {logging_mixin.py:154} INFO - [2024-02-26T04:43:13.757-0500] {dag.py:3722} INFO - Setting next_dagrun for example_setup_teardown to 2024-02-25T09:43:13.757802+00:00, run_after=2024-02-26T09:43:13.757802+00:00
[2024-02-26T04:43:13.768-0500] {processor.py:179} INFO - Processing /Users/venkatasaisabbineni/Desktop/Airflow_local/airflow_env/lib/python3.11/site-packages/airflow/example_dags/example_setup_teardown.py took 0.130 seconds
