[2024-02-26T04:28:41.404-0500] {processor.py:157} INFO - Started process (PID=62507) to work on /Users/venkatasaisabbineni/Desktop/Airflow_local/airflow_env/lib/python3.11/site-packages/airflow/example_dags/example_nested_branch_dag.py
[2024-02-26T04:28:41.407-0500] {processor.py:829} INFO - Processing file /Users/venkatasaisabbineni/Desktop/Airflow_local/airflow_env/lib/python3.11/site-packages/airflow/example_dags/example_nested_branch_dag.py for tasks to queue
[2024-02-26T04:28:41.407-0500] {logging_mixin.py:154} INFO - [2024-02-26T04:28:41.407-0500] {dagbag.py:536} INFO - Filling up the DagBag from /Users/venkatasaisabbineni/Desktop/Airflow_local/airflow_env/lib/python3.11/site-packages/airflow/example_dags/example_nested_branch_dag.py
[2024-02-26T04:28:41.439-0500] {processor.py:839} INFO - DAG(s) dict_keys(['example_nested_branch_dag']) retrieved from /Users/venkatasaisabbineni/Desktop/Airflow_local/airflow_env/lib/python3.11/site-packages/airflow/example_dags/example_nested_branch_dag.py
[2024-02-26T04:28:41.525-0500] {logging_mixin.py:154} INFO - [2024-02-26T04:28:41.525-0500] {dag.py:2941} INFO - Sync 1 DAGs
[2024-02-26T04:28:41.534-0500] {logging_mixin.py:154} INFO - [2024-02-26T04:28:41.534-0500] {dag.py:3722} INFO - Setting next_dagrun for example_nested_branch_dag to 2024-02-25T00:00:00+00:00, run_after=2024-02-26T00:00:00+00:00
[2024-02-26T04:28:41.544-0500] {processor.py:179} INFO - Processing /Users/venkatasaisabbineni/Desktop/Airflow_local/airflow_env/lib/python3.11/site-packages/airflow/example_dags/example_nested_branch_dag.py took 0.140 seconds
[2024-02-26T04:30:18.087-0500] {processor.py:157} INFO - Started process (PID=62803) to work on /Users/venkatasaisabbineni/Desktop/Airflow_local/airflow_env/lib/python3.11/site-packages/airflow/example_dags/example_nested_branch_dag.py
[2024-02-26T04:30:18.092-0500] {processor.py:829} INFO - Processing file /Users/venkatasaisabbineni/Desktop/Airflow_local/airflow_env/lib/python3.11/site-packages/airflow/example_dags/example_nested_branch_dag.py for tasks to queue
[2024-02-26T04:30:18.092-0500] {logging_mixin.py:154} INFO - [2024-02-26T04:30:18.092-0500] {dagbag.py:536} INFO - Filling up the DagBag from /Users/venkatasaisabbineni/Desktop/Airflow_local/airflow_env/lib/python3.11/site-packages/airflow/example_dags/example_nested_branch_dag.py
[2024-02-26T04:30:18.143-0500] {processor.py:839} INFO - DAG(s) dict_keys(['example_nested_branch_dag']) retrieved from /Users/venkatasaisabbineni/Desktop/Airflow_local/airflow_env/lib/python3.11/site-packages/airflow/example_dags/example_nested_branch_dag.py
[2024-02-26T04:30:18.312-0500] {logging_mixin.py:154} INFO - [2024-02-26T04:30:18.312-0500] {dag.py:2941} INFO - Sync 1 DAGs
[2024-02-26T04:30:18.324-0500] {logging_mixin.py:154} INFO - [2024-02-26T04:30:18.324-0500] {dag.py:3722} INFO - Setting next_dagrun for example_nested_branch_dag to 2024-02-25T00:00:00+00:00, run_after=2024-02-26T00:00:00+00:00
[2024-02-26T04:30:18.336-0500] {processor.py:179} INFO - Processing /Users/venkatasaisabbineni/Desktop/Airflow_local/airflow_env/lib/python3.11/site-packages/airflow/example_dags/example_nested_branch_dag.py took 0.250 seconds
[2024-02-26T04:31:40.549-0500] {processor.py:157} INFO - Started process (PID=63065) to work on /Users/venkatasaisabbineni/Desktop/Airflow_local/airflow_env/lib/python3.11/site-packages/airflow/example_dags/example_nested_branch_dag.py
[2024-02-26T04:31:40.552-0500] {processor.py:829} INFO - Processing file /Users/venkatasaisabbineni/Desktop/Airflow_local/airflow_env/lib/python3.11/site-packages/airflow/example_dags/example_nested_branch_dag.py for tasks to queue
[2024-02-26T04:31:40.552-0500] {logging_mixin.py:154} INFO - [2024-02-26T04:31:40.552-0500] {dagbag.py:536} INFO - Filling up the DagBag from /Users/venkatasaisabbineni/Desktop/Airflow_local/airflow_env/lib/python3.11/site-packages/airflow/example_dags/example_nested_branch_dag.py
[2024-02-26T04:31:40.583-0500] {processor.py:839} INFO - DAG(s) dict_keys(['example_nested_branch_dag']) retrieved from /Users/venkatasaisabbineni/Desktop/Airflow_local/airflow_env/lib/python3.11/site-packages/airflow/example_dags/example_nested_branch_dag.py
[2024-02-26T04:31:40.669-0500] {logging_mixin.py:154} INFO - [2024-02-26T04:31:40.668-0500] {dag.py:2941} INFO - Sync 1 DAGs
[2024-02-26T04:31:40.678-0500] {logging_mixin.py:154} INFO - [2024-02-26T04:31:40.677-0500] {dag.py:3722} INFO - Setting next_dagrun for example_nested_branch_dag to 2024-02-25T00:00:00+00:00, run_after=2024-02-26T00:00:00+00:00
[2024-02-26T04:31:40.687-0500] {processor.py:179} INFO - Processing /Users/venkatasaisabbineni/Desktop/Airflow_local/airflow_env/lib/python3.11/site-packages/airflow/example_dags/example_nested_branch_dag.py took 0.139 seconds
[2024-02-26T04:34:16.230-0500] {processor.py:157} INFO - Started process (PID=63579) to work on /Users/venkatasaisabbineni/Desktop/Airflow_local/airflow_env/lib/python3.11/site-packages/airflow/example_dags/example_nested_branch_dag.py
[2024-02-26T04:34:16.233-0500] {processor.py:829} INFO - Processing file /Users/venkatasaisabbineni/Desktop/Airflow_local/airflow_env/lib/python3.11/site-packages/airflow/example_dags/example_nested_branch_dag.py for tasks to queue
[2024-02-26T04:34:16.234-0500] {logging_mixin.py:154} INFO - [2024-02-26T04:34:16.234-0500] {dagbag.py:536} INFO - Filling up the DagBag from /Users/venkatasaisabbineni/Desktop/Airflow_local/airflow_env/lib/python3.11/site-packages/airflow/example_dags/example_nested_branch_dag.py
[2024-02-26T04:34:16.266-0500] {processor.py:839} INFO - DAG(s) dict_keys(['example_nested_branch_dag']) retrieved from /Users/venkatasaisabbineni/Desktop/Airflow_local/airflow_env/lib/python3.11/site-packages/airflow/example_dags/example_nested_branch_dag.py
[2024-02-26T04:34:16.352-0500] {logging_mixin.py:154} INFO - [2024-02-26T04:34:16.352-0500] {dag.py:2941} INFO - Sync 1 DAGs
[2024-02-26T04:34:16.361-0500] {logging_mixin.py:154} INFO - [2024-02-26T04:34:16.361-0500] {dag.py:3722} INFO - Setting next_dagrun for example_nested_branch_dag to 2024-02-25T00:00:00+00:00, run_after=2024-02-26T00:00:00+00:00
[2024-02-26T04:34:16.372-0500] {processor.py:179} INFO - Processing /Users/venkatasaisabbineni/Desktop/Airflow_local/airflow_env/lib/python3.11/site-packages/airflow/example_dags/example_nested_branch_dag.py took 0.143 seconds
[2024-02-26T04:39:10.598-0500] {processor.py:157} INFO - Started process (PID=64464) to work on /Users/venkatasaisabbineni/Desktop/Airflow_local/airflow_env/lib/python3.11/site-packages/airflow/example_dags/example_nested_branch_dag.py
[2024-02-26T04:39:10.603-0500] {processor.py:829} INFO - Processing file /Users/venkatasaisabbineni/Desktop/Airflow_local/airflow_env/lib/python3.11/site-packages/airflow/example_dags/example_nested_branch_dag.py for tasks to queue
[2024-02-26T04:39:10.603-0500] {logging_mixin.py:154} INFO - [2024-02-26T04:39:10.603-0500] {dagbag.py:536} INFO - Filling up the DagBag from /Users/venkatasaisabbineni/Desktop/Airflow_local/airflow_env/lib/python3.11/site-packages/airflow/example_dags/example_nested_branch_dag.py
[2024-02-26T04:39:10.636-0500] {processor.py:839} INFO - DAG(s) dict_keys(['example_nested_branch_dag']) retrieved from /Users/venkatasaisabbineni/Desktop/Airflow_local/airflow_env/lib/python3.11/site-packages/airflow/example_dags/example_nested_branch_dag.py
[2024-02-26T04:39:10.722-0500] {logging_mixin.py:154} INFO - [2024-02-26T04:39:10.722-0500] {dag.py:2941} INFO - Sync 1 DAGs
[2024-02-26T04:39:10.731-0500] {logging_mixin.py:154} INFO - [2024-02-26T04:39:10.731-0500] {dag.py:3722} INFO - Setting next_dagrun for example_nested_branch_dag to 2024-02-25T00:00:00+00:00, run_after=2024-02-26T00:00:00+00:00
[2024-02-26T04:39:10.745-0500] {processor.py:179} INFO - Processing /Users/venkatasaisabbineni/Desktop/Airflow_local/airflow_env/lib/python3.11/site-packages/airflow/example_dags/example_nested_branch_dag.py took 0.148 seconds
[2024-02-26T04:42:01.317-0500] {processor.py:157} INFO - Started process (PID=64935) to work on /Users/venkatasaisabbineni/Desktop/Airflow_local/airflow_env/lib/python3.11/site-packages/airflow/example_dags/example_nested_branch_dag.py
[2024-02-26T04:42:01.321-0500] {processor.py:829} INFO - Processing file /Users/venkatasaisabbineni/Desktop/Airflow_local/airflow_env/lib/python3.11/site-packages/airflow/example_dags/example_nested_branch_dag.py for tasks to queue
[2024-02-26T04:42:01.321-0500] {logging_mixin.py:154} INFO - [2024-02-26T04:42:01.321-0500] {dagbag.py:536} INFO - Filling up the DagBag from /Users/venkatasaisabbineni/Desktop/Airflow_local/airflow_env/lib/python3.11/site-packages/airflow/example_dags/example_nested_branch_dag.py
[2024-02-26T04:42:01.356-0500] {processor.py:839} INFO - DAG(s) dict_keys(['example_nested_branch_dag']) retrieved from /Users/venkatasaisabbineni/Desktop/Airflow_local/airflow_env/lib/python3.11/site-packages/airflow/example_dags/example_nested_branch_dag.py
[2024-02-26T04:42:01.795-0500] {logging_mixin.py:154} INFO - [2024-02-26T04:42:01.795-0500] {manager.py:499} INFO - Created Permission View: %s
[2024-02-26T04:42:01.800-0500] {logging_mixin.py:154} INFO - [2024-02-26T04:42:01.800-0500] {manager.py:499} INFO - Created Permission View: %s
[2024-02-26T04:42:01.803-0500] {logging_mixin.py:154} INFO - [2024-02-26T04:42:01.802-0500] {manager.py:499} INFO - Created Permission View: %s
[2024-02-26T04:42:01.803-0500] {logging_mixin.py:154} INFO - [2024-02-26T04:42:01.803-0500] {dag.py:2941} INFO - Sync 1 DAGs
[2024-02-26T04:42:01.808-0500] {logging_mixin.py:154} INFO - [2024-02-26T04:42:01.808-0500] {dag.py:2963} INFO - Creating ORM DAG for example_nested_branch_dag
[2024-02-26T04:42:01.813-0500] {logging_mixin.py:154} INFO - [2024-02-26T04:42:01.813-0500] {dag.py:3722} INFO - Setting next_dagrun for example_nested_branch_dag to 2024-02-25T00:00:00+00:00, run_after=2024-02-26T00:00:00+00:00
[2024-02-26T04:42:01.822-0500] {processor.py:179} INFO - Processing /Users/venkatasaisabbineni/Desktop/Airflow_local/airflow_env/lib/python3.11/site-packages/airflow/example_dags/example_nested_branch_dag.py took 0.506 seconds
