[2024-02-26T04:27:13.751-0500] {processor.py:157} INFO - Started process (PID=62254) to work on /Users/venkatasaisabbineni/Desktop/Airflow_local/airflow_env/lib/python3.11/site-packages/airflow/example_dags/example_trigger_controller_dag.py
[2024-02-26T04:27:13.753-0500] {processor.py:829} INFO - Processing file /Users/venkatasaisabbineni/Desktop/Airflow_local/airflow_env/lib/python3.11/site-packages/airflow/example_dags/example_trigger_controller_dag.py for tasks to queue
[2024-02-26T04:27:13.753-0500] {logging_mixin.py:154} INFO - [2024-02-26T04:27:13.753-0500] {dagbag.py:536} INFO - Filling up the DagBag from /Users/venkatasaisabbineni/Desktop/Airflow_local/airflow_env/lib/python3.11/site-packages/airflow/example_dags/example_trigger_controller_dag.py
[2024-02-26T04:27:13.769-0500] {processor.py:839} INFO - DAG(s) dict_keys(['example_trigger_controller_dag']) retrieved from /Users/venkatasaisabbineni/Desktop/Airflow_local/airflow_env/lib/python3.11/site-packages/airflow/example_dags/example_trigger_controller_dag.py
[2024-02-26T04:27:14.181-0500] {logging_mixin.py:154} INFO - [2024-02-26T04:27:14.180-0500] {manager.py:499} INFO - Created Permission View: %s
[2024-02-26T04:27:14.185-0500] {logging_mixin.py:154} INFO - [2024-02-26T04:27:14.185-0500] {manager.py:499} INFO - Created Permission View: %s
[2024-02-26T04:27:14.188-0500] {logging_mixin.py:154} INFO - [2024-02-26T04:27:14.187-0500] {manager.py:499} INFO - Created Permission View: %s
[2024-02-26T04:27:14.188-0500] {logging_mixin.py:154} INFO - [2024-02-26T04:27:14.188-0500] {dag.py:2941} INFO - Sync 1 DAGs
[2024-02-26T04:27:14.193-0500] {logging_mixin.py:154} INFO - [2024-02-26T04:27:14.192-0500] {dag.py:2963} INFO - Creating ORM DAG for example_trigger_controller_dag
[2024-02-26T04:27:14.196-0500] {logging_mixin.py:154} INFO - [2024-02-26T04:27:14.196-0500] {dag.py:3722} INFO - Setting next_dagrun for example_trigger_controller_dag to 2021-01-01T00:00:00+00:00, run_after=2021-01-01T00:00:00+00:00
[2024-02-26T04:27:14.205-0500] {processor.py:179} INFO - Processing /Users/venkatasaisabbineni/Desktop/Airflow_local/airflow_env/lib/python3.11/site-packages/airflow/example_dags/example_trigger_controller_dag.py took 0.455 seconds
[2024-02-26T04:28:10.005-0500] {processor.py:157} INFO - Started process (PID=62423) to work on /Users/venkatasaisabbineni/Desktop/Airflow_local/airflow_env/lib/python3.11/site-packages/airflow/example_dags/example_trigger_controller_dag.py
[2024-02-26T04:28:10.007-0500] {processor.py:829} INFO - Processing file /Users/venkatasaisabbineni/Desktop/Airflow_local/airflow_env/lib/python3.11/site-packages/airflow/example_dags/example_trigger_controller_dag.py for tasks to queue
[2024-02-26T04:28:10.007-0500] {logging_mixin.py:154} INFO - [2024-02-26T04:28:10.007-0500] {dagbag.py:536} INFO - Filling up the DagBag from /Users/venkatasaisabbineni/Desktop/Airflow_local/airflow_env/lib/python3.11/site-packages/airflow/example_dags/example_trigger_controller_dag.py
[2024-02-26T04:28:10.023-0500] {processor.py:839} INFO - DAG(s) dict_keys(['example_trigger_controller_dag']) retrieved from /Users/venkatasaisabbineni/Desktop/Airflow_local/airflow_env/lib/python3.11/site-packages/airflow/example_dags/example_trigger_controller_dag.py
[2024-02-26T04:28:10.048-0500] {logging_mixin.py:154} INFO - [2024-02-26T04:28:10.048-0500] {dag.py:2941} INFO - Sync 1 DAGs
[2024-02-26T04:28:10.097-0500] {logging_mixin.py:154} INFO - [2024-02-26T04:28:10.096-0500] {dag.py:3722} INFO - Setting next_dagrun for example_trigger_controller_dag to 2021-01-01T00:00:00+00:00, run_after=2021-01-01T00:00:00+00:00
[2024-02-26T04:28:10.107-0500] {processor.py:179} INFO - Processing /Users/venkatasaisabbineni/Desktop/Airflow_local/airflow_env/lib/python3.11/site-packages/airflow/example_dags/example_trigger_controller_dag.py took 0.103 seconds
[2024-02-26T04:29:30.979-0500] {processor.py:157} INFO - Started process (PID=62662) to work on /Users/venkatasaisabbineni/Desktop/Airflow_local/airflow_env/lib/python3.11/site-packages/airflow/example_dags/example_trigger_controller_dag.py
[2024-02-26T04:29:30.981-0500] {processor.py:829} INFO - Processing file /Users/venkatasaisabbineni/Desktop/Airflow_local/airflow_env/lib/python3.11/site-packages/airflow/example_dags/example_trigger_controller_dag.py for tasks to queue
[2024-02-26T04:29:30.982-0500] {logging_mixin.py:154} INFO - [2024-02-26T04:29:30.981-0500] {dagbag.py:536} INFO - Filling up the DagBag from /Users/venkatasaisabbineni/Desktop/Airflow_local/airflow_env/lib/python3.11/site-packages/airflow/example_dags/example_trigger_controller_dag.py
[2024-02-26T04:29:30.998-0500] {processor.py:839} INFO - DAG(s) dict_keys(['example_trigger_controller_dag']) retrieved from /Users/venkatasaisabbineni/Desktop/Airflow_local/airflow_env/lib/python3.11/site-packages/airflow/example_dags/example_trigger_controller_dag.py
[2024-02-26T04:29:31.085-0500] {logging_mixin.py:154} INFO - [2024-02-26T04:29:31.085-0500] {dag.py:2941} INFO - Sync 1 DAGs
[2024-02-26T04:29:31.093-0500] {logging_mixin.py:154} INFO - [2024-02-26T04:29:31.093-0500] {dag.py:3722} INFO - Setting next_dagrun for example_trigger_controller_dag to 2021-01-01T00:00:00+00:00, run_after=2021-01-01T00:00:00+00:00
[2024-02-26T04:29:31.103-0500] {processor.py:179} INFO - Processing /Users/venkatasaisabbineni/Desktop/Airflow_local/airflow_env/lib/python3.11/site-packages/airflow/example_dags/example_trigger_controller_dag.py took 0.125 seconds
[2024-02-26T04:31:10.459-0500] {processor.py:157} INFO - Started process (PID=62968) to work on /Users/venkatasaisabbineni/Desktop/Airflow_local/airflow_env/lib/python3.11/site-packages/airflow/example_dags/example_trigger_controller_dag.py
[2024-02-26T04:31:10.461-0500] {processor.py:829} INFO - Processing file /Users/venkatasaisabbineni/Desktop/Airflow_local/airflow_env/lib/python3.11/site-packages/airflow/example_dags/example_trigger_controller_dag.py for tasks to queue
[2024-02-26T04:31:10.462-0500] {logging_mixin.py:154} INFO - [2024-02-26T04:31:10.462-0500] {dagbag.py:536} INFO - Filling up the DagBag from /Users/venkatasaisabbineni/Desktop/Airflow_local/airflow_env/lib/python3.11/site-packages/airflow/example_dags/example_trigger_controller_dag.py
[2024-02-26T04:31:10.477-0500] {processor.py:839} INFO - DAG(s) dict_keys(['example_trigger_controller_dag']) retrieved from /Users/venkatasaisabbineni/Desktop/Airflow_local/airflow_env/lib/python3.11/site-packages/airflow/example_dags/example_trigger_controller_dag.py
[2024-02-26T04:31:10.563-0500] {logging_mixin.py:154} INFO - [2024-02-26T04:31:10.562-0500] {dag.py:2941} INFO - Sync 1 DAGs
[2024-02-26T04:31:10.571-0500] {logging_mixin.py:154} INFO - [2024-02-26T04:31:10.571-0500] {dag.py:3722} INFO - Setting next_dagrun for example_trigger_controller_dag to 2021-01-01T00:00:00+00:00, run_after=2021-01-01T00:00:00+00:00
[2024-02-26T04:31:10.581-0500] {processor.py:179} INFO - Processing /Users/venkatasaisabbineni/Desktop/Airflow_local/airflow_env/lib/python3.11/site-packages/airflow/example_dags/example_trigger_controller_dag.py took 0.123 seconds
[2024-02-26T04:32:00.383-0500] {processor.py:157} INFO - Started process (PID=63123) to work on /Users/venkatasaisabbineni/Desktop/Airflow_local/airflow_env/lib/python3.11/site-packages/airflow/example_dags/example_trigger_controller_dag.py
[2024-02-26T04:32:00.386-0500] {processor.py:829} INFO - Processing file /Users/venkatasaisabbineni/Desktop/Airflow_local/airflow_env/lib/python3.11/site-packages/airflow/example_dags/example_trigger_controller_dag.py for tasks to queue
[2024-02-26T04:32:00.386-0500] {logging_mixin.py:154} INFO - [2024-02-26T04:32:00.386-0500] {dagbag.py:536} INFO - Filling up the DagBag from /Users/venkatasaisabbineni/Desktop/Airflow_local/airflow_env/lib/python3.11/site-packages/airflow/example_dags/example_trigger_controller_dag.py
[2024-02-26T04:32:00.401-0500] {processor.py:839} INFO - DAG(s) dict_keys(['example_trigger_controller_dag']) retrieved from /Users/venkatasaisabbineni/Desktop/Airflow_local/airflow_env/lib/python3.11/site-packages/airflow/example_dags/example_trigger_controller_dag.py
[2024-02-26T04:32:00.487-0500] {logging_mixin.py:154} INFO - [2024-02-26T04:32:00.487-0500] {dag.py:2941} INFO - Sync 1 DAGs
[2024-02-26T04:32:00.496-0500] {logging_mixin.py:154} INFO - [2024-02-26T04:32:00.496-0500] {dag.py:3722} INFO - Setting next_dagrun for example_trigger_controller_dag to 2021-01-01T00:00:00+00:00, run_after=2021-01-01T00:00:00+00:00
[2024-02-26T04:32:00.505-0500] {processor.py:179} INFO - Processing /Users/venkatasaisabbineni/Desktop/Airflow_local/airflow_env/lib/python3.11/site-packages/airflow/example_dags/example_trigger_controller_dag.py took 0.123 seconds
[2024-02-26T04:32:52.927-0500] {processor.py:157} INFO - Started process (PID=63329) to work on /Users/venkatasaisabbineni/Desktop/Airflow_local/airflow_env/lib/python3.11/site-packages/airflow/example_dags/example_trigger_controller_dag.py
[2024-02-26T04:32:52.929-0500] {processor.py:829} INFO - Processing file /Users/venkatasaisabbineni/Desktop/Airflow_local/airflow_env/lib/python3.11/site-packages/airflow/example_dags/example_trigger_controller_dag.py for tasks to queue
[2024-02-26T04:32:52.929-0500] {logging_mixin.py:154} INFO - [2024-02-26T04:32:52.929-0500] {dagbag.py:536} INFO - Filling up the DagBag from /Users/venkatasaisabbineni/Desktop/Airflow_local/airflow_env/lib/python3.11/site-packages/airflow/example_dags/example_trigger_controller_dag.py
[2024-02-26T04:32:52.945-0500] {processor.py:839} INFO - DAG(s) dict_keys(['example_trigger_controller_dag']) retrieved from /Users/venkatasaisabbineni/Desktop/Airflow_local/airflow_env/lib/python3.11/site-packages/airflow/example_dags/example_trigger_controller_dag.py
[2024-02-26T04:32:53.030-0500] {logging_mixin.py:154} INFO - [2024-02-26T04:32:53.030-0500] {dag.py:2941} INFO - Sync 1 DAGs
[2024-02-26T04:32:53.038-0500] {logging_mixin.py:154} INFO - [2024-02-26T04:32:53.038-0500] {dag.py:3722} INFO - Setting next_dagrun for example_trigger_controller_dag to 2021-01-01T00:00:00+00:00, run_after=2021-01-01T00:00:00+00:00
[2024-02-26T04:32:53.048-0500] {processor.py:179} INFO - Processing /Users/venkatasaisabbineni/Desktop/Airflow_local/airflow_env/lib/python3.11/site-packages/airflow/example_dags/example_trigger_controller_dag.py took 0.122 seconds
[2024-02-26T04:33:45.203-0500] {processor.py:157} INFO - Started process (PID=63496) to work on /Users/venkatasaisabbineni/Desktop/Airflow_local/airflow_env/lib/python3.11/site-packages/airflow/example_dags/example_trigger_controller_dag.py
[2024-02-26T04:33:45.205-0500] {processor.py:829} INFO - Processing file /Users/venkatasaisabbineni/Desktop/Airflow_local/airflow_env/lib/python3.11/site-packages/airflow/example_dags/example_trigger_controller_dag.py for tasks to queue
[2024-02-26T04:33:45.206-0500] {logging_mixin.py:154} INFO - [2024-02-26T04:33:45.206-0500] {dagbag.py:536} INFO - Filling up the DagBag from /Users/venkatasaisabbineni/Desktop/Airflow_local/airflow_env/lib/python3.11/site-packages/airflow/example_dags/example_trigger_controller_dag.py
[2024-02-26T04:33:45.222-0500] {processor.py:839} INFO - DAG(s) dict_keys(['example_trigger_controller_dag']) retrieved from /Users/venkatasaisabbineni/Desktop/Airflow_local/airflow_env/lib/python3.11/site-packages/airflow/example_dags/example_trigger_controller_dag.py
[2024-02-26T04:33:45.246-0500] {logging_mixin.py:154} INFO - [2024-02-26T04:33:45.246-0500] {dag.py:2941} INFO - Sync 1 DAGs
[2024-02-26T04:33:45.291-0500] {logging_mixin.py:154} INFO - [2024-02-26T04:33:45.291-0500] {dag.py:3722} INFO - Setting next_dagrun for example_trigger_controller_dag to 2021-01-01T00:00:00+00:00, run_after=2021-01-01T00:00:00+00:00
[2024-02-26T04:33:45.302-0500] {processor.py:179} INFO - Processing /Users/venkatasaisabbineni/Desktop/Airflow_local/airflow_env/lib/python3.11/site-packages/airflow/example_dags/example_trigger_controller_dag.py took 0.100 seconds
[2024-02-26T04:37:27.200-0500] {processor.py:157} INFO - Started process (PID=64152) to work on /Users/venkatasaisabbineni/Desktop/Airflow_local/airflow_env/lib/python3.11/site-packages/airflow/example_dags/example_trigger_controller_dag.py
[2024-02-26T04:37:27.204-0500] {processor.py:829} INFO - Processing file /Users/venkatasaisabbineni/Desktop/Airflow_local/airflow_env/lib/python3.11/site-packages/airflow/example_dags/example_trigger_controller_dag.py for tasks to queue
[2024-02-26T04:37:27.204-0500] {logging_mixin.py:154} INFO - [2024-02-26T04:37:27.204-0500] {dagbag.py:536} INFO - Filling up the DagBag from /Users/venkatasaisabbineni/Desktop/Airflow_local/airflow_env/lib/python3.11/site-packages/airflow/example_dags/example_trigger_controller_dag.py
[2024-02-26T04:37:27.220-0500] {processor.py:839} INFO - DAG(s) dict_keys(['example_trigger_controller_dag']) retrieved from /Users/venkatasaisabbineni/Desktop/Airflow_local/airflow_env/lib/python3.11/site-packages/airflow/example_dags/example_trigger_controller_dag.py
[2024-02-26T04:37:27.244-0500] {logging_mixin.py:154} INFO - [2024-02-26T04:37:27.244-0500] {dag.py:2941} INFO - Sync 1 DAGs
[2024-02-26T04:37:27.289-0500] {logging_mixin.py:154} INFO - [2024-02-26T04:37:27.289-0500] {dag.py:3722} INFO - Setting next_dagrun for example_trigger_controller_dag to 2021-01-01T00:00:00+00:00, run_after=2021-01-01T00:00:00+00:00
[2024-02-26T04:37:27.299-0500] {processor.py:179} INFO - Processing /Users/venkatasaisabbineni/Desktop/Airflow_local/airflow_env/lib/python3.11/site-packages/airflow/example_dags/example_trigger_controller_dag.py took 0.099 seconds
[2024-02-26T04:38:39.508-0500] {processor.py:157} INFO - Started process (PID=64386) to work on /Users/venkatasaisabbineni/Desktop/Airflow_local/airflow_env/lib/python3.11/site-packages/airflow/example_dags/example_trigger_controller_dag.py
[2024-02-26T04:38:39.512-0500] {processor.py:829} INFO - Processing file /Users/venkatasaisabbineni/Desktop/Airflow_local/airflow_env/lib/python3.11/site-packages/airflow/example_dags/example_trigger_controller_dag.py for tasks to queue
[2024-02-26T04:38:39.513-0500] {logging_mixin.py:154} INFO - [2024-02-26T04:38:39.513-0500] {dagbag.py:536} INFO - Filling up the DagBag from /Users/venkatasaisabbineni/Desktop/Airflow_local/airflow_env/lib/python3.11/site-packages/airflow/example_dags/example_trigger_controller_dag.py
[2024-02-26T04:38:39.528-0500] {processor.py:839} INFO - DAG(s) dict_keys(['example_trigger_controller_dag']) retrieved from /Users/venkatasaisabbineni/Desktop/Airflow_local/airflow_env/lib/python3.11/site-packages/airflow/example_dags/example_trigger_controller_dag.py
[2024-02-26T04:38:39.555-0500] {logging_mixin.py:154} INFO - [2024-02-26T04:38:39.555-0500] {dag.py:2941} INFO - Sync 1 DAGs
[2024-02-26T04:38:39.601-0500] {logging_mixin.py:154} INFO - [2024-02-26T04:38:39.601-0500] {dag.py:3722} INFO - Setting next_dagrun for example_trigger_controller_dag to 2021-01-01T00:00:00+00:00, run_after=2021-01-01T00:00:00+00:00
[2024-02-26T04:38:39.612-0500] {processor.py:179} INFO - Processing /Users/venkatasaisabbineni/Desktop/Airflow_local/airflow_env/lib/python3.11/site-packages/airflow/example_dags/example_trigger_controller_dag.py took 0.105 seconds
[2024-02-26T04:41:24.475-0500] {processor.py:157} INFO - Started process (PID=64826) to work on /Users/venkatasaisabbineni/Desktop/Airflow_local/airflow_env/lib/python3.11/site-packages/airflow/example_dags/example_trigger_controller_dag.py
[2024-02-26T04:41:24.479-0500] {processor.py:829} INFO - Processing file /Users/venkatasaisabbineni/Desktop/Airflow_local/airflow_env/lib/python3.11/site-packages/airflow/example_dags/example_trigger_controller_dag.py for tasks to queue
[2024-02-26T04:41:24.480-0500] {logging_mixin.py:154} INFO - [2024-02-26T04:41:24.480-0500] {dagbag.py:536} INFO - Filling up the DagBag from /Users/venkatasaisabbineni/Desktop/Airflow_local/airflow_env/lib/python3.11/site-packages/airflow/example_dags/example_trigger_controller_dag.py
[2024-02-26T04:41:24.496-0500] {processor.py:839} INFO - DAG(s) dict_keys(['example_trigger_controller_dag']) retrieved from /Users/venkatasaisabbineni/Desktop/Airflow_local/airflow_env/lib/python3.11/site-packages/airflow/example_dags/example_trigger_controller_dag.py
[2024-02-26T04:41:24.915-0500] {logging_mixin.py:154} INFO - [2024-02-26T04:41:24.914-0500] {manager.py:499} INFO - Created Permission View: %s
[2024-02-26T04:41:24.919-0500] {logging_mixin.py:154} INFO - [2024-02-26T04:41:24.919-0500] {manager.py:499} INFO - Created Permission View: %s
[2024-02-26T04:41:24.922-0500] {logging_mixin.py:154} INFO - [2024-02-26T04:41:24.922-0500] {manager.py:499} INFO - Created Permission View: %s
[2024-02-26T04:41:24.923-0500] {logging_mixin.py:154} INFO - [2024-02-26T04:41:24.922-0500] {dag.py:2941} INFO - Sync 1 DAGs
[2024-02-26T04:41:24.927-0500] {logging_mixin.py:154} INFO - [2024-02-26T04:41:24.927-0500] {dag.py:2963} INFO - Creating ORM DAG for example_trigger_controller_dag
[2024-02-26T04:41:24.931-0500] {logging_mixin.py:154} INFO - [2024-02-26T04:41:24.931-0500] {dag.py:3722} INFO - Setting next_dagrun for example_trigger_controller_dag to 2021-01-01T00:00:00+00:00, run_after=2021-01-01T00:00:00+00:00
[2024-02-26T04:41:24.940-0500] {processor.py:179} INFO - Processing /Users/venkatasaisabbineni/Desktop/Airflow_local/airflow_env/lib/python3.11/site-packages/airflow/example_dags/example_trigger_controller_dag.py took 0.466 seconds
[2024-02-26T04:42:55.813-0500] {processor.py:157} INFO - Started process (PID=65102) to work on /Users/venkatasaisabbineni/Desktop/Airflow_local/airflow_env/lib/python3.11/site-packages/airflow/example_dags/example_trigger_controller_dag.py
[2024-02-26T04:42:55.816-0500] {processor.py:829} INFO - Processing file /Users/venkatasaisabbineni/Desktop/Airflow_local/airflow_env/lib/python3.11/site-packages/airflow/example_dags/example_trigger_controller_dag.py for tasks to queue
[2024-02-26T04:42:55.817-0500] {logging_mixin.py:154} INFO - [2024-02-26T04:42:55.817-0500] {dagbag.py:536} INFO - Filling up the DagBag from /Users/venkatasaisabbineni/Desktop/Airflow_local/airflow_env/lib/python3.11/site-packages/airflow/example_dags/example_trigger_controller_dag.py
[2024-02-26T04:42:55.833-0500] {processor.py:839} INFO - DAG(s) dict_keys(['example_trigger_controller_dag']) retrieved from /Users/venkatasaisabbineni/Desktop/Airflow_local/airflow_env/lib/python3.11/site-packages/airflow/example_dags/example_trigger_controller_dag.py
[2024-02-26T04:42:55.920-0500] {logging_mixin.py:154} INFO - [2024-02-26T04:42:55.920-0500] {dag.py:2941} INFO - Sync 1 DAGs
[2024-02-26T04:42:55.929-0500] {logging_mixin.py:154} INFO - [2024-02-26T04:42:55.929-0500] {dag.py:3722} INFO - Setting next_dagrun for example_trigger_controller_dag to 2021-01-01T00:00:00+00:00, run_after=2021-01-01T00:00:00+00:00
[2024-02-26T04:42:55.939-0500] {processor.py:179} INFO - Processing /Users/venkatasaisabbineni/Desktop/Airflow_local/airflow_env/lib/python3.11/site-packages/airflow/example_dags/example_trigger_controller_dag.py took 0.127 seconds
