[2024-02-26T04:27:31.886-0500] {processor.py:157} INFO - Started process (PID=62300) to work on /Users/venkatasaisabbineni/Desktop/Airflow_local/airflow_env/lib/python3.11/site-packages/airflow/example_dags/example_setup_teardown_taskflow.py
[2024-02-26T04:27:31.888-0500] {processor.py:829} INFO - Processing file /Users/venkatasaisabbineni/Desktop/Airflow_local/airflow_env/lib/python3.11/site-packages/airflow/example_dags/example_setup_teardown_taskflow.py for tasks to queue
[2024-02-26T04:27:31.888-0500] {logging_mixin.py:154} INFO - [2024-02-26T04:27:31.888-0500] {dagbag.py:536} INFO - Filling up the DagBag from /Users/venkatasaisabbineni/Desktop/Airflow_local/airflow_env/lib/python3.11/site-packages/airflow/example_dags/example_setup_teardown_taskflow.py
[2024-02-26T04:27:31.920-0500] {processor.py:839} INFO - DAG(s) dict_keys(['example_setup_teardown_taskflow']) retrieved from /Users/venkatasaisabbineni/Desktop/Airflow_local/airflow_env/lib/python3.11/site-packages/airflow/example_dags/example_setup_teardown_taskflow.py
[2024-02-26T04:27:32.324-0500] {logging_mixin.py:154} INFO - [2024-02-26T04:27:32.323-0500] {manager.py:499} INFO - Created Permission View: %s
[2024-02-26T04:27:32.328-0500] {logging_mixin.py:154} INFO - [2024-02-26T04:27:32.328-0500] {manager.py:499} INFO - Created Permission View: %s
[2024-02-26T04:27:32.331-0500] {logging_mixin.py:154} INFO - [2024-02-26T04:27:32.331-0500] {manager.py:499} INFO - Created Permission View: %s
[2024-02-26T04:27:32.331-0500] {logging_mixin.py:154} INFO - [2024-02-26T04:27:32.331-0500] {dag.py:2941} INFO - Sync 1 DAGs
[2024-02-26T04:27:32.336-0500] {logging_mixin.py:154} INFO - [2024-02-26T04:27:32.336-0500] {dag.py:2963} INFO - Creating ORM DAG for example_setup_teardown_taskflow
[2024-02-26T04:27:32.341-0500] {logging_mixin.py:154} INFO - [2024-02-26T04:27:32.340-0500] {dag.py:3722} INFO - Setting next_dagrun for example_setup_teardown_taskflow to 2024-02-25T09:27:32.340867+00:00, run_after=2024-02-26T09:27:32.340867+00:00
[2024-02-26T04:27:32.351-0500] {processor.py:179} INFO - Processing /Users/venkatasaisabbineni/Desktop/Airflow_local/airflow_env/lib/python3.11/site-packages/airflow/example_dags/example_setup_teardown_taskflow.py took 0.465 seconds
[2024-02-26T04:28:26.670-0500] {processor.py:157} INFO - Started process (PID=62467) to work on /Users/venkatasaisabbineni/Desktop/Airflow_local/airflow_env/lib/python3.11/site-packages/airflow/example_dags/example_setup_teardown_taskflow.py
[2024-02-26T04:28:26.672-0500] {processor.py:829} INFO - Processing file /Users/venkatasaisabbineni/Desktop/Airflow_local/airflow_env/lib/python3.11/site-packages/airflow/example_dags/example_setup_teardown_taskflow.py for tasks to queue
[2024-02-26T04:28:26.673-0500] {logging_mixin.py:154} INFO - [2024-02-26T04:28:26.673-0500] {dagbag.py:536} INFO - Filling up the DagBag from /Users/venkatasaisabbineni/Desktop/Airflow_local/airflow_env/lib/python3.11/site-packages/airflow/example_dags/example_setup_teardown_taskflow.py
[2024-02-26T04:28:26.708-0500] {processor.py:839} INFO - DAG(s) dict_keys(['example_setup_teardown_taskflow']) retrieved from /Users/venkatasaisabbineni/Desktop/Airflow_local/airflow_env/lib/python3.11/site-packages/airflow/example_dags/example_setup_teardown_taskflow.py
[2024-02-26T04:28:26.801-0500] {logging_mixin.py:154} INFO - [2024-02-26T04:28:26.801-0500] {dag.py:2941} INFO - Sync 1 DAGs
[2024-02-26T04:28:26.810-0500] {logging_mixin.py:154} INFO - [2024-02-26T04:28:26.809-0500] {dag.py:3722} INFO - Setting next_dagrun for example_setup_teardown_taskflow to 2024-02-25T09:28:26.809881+00:00, run_after=2024-02-26T09:28:26.809881+00:00
[2024-02-26T04:28:26.819-0500] {processor.py:179} INFO - Processing /Users/venkatasaisabbineni/Desktop/Airflow_local/airflow_env/lib/python3.11/site-packages/airflow/example_dags/example_setup_teardown_taskflow.py took 0.151 seconds
[2024-02-26T04:29:46.286-0500] {processor.py:157} INFO - Started process (PID=62704) to work on /Users/venkatasaisabbineni/Desktop/Airflow_local/airflow_env/lib/python3.11/site-packages/airflow/example_dags/example_setup_teardown_taskflow.py
[2024-02-26T04:29:46.289-0500] {processor.py:829} INFO - Processing file /Users/venkatasaisabbineni/Desktop/Airflow_local/airflow_env/lib/python3.11/site-packages/airflow/example_dags/example_setup_teardown_taskflow.py for tasks to queue
[2024-02-26T04:29:46.289-0500] {logging_mixin.py:154} INFO - [2024-02-26T04:29:46.289-0500] {dagbag.py:536} INFO - Filling up the DagBag from /Users/venkatasaisabbineni/Desktop/Airflow_local/airflow_env/lib/python3.11/site-packages/airflow/example_dags/example_setup_teardown_taskflow.py
[2024-02-26T04:29:46.321-0500] {processor.py:839} INFO - DAG(s) dict_keys(['example_setup_teardown_taskflow']) retrieved from /Users/venkatasaisabbineni/Desktop/Airflow_local/airflow_env/lib/python3.11/site-packages/airflow/example_dags/example_setup_teardown_taskflow.py
[2024-02-26T04:29:46.406-0500] {logging_mixin.py:154} INFO - [2024-02-26T04:29:46.406-0500] {dag.py:2941} INFO - Sync 1 DAGs
[2024-02-26T04:29:46.415-0500] {logging_mixin.py:154} INFO - [2024-02-26T04:29:46.415-0500] {dag.py:3722} INFO - Setting next_dagrun for example_setup_teardown_taskflow to 2024-02-25T09:29:46.415322+00:00, run_after=2024-02-26T09:29:46.415322+00:00
[2024-02-26T04:29:46.425-0500] {processor.py:179} INFO - Processing /Users/venkatasaisabbineni/Desktop/Airflow_local/airflow_env/lib/python3.11/site-packages/airflow/example_dags/example_setup_teardown_taskflow.py took 0.140 seconds
[2024-02-26T04:31:25.824-0500] {processor.py:157} INFO - Started process (PID=63021) to work on /Users/venkatasaisabbineni/Desktop/Airflow_local/airflow_env/lib/python3.11/site-packages/airflow/example_dags/example_setup_teardown_taskflow.py
[2024-02-26T04:31:25.827-0500] {processor.py:829} INFO - Processing file /Users/venkatasaisabbineni/Desktop/Airflow_local/airflow_env/lib/python3.11/site-packages/airflow/example_dags/example_setup_teardown_taskflow.py for tasks to queue
[2024-02-26T04:31:25.827-0500] {logging_mixin.py:154} INFO - [2024-02-26T04:31:25.827-0500] {dagbag.py:536} INFO - Filling up the DagBag from /Users/venkatasaisabbineni/Desktop/Airflow_local/airflow_env/lib/python3.11/site-packages/airflow/example_dags/example_setup_teardown_taskflow.py
[2024-02-26T04:31:25.859-0500] {processor.py:839} INFO - DAG(s) dict_keys(['example_setup_teardown_taskflow']) retrieved from /Users/venkatasaisabbineni/Desktop/Airflow_local/airflow_env/lib/python3.11/site-packages/airflow/example_dags/example_setup_teardown_taskflow.py
[2024-02-26T04:31:25.944-0500] {logging_mixin.py:154} INFO - [2024-02-26T04:31:25.944-0500] {dag.py:2941} INFO - Sync 1 DAGs
[2024-02-26T04:31:25.952-0500] {logging_mixin.py:154} INFO - [2024-02-26T04:31:25.952-0500] {dag.py:3722} INFO - Setting next_dagrun for example_setup_teardown_taskflow to 2024-02-25T09:31:25.952393+00:00, run_after=2024-02-26T09:31:25.952393+00:00
[2024-02-26T04:31:25.962-0500] {processor.py:179} INFO - Processing /Users/venkatasaisabbineni/Desktop/Airflow_local/airflow_env/lib/python3.11/site-packages/airflow/example_dags/example_setup_teardown_taskflow.py took 0.139 seconds
[2024-02-26T04:33:09.520-0500] {processor.py:157} INFO - Started process (PID=63379) to work on /Users/venkatasaisabbineni/Desktop/Airflow_local/airflow_env/lib/python3.11/site-packages/airflow/example_dags/example_setup_teardown_taskflow.py
[2024-02-26T04:33:09.523-0500] {processor.py:829} INFO - Processing file /Users/venkatasaisabbineni/Desktop/Airflow_local/airflow_env/lib/python3.11/site-packages/airflow/example_dags/example_setup_teardown_taskflow.py for tasks to queue
[2024-02-26T04:33:09.523-0500] {logging_mixin.py:154} INFO - [2024-02-26T04:33:09.523-0500] {dagbag.py:536} INFO - Filling up the DagBag from /Users/venkatasaisabbineni/Desktop/Airflow_local/airflow_env/lib/python3.11/site-packages/airflow/example_dags/example_setup_teardown_taskflow.py
[2024-02-26T04:33:09.555-0500] {processor.py:839} INFO - DAG(s) dict_keys(['example_setup_teardown_taskflow']) retrieved from /Users/venkatasaisabbineni/Desktop/Airflow_local/airflow_env/lib/python3.11/site-packages/airflow/example_dags/example_setup_teardown_taskflow.py
[2024-02-26T04:33:09.642-0500] {logging_mixin.py:154} INFO - [2024-02-26T04:33:09.642-0500] {dag.py:2941} INFO - Sync 1 DAGs
[2024-02-26T04:33:09.650-0500] {logging_mixin.py:154} INFO - [2024-02-26T04:33:09.650-0500] {dag.py:3722} INFO - Setting next_dagrun for example_setup_teardown_taskflow to 2024-02-25T09:33:09.650585+00:00, run_after=2024-02-26T09:33:09.650585+00:00
[2024-02-26T04:33:09.660-0500] {processor.py:179} INFO - Processing /Users/venkatasaisabbineni/Desktop/Airflow_local/airflow_env/lib/python3.11/site-packages/airflow/example_dags/example_setup_teardown_taskflow.py took 0.140 seconds
[2024-02-26T04:34:01.838-0500] {processor.py:157} INFO - Started process (PID=63542) to work on /Users/venkatasaisabbineni/Desktop/Airflow_local/airflow_env/lib/python3.11/site-packages/airflow/example_dags/example_setup_teardown_taskflow.py
[2024-02-26T04:34:01.841-0500] {processor.py:829} INFO - Processing file /Users/venkatasaisabbineni/Desktop/Airflow_local/airflow_env/lib/python3.11/site-packages/airflow/example_dags/example_setup_teardown_taskflow.py for tasks to queue
[2024-02-26T04:34:01.841-0500] {logging_mixin.py:154} INFO - [2024-02-26T04:34:01.841-0500] {dagbag.py:536} INFO - Filling up the DagBag from /Users/venkatasaisabbineni/Desktop/Airflow_local/airflow_env/lib/python3.11/site-packages/airflow/example_dags/example_setup_teardown_taskflow.py
[2024-02-26T04:34:01.874-0500] {processor.py:839} INFO - DAG(s) dict_keys(['example_setup_teardown_taskflow']) retrieved from /Users/venkatasaisabbineni/Desktop/Airflow_local/airflow_env/lib/python3.11/site-packages/airflow/example_dags/example_setup_teardown_taskflow.py
[2024-02-26T04:34:01.964-0500] {logging_mixin.py:154} INFO - [2024-02-26T04:34:01.964-0500] {dag.py:2941} INFO - Sync 1 DAGs
[2024-02-26T04:34:01.973-0500] {logging_mixin.py:154} INFO - [2024-02-26T04:34:01.972-0500] {dag.py:3722} INFO - Setting next_dagrun for example_setup_teardown_taskflow to 2024-02-25T09:34:01.972837+00:00, run_after=2024-02-26T09:34:01.972837+00:00
[2024-02-26T04:34:01.985-0500] {processor.py:179} INFO - Processing /Users/venkatasaisabbineni/Desktop/Airflow_local/airflow_env/lib/python3.11/site-packages/airflow/example_dags/example_setup_teardown_taskflow.py took 0.147 seconds
[2024-02-26T04:37:42.290-0500] {processor.py:157} INFO - Started process (PID=64194) to work on /Users/venkatasaisabbineni/Desktop/Airflow_local/airflow_env/lib/python3.11/site-packages/airflow/example_dags/example_setup_teardown_taskflow.py
[2024-02-26T04:37:42.294-0500] {processor.py:829} INFO - Processing file /Users/venkatasaisabbineni/Desktop/Airflow_local/airflow_env/lib/python3.11/site-packages/airflow/example_dags/example_setup_teardown_taskflow.py for tasks to queue
[2024-02-26T04:37:42.294-0500] {logging_mixin.py:154} INFO - [2024-02-26T04:37:42.294-0500] {dagbag.py:536} INFO - Filling up the DagBag from /Users/venkatasaisabbineni/Desktop/Airflow_local/airflow_env/lib/python3.11/site-packages/airflow/example_dags/example_setup_teardown_taskflow.py
[2024-02-26T04:37:42.326-0500] {processor.py:839} INFO - DAG(s) dict_keys(['example_setup_teardown_taskflow']) retrieved from /Users/venkatasaisabbineni/Desktop/Airflow_local/airflow_env/lib/python3.11/site-packages/airflow/example_dags/example_setup_teardown_taskflow.py
[2024-02-26T04:37:42.412-0500] {logging_mixin.py:154} INFO - [2024-02-26T04:37:42.412-0500] {dag.py:2941} INFO - Sync 1 DAGs
[2024-02-26T04:37:42.420-0500] {logging_mixin.py:154} INFO - [2024-02-26T04:37:42.420-0500] {dag.py:3722} INFO - Setting next_dagrun for example_setup_teardown_taskflow to 2024-02-25T09:37:42.420486+00:00, run_after=2024-02-26T09:37:42.420486+00:00
[2024-02-26T04:37:42.432-0500] {processor.py:179} INFO - Processing /Users/venkatasaisabbineni/Desktop/Airflow_local/airflow_env/lib/python3.11/site-packages/airflow/example_dags/example_setup_teardown_taskflow.py took 0.144 seconds
[2024-02-26T04:38:56.132-0500] {processor.py:157} INFO - Started process (PID=64427) to work on /Users/venkatasaisabbineni/Desktop/Airflow_local/airflow_env/lib/python3.11/site-packages/airflow/example_dags/example_setup_teardown_taskflow.py
[2024-02-26T04:38:56.135-0500] {processor.py:829} INFO - Processing file /Users/venkatasaisabbineni/Desktop/Airflow_local/airflow_env/lib/python3.11/site-packages/airflow/example_dags/example_setup_teardown_taskflow.py for tasks to queue
[2024-02-26T04:38:56.135-0500] {logging_mixin.py:154} INFO - [2024-02-26T04:38:56.135-0500] {dagbag.py:536} INFO - Filling up the DagBag from /Users/venkatasaisabbineni/Desktop/Airflow_local/airflow_env/lib/python3.11/site-packages/airflow/example_dags/example_setup_teardown_taskflow.py
[2024-02-26T04:38:56.167-0500] {processor.py:839} INFO - DAG(s) dict_keys(['example_setup_teardown_taskflow']) retrieved from /Users/venkatasaisabbineni/Desktop/Airflow_local/airflow_env/lib/python3.11/site-packages/airflow/example_dags/example_setup_teardown_taskflow.py
[2024-02-26T04:38:56.252-0500] {logging_mixin.py:154} INFO - [2024-02-26T04:38:56.252-0500] {dag.py:2941} INFO - Sync 1 DAGs
[2024-02-26T04:38:56.260-0500] {logging_mixin.py:154} INFO - [2024-02-26T04:38:56.260-0500] {dag.py:3722} INFO - Setting next_dagrun for example_setup_teardown_taskflow to 2024-02-25T09:38:56.260529+00:00, run_after=2024-02-26T09:38:56.260529+00:00
[2024-02-26T04:38:56.271-0500] {processor.py:179} INFO - Processing /Users/venkatasaisabbineni/Desktop/Airflow_local/airflow_env/lib/python3.11/site-packages/airflow/example_dags/example_setup_teardown_taskflow.py took 0.140 seconds
[2024-02-26T04:41:44.813-0500] {processor.py:157} INFO - Started process (PID=64886) to work on /Users/venkatasaisabbineni/Desktop/Airflow_local/airflow_env/lib/python3.11/site-packages/airflow/example_dags/example_setup_teardown_taskflow.py
[2024-02-26T04:41:44.817-0500] {processor.py:829} INFO - Processing file /Users/venkatasaisabbineni/Desktop/Airflow_local/airflow_env/lib/python3.11/site-packages/airflow/example_dags/example_setup_teardown_taskflow.py for tasks to queue
[2024-02-26T04:41:44.817-0500] {logging_mixin.py:154} INFO - [2024-02-26T04:41:44.817-0500] {dagbag.py:536} INFO - Filling up the DagBag from /Users/venkatasaisabbineni/Desktop/Airflow_local/airflow_env/lib/python3.11/site-packages/airflow/example_dags/example_setup_teardown_taskflow.py
[2024-02-26T04:41:44.851-0500] {processor.py:839} INFO - DAG(s) dict_keys(['example_setup_teardown_taskflow']) retrieved from /Users/venkatasaisabbineni/Desktop/Airflow_local/airflow_env/lib/python3.11/site-packages/airflow/example_dags/example_setup_teardown_taskflow.py
[2024-02-26T04:41:45.294-0500] {logging_mixin.py:154} INFO - [2024-02-26T04:41:45.294-0500] {manager.py:499} INFO - Created Permission View: %s
[2024-02-26T04:41:45.299-0500] {logging_mixin.py:154} INFO - [2024-02-26T04:41:45.299-0500] {manager.py:499} INFO - Created Permission View: %s
[2024-02-26T04:41:45.302-0500] {logging_mixin.py:154} INFO - [2024-02-26T04:41:45.302-0500] {manager.py:499} INFO - Created Permission View: %s
[2024-02-26T04:41:45.302-0500] {logging_mixin.py:154} INFO - [2024-02-26T04:41:45.302-0500] {dag.py:2941} INFO - Sync 1 DAGs
[2024-02-26T04:41:45.307-0500] {logging_mixin.py:154} INFO - [2024-02-26T04:41:45.307-0500] {dag.py:2963} INFO - Creating ORM DAG for example_setup_teardown_taskflow
[2024-02-26T04:41:45.312-0500] {logging_mixin.py:154} INFO - [2024-02-26T04:41:45.312-0500] {dag.py:3722} INFO - Setting next_dagrun for example_setup_teardown_taskflow to 2024-02-25T09:41:45.312205+00:00, run_after=2024-02-26T09:41:45.312205+00:00
[2024-02-26T04:41:45.321-0500] {processor.py:179} INFO - Processing /Users/venkatasaisabbineni/Desktop/Airflow_local/airflow_env/lib/python3.11/site-packages/airflow/example_dags/example_setup_teardown_taskflow.py took 0.509 seconds
[2024-02-26T04:43:11.740-0500] {processor.py:157} INFO - Started process (PID=65144) to work on /Users/venkatasaisabbineni/Desktop/Airflow_local/airflow_env/lib/python3.11/site-packages/airflow/example_dags/example_setup_teardown_taskflow.py
[2024-02-26T04:43:11.744-0500] {processor.py:829} INFO - Processing file /Users/venkatasaisabbineni/Desktop/Airflow_local/airflow_env/lib/python3.11/site-packages/airflow/example_dags/example_setup_teardown_taskflow.py for tasks to queue
[2024-02-26T04:43:11.744-0500] {logging_mixin.py:154} INFO - [2024-02-26T04:43:11.744-0500] {dagbag.py:536} INFO - Filling up the DagBag from /Users/venkatasaisabbineni/Desktop/Airflow_local/airflow_env/lib/python3.11/site-packages/airflow/example_dags/example_setup_teardown_taskflow.py
[2024-02-26T04:43:11.778-0500] {processor.py:839} INFO - DAG(s) dict_keys(['example_setup_teardown_taskflow']) retrieved from /Users/venkatasaisabbineni/Desktop/Airflow_local/airflow_env/lib/python3.11/site-packages/airflow/example_dags/example_setup_teardown_taskflow.py
[2024-02-26T04:43:11.865-0500] {logging_mixin.py:154} INFO - [2024-02-26T04:43:11.865-0500] {dag.py:2941} INFO - Sync 1 DAGs
[2024-02-26T04:43:11.874-0500] {logging_mixin.py:154} INFO - [2024-02-26T04:43:11.874-0500] {dag.py:3722} INFO - Setting next_dagrun for example_setup_teardown_taskflow to 2024-02-25T09:43:11.874112+00:00, run_after=2024-02-26T09:43:11.874112+00:00
[2024-02-26T04:43:11.884-0500] {processor.py:179} INFO - Processing /Users/venkatasaisabbineni/Desktop/Airflow_local/airflow_env/lib/python3.11/site-packages/airflow/example_dags/example_setup_teardown_taskflow.py took 0.144 seconds
