[2024-02-26T04:28:39.492-0500] {processor.py:157} INFO - Started process (PID=62499) to work on /Users/venkatasaisabbineni/Desktop/Airflow_local/airflow_env/lib/python3.11/site-packages/airflow/example_dags/example_params_trigger_ui.py
[2024-02-26T04:28:39.494-0500] {processor.py:829} INFO - Processing file /Users/venkatasaisabbineni/Desktop/Airflow_local/airflow_env/lib/python3.11/site-packages/airflow/example_dags/example_params_trigger_ui.py for tasks to queue
[2024-02-26T04:28:39.495-0500] {logging_mixin.py:154} INFO - [2024-02-26T04:28:39.494-0500] {dagbag.py:536} INFO - Filling up the DagBag from /Users/venkatasaisabbineni/Desktop/Airflow_local/airflow_env/lib/python3.11/site-packages/airflow/example_dags/example_params_trigger_ui.py
[2024-02-26T04:28:39.551-0500] {processor.py:839} INFO - DAG(s) dict_keys(['example_params_trigger_ui']) retrieved from /Users/venkatasaisabbineni/Desktop/Airflow_local/airflow_env/lib/python3.11/site-packages/airflow/example_dags/example_params_trigger_ui.py
[2024-02-26T04:28:39.624-0500] {logging_mixin.py:154} INFO - [2024-02-26T04:28:39.623-0500] {dag.py:2941} INFO - Sync 1 DAGs
[2024-02-26T04:28:39.628-0500] {logging_mixin.py:154} INFO - [2024-02-26T04:28:39.628-0500] {dag.py:3722} INFO - Setting next_dagrun for example_params_trigger_ui to None, run_after=None
[2024-02-26T04:28:39.638-0500] {processor.py:179} INFO - Processing /Users/venkatasaisabbineni/Desktop/Airflow_local/airflow_env/lib/python3.11/site-packages/airflow/example_dags/example_params_trigger_ui.py took 0.147 seconds
[2024-02-26T04:29:57.192-0500] {processor.py:157} INFO - Started process (PID=62737) to work on /Users/venkatasaisabbineni/Desktop/Airflow_local/airflow_env/lib/python3.11/site-packages/airflow/example_dags/example_params_trigger_ui.py
[2024-02-26T04:29:57.194-0500] {processor.py:829} INFO - Processing file /Users/venkatasaisabbineni/Desktop/Airflow_local/airflow_env/lib/python3.11/site-packages/airflow/example_dags/example_params_trigger_ui.py for tasks to queue
[2024-02-26T04:29:57.194-0500] {logging_mixin.py:154} INFO - [2024-02-26T04:29:57.194-0500] {dagbag.py:536} INFO - Filling up the DagBag from /Users/venkatasaisabbineni/Desktop/Airflow_local/airflow_env/lib/python3.11/site-packages/airflow/example_dags/example_params_trigger_ui.py
[2024-02-26T04:29:57.255-0500] {processor.py:839} INFO - DAG(s) dict_keys(['example_params_trigger_ui']) retrieved from /Users/venkatasaisabbineni/Desktop/Airflow_local/airflow_env/lib/python3.11/site-packages/airflow/example_dags/example_params_trigger_ui.py
[2024-02-26T04:29:57.331-0500] {logging_mixin.py:154} INFO - [2024-02-26T04:29:57.331-0500] {dag.py:2941} INFO - Sync 1 DAGs
[2024-02-26T04:29:57.335-0500] {logging_mixin.py:154} INFO - [2024-02-26T04:29:57.335-0500] {dag.py:3722} INFO - Setting next_dagrun for example_params_trigger_ui to None, run_after=None
[2024-02-26T04:29:57.347-0500] {processor.py:179} INFO - Processing /Users/venkatasaisabbineni/Desktop/Airflow_local/airflow_env/lib/python3.11/site-packages/airflow/example_dags/example_params_trigger_ui.py took 0.156 seconds
[2024-02-26T04:31:38.655-0500] {processor.py:157} INFO - Started process (PID=63060) to work on /Users/venkatasaisabbineni/Desktop/Airflow_local/airflow_env/lib/python3.11/site-packages/airflow/example_dags/example_params_trigger_ui.py
[2024-02-26T04:31:38.658-0500] {processor.py:829} INFO - Processing file /Users/venkatasaisabbineni/Desktop/Airflow_local/airflow_env/lib/python3.11/site-packages/airflow/example_dags/example_params_trigger_ui.py for tasks to queue
[2024-02-26T04:31:38.658-0500] {logging_mixin.py:154} INFO - [2024-02-26T04:31:38.658-0500] {dagbag.py:536} INFO - Filling up the DagBag from /Users/venkatasaisabbineni/Desktop/Airflow_local/airflow_env/lib/python3.11/site-packages/airflow/example_dags/example_params_trigger_ui.py
[2024-02-26T04:31:38.716-0500] {processor.py:839} INFO - DAG(s) dict_keys(['example_params_trigger_ui']) retrieved from /Users/venkatasaisabbineni/Desktop/Airflow_local/airflow_env/lib/python3.11/site-packages/airflow/example_dags/example_params_trigger_ui.py
[2024-02-26T04:31:38.792-0500] {logging_mixin.py:154} INFO - [2024-02-26T04:31:38.792-0500] {dag.py:2941} INFO - Sync 1 DAGs
[2024-02-26T04:31:38.797-0500] {logging_mixin.py:154} INFO - [2024-02-26T04:31:38.797-0500] {dag.py:3722} INFO - Setting next_dagrun for example_params_trigger_ui to None, run_after=None
[2024-02-26T04:31:38.807-0500] {processor.py:179} INFO - Processing /Users/venkatasaisabbineni/Desktop/Airflow_local/airflow_env/lib/python3.11/site-packages/airflow/example_dags/example_params_trigger_ui.py took 0.153 seconds
[2024-02-26T04:34:14.342-0500] {processor.py:157} INFO - Started process (PID=63574) to work on /Users/venkatasaisabbineni/Desktop/Airflow_local/airflow_env/lib/python3.11/site-packages/airflow/example_dags/example_params_trigger_ui.py
[2024-02-26T04:34:14.345-0500] {processor.py:829} INFO - Processing file /Users/venkatasaisabbineni/Desktop/Airflow_local/airflow_env/lib/python3.11/site-packages/airflow/example_dags/example_params_trigger_ui.py for tasks to queue
[2024-02-26T04:34:14.346-0500] {logging_mixin.py:154} INFO - [2024-02-26T04:34:14.346-0500] {dagbag.py:536} INFO - Filling up the DagBag from /Users/venkatasaisabbineni/Desktop/Airflow_local/airflow_env/lib/python3.11/site-packages/airflow/example_dags/example_params_trigger_ui.py
[2024-02-26T04:34:14.404-0500] {processor.py:839} INFO - DAG(s) dict_keys(['example_params_trigger_ui']) retrieved from /Users/venkatasaisabbineni/Desktop/Airflow_local/airflow_env/lib/python3.11/site-packages/airflow/example_dags/example_params_trigger_ui.py
[2024-02-26T04:34:14.478-0500] {logging_mixin.py:154} INFO - [2024-02-26T04:34:14.478-0500] {dag.py:2941} INFO - Sync 1 DAGs
[2024-02-26T04:34:14.483-0500] {logging_mixin.py:154} INFO - [2024-02-26T04:34:14.483-0500] {dag.py:3722} INFO - Setting next_dagrun for example_params_trigger_ui to None, run_after=None
[2024-02-26T04:34:14.494-0500] {processor.py:179} INFO - Processing /Users/venkatasaisabbineni/Desktop/Airflow_local/airflow_env/lib/python3.11/site-packages/airflow/example_dags/example_params_trigger_ui.py took 0.153 seconds
[2024-02-26T04:39:08.655-0500] {processor.py:157} INFO - Started process (PID=64459) to work on /Users/venkatasaisabbineni/Desktop/Airflow_local/airflow_env/lib/python3.11/site-packages/airflow/example_dags/example_params_trigger_ui.py
[2024-02-26T04:39:08.659-0500] {processor.py:829} INFO - Processing file /Users/venkatasaisabbineni/Desktop/Airflow_local/airflow_env/lib/python3.11/site-packages/airflow/example_dags/example_params_trigger_ui.py for tasks to queue
[2024-02-26T04:39:08.659-0500] {logging_mixin.py:154} INFO - [2024-02-26T04:39:08.659-0500] {dagbag.py:536} INFO - Filling up the DagBag from /Users/venkatasaisabbineni/Desktop/Airflow_local/airflow_env/lib/python3.11/site-packages/airflow/example_dags/example_params_trigger_ui.py
[2024-02-26T04:39:08.716-0500] {processor.py:839} INFO - DAG(s) dict_keys(['example_params_trigger_ui']) retrieved from /Users/venkatasaisabbineni/Desktop/Airflow_local/airflow_env/lib/python3.11/site-packages/airflow/example_dags/example_params_trigger_ui.py
[2024-02-26T04:39:08.791-0500] {logging_mixin.py:154} INFO - [2024-02-26T04:39:08.790-0500] {dag.py:2941} INFO - Sync 1 DAGs
[2024-02-26T04:39:08.796-0500] {logging_mixin.py:154} INFO - [2024-02-26T04:39:08.796-0500] {dag.py:3722} INFO - Setting next_dagrun for example_params_trigger_ui to None, run_after=None
[2024-02-26T04:39:08.808-0500] {processor.py:179} INFO - Processing /Users/venkatasaisabbineni/Desktop/Airflow_local/airflow_env/lib/python3.11/site-packages/airflow/example_dags/example_params_trigger_ui.py took 0.153 seconds
[2024-02-26T04:41:59.792-0500] {processor.py:157} INFO - Started process (PID=64929) to work on /Users/venkatasaisabbineni/Desktop/Airflow_local/airflow_env/lib/python3.11/site-packages/airflow/example_dags/example_params_trigger_ui.py
[2024-02-26T04:41:59.796-0500] {processor.py:829} INFO - Processing file /Users/venkatasaisabbineni/Desktop/Airflow_local/airflow_env/lib/python3.11/site-packages/airflow/example_dags/example_params_trigger_ui.py for tasks to queue
[2024-02-26T04:41:59.796-0500] {logging_mixin.py:154} INFO - [2024-02-26T04:41:59.796-0500] {dagbag.py:536} INFO - Filling up the DagBag from /Users/venkatasaisabbineni/Desktop/Airflow_local/airflow_env/lib/python3.11/site-packages/airflow/example_dags/example_params_trigger_ui.py
[2024-02-26T04:41:59.867-0500] {processor.py:839} INFO - DAG(s) dict_keys(['example_params_trigger_ui']) retrieved from /Users/venkatasaisabbineni/Desktop/Airflow_local/airflow_env/lib/python3.11/site-packages/airflow/example_dags/example_params_trigger_ui.py
[2024-02-26T04:42:00.370-0500] {logging_mixin.py:154} INFO - [2024-02-26T04:42:00.370-0500] {manager.py:499} INFO - Created Permission View: %s
[2024-02-26T04:42:00.374-0500] {logging_mixin.py:154} INFO - [2024-02-26T04:42:00.374-0500] {manager.py:499} INFO - Created Permission View: %s
[2024-02-26T04:42:00.377-0500] {logging_mixin.py:154} INFO - [2024-02-26T04:42:00.377-0500] {manager.py:499} INFO - Created Permission View: %s
[2024-02-26T04:42:00.378-0500] {logging_mixin.py:154} INFO - [2024-02-26T04:42:00.378-0500] {dag.py:2941} INFO - Sync 1 DAGs
[2024-02-26T04:42:00.383-0500] {logging_mixin.py:154} INFO - [2024-02-26T04:42:00.383-0500] {dag.py:2963} INFO - Creating ORM DAG for example_params_trigger_ui
[2024-02-26T04:42:00.383-0500] {logging_mixin.py:154} INFO - [2024-02-26T04:42:00.383-0500] {dag.py:3722} INFO - Setting next_dagrun for example_params_trigger_ui to None, run_after=None
[2024-02-26T04:42:00.395-0500] {processor.py:179} INFO - Processing /Users/venkatasaisabbineni/Desktop/Airflow_local/airflow_env/lib/python3.11/site-packages/airflow/example_dags/example_params_trigger_ui.py took 0.603 seconds
