[2024-02-26T04:27:01.108-0500] {processor.py:157} INFO - Started process (PID=62224) to work on /Users/venkatasaisabbineni/Desktop/Airflow_local/airflow_env/lib/python3.11/site-packages/airflow/example_dags/tutorial_taskflow_api.py
[2024-02-26T04:27:01.110-0500] {processor.py:829} INFO - Processing file /Users/venkatasaisabbineni/Desktop/Airflow_local/airflow_env/lib/python3.11/site-packages/airflow/example_dags/tutorial_taskflow_api.py for tasks to queue
[2024-02-26T04:27:01.110-0500] {logging_mixin.py:154} INFO - [2024-02-26T04:27:01.110-0500] {dagbag.py:536} INFO - Filling up the DagBag from /Users/venkatasaisabbineni/Desktop/Airflow_local/airflow_env/lib/python3.11/site-packages/airflow/example_dags/tutorial_taskflow_api.py
[2024-02-26T04:27:01.143-0500] {processor.py:839} INFO - DAG(s) dict_keys(['tutorial_taskflow_api']) retrieved from /Users/venkatasaisabbineni/Desktop/Airflow_local/airflow_env/lib/python3.11/site-packages/airflow/example_dags/tutorial_taskflow_api.py
[2024-02-26T04:27:01.639-0500] {logging_mixin.py:154} INFO - [2024-02-26T04:27:01.639-0500] {manager.py:499} INFO - Created Permission View: %s
[2024-02-26T04:27:01.644-0500] {logging_mixin.py:154} INFO - [2024-02-26T04:27:01.643-0500] {manager.py:499} INFO - Created Permission View: %s
[2024-02-26T04:27:01.646-0500] {logging_mixin.py:154} INFO - [2024-02-26T04:27:01.646-0500] {manager.py:499} INFO - Created Permission View: %s
[2024-02-26T04:27:01.646-0500] {logging_mixin.py:154} INFO - [2024-02-26T04:27:01.646-0500] {dag.py:2941} INFO - Sync 1 DAGs
[2024-02-26T04:27:01.651-0500] {logging_mixin.py:154} INFO - [2024-02-26T04:27:01.651-0500] {dag.py:2963} INFO - Creating ORM DAG for tutorial_taskflow_api
[2024-02-26T04:27:01.651-0500] {logging_mixin.py:154} INFO - [2024-02-26T04:27:01.651-0500] {dag.py:3722} INFO - Setting next_dagrun for tutorial_taskflow_api to None, run_after=None
[2024-02-26T04:27:01.662-0500] {processor.py:179} INFO - Processing /Users/venkatasaisabbineni/Desktop/Airflow_local/airflow_env/lib/python3.11/site-packages/airflow/example_dags/tutorial_taskflow_api.py took 0.555 seconds
[2024-02-26T04:27:59.154-0500] {processor.py:157} INFO - Started process (PID=62397) to work on /Users/venkatasaisabbineni/Desktop/Airflow_local/airflow_env/lib/python3.11/site-packages/airflow/example_dags/tutorial_taskflow_api.py
[2024-02-26T04:27:59.156-0500] {processor.py:829} INFO - Processing file /Users/venkatasaisabbineni/Desktop/Airflow_local/airflow_env/lib/python3.11/site-packages/airflow/example_dags/tutorial_taskflow_api.py for tasks to queue
[2024-02-26T04:27:59.157-0500] {logging_mixin.py:154} INFO - [2024-02-26T04:27:59.156-0500] {dagbag.py:536} INFO - Filling up the DagBag from /Users/venkatasaisabbineni/Desktop/Airflow_local/airflow_env/lib/python3.11/site-packages/airflow/example_dags/tutorial_taskflow_api.py
[2024-02-26T04:27:59.189-0500] {processor.py:839} INFO - DAG(s) dict_keys(['tutorial_taskflow_api']) retrieved from /Users/venkatasaisabbineni/Desktop/Airflow_local/airflow_env/lib/python3.11/site-packages/airflow/example_dags/tutorial_taskflow_api.py
[2024-02-26T04:27:59.210-0500] {logging_mixin.py:154} INFO - [2024-02-26T04:27:59.210-0500] {dag.py:2941} INFO - Sync 1 DAGs
[2024-02-26T04:27:59.251-0500] {logging_mixin.py:154} INFO - [2024-02-26T04:27:59.250-0500] {dag.py:3722} INFO - Setting next_dagrun for tutorial_taskflow_api to None, run_after=None
[2024-02-26T04:27:59.260-0500] {processor.py:179} INFO - Processing /Users/venkatasaisabbineni/Desktop/Airflow_local/airflow_env/lib/python3.11/site-packages/airflow/example_dags/tutorial_taskflow_api.py took 0.107 seconds
[2024-02-26T04:29:21.349-0500] {processor.py:157} INFO - Started process (PID=62627) to work on /Users/venkatasaisabbineni/Desktop/Airflow_local/airflow_env/lib/python3.11/site-packages/airflow/example_dags/tutorial_taskflow_api.py
[2024-02-26T04:29:21.352-0500] {processor.py:829} INFO - Processing file /Users/venkatasaisabbineni/Desktop/Airflow_local/airflow_env/lib/python3.11/site-packages/airflow/example_dags/tutorial_taskflow_api.py for tasks to queue
[2024-02-26T04:29:21.352-0500] {logging_mixin.py:154} INFO - [2024-02-26T04:29:21.352-0500] {dagbag.py:536} INFO - Filling up the DagBag from /Users/venkatasaisabbineni/Desktop/Airflow_local/airflow_env/lib/python3.11/site-packages/airflow/example_dags/tutorial_taskflow_api.py
[2024-02-26T04:29:21.384-0500] {processor.py:839} INFO - DAG(s) dict_keys(['tutorial_taskflow_api']) retrieved from /Users/venkatasaisabbineni/Desktop/Airflow_local/airflow_env/lib/python3.11/site-packages/airflow/example_dags/tutorial_taskflow_api.py
[2024-02-26T04:29:21.481-0500] {logging_mixin.py:154} INFO - [2024-02-26T04:29:21.481-0500] {dag.py:2941} INFO - Sync 1 DAGs
[2024-02-26T04:29:21.486-0500] {logging_mixin.py:154} INFO - [2024-02-26T04:29:21.486-0500] {dag.py:3722} INFO - Setting next_dagrun for tutorial_taskflow_api to None, run_after=None
[2024-02-26T04:29:21.496-0500] {processor.py:179} INFO - Processing /Users/venkatasaisabbineni/Desktop/Airflow_local/airflow_env/lib/python3.11/site-packages/airflow/example_dags/tutorial_taskflow_api.py took 0.148 seconds
[2024-02-26T04:30:08.112-0500] {processor.py:157} INFO - Started process (PID=62770) to work on /Users/venkatasaisabbineni/Desktop/Airflow_local/airflow_env/lib/python3.11/site-packages/airflow/example_dags/tutorial_taskflow_api.py
[2024-02-26T04:30:08.115-0500] {processor.py:829} INFO - Processing file /Users/venkatasaisabbineni/Desktop/Airflow_local/airflow_env/lib/python3.11/site-packages/airflow/example_dags/tutorial_taskflow_api.py for tasks to queue
[2024-02-26T04:30:08.115-0500] {logging_mixin.py:154} INFO - [2024-02-26T04:30:08.115-0500] {dagbag.py:536} INFO - Filling up the DagBag from /Users/venkatasaisabbineni/Desktop/Airflow_local/airflow_env/lib/python3.11/site-packages/airflow/example_dags/tutorial_taskflow_api.py
[2024-02-26T04:30:08.148-0500] {processor.py:839} INFO - DAG(s) dict_keys(['tutorial_taskflow_api']) retrieved from /Users/venkatasaisabbineni/Desktop/Airflow_local/airflow_env/lib/python3.11/site-packages/airflow/example_dags/tutorial_taskflow_api.py
[2024-02-26T04:30:08.243-0500] {logging_mixin.py:154} INFO - [2024-02-26T04:30:08.243-0500] {dag.py:2941} INFO - Sync 1 DAGs
[2024-02-26T04:30:08.248-0500] {logging_mixin.py:154} INFO - [2024-02-26T04:30:08.248-0500] {dag.py:3722} INFO - Setting next_dagrun for tutorial_taskflow_api to None, run_after=None
[2024-02-26T04:30:08.258-0500] {processor.py:179} INFO - Processing /Users/venkatasaisabbineni/Desktop/Airflow_local/airflow_env/lib/python3.11/site-packages/airflow/example_dags/tutorial_taskflow_api.py took 0.146 seconds
[2024-02-26T04:30:59.314-0500] {processor.py:157} INFO - Started process (PID=62942) to work on /Users/venkatasaisabbineni/Desktop/Airflow_local/airflow_env/lib/python3.11/site-packages/airflow/example_dags/tutorial_taskflow_api.py
[2024-02-26T04:30:59.318-0500] {processor.py:829} INFO - Processing file /Users/venkatasaisabbineni/Desktop/Airflow_local/airflow_env/lib/python3.11/site-packages/airflow/example_dags/tutorial_taskflow_api.py for tasks to queue
[2024-02-26T04:30:59.318-0500] {logging_mixin.py:154} INFO - [2024-02-26T04:30:59.318-0500] {dagbag.py:536} INFO - Filling up the DagBag from /Users/venkatasaisabbineni/Desktop/Airflow_local/airflow_env/lib/python3.11/site-packages/airflow/example_dags/tutorial_taskflow_api.py
[2024-02-26T04:30:59.357-0500] {processor.py:839} INFO - DAG(s) dict_keys(['tutorial_taskflow_api']) retrieved from /Users/venkatasaisabbineni/Desktop/Airflow_local/airflow_env/lib/python3.11/site-packages/airflow/example_dags/tutorial_taskflow_api.py
[2024-02-26T04:30:59.463-0500] {logging_mixin.py:154} INFO - [2024-02-26T04:30:59.462-0500] {dag.py:2941} INFO - Sync 1 DAGs
[2024-02-26T04:30:59.469-0500] {logging_mixin.py:154} INFO - [2024-02-26T04:30:59.469-0500] {dag.py:3722} INFO - Setting next_dagrun for tutorial_taskflow_api to None, run_after=None
[2024-02-26T04:30:59.480-0500] {processor.py:179} INFO - Processing /Users/venkatasaisabbineni/Desktop/Airflow_local/airflow_env/lib/python3.11/site-packages/airflow/example_dags/tutorial_taskflow_api.py took 0.166 seconds
[2024-02-26T04:31:49.627-0500] {processor.py:157} INFO - Started process (PID=63090) to work on /Users/venkatasaisabbineni/Desktop/Airflow_local/airflow_env/lib/python3.11/site-packages/airflow/example_dags/tutorial_taskflow_api.py
[2024-02-26T04:31:49.630-0500] {processor.py:829} INFO - Processing file /Users/venkatasaisabbineni/Desktop/Airflow_local/airflow_env/lib/python3.11/site-packages/airflow/example_dags/tutorial_taskflow_api.py for tasks to queue
[2024-02-26T04:31:49.630-0500] {logging_mixin.py:154} INFO - [2024-02-26T04:31:49.630-0500] {dagbag.py:536} INFO - Filling up the DagBag from /Users/venkatasaisabbineni/Desktop/Airflow_local/airflow_env/lib/python3.11/site-packages/airflow/example_dags/tutorial_taskflow_api.py
[2024-02-26T04:31:49.660-0500] {processor.py:839} INFO - DAG(s) dict_keys(['tutorial_taskflow_api']) retrieved from /Users/venkatasaisabbineni/Desktop/Airflow_local/airflow_env/lib/python3.11/site-packages/airflow/example_dags/tutorial_taskflow_api.py
[2024-02-26T04:31:49.747-0500] {logging_mixin.py:154} INFO - [2024-02-26T04:31:49.747-0500] {dag.py:2941} INFO - Sync 1 DAGs
[2024-02-26T04:31:49.752-0500] {logging_mixin.py:154} INFO - [2024-02-26T04:31:49.752-0500] {dag.py:3722} INFO - Setting next_dagrun for tutorial_taskflow_api to None, run_after=None
[2024-02-26T04:31:49.762-0500] {processor.py:179} INFO - Processing /Users/venkatasaisabbineni/Desktop/Airflow_local/airflow_env/lib/python3.11/site-packages/airflow/example_dags/tutorial_taskflow_api.py took 0.136 seconds
[2024-02-26T04:32:41.987-0500] {processor.py:157} INFO - Started process (PID=63265) to work on /Users/venkatasaisabbineni/Desktop/Airflow_local/airflow_env/lib/python3.11/site-packages/airflow/example_dags/tutorial_taskflow_api.py
[2024-02-26T04:32:41.989-0500] {processor.py:829} INFO - Processing file /Users/venkatasaisabbineni/Desktop/Airflow_local/airflow_env/lib/python3.11/site-packages/airflow/example_dags/tutorial_taskflow_api.py for tasks to queue
[2024-02-26T04:32:41.989-0500] {logging_mixin.py:154} INFO - [2024-02-26T04:32:41.989-0500] {dagbag.py:536} INFO - Filling up the DagBag from /Users/venkatasaisabbineni/Desktop/Airflow_local/airflow_env/lib/python3.11/site-packages/airflow/example_dags/tutorial_taskflow_api.py
[2024-02-26T04:32:42.022-0500] {processor.py:839} INFO - DAG(s) dict_keys(['tutorial_taskflow_api']) retrieved from /Users/venkatasaisabbineni/Desktop/Airflow_local/airflow_env/lib/python3.11/site-packages/airflow/example_dags/tutorial_taskflow_api.py
[2024-02-26T04:32:42.128-0500] {logging_mixin.py:154} INFO - [2024-02-26T04:32:42.128-0500] {dag.py:2941} INFO - Sync 1 DAGs
[2024-02-26T04:32:42.135-0500] {logging_mixin.py:154} INFO - [2024-02-26T04:32:42.134-0500] {dag.py:3722} INFO - Setting next_dagrun for tutorial_taskflow_api to None, run_after=None
[2024-02-26T04:32:42.146-0500] {processor.py:179} INFO - Processing /Users/venkatasaisabbineni/Desktop/Airflow_local/airflow_env/lib/python3.11/site-packages/airflow/example_dags/tutorial_taskflow_api.py took 0.160 seconds
[2024-02-26T04:33:34.511-0500] {processor.py:157} INFO - Started process (PID=63469) to work on /Users/venkatasaisabbineni/Desktop/Airflow_local/airflow_env/lib/python3.11/site-packages/airflow/example_dags/tutorial_taskflow_api.py
[2024-02-26T04:33:34.514-0500] {processor.py:829} INFO - Processing file /Users/venkatasaisabbineni/Desktop/Airflow_local/airflow_env/lib/python3.11/site-packages/airflow/example_dags/tutorial_taskflow_api.py for tasks to queue
[2024-02-26T04:33:34.514-0500] {logging_mixin.py:154} INFO - [2024-02-26T04:33:34.514-0500] {dagbag.py:536} INFO - Filling up the DagBag from /Users/venkatasaisabbineni/Desktop/Airflow_local/airflow_env/lib/python3.11/site-packages/airflow/example_dags/tutorial_taskflow_api.py
[2024-02-26T04:33:34.560-0500] {processor.py:839} INFO - DAG(s) dict_keys(['tutorial_taskflow_api']) retrieved from /Users/venkatasaisabbineni/Desktop/Airflow_local/airflow_env/lib/python3.11/site-packages/airflow/example_dags/tutorial_taskflow_api.py
[2024-02-26T04:33:34.591-0500] {logging_mixin.py:154} INFO - [2024-02-26T04:33:34.591-0500] {dag.py:2941} INFO - Sync 1 DAGs
[2024-02-26T04:33:34.640-0500] {logging_mixin.py:154} INFO - [2024-02-26T04:33:34.640-0500] {dag.py:3722} INFO - Setting next_dagrun for tutorial_taskflow_api to None, run_after=None
[2024-02-26T04:33:34.654-0500] {processor.py:179} INFO - Processing /Users/venkatasaisabbineni/Desktop/Airflow_local/airflow_env/lib/python3.11/site-packages/airflow/example_dags/tutorial_taskflow_api.py took 0.144 seconds
[2024-02-26T04:37:17.636-0500] {processor.py:157} INFO - Started process (PID=64118) to work on /Users/venkatasaisabbineni/Desktop/Airflow_local/airflow_env/lib/python3.11/site-packages/airflow/example_dags/tutorial_taskflow_api.py
[2024-02-26T04:37:17.640-0500] {processor.py:829} INFO - Processing file /Users/venkatasaisabbineni/Desktop/Airflow_local/airflow_env/lib/python3.11/site-packages/airflow/example_dags/tutorial_taskflow_api.py for tasks to queue
[2024-02-26T04:37:17.640-0500] {logging_mixin.py:154} INFO - [2024-02-26T04:37:17.640-0500] {dagbag.py:536} INFO - Filling up the DagBag from /Users/venkatasaisabbineni/Desktop/Airflow_local/airflow_env/lib/python3.11/site-packages/airflow/example_dags/tutorial_taskflow_api.py
[2024-02-26T04:37:17.674-0500] {processor.py:839} INFO - DAG(s) dict_keys(['tutorial_taskflow_api']) retrieved from /Users/venkatasaisabbineni/Desktop/Airflow_local/airflow_env/lib/python3.11/site-packages/airflow/example_dags/tutorial_taskflow_api.py
[2024-02-26T04:37:17.697-0500] {logging_mixin.py:154} INFO - [2024-02-26T04:37:17.697-0500] {dag.py:2941} INFO - Sync 1 DAGs
[2024-02-26T04:37:17.738-0500] {logging_mixin.py:154} INFO - [2024-02-26T04:37:17.738-0500] {dag.py:3722} INFO - Setting next_dagrun for tutorial_taskflow_api to None, run_after=None
[2024-02-26T04:37:17.749-0500] {processor.py:179} INFO - Processing /Users/venkatasaisabbineni/Desktop/Airflow_local/airflow_env/lib/python3.11/site-packages/airflow/example_dags/tutorial_taskflow_api.py took 0.114 seconds
[2024-02-26T04:38:28.771-0500] {processor.py:157} INFO - Started process (PID=64360) to work on /Users/venkatasaisabbineni/Desktop/Airflow_local/airflow_env/lib/python3.11/site-packages/airflow/example_dags/tutorial_taskflow_api.py
[2024-02-26T04:38:28.775-0500] {processor.py:829} INFO - Processing file /Users/venkatasaisabbineni/Desktop/Airflow_local/airflow_env/lib/python3.11/site-packages/airflow/example_dags/tutorial_taskflow_api.py for tasks to queue
[2024-02-26T04:38:28.776-0500] {logging_mixin.py:154} INFO - [2024-02-26T04:38:28.776-0500] {dagbag.py:536} INFO - Filling up the DagBag from /Users/venkatasaisabbineni/Desktop/Airflow_local/airflow_env/lib/python3.11/site-packages/airflow/example_dags/tutorial_taskflow_api.py
[2024-02-26T04:38:28.808-0500] {processor.py:839} INFO - DAG(s) dict_keys(['tutorial_taskflow_api']) retrieved from /Users/venkatasaisabbineni/Desktop/Airflow_local/airflow_env/lib/python3.11/site-packages/airflow/example_dags/tutorial_taskflow_api.py
[2024-02-26T04:38:28.828-0500] {logging_mixin.py:154} INFO - [2024-02-26T04:38:28.828-0500] {dag.py:2941} INFO - Sync 1 DAGs
[2024-02-26T04:38:28.870-0500] {logging_mixin.py:154} INFO - [2024-02-26T04:38:28.870-0500] {dag.py:3722} INFO - Setting next_dagrun for tutorial_taskflow_api to None, run_after=None
[2024-02-26T04:38:28.880-0500] {processor.py:179} INFO - Processing /Users/venkatasaisabbineni/Desktop/Airflow_local/airflow_env/lib/python3.11/site-packages/airflow/example_dags/tutorial_taskflow_api.py took 0.110 seconds
[2024-02-26T04:41:11.760-0500] {processor.py:157} INFO - Started process (PID=64784) to work on /Users/venkatasaisabbineni/Desktop/Airflow_local/airflow_env/lib/python3.11/site-packages/airflow/example_dags/tutorial_taskflow_api.py
[2024-02-26T04:41:11.764-0500] {processor.py:829} INFO - Processing file /Users/venkatasaisabbineni/Desktop/Airflow_local/airflow_env/lib/python3.11/site-packages/airflow/example_dags/tutorial_taskflow_api.py for tasks to queue
[2024-02-26T04:41:11.764-0500] {logging_mixin.py:154} INFO - [2024-02-26T04:41:11.764-0500] {dagbag.py:536} INFO - Filling up the DagBag from /Users/venkatasaisabbineni/Desktop/Airflow_local/airflow_env/lib/python3.11/site-packages/airflow/example_dags/tutorial_taskflow_api.py
[2024-02-26T04:41:11.796-0500] {processor.py:839} INFO - DAG(s) dict_keys(['tutorial_taskflow_api']) retrieved from /Users/venkatasaisabbineni/Desktop/Airflow_local/airflow_env/lib/python3.11/site-packages/airflow/example_dags/tutorial_taskflow_api.py
[2024-02-26T04:41:12.250-0500] {logging_mixin.py:154} INFO - [2024-02-26T04:41:12.249-0500] {manager.py:499} INFO - Created Permission View: %s
[2024-02-26T04:41:12.254-0500] {logging_mixin.py:154} INFO - [2024-02-26T04:41:12.254-0500] {manager.py:499} INFO - Created Permission View: %s
[2024-02-26T04:41:12.257-0500] {logging_mixin.py:154} INFO - [2024-02-26T04:41:12.257-0500] {manager.py:499} INFO - Created Permission View: %s
[2024-02-26T04:41:12.257-0500] {logging_mixin.py:154} INFO - [2024-02-26T04:41:12.257-0500] {dag.py:2941} INFO - Sync 1 DAGs
[2024-02-26T04:41:12.262-0500] {logging_mixin.py:154} INFO - [2024-02-26T04:41:12.262-0500] {dag.py:2963} INFO - Creating ORM DAG for tutorial_taskflow_api
[2024-02-26T04:41:12.262-0500] {logging_mixin.py:154} INFO - [2024-02-26T04:41:12.262-0500] {dag.py:3722} INFO - Setting next_dagrun for tutorial_taskflow_api to None, run_after=None
[2024-02-26T04:41:12.272-0500] {processor.py:179} INFO - Processing /Users/venkatasaisabbineni/Desktop/Airflow_local/airflow_env/lib/python3.11/site-packages/airflow/example_dags/tutorial_taskflow_api.py took 0.513 seconds
[2024-02-26T04:42:44.371-0500] {processor.py:157} INFO - Started process (PID=65069) to work on /Users/venkatasaisabbineni/Desktop/Airflow_local/airflow_env/lib/python3.11/site-packages/airflow/example_dags/tutorial_taskflow_api.py
[2024-02-26T04:42:44.375-0500] {processor.py:829} INFO - Processing file /Users/venkatasaisabbineni/Desktop/Airflow_local/airflow_env/lib/python3.11/site-packages/airflow/example_dags/tutorial_taskflow_api.py for tasks to queue
[2024-02-26T04:42:44.375-0500] {logging_mixin.py:154} INFO - [2024-02-26T04:42:44.375-0500] {dagbag.py:536} INFO - Filling up the DagBag from /Users/venkatasaisabbineni/Desktop/Airflow_local/airflow_env/lib/python3.11/site-packages/airflow/example_dags/tutorial_taskflow_api.py
[2024-02-26T04:42:44.410-0500] {processor.py:839} INFO - DAG(s) dict_keys(['tutorial_taskflow_api']) retrieved from /Users/venkatasaisabbineni/Desktop/Airflow_local/airflow_env/lib/python3.11/site-packages/airflow/example_dags/tutorial_taskflow_api.py
[2024-02-26T04:42:44.508-0500] {logging_mixin.py:154} INFO - [2024-02-26T04:42:44.508-0500] {dag.py:2941} INFO - Sync 1 DAGs
[2024-02-26T04:42:44.513-0500] {logging_mixin.py:154} INFO - [2024-02-26T04:42:44.513-0500] {dag.py:3722} INFO - Setting next_dagrun for tutorial_taskflow_api to None, run_after=None
[2024-02-26T04:42:44.525-0500] {processor.py:179} INFO - Processing /Users/venkatasaisabbineni/Desktop/Airflow_local/airflow_env/lib/python3.11/site-packages/airflow/example_dags/tutorial_taskflow_api.py took 0.154 seconds
