[2024-02-26T04:27:05.688-0500] {processor.py:157} INFO - Started process (PID=62234) to work on /Users/venkatasaisabbineni/Desktop/Airflow_local/airflow_env/lib/python3.11/site-packages/airflow/example_dags/tutorial.py
[2024-02-26T04:27:05.690-0500] {processor.py:829} INFO - Processing file /Users/venkatasaisabbineni/Desktop/Airflow_local/airflow_env/lib/python3.11/site-packages/airflow/example_dags/tutorial.py for tasks to queue
[2024-02-26T04:27:05.691-0500] {logging_mixin.py:154} INFO - [2024-02-26T04:27:05.691-0500] {dagbag.py:536} INFO - Filling up the DagBag from /Users/venkatasaisabbineni/Desktop/Airflow_local/airflow_env/lib/python3.11/site-packages/airflow/example_dags/tutorial.py
[2024-02-26T04:27:05.705-0500] {processor.py:839} INFO - DAG(s) dict_keys(['tutorial']) retrieved from /Users/venkatasaisabbineni/Desktop/Airflow_local/airflow_env/lib/python3.11/site-packages/airflow/example_dags/tutorial.py
[2024-02-26T04:27:06.106-0500] {logging_mixin.py:154} INFO - [2024-02-26T04:27:06.106-0500] {manager.py:499} INFO - Created Permission View: %s
[2024-02-26T04:27:06.110-0500] {logging_mixin.py:154} INFO - [2024-02-26T04:27:06.110-0500] {manager.py:499} INFO - Created Permission View: %s
[2024-02-26T04:27:06.113-0500] {logging_mixin.py:154} INFO - [2024-02-26T04:27:06.113-0500] {manager.py:499} INFO - Created Permission View: %s
[2024-02-26T04:27:06.113-0500] {logging_mixin.py:154} INFO - [2024-02-26T04:27:06.113-0500] {dag.py:2941} INFO - Sync 1 DAGs
[2024-02-26T04:27:06.118-0500] {logging_mixin.py:154} INFO - [2024-02-26T04:27:06.118-0500] {dag.py:2963} INFO - Creating ORM DAG for tutorial
[2024-02-26T04:27:06.122-0500] {logging_mixin.py:154} INFO - [2024-02-26T04:27:06.122-0500] {dag.py:3722} INFO - Setting next_dagrun for tutorial to 2024-02-25T09:27:06.122336+00:00, run_after=2024-02-26T09:27:06.122336+00:00
[2024-02-26T04:27:06.130-0500] {processor.py:179} INFO - Processing /Users/venkatasaisabbineni/Desktop/Airflow_local/airflow_env/lib/python3.11/site-packages/airflow/example_dags/tutorial.py took 0.443 seconds
[2024-02-26T04:28:02.840-0500] {processor.py:157} INFO - Started process (PID=62407) to work on /Users/venkatasaisabbineni/Desktop/Airflow_local/airflow_env/lib/python3.11/site-packages/airflow/example_dags/tutorial.py
[2024-02-26T04:28:02.843-0500] {processor.py:829} INFO - Processing file /Users/venkatasaisabbineni/Desktop/Airflow_local/airflow_env/lib/python3.11/site-packages/airflow/example_dags/tutorial.py for tasks to queue
[2024-02-26T04:28:02.843-0500] {logging_mixin.py:154} INFO - [2024-02-26T04:28:02.843-0500] {dagbag.py:536} INFO - Filling up the DagBag from /Users/venkatasaisabbineni/Desktop/Airflow_local/airflow_env/lib/python3.11/site-packages/airflow/example_dags/tutorial.py
[2024-02-26T04:28:02.858-0500] {processor.py:839} INFO - DAG(s) dict_keys(['tutorial']) retrieved from /Users/venkatasaisabbineni/Desktop/Airflow_local/airflow_env/lib/python3.11/site-packages/airflow/example_dags/tutorial.py
[2024-02-26T04:28:02.882-0500] {logging_mixin.py:154} INFO - [2024-02-26T04:28:02.882-0500] {dag.py:2941} INFO - Sync 1 DAGs
[2024-02-26T04:28:02.928-0500] {logging_mixin.py:154} INFO - [2024-02-26T04:28:02.928-0500] {dag.py:3722} INFO - Setting next_dagrun for tutorial to 2024-02-25T09:28:02.928528+00:00, run_after=2024-02-26T09:28:02.928528+00:00
[2024-02-26T04:28:02.938-0500] {processor.py:179} INFO - Processing /Users/venkatasaisabbineni/Desktop/Airflow_local/airflow_env/lib/python3.11/site-packages/airflow/example_dags/tutorial.py took 0.099 seconds
[2024-02-26T04:29:23.515-0500] {processor.py:157} INFO - Started process (PID=62633) to work on /Users/venkatasaisabbineni/Desktop/Airflow_local/airflow_env/lib/python3.11/site-packages/airflow/example_dags/tutorial.py
[2024-02-26T04:29:23.518-0500] {processor.py:829} INFO - Processing file /Users/venkatasaisabbineni/Desktop/Airflow_local/airflow_env/lib/python3.11/site-packages/airflow/example_dags/tutorial.py for tasks to queue
[2024-02-26T04:29:23.518-0500] {logging_mixin.py:154} INFO - [2024-02-26T04:29:23.518-0500] {dagbag.py:536} INFO - Filling up the DagBag from /Users/venkatasaisabbineni/Desktop/Airflow_local/airflow_env/lib/python3.11/site-packages/airflow/example_dags/tutorial.py
[2024-02-26T04:29:23.534-0500] {processor.py:839} INFO - DAG(s) dict_keys(['tutorial']) retrieved from /Users/venkatasaisabbineni/Desktop/Airflow_local/airflow_env/lib/python3.11/site-packages/airflow/example_dags/tutorial.py
[2024-02-26T04:29:23.622-0500] {logging_mixin.py:154} INFO - [2024-02-26T04:29:23.622-0500] {dag.py:2941} INFO - Sync 1 DAGs
[2024-02-26T04:29:23.630-0500] {logging_mixin.py:154} INFO - [2024-02-26T04:29:23.630-0500] {dag.py:3722} INFO - Setting next_dagrun for tutorial to 2024-02-25T09:29:23.630367+00:00, run_after=2024-02-26T09:29:23.630367+00:00
[2024-02-26T04:29:23.640-0500] {processor.py:179} INFO - Processing /Users/venkatasaisabbineni/Desktop/Airflow_local/airflow_env/lib/python3.11/site-packages/airflow/example_dags/tutorial.py took 0.126 seconds
[2024-02-26T04:30:11.516-0500] {processor.py:157} INFO - Started process (PID=62785) to work on /Users/venkatasaisabbineni/Desktop/Airflow_local/airflow_env/lib/python3.11/site-packages/airflow/example_dags/tutorial.py
[2024-02-26T04:30:11.519-0500] {processor.py:829} INFO - Processing file /Users/venkatasaisabbineni/Desktop/Airflow_local/airflow_env/lib/python3.11/site-packages/airflow/example_dags/tutorial.py for tasks to queue
[2024-02-26T04:30:11.519-0500] {logging_mixin.py:154} INFO - [2024-02-26T04:30:11.519-0500] {dagbag.py:536} INFO - Filling up the DagBag from /Users/venkatasaisabbineni/Desktop/Airflow_local/airflow_env/lib/python3.11/site-packages/airflow/example_dags/tutorial.py
[2024-02-26T04:30:11.539-0500] {processor.py:839} INFO - DAG(s) dict_keys(['tutorial']) retrieved from /Users/venkatasaisabbineni/Desktop/Airflow_local/airflow_env/lib/python3.11/site-packages/airflow/example_dags/tutorial.py
[2024-02-26T04:30:11.634-0500] {logging_mixin.py:154} INFO - [2024-02-26T04:30:11.634-0500] {dag.py:2941} INFO - Sync 1 DAGs
[2024-02-26T04:30:11.644-0500] {logging_mixin.py:154} INFO - [2024-02-26T04:30:11.644-0500] {dag.py:3722} INFO - Setting next_dagrun for tutorial to 2024-02-25T09:30:11.643977+00:00, run_after=2024-02-26T09:30:11.643977+00:00
[2024-02-26T04:30:11.655-0500] {processor.py:179} INFO - Processing /Users/venkatasaisabbineni/Desktop/Airflow_local/airflow_env/lib/python3.11/site-packages/airflow/example_dags/tutorial.py took 0.140 seconds
[2024-02-26T04:31:02.910-0500] {processor.py:157} INFO - Started process (PID=62952) to work on /Users/venkatasaisabbineni/Desktop/Airflow_local/airflow_env/lib/python3.11/site-packages/airflow/example_dags/tutorial.py
[2024-02-26T04:31:02.913-0500] {processor.py:829} INFO - Processing file /Users/venkatasaisabbineni/Desktop/Airflow_local/airflow_env/lib/python3.11/site-packages/airflow/example_dags/tutorial.py for tasks to queue
[2024-02-26T04:31:02.913-0500] {logging_mixin.py:154} INFO - [2024-02-26T04:31:02.913-0500] {dagbag.py:536} INFO - Filling up the DagBag from /Users/venkatasaisabbineni/Desktop/Airflow_local/airflow_env/lib/python3.11/site-packages/airflow/example_dags/tutorial.py
[2024-02-26T04:31:02.929-0500] {processor.py:839} INFO - DAG(s) dict_keys(['tutorial']) retrieved from /Users/venkatasaisabbineni/Desktop/Airflow_local/airflow_env/lib/python3.11/site-packages/airflow/example_dags/tutorial.py
[2024-02-26T04:31:03.016-0500] {logging_mixin.py:154} INFO - [2024-02-26T04:31:03.016-0500] {dag.py:2941} INFO - Sync 1 DAGs
[2024-02-26T04:31:03.024-0500] {logging_mixin.py:154} INFO - [2024-02-26T04:31:03.024-0500] {dag.py:3722} INFO - Setting next_dagrun for tutorial to 2024-02-25T09:31:03.024486+00:00, run_after=2024-02-26T09:31:03.024486+00:00
[2024-02-26T04:31:03.036-0500] {processor.py:179} INFO - Processing /Users/venkatasaisabbineni/Desktop/Airflow_local/airflow_env/lib/python3.11/site-packages/airflow/example_dags/tutorial.py took 0.126 seconds
[2024-02-26T04:31:53.011-0500] {processor.py:157} INFO - Started process (PID=63101) to work on /Users/venkatasaisabbineni/Desktop/Airflow_local/airflow_env/lib/python3.11/site-packages/airflow/example_dags/tutorial.py
[2024-02-26T04:31:53.014-0500] {processor.py:829} INFO - Processing file /Users/venkatasaisabbineni/Desktop/Airflow_local/airflow_env/lib/python3.11/site-packages/airflow/example_dags/tutorial.py for tasks to queue
[2024-02-26T04:31:53.015-0500] {logging_mixin.py:154} INFO - [2024-02-26T04:31:53.015-0500] {dagbag.py:536} INFO - Filling up the DagBag from /Users/venkatasaisabbineni/Desktop/Airflow_local/airflow_env/lib/python3.11/site-packages/airflow/example_dags/tutorial.py
[2024-02-26T04:31:53.032-0500] {processor.py:839} INFO - DAG(s) dict_keys(['tutorial']) retrieved from /Users/venkatasaisabbineni/Desktop/Airflow_local/airflow_env/lib/python3.11/site-packages/airflow/example_dags/tutorial.py
[2024-02-26T04:31:53.170-0500] {logging_mixin.py:154} INFO - [2024-02-26T04:31:53.170-0500] {dag.py:2941} INFO - Sync 1 DAGs
[2024-02-26T04:31:53.188-0500] {logging_mixin.py:154} INFO - [2024-02-26T04:31:53.188-0500] {dag.py:3722} INFO - Setting next_dagrun for tutorial to 2024-02-25T09:31:53.188554+00:00, run_after=2024-02-26T09:31:53.188554+00:00
[2024-02-26T04:31:53.204-0500] {processor.py:179} INFO - Processing /Users/venkatasaisabbineni/Desktop/Airflow_local/airflow_env/lib/python3.11/site-packages/airflow/example_dags/tutorial.py took 0.194 seconds
[2024-02-26T04:32:45.831-0500] {processor.py:157} INFO - Started process (PID=63287) to work on /Users/venkatasaisabbineni/Desktop/Airflow_local/airflow_env/lib/python3.11/site-packages/airflow/example_dags/tutorial.py
[2024-02-26T04:32:45.834-0500] {processor.py:829} INFO - Processing file /Users/venkatasaisabbineni/Desktop/Airflow_local/airflow_env/lib/python3.11/site-packages/airflow/example_dags/tutorial.py for tasks to queue
[2024-02-26T04:32:45.834-0500] {logging_mixin.py:154} INFO - [2024-02-26T04:32:45.834-0500] {dagbag.py:536} INFO - Filling up the DagBag from /Users/venkatasaisabbineni/Desktop/Airflow_local/airflow_env/lib/python3.11/site-packages/airflow/example_dags/tutorial.py
[2024-02-26T04:32:45.849-0500] {processor.py:839} INFO - DAG(s) dict_keys(['tutorial']) retrieved from /Users/venkatasaisabbineni/Desktop/Airflow_local/airflow_env/lib/python3.11/site-packages/airflow/example_dags/tutorial.py
[2024-02-26T04:32:45.938-0500] {logging_mixin.py:154} INFO - [2024-02-26T04:32:45.938-0500] {dag.py:2941} INFO - Sync 1 DAGs
[2024-02-26T04:32:45.946-0500] {logging_mixin.py:154} INFO - [2024-02-26T04:32:45.946-0500] {dag.py:3722} INFO - Setting next_dagrun for tutorial to 2024-02-25T09:32:45.946265+00:00, run_after=2024-02-26T09:32:45.946265+00:00
[2024-02-26T04:32:45.956-0500] {processor.py:179} INFO - Processing /Users/venkatasaisabbineni/Desktop/Airflow_local/airflow_env/lib/python3.11/site-packages/airflow/example_dags/tutorial.py took 0.126 seconds
[2024-02-26T04:33:38.349-0500] {processor.py:157} INFO - Started process (PID=63480) to work on /Users/venkatasaisabbineni/Desktop/Airflow_local/airflow_env/lib/python3.11/site-packages/airflow/example_dags/tutorial.py
[2024-02-26T04:33:38.353-0500] {processor.py:829} INFO - Processing file /Users/venkatasaisabbineni/Desktop/Airflow_local/airflow_env/lib/python3.11/site-packages/airflow/example_dags/tutorial.py for tasks to queue
[2024-02-26T04:33:38.353-0500] {logging_mixin.py:154} INFO - [2024-02-26T04:33:38.353-0500] {dagbag.py:536} INFO - Filling up the DagBag from /Users/venkatasaisabbineni/Desktop/Airflow_local/airflow_env/lib/python3.11/site-packages/airflow/example_dags/tutorial.py
[2024-02-26T04:33:38.368-0500] {processor.py:839} INFO - DAG(s) dict_keys(['tutorial']) retrieved from /Users/venkatasaisabbineni/Desktop/Airflow_local/airflow_env/lib/python3.11/site-packages/airflow/example_dags/tutorial.py
[2024-02-26T04:33:38.392-0500] {logging_mixin.py:154} INFO - [2024-02-26T04:33:38.392-0500] {dag.py:2941} INFO - Sync 1 DAGs
[2024-02-26T04:33:38.439-0500] {logging_mixin.py:154} INFO - [2024-02-26T04:33:38.439-0500] {dag.py:3722} INFO - Setting next_dagrun for tutorial to 2024-02-25T09:33:38.439201+00:00, run_after=2024-02-26T09:33:38.439201+00:00
[2024-02-26T04:33:38.450-0500] {processor.py:179} INFO - Processing /Users/venkatasaisabbineni/Desktop/Airflow_local/airflow_env/lib/python3.11/site-packages/airflow/example_dags/tutorial.py took 0.101 seconds
[2024-02-26T04:37:21.463-0500] {processor.py:157} INFO - Started process (PID=64132) to work on /Users/venkatasaisabbineni/Desktop/Airflow_local/airflow_env/lib/python3.11/site-packages/airflow/example_dags/tutorial.py
[2024-02-26T04:37:21.467-0500] {processor.py:829} INFO - Processing file /Users/venkatasaisabbineni/Desktop/Airflow_local/airflow_env/lib/python3.11/site-packages/airflow/example_dags/tutorial.py for tasks to queue
[2024-02-26T04:37:21.468-0500] {logging_mixin.py:154} INFO - [2024-02-26T04:37:21.468-0500] {dagbag.py:536} INFO - Filling up the DagBag from /Users/venkatasaisabbineni/Desktop/Airflow_local/airflow_env/lib/python3.11/site-packages/airflow/example_dags/tutorial.py
[2024-02-26T04:37:21.482-0500] {processor.py:839} INFO - DAG(s) dict_keys(['tutorial']) retrieved from /Users/venkatasaisabbineni/Desktop/Airflow_local/airflow_env/lib/python3.11/site-packages/airflow/example_dags/tutorial.py
[2024-02-26T04:37:21.507-0500] {logging_mixin.py:154} INFO - [2024-02-26T04:37:21.507-0500] {dag.py:2941} INFO - Sync 1 DAGs
[2024-02-26T04:37:21.551-0500] {logging_mixin.py:154} INFO - [2024-02-26T04:37:21.551-0500] {dag.py:3722} INFO - Setting next_dagrun for tutorial to 2024-02-25T09:37:21.551457+00:00, run_after=2024-02-26T09:37:21.551457+00:00
[2024-02-26T04:37:21.562-0500] {processor.py:179} INFO - Processing /Users/venkatasaisabbineni/Desktop/Airflow_local/airflow_env/lib/python3.11/site-packages/airflow/example_dags/tutorial.py took 0.099 seconds
[2024-02-26T04:38:32.471-0500] {processor.py:157} INFO - Started process (PID=64370) to work on /Users/venkatasaisabbineni/Desktop/Airflow_local/airflow_env/lib/python3.11/site-packages/airflow/example_dags/tutorial.py
[2024-02-26T04:38:32.475-0500] {processor.py:829} INFO - Processing file /Users/venkatasaisabbineni/Desktop/Airflow_local/airflow_env/lib/python3.11/site-packages/airflow/example_dags/tutorial.py for tasks to queue
[2024-02-26T04:38:32.476-0500] {logging_mixin.py:154} INFO - [2024-02-26T04:38:32.476-0500] {dagbag.py:536} INFO - Filling up the DagBag from /Users/venkatasaisabbineni/Desktop/Airflow_local/airflow_env/lib/python3.11/site-packages/airflow/example_dags/tutorial.py
[2024-02-26T04:38:32.492-0500] {processor.py:839} INFO - DAG(s) dict_keys(['tutorial']) retrieved from /Users/venkatasaisabbineni/Desktop/Airflow_local/airflow_env/lib/python3.11/site-packages/airflow/example_dags/tutorial.py
[2024-02-26T04:38:32.516-0500] {logging_mixin.py:154} INFO - [2024-02-26T04:38:32.516-0500] {dag.py:2941} INFO - Sync 1 DAGs
[2024-02-26T04:38:32.561-0500] {logging_mixin.py:154} INFO - [2024-02-26T04:38:32.561-0500] {dag.py:3722} INFO - Setting next_dagrun for tutorial to 2024-02-25T09:38:32.561131+00:00, run_after=2024-02-26T09:38:32.561131+00:00
[2024-02-26T04:38:32.571-0500] {processor.py:179} INFO - Processing /Users/venkatasaisabbineni/Desktop/Airflow_local/airflow_env/lib/python3.11/site-packages/airflow/example_dags/tutorial.py took 0.101 seconds
[2024-02-26T04:41:16.437-0500] {processor.py:157} INFO - Started process (PID=64799) to work on /Users/venkatasaisabbineni/Desktop/Airflow_local/airflow_env/lib/python3.11/site-packages/airflow/example_dags/tutorial.py
[2024-02-26T04:41:16.441-0500] {processor.py:829} INFO - Processing file /Users/venkatasaisabbineni/Desktop/Airflow_local/airflow_env/lib/python3.11/site-packages/airflow/example_dags/tutorial.py for tasks to queue
[2024-02-26T04:41:16.442-0500] {logging_mixin.py:154} INFO - [2024-02-26T04:41:16.442-0500] {dagbag.py:536} INFO - Filling up the DagBag from /Users/venkatasaisabbineni/Desktop/Airflow_local/airflow_env/lib/python3.11/site-packages/airflow/example_dags/tutorial.py
[2024-02-26T04:41:16.457-0500] {processor.py:839} INFO - DAG(s) dict_keys(['tutorial']) retrieved from /Users/venkatasaisabbineni/Desktop/Airflow_local/airflow_env/lib/python3.11/site-packages/airflow/example_dags/tutorial.py
[2024-02-26T04:41:16.877-0500] {logging_mixin.py:154} INFO - [2024-02-26T04:41:16.877-0500] {manager.py:499} INFO - Created Permission View: %s
[2024-02-26T04:41:16.882-0500] {logging_mixin.py:154} INFO - [2024-02-26T04:41:16.882-0500] {manager.py:499} INFO - Created Permission View: %s
[2024-02-26T04:41:16.885-0500] {logging_mixin.py:154} INFO - [2024-02-26T04:41:16.885-0500] {manager.py:499} INFO - Created Permission View: %s
[2024-02-26T04:41:16.885-0500] {logging_mixin.py:154} INFO - [2024-02-26T04:41:16.885-0500] {dag.py:2941} INFO - Sync 1 DAGs
[2024-02-26T04:41:16.890-0500] {logging_mixin.py:154} INFO - [2024-02-26T04:41:16.890-0500] {dag.py:2963} INFO - Creating ORM DAG for tutorial
[2024-02-26T04:41:16.894-0500] {logging_mixin.py:154} INFO - [2024-02-26T04:41:16.893-0500] {dag.py:3722} INFO - Setting next_dagrun for tutorial to 2024-02-25T09:41:16.893908+00:00, run_after=2024-02-26T09:41:16.893908+00:00
[2024-02-26T04:41:16.902-0500] {processor.py:179} INFO - Processing /Users/venkatasaisabbineni/Desktop/Airflow_local/airflow_env/lib/python3.11/site-packages/airflow/example_dags/tutorial.py took 0.466 seconds
[2024-02-26T04:42:48.197-0500] {processor.py:157} INFO - Started process (PID=65080) to work on /Users/venkatasaisabbineni/Desktop/Airflow_local/airflow_env/lib/python3.11/site-packages/airflow/example_dags/tutorial.py
[2024-02-26T04:42:48.200-0500] {processor.py:829} INFO - Processing file /Users/venkatasaisabbineni/Desktop/Airflow_local/airflow_env/lib/python3.11/site-packages/airflow/example_dags/tutorial.py for tasks to queue
[2024-02-26T04:42:48.200-0500] {logging_mixin.py:154} INFO - [2024-02-26T04:42:48.200-0500] {dagbag.py:536} INFO - Filling up the DagBag from /Users/venkatasaisabbineni/Desktop/Airflow_local/airflow_env/lib/python3.11/site-packages/airflow/example_dags/tutorial.py
[2024-02-26T04:42:48.216-0500] {processor.py:839} INFO - DAG(s) dict_keys(['tutorial']) retrieved from /Users/venkatasaisabbineni/Desktop/Airflow_local/airflow_env/lib/python3.11/site-packages/airflow/example_dags/tutorial.py
[2024-02-26T04:42:48.314-0500] {logging_mixin.py:154} INFO - [2024-02-26T04:42:48.314-0500] {dag.py:2941} INFO - Sync 1 DAGs
[2024-02-26T04:42:48.323-0500] {logging_mixin.py:154} INFO - [2024-02-26T04:42:48.323-0500] {dag.py:3722} INFO - Setting next_dagrun for tutorial to 2024-02-25T09:42:48.323129+00:00, run_after=2024-02-26T09:42:48.323129+00:00
[2024-02-26T04:42:48.334-0500] {processor.py:179} INFO - Processing /Users/venkatasaisabbineni/Desktop/Airflow_local/airflow_env/lib/python3.11/site-packages/airflow/example_dags/tutorial.py took 0.138 seconds
