[2024-02-26T04:27:03.462-0500] {processor.py:157} INFO - Started process (PID=62229) to work on /Users/venkatasaisabbineni/Desktop/Airflow_local/airflow_env/lib/python3.11/site-packages/airflow/example_dags/tutorial_dag.py
[2024-02-26T04:27:03.464-0500] {processor.py:829} INFO - Processing file /Users/venkatasaisabbineni/Desktop/Airflow_local/airflow_env/lib/python3.11/site-packages/airflow/example_dags/tutorial_dag.py for tasks to queue
[2024-02-26T04:27:03.464-0500] {logging_mixin.py:154} INFO - [2024-02-26T04:27:03.464-0500] {dagbag.py:536} INFO - Filling up the DagBag from /Users/venkatasaisabbineni/Desktop/Airflow_local/airflow_env/lib/python3.11/site-packages/airflow/example_dags/tutorial_dag.py
[2024-02-26T04:27:03.486-0500] {processor.py:839} INFO - DAG(s) dict_keys(['tutorial_dag']) retrieved from /Users/venkatasaisabbineni/Desktop/Airflow_local/airflow_env/lib/python3.11/site-packages/airflow/example_dags/tutorial_dag.py
[2024-02-26T04:27:03.888-0500] {logging_mixin.py:154} INFO - [2024-02-26T04:27:03.888-0500] {manager.py:499} INFO - Created Permission View: %s
[2024-02-26T04:27:03.892-0500] {logging_mixin.py:154} INFO - [2024-02-26T04:27:03.892-0500] {manager.py:499} INFO - Created Permission View: %s
[2024-02-26T04:27:03.895-0500] {logging_mixin.py:154} INFO - [2024-02-26T04:27:03.895-0500] {manager.py:499} INFO - Created Permission View: %s
[2024-02-26T04:27:03.895-0500] {logging_mixin.py:154} INFO - [2024-02-26T04:27:03.895-0500] {dag.py:2941} INFO - Sync 1 DAGs
[2024-02-26T04:27:03.900-0500] {logging_mixin.py:154} INFO - [2024-02-26T04:27:03.900-0500] {dag.py:2963} INFO - Creating ORM DAG for tutorial_dag
[2024-02-26T04:27:03.900-0500] {logging_mixin.py:154} INFO - [2024-02-26T04:27:03.900-0500] {dag.py:3722} INFO - Setting next_dagrun for tutorial_dag to None, run_after=None
[2024-02-26T04:27:03.909-0500] {processor.py:179} INFO - Processing /Users/venkatasaisabbineni/Desktop/Airflow_local/airflow_env/lib/python3.11/site-packages/airflow/example_dags/tutorial_dag.py took 0.448 seconds
[2024-02-26T04:28:01.001-0500] {processor.py:157} INFO - Started process (PID=62402) to work on /Users/venkatasaisabbineni/Desktop/Airflow_local/airflow_env/lib/python3.11/site-packages/airflow/example_dags/tutorial_dag.py
[2024-02-26T04:28:01.004-0500] {processor.py:829} INFO - Processing file /Users/venkatasaisabbineni/Desktop/Airflow_local/airflow_env/lib/python3.11/site-packages/airflow/example_dags/tutorial_dag.py for tasks to queue
[2024-02-26T04:28:01.004-0500] {logging_mixin.py:154} INFO - [2024-02-26T04:28:01.004-0500] {dagbag.py:536} INFO - Filling up the DagBag from /Users/venkatasaisabbineni/Desktop/Airflow_local/airflow_env/lib/python3.11/site-packages/airflow/example_dags/tutorial_dag.py
[2024-02-26T04:28:01.025-0500] {processor.py:839} INFO - DAG(s) dict_keys(['tutorial_dag']) retrieved from /Users/venkatasaisabbineni/Desktop/Airflow_local/airflow_env/lib/python3.11/site-packages/airflow/example_dags/tutorial_dag.py
[2024-02-26T04:28:01.050-0500] {logging_mixin.py:154} INFO - [2024-02-26T04:28:01.049-0500] {dag.py:2941} INFO - Sync 1 DAGs
[2024-02-26T04:28:01.091-0500] {logging_mixin.py:154} INFO - [2024-02-26T04:28:01.090-0500] {dag.py:3722} INFO - Setting next_dagrun for tutorial_dag to None, run_after=None
[2024-02-26T04:28:01.101-0500] {processor.py:179} INFO - Processing /Users/venkatasaisabbineni/Desktop/Airflow_local/airflow_env/lib/python3.11/site-packages/airflow/example_dags/tutorial_dag.py took 0.101 seconds
[2024-02-26T04:29:22.360-0500] {processor.py:157} INFO - Started process (PID=62628) to work on /Users/venkatasaisabbineni/Desktop/Airflow_local/airflow_env/lib/python3.11/site-packages/airflow/example_dags/tutorial_dag.py
[2024-02-26T04:29:22.363-0500] {processor.py:829} INFO - Processing file /Users/venkatasaisabbineni/Desktop/Airflow_local/airflow_env/lib/python3.11/site-packages/airflow/example_dags/tutorial_dag.py for tasks to queue
[2024-02-26T04:29:22.363-0500] {logging_mixin.py:154} INFO - [2024-02-26T04:29:22.363-0500] {dagbag.py:536} INFO - Filling up the DagBag from /Users/venkatasaisabbineni/Desktop/Airflow_local/airflow_env/lib/python3.11/site-packages/airflow/example_dags/tutorial_dag.py
[2024-02-26T04:29:22.384-0500] {processor.py:839} INFO - DAG(s) dict_keys(['tutorial_dag']) retrieved from /Users/venkatasaisabbineni/Desktop/Airflow_local/airflow_env/lib/python3.11/site-packages/airflow/example_dags/tutorial_dag.py
[2024-02-26T04:29:22.471-0500] {logging_mixin.py:154} INFO - [2024-02-26T04:29:22.471-0500] {dag.py:2941} INFO - Sync 1 DAGs
[2024-02-26T04:29:22.476-0500] {logging_mixin.py:154} INFO - [2024-02-26T04:29:22.476-0500] {dag.py:3722} INFO - Setting next_dagrun for tutorial_dag to None, run_after=None
[2024-02-26T04:29:22.486-0500] {processor.py:179} INFO - Processing /Users/venkatasaisabbineni/Desktop/Airflow_local/airflow_env/lib/python3.11/site-packages/airflow/example_dags/tutorial_dag.py took 0.127 seconds
[2024-02-26T04:30:09.385-0500] {processor.py:157} INFO - Started process (PID=62779) to work on /Users/venkatasaisabbineni/Desktop/Airflow_local/airflow_env/lib/python3.11/site-packages/airflow/example_dags/tutorial_dag.py
[2024-02-26T04:30:09.387-0500] {processor.py:829} INFO - Processing file /Users/venkatasaisabbineni/Desktop/Airflow_local/airflow_env/lib/python3.11/site-packages/airflow/example_dags/tutorial_dag.py for tasks to queue
[2024-02-26T04:30:09.388-0500] {logging_mixin.py:154} INFO - [2024-02-26T04:30:09.388-0500] {dagbag.py:536} INFO - Filling up the DagBag from /Users/venkatasaisabbineni/Desktop/Airflow_local/airflow_env/lib/python3.11/site-packages/airflow/example_dags/tutorial_dag.py
[2024-02-26T04:30:09.415-0500] {processor.py:839} INFO - DAG(s) dict_keys(['tutorial_dag']) retrieved from /Users/venkatasaisabbineni/Desktop/Airflow_local/airflow_env/lib/python3.11/site-packages/airflow/example_dags/tutorial_dag.py
[2024-02-26T04:30:09.506-0500] {logging_mixin.py:154} INFO - [2024-02-26T04:30:09.506-0500] {dag.py:2941} INFO - Sync 1 DAGs
[2024-02-26T04:30:09.512-0500] {logging_mixin.py:154} INFO - [2024-02-26T04:30:09.512-0500] {dag.py:3722} INFO - Setting next_dagrun for tutorial_dag to None, run_after=None
[2024-02-26T04:30:09.523-0500] {processor.py:179} INFO - Processing /Users/venkatasaisabbineni/Desktop/Airflow_local/airflow_env/lib/python3.11/site-packages/airflow/example_dags/tutorial_dag.py took 0.139 seconds
[2024-02-26T04:31:01.032-0500] {processor.py:157} INFO - Started process (PID=62947) to work on /Users/venkatasaisabbineni/Desktop/Airflow_local/airflow_env/lib/python3.11/site-packages/airflow/example_dags/tutorial_dag.py
[2024-02-26T04:31:01.035-0500] {processor.py:829} INFO - Processing file /Users/venkatasaisabbineni/Desktop/Airflow_local/airflow_env/lib/python3.11/site-packages/airflow/example_dags/tutorial_dag.py for tasks to queue
[2024-02-26T04:31:01.035-0500] {logging_mixin.py:154} INFO - [2024-02-26T04:31:01.035-0500] {dagbag.py:536} INFO - Filling up the DagBag from /Users/venkatasaisabbineni/Desktop/Airflow_local/airflow_env/lib/python3.11/site-packages/airflow/example_dags/tutorial_dag.py
[2024-02-26T04:31:01.056-0500] {processor.py:839} INFO - DAG(s) dict_keys(['tutorial_dag']) retrieved from /Users/venkatasaisabbineni/Desktop/Airflow_local/airflow_env/lib/python3.11/site-packages/airflow/example_dags/tutorial_dag.py
[2024-02-26T04:31:01.149-0500] {logging_mixin.py:154} INFO - [2024-02-26T04:31:01.148-0500] {dag.py:2941} INFO - Sync 1 DAGs
[2024-02-26T04:31:01.154-0500] {logging_mixin.py:154} INFO - [2024-02-26T04:31:01.154-0500] {dag.py:3722} INFO - Setting next_dagrun for tutorial_dag to None, run_after=None
[2024-02-26T04:31:01.164-0500] {processor.py:179} INFO - Processing /Users/venkatasaisabbineni/Desktop/Airflow_local/airflow_env/lib/python3.11/site-packages/airflow/example_dags/tutorial_dag.py took 0.132 seconds
[2024-02-26T04:31:51.036-0500] {processor.py:157} INFO - Started process (PID=63094) to work on /Users/venkatasaisabbineni/Desktop/Airflow_local/airflow_env/lib/python3.11/site-packages/airflow/example_dags/tutorial_dag.py
[2024-02-26T04:31:51.039-0500] {processor.py:829} INFO - Processing file /Users/venkatasaisabbineni/Desktop/Airflow_local/airflow_env/lib/python3.11/site-packages/airflow/example_dags/tutorial_dag.py for tasks to queue
[2024-02-26T04:31:51.039-0500] {logging_mixin.py:154} INFO - [2024-02-26T04:31:51.039-0500] {dagbag.py:536} INFO - Filling up the DagBag from /Users/venkatasaisabbineni/Desktop/Airflow_local/airflow_env/lib/python3.11/site-packages/airflow/example_dags/tutorial_dag.py
[2024-02-26T04:31:51.060-0500] {processor.py:839} INFO - DAG(s) dict_keys(['tutorial_dag']) retrieved from /Users/venkatasaisabbineni/Desktop/Airflow_local/airflow_env/lib/python3.11/site-packages/airflow/example_dags/tutorial_dag.py
[2024-02-26T04:31:51.151-0500] {logging_mixin.py:154} INFO - [2024-02-26T04:31:51.151-0500] {dag.py:2941} INFO - Sync 1 DAGs
[2024-02-26T04:31:51.157-0500] {logging_mixin.py:154} INFO - [2024-02-26T04:31:51.156-0500] {dag.py:3722} INFO - Setting next_dagrun for tutorial_dag to None, run_after=None
[2024-02-26T04:31:51.168-0500] {processor.py:179} INFO - Processing /Users/venkatasaisabbineni/Desktop/Airflow_local/airflow_env/lib/python3.11/site-packages/airflow/example_dags/tutorial_dag.py took 0.132 seconds
[2024-02-26T04:32:43.901-0500] {processor.py:157} INFO - Started process (PID=63272) to work on /Users/venkatasaisabbineni/Desktop/Airflow_local/airflow_env/lib/python3.11/site-packages/airflow/example_dags/tutorial_dag.py
[2024-02-26T04:32:43.904-0500] {processor.py:829} INFO - Processing file /Users/venkatasaisabbineni/Desktop/Airflow_local/airflow_env/lib/python3.11/site-packages/airflow/example_dags/tutorial_dag.py for tasks to queue
[2024-02-26T04:32:43.904-0500] {logging_mixin.py:154} INFO - [2024-02-26T04:32:43.904-0500] {dagbag.py:536} INFO - Filling up the DagBag from /Users/venkatasaisabbineni/Desktop/Airflow_local/airflow_env/lib/python3.11/site-packages/airflow/example_dags/tutorial_dag.py
[2024-02-26T04:32:43.926-0500] {processor.py:839} INFO - DAG(s) dict_keys(['tutorial_dag']) retrieved from /Users/venkatasaisabbineni/Desktop/Airflow_local/airflow_env/lib/python3.11/site-packages/airflow/example_dags/tutorial_dag.py
[2024-02-26T04:32:44.016-0500] {logging_mixin.py:154} INFO - [2024-02-26T04:32:44.016-0500] {dag.py:2941} INFO - Sync 1 DAGs
[2024-02-26T04:32:44.021-0500] {logging_mixin.py:154} INFO - [2024-02-26T04:32:44.021-0500] {dag.py:3722} INFO - Setting next_dagrun for tutorial_dag to None, run_after=None
[2024-02-26T04:32:44.033-0500] {processor.py:179} INFO - Processing /Users/venkatasaisabbineni/Desktop/Airflow_local/airflow_env/lib/python3.11/site-packages/airflow/example_dags/tutorial_dag.py took 0.132 seconds
[2024-02-26T04:33:36.472-0500] {processor.py:157} INFO - Started process (PID=63474) to work on /Users/venkatasaisabbineni/Desktop/Airflow_local/airflow_env/lib/python3.11/site-packages/airflow/example_dags/tutorial_dag.py
[2024-02-26T04:33:36.475-0500] {processor.py:829} INFO - Processing file /Users/venkatasaisabbineni/Desktop/Airflow_local/airflow_env/lib/python3.11/site-packages/airflow/example_dags/tutorial_dag.py for tasks to queue
[2024-02-26T04:33:36.475-0500] {logging_mixin.py:154} INFO - [2024-02-26T04:33:36.475-0500] {dagbag.py:536} INFO - Filling up the DagBag from /Users/venkatasaisabbineni/Desktop/Airflow_local/airflow_env/lib/python3.11/site-packages/airflow/example_dags/tutorial_dag.py
[2024-02-26T04:33:36.497-0500] {processor.py:839} INFO - DAG(s) dict_keys(['tutorial_dag']) retrieved from /Users/venkatasaisabbineni/Desktop/Airflow_local/airflow_env/lib/python3.11/site-packages/airflow/example_dags/tutorial_dag.py
[2024-02-26T04:33:36.521-0500] {logging_mixin.py:154} INFO - [2024-02-26T04:33:36.521-0500] {dag.py:2941} INFO - Sync 1 DAGs
[2024-02-26T04:33:36.562-0500] {logging_mixin.py:154} INFO - [2024-02-26T04:33:36.562-0500] {dag.py:3722} INFO - Setting next_dagrun for tutorial_dag to None, run_after=None
[2024-02-26T04:33:36.574-0500] {processor.py:179} INFO - Processing /Users/venkatasaisabbineni/Desktop/Airflow_local/airflow_env/lib/python3.11/site-packages/airflow/example_dags/tutorial_dag.py took 0.102 seconds
[2024-02-26T04:37:19.586-0500] {processor.py:157} INFO - Started process (PID=64124) to work on /Users/venkatasaisabbineni/Desktop/Airflow_local/airflow_env/lib/python3.11/site-packages/airflow/example_dags/tutorial_dag.py
[2024-02-26T04:37:19.591-0500] {processor.py:829} INFO - Processing file /Users/venkatasaisabbineni/Desktop/Airflow_local/airflow_env/lib/python3.11/site-packages/airflow/example_dags/tutorial_dag.py for tasks to queue
[2024-02-26T04:37:19.591-0500] {logging_mixin.py:154} INFO - [2024-02-26T04:37:19.591-0500] {dagbag.py:536} INFO - Filling up the DagBag from /Users/venkatasaisabbineni/Desktop/Airflow_local/airflow_env/lib/python3.11/site-packages/airflow/example_dags/tutorial_dag.py
[2024-02-26T04:37:19.614-0500] {processor.py:839} INFO - DAG(s) dict_keys(['tutorial_dag']) retrieved from /Users/venkatasaisabbineni/Desktop/Airflow_local/airflow_env/lib/python3.11/site-packages/airflow/example_dags/tutorial_dag.py
[2024-02-26T04:37:19.641-0500] {logging_mixin.py:154} INFO - [2024-02-26T04:37:19.640-0500] {dag.py:2941} INFO - Sync 1 DAGs
[2024-02-26T04:37:19.683-0500] {logging_mixin.py:154} INFO - [2024-02-26T04:37:19.683-0500] {dag.py:3722} INFO - Setting next_dagrun for tutorial_dag to None, run_after=None
[2024-02-26T04:37:19.694-0500] {processor.py:179} INFO - Processing /Users/venkatasaisabbineni/Desktop/Airflow_local/airflow_env/lib/python3.11/site-packages/airflow/example_dags/tutorial_dag.py took 0.108 seconds
[2024-02-26T04:38:30.630-0500] {processor.py:157} INFO - Started process (PID=64365) to work on /Users/venkatasaisabbineni/Desktop/Airflow_local/airflow_env/lib/python3.11/site-packages/airflow/example_dags/tutorial_dag.py
[2024-02-26T04:38:30.634-0500] {processor.py:829} INFO - Processing file /Users/venkatasaisabbineni/Desktop/Airflow_local/airflow_env/lib/python3.11/site-packages/airflow/example_dags/tutorial_dag.py for tasks to queue
[2024-02-26T04:38:30.635-0500] {logging_mixin.py:154} INFO - [2024-02-26T04:38:30.635-0500] {dagbag.py:536} INFO - Filling up the DagBag from /Users/venkatasaisabbineni/Desktop/Airflow_local/airflow_env/lib/python3.11/site-packages/airflow/example_dags/tutorial_dag.py
[2024-02-26T04:38:30.656-0500] {processor.py:839} INFO - DAG(s) dict_keys(['tutorial_dag']) retrieved from /Users/venkatasaisabbineni/Desktop/Airflow_local/airflow_env/lib/python3.11/site-packages/airflow/example_dags/tutorial_dag.py
[2024-02-26T04:38:30.681-0500] {logging_mixin.py:154} INFO - [2024-02-26T04:38:30.681-0500] {dag.py:2941} INFO - Sync 1 DAGs
[2024-02-26T04:38:30.722-0500] {logging_mixin.py:154} INFO - [2024-02-26T04:38:30.722-0500] {dag.py:3722} INFO - Setting next_dagrun for tutorial_dag to None, run_after=None
[2024-02-26T04:38:30.734-0500] {processor.py:179} INFO - Processing /Users/venkatasaisabbineni/Desktop/Airflow_local/airflow_env/lib/python3.11/site-packages/airflow/example_dags/tutorial_dag.py took 0.104 seconds
[2024-02-26T04:41:14.089-0500] {processor.py:157} INFO - Started process (PID=64790) to work on /Users/venkatasaisabbineni/Desktop/Airflow_local/airflow_env/lib/python3.11/site-packages/airflow/example_dags/tutorial_dag.py
[2024-02-26T04:41:14.093-0500] {processor.py:829} INFO - Processing file /Users/venkatasaisabbineni/Desktop/Airflow_local/airflow_env/lib/python3.11/site-packages/airflow/example_dags/tutorial_dag.py for tasks to queue
[2024-02-26T04:41:14.094-0500] {logging_mixin.py:154} INFO - [2024-02-26T04:41:14.094-0500] {dagbag.py:536} INFO - Filling up the DagBag from /Users/venkatasaisabbineni/Desktop/Airflow_local/airflow_env/lib/python3.11/site-packages/airflow/example_dags/tutorial_dag.py
[2024-02-26T04:41:14.115-0500] {processor.py:839} INFO - DAG(s) dict_keys(['tutorial_dag']) retrieved from /Users/venkatasaisabbineni/Desktop/Airflow_local/airflow_env/lib/python3.11/site-packages/airflow/example_dags/tutorial_dag.py
[2024-02-26T04:41:14.540-0500] {logging_mixin.py:154} INFO - [2024-02-26T04:41:14.540-0500] {manager.py:499} INFO - Created Permission View: %s
[2024-02-26T04:41:14.545-0500] {logging_mixin.py:154} INFO - [2024-02-26T04:41:14.545-0500] {manager.py:499} INFO - Created Permission View: %s
[2024-02-26T04:41:14.547-0500] {logging_mixin.py:154} INFO - [2024-02-26T04:41:14.547-0500] {manager.py:499} INFO - Created Permission View: %s
[2024-02-26T04:41:14.548-0500] {logging_mixin.py:154} INFO - [2024-02-26T04:41:14.548-0500] {dag.py:2941} INFO - Sync 1 DAGs
[2024-02-26T04:41:14.553-0500] {logging_mixin.py:154} INFO - [2024-02-26T04:41:14.552-0500] {dag.py:2963} INFO - Creating ORM DAG for tutorial_dag
[2024-02-26T04:41:14.553-0500] {logging_mixin.py:154} INFO - [2024-02-26T04:41:14.553-0500] {dag.py:3722} INFO - Setting next_dagrun for tutorial_dag to None, run_after=None
[2024-02-26T04:41:14.561-0500] {processor.py:179} INFO - Processing /Users/venkatasaisabbineni/Desktop/Airflow_local/airflow_env/lib/python3.11/site-packages/airflow/example_dags/tutorial_dag.py took 0.473 seconds
[2024-02-26T04:42:46.284-0500] {processor.py:157} INFO - Started process (PID=65074) to work on /Users/venkatasaisabbineni/Desktop/Airflow_local/airflow_env/lib/python3.11/site-packages/airflow/example_dags/tutorial_dag.py
[2024-02-26T04:42:46.287-0500] {processor.py:829} INFO - Processing file /Users/venkatasaisabbineni/Desktop/Airflow_local/airflow_env/lib/python3.11/site-packages/airflow/example_dags/tutorial_dag.py for tasks to queue
[2024-02-26T04:42:46.287-0500] {logging_mixin.py:154} INFO - [2024-02-26T04:42:46.287-0500] {dagbag.py:536} INFO - Filling up the DagBag from /Users/venkatasaisabbineni/Desktop/Airflow_local/airflow_env/lib/python3.11/site-packages/airflow/example_dags/tutorial_dag.py
[2024-02-26T04:42:46.309-0500] {processor.py:839} INFO - DAG(s) dict_keys(['tutorial_dag']) retrieved from /Users/venkatasaisabbineni/Desktop/Airflow_local/airflow_env/lib/python3.11/site-packages/airflow/example_dags/tutorial_dag.py
[2024-02-26T04:42:46.398-0500] {logging_mixin.py:154} INFO - [2024-02-26T04:42:46.397-0500] {dag.py:2941} INFO - Sync 1 DAGs
[2024-02-26T04:42:46.403-0500] {logging_mixin.py:154} INFO - [2024-02-26T04:42:46.403-0500] {dag.py:3722} INFO - Setting next_dagrun for tutorial_dag to None, run_after=None
[2024-02-26T04:42:46.413-0500] {processor.py:179} INFO - Processing /Users/venkatasaisabbineni/Desktop/Airflow_local/airflow_env/lib/python3.11/site-packages/airflow/example_dags/tutorial_dag.py took 0.130 seconds
