[2024-02-26T12:27:51.322-0500] {taskinstance.py:1159} INFO - Dependencies all met for dep_context=non-requeueable deps ti=<TaskInstance: etl_customer_dag.extract_customers scheduled__2024-02-25T00:00:00+00:00 [queued]>
[2024-02-26T12:27:51.332-0500] {taskinstance.py:1159} INFO - Dependencies all met for dep_context=requeueable deps ti=<TaskInstance: etl_customer_dag.extract_customers scheduled__2024-02-25T00:00:00+00:00 [queued]>
[2024-02-26T12:27:51.333-0500] {taskinstance.py:1361} INFO - Starting attempt 1 of 1
[2024-02-26T12:27:51.351-0500] {taskinstance.py:1382} INFO - Executing <Task(PostgresOperator): extract_customers> on 2024-02-25 00:00:00+00:00
[2024-02-26T12:27:51.356-0500] {standard_task_runner.py:57} INFO - Started process 30587 to run task
[2024-02-26T12:27:51.369-0500] {standard_task_runner.py:84} INFO - Running: ['airflow', 'tasks', 'run', 'etl_customer_dag', 'extract_customers', 'scheduled__2024-02-25T00:00:00+00:00', '--job-id', '44', '--raw', '--subdir', 'DAGS_FOLDER/etl_customer_dag.py', '--cfg-path', '/var/folders/0j/ct19m_4d33qfzqs3tkf7s7rm0000gq/T/tmp8kn7hi1u']
[2024-02-26T12:27:51.372-0500] {standard_task_runner.py:85} INFO - Job 44: Subtask extract_customers
[2024-02-26T12:27:51.509-0500] {task_command.py:416} INFO - Running <TaskInstance: etl_customer_dag.extract_customers scheduled__2024-02-25T00:00:00+00:00 [running]> on host venkatasaismbp.hsd1.nj.comcast.net
[2024-02-26T12:27:51.657-0500] {taskinstance.py:1662} INFO - Exporting env vars: AIRFLOW_CTX_DAG_OWNER='Venkata' AIRFLOW_CTX_DAG_ID='etl_customer_dag' AIRFLOW_CTX_TASK_ID='extract_customers' AIRFLOW_CTX_EXECUTION_DATE='2024-02-25T00:00:00+00:00' AIRFLOW_CTX_TRY_NUMBER='1' AIRFLOW_CTX_DAG_RUN_ID='scheduled__2024-02-25T00:00:00+00:00'
[2024-02-26T12:27:51.658-0500] {sql.py:274} INFO - Executing: 
            SELECT * 
            FROM customer_credit_card_details
        
[2024-02-26T12:27:51.684-0500] {base.py:73} INFO - Using connection ID 'postgres_connection' for task execution.
[2024-02-26T12:27:51.907-0500] {base.py:73} INFO - Using connection ID 'postgres_connection' for task execution.
[2024-02-26T12:27:51.932-0500] {sql.py:418} INFO - Running statement: 
            SELECT * 
            FROM customer_credit_card_details
        , parameters: None
[2024-02-26T12:27:51.934-0500] {sql.py:427} INFO - Rows affected: 1000
[2024-02-26T12:27:52.037-0500] {taskinstance.py:1400} INFO - Marking task as SUCCESS. dag_id=etl_customer_dag, task_id=extract_customers, execution_date=20240225T000000, start_date=20240226T172751, end_date=20240226T172752
[2024-02-26T12:27:52.090-0500] {local_task_job_runner.py:228} INFO - Task exited with return code 0
[2024-02-26T12:27:52.132-0500] {taskinstance.py:2778} INFO - 0 downstream tasks scheduled from follow-on schedule check
