[2024-02-26T07:02:43.410-0500] {taskinstance.py:1159} INFO - Dependencies all met for dep_context=non-requeueable deps ti=<TaskInstance: postgres_pipeline.filtering_customers manual__2024-02-26T12:02:35.562002+00:00 [queued]>
[2024-02-26T07:02:43.413-0500] {taskinstance.py:1159} INFO - Dependencies all met for dep_context=requeueable deps ti=<TaskInstance: postgres_pipeline.filtering_customers manual__2024-02-26T12:02:35.562002+00:00 [queued]>
[2024-02-26T07:02:43.413-0500] {taskinstance.py:1361} INFO - Starting attempt 1 of 1
[2024-02-26T07:02:43.419-0500] {taskinstance.py:1382} INFO - Executing <Task(PostgresOperator): filtering_customers> on 2024-02-26 12:02:35.562002+00:00
[2024-02-26T07:02:43.421-0500] {standard_task_runner.py:57} INFO - Started process 86240 to run task
[2024-02-26T07:02:43.424-0500] {standard_task_runner.py:84} INFO - Running: ['airflow', 'tasks', 'run', 'postgres_pipeline', 'filtering_customers', 'manual__2024-02-26T12:02:35.562002+00:00', '--job-id', '33', '--raw', '--subdir', 'DAGS_FOLDER/postgres_pipeline.py', '--cfg-path', '/var/folders/0j/ct19m_4d33qfzqs3tkf7s7rm0000gq/T/tmp1gunkt3w']
[2024-02-26T07:02:43.425-0500] {standard_task_runner.py:85} INFO - Job 33: Subtask filtering_customers
[2024-02-26T07:02:43.443-0500] {task_command.py:416} INFO - Running <TaskInstance: postgres_pipeline.filtering_customers manual__2024-02-26T12:02:35.562002+00:00 [running]> on host venkatasaismbp.mynetworksettings.com
[2024-02-26T07:02:43.468-0500] {taskinstance.py:1662} INFO - Exporting env vars: AIRFLOW_CTX_DAG_OWNER='Venkata' AIRFLOW_CTX_DAG_ID='postgres_pipeline' AIRFLOW_CTX_TASK_ID='filtering_customers' AIRFLOW_CTX_EXECUTION_DATE='2024-02-26T12:02:35.562002+00:00' AIRFLOW_CTX_TRY_NUMBER='1' AIRFLOW_CTX_DAG_RUN_ID='manual__2024-02-26T12:02:35.562002+00:00'
[2024-02-26T07:02:43.468-0500] {sql.py:274} INFO - Executing: 
            SELECT name, product, price
            FROM complete_customer_details
            WHERE price BETWEEN %(lower_bound)s AND %(upper_bound)s
        
[2024-02-26T07:02:43.472-0500] {base.py:73} INFO - Using connection ID 'postgres_connection' for task execution.
[2024-02-26T07:02:43.552-0500] {base.py:73} INFO - Using connection ID 'postgres_connection' for task execution.
[2024-02-26T07:02:43.583-0500] {sql.py:418} INFO - Running statement: 
            SELECT name, product, price
            FROM complete_customer_details
            WHERE price BETWEEN %(lower_bound)s AND %(upper_bound)s
        , parameters: {'lower_bound': 5, 'upper_bound': 9}
[2024-02-26T07:02:43.584-0500] {sql.py:427} INFO - Rows affected: 9
[2024-02-26T07:02:43.592-0500] {taskinstance.py:1400} INFO - Marking task as SUCCESS. dag_id=postgres_pipeline, task_id=filtering_customers, execution_date=20240226T120235, start_date=20240226T120243, end_date=20240226T120243
[2024-02-26T07:02:43.618-0500] {local_task_job_runner.py:228} INFO - Task exited with return code 0
[2024-02-26T07:02:43.625-0500] {logging_mixin.py:154} WARNING - /Users/venkatasaisabbineni/Desktop/Airflow_local/airflow_env/lib/python3.11/site-packages/airflow/models/baseoperator.py:1203 AirflowProviderDeprecationWarning: Call to deprecated class PostgresOperator. (Please use `airflow.providers.common.sql.operators.sql.SQLExecuteQueryOperator`.Also, you can provide `hook_params={'schema': <database>}`.)
[2024-02-26T07:02:43.630-0500] {taskinstance.py:2778} INFO - 1 downstream tasks scheduled from follow-on schedule check
